------Start of DE processing------ = [11.10.21 13:30:46:997 MESZ]
Exception = java.lang.IllegalArgumentException
Source = HttpInboundLink.handleNewInformation
probeid = 2
Stack Dump = java.lang.IllegalArgumentException: Invalid scheme in URL: f?ÅÀ-"dÿ?®
	at com.ibm.ws.http.channel.internal.HttpRequestMessageImpl.parseScheme(HttpRequestMessageImpl.java:1106)
	at com.ibm.ws.http.channel.internal.HttpRequestMessageImpl.setRequestURL(HttpRequestMessageImpl.java:1194)
	at com.ibm.ws.http.channel.internal.HttpRequestMessageImpl.setParsedSecondToken(HttpRequestMessageImpl.java:287)
	at com.ibm.ws.genericbnf.internal.GenericMessageImpl.parseLine(GenericMessageImpl.java:230)
	at com.ibm.ws.genericbnf.internal.GenericMessageImpl.parseMessage(GenericMessageImpl.java:323)
	at com.ibm.ws.http.channel.internal.HttpBaseMessageImpl.parseMessage(HttpBaseMessageImpl.java:2101)
	at com.ibm.ws.http.channel.internal.HttpServiceContextImpl.parseMessage(HttpServiceContextImpl.java:2525)
	at com.ibm.ws.http.channel.internal.inbound.HttpInboundLink.handleNewInformation(HttpInboundLink.java:321)
	at com.ibm.ws.http.channel.internal.inbound.HttpInboundLink.processRequest(HttpInboundLink.java:273)
	at com.ibm.ws.http.channel.internal.inbound.HttpInboundLink.ready(HttpInboundLink.java:254)
	at com.ibm.ws.tcpchannel.internal.NewConnectionInitialReadCallback.sendToDiscriminators(NewConnectionInitialReadCallback.java:174)
	at com.ibm.ws.tcpchannel.internal.NewConnectionInitialReadCallback.complete(NewConnectionInitialReadCallback.java:83)
	at com.ibm.ws.tcpchannel.internal.WorkQueueManager.requestComplete(WorkQueueManager.java:504)
	at com.ibm.ws.tcpchannel.internal.WorkQueueManager.attemptIO(WorkQueueManager.java:574)
	at com.ibm.ws.tcpchannel.internal.WorkQueueManager.workerRun(WorkQueueManager.java:929)
	at com.ibm.ws.tcpchannel.internal.WorkQueueManager$Worker.run(WorkQueueManager.java:1018)
	at java.util.concurrent.ThreadPoolExecutor.runWorker(ThreadPoolExecutor.java:1149)
	at java.util.concurrent.ThreadPoolExecutor$Worker.run(ThreadPoolExecutor.java:624)
	at java.lang.Thread.run(Thread.java:748)

Dump of callerThis
Object type = com.ibm.ws.http.channel.internal.inbound.HttpInboundLink
  tc = class com.ibm.websphere.ras.TraceComponent@3e960570
    strings[0] = "TraceComponent[com.ibm.ws.http.channel.internal.inbound.HttpInboundLink,class com.ibm.ws.http.channel.internal.inbound.HttpInboundLink,[HTTPChannel],com.ibm.ws.http.channel.internal.resources.httpchannelmessages,null]"
  myInterface = class com.ibm.ws.http.channel.internal.inbound.HttpInboundServiceContextImpl@6170daf8
    strings[0] = "Message parsed: com.ibm.ws.http.channel.internal.HttpRequestMessageImpl@2c7faad2"
    strings[1] = "read buffer=PooledWsByteBufferImpl@35ffc4c7/1 ID=9 java.nio.DirectByteBuffer[pos=122 lim=122 cap=8192] [WsByteBufferPool@32b37ae5/8192]"
    strings[2] = "ReadBufferSize=32768"
    strings[3] = "ReadTimeout=60000"
    strings[4] = "WriteTimeout=60000"
    strings[5] = "unparsedDataRemaining=-1"
  myChannel = class com.ibm.ws.http.channel.internal.inbound.HttpInboundChannel@27be4d11
    tc = class com.ibm.websphere.ras.TraceComponent@30b6de19
      strings[0] = "TraceComponent[com.ibm.ws.http.channel.internal.inbound.HttpInboundChannel,class com.ibm.ws.http.channel.internal.inbound.HttpInboundChannel,[HTTPChannel],com.ibm.ws.http.channel.internal.resources.httpchannelmessages,null]"
    STATE_STOPPED = 0
    STATE_STOPPING = 1
    STATE_RUNNING = 2
    myObjectFactory = class com.ibm.ws.http.channel.internal.HttpObjectFactory@4ebbe780
      tc = class com.ibm.websphere.ras.TraceComponent@17e8ab23
      SIZE_THREAD = 50
      SIZE_MAIN = 50
      reqPool = class com.ibm.wsspi.channelfw.objectpool.TwoTierObjectPool@39367abb
      respPool = class com.ibm.wsspi.channelfw.objectpool.TwoTierObjectPool@61485ed4
      hdrPool = class com.ibm.wsspi.channelfw.objectpool.TwoTierObjectPool@6ecb8bd9
    channelFactory = class com.ibm.ws.http.channel.internal.inbound.HttpInboundChannelFactory@13ff915d
      myConfig = class com.ibm.ws.http.channel.internal.HttpFactoryConfig@4b111eeb
      appInterface = class java.lang.Class@74214374
      devInterfaces = class java.lang.Class[1]
      myObjectFactory = class com.ibm.ws.http.channel.internal.HttpObjectFactory@4ebbe780
      allowLargeMessage = true
      key = class com.ibm.ws.http.channel.internal.HttpChannelFactory$1@5b56179
      existingChannels = class java.util.HashMap@4690d162
      commonProperties = class java.util.HashMap@38540027
    myConfig = class com.ibm.ws.http.channel.internal.HttpChannelConfig@3d63dbfb
      tc = class com.ibm.websphere.ras.TraceComponent@e97aa43
      TIMEOUT_MODIFIER = 1000
      maxPersistRequest = 100
      outgoingHttpVersion = class com.ibm.wsspi.http.channel.values.VersionValues@47ef1cef
      bDirectBuffers = true
      bKeepAliveEnabled = true
      outgoingHdrBuffSize = 1024
      incomingHdrBuffSize = 8192
      incomingBodyBuffSize = 32768
      persistTimeout = 30000
      readTimeout = 60000
      writeTimeout = 60000
      byteCacheSize = 512
      bExtractValue = true
      bBinaryTransport = false
      accessLogger = class java.util.concurrent.atomic.AtomicReference@49c20c1
      debugLogger = class com.ibm.ws.http.logging.internal.DisabledLogger@590d64e4
      limitFieldSize = 32768
      limitNumHeaders = 500
      limitNumResponses = 10
      limitMessageSize = -1
      bAllowRetries = true
      bServantRegion = false
      bRunningOnZOS = false
      bControlRegion = false
      bHeaderValidation = true
      bJITOnlyReads = false
      bStrictURLFormat = false
      bRemoveServerHeader = false
      baServerHeaderValue = null
      lDateHeaderRange = 1000
      bCookiesConfigureNoCache = true
      headerChangeLimit = -1
      bAutoDecompression = true
      bEnableSmugglingProtection = true
      v0CookieDateRFC1123compat = true
    myState = 2
    config = class com.ibm.ws.channelfw.internal.ChildChannelDataImpl@55452fd6
      serialVersionUID = -220865176896833236
      parent = class com.ibm.ws.channelfw.internal.ChannelDataImpl@72562cc7
      name = "HTTP-defaultHttpEndpoint_CFINTERNAL_CHILD_0"
      isInbound = true
    discriminationProcess = class com.ibm.ws.channelfw.internal.discrim.DiscriminationProcessImpl@44d35519
      tc = class com.ibm.websphere.ras.TraceComponent@3b1d940f
      discriminantClass = class java.lang.Class@484f5552
      discriminationAlgorithm = class com.ibm.ws.channelfw.internal.discrim.SingleDiscriminatorAlgorithm@2db0eeb2
      status = 1
      STARTED = 1
      STOPPED = 2
      indexLock = class java.lang.Object@1f2885a4
      masterIndex = 5
      myIndex = 1
      name = "HTTP-defaultHttpEndpoint_CFINTERNAL_CHILD_0"
      discriminators = class com.ibm.ws.channelfw.internal.discrim.DiscriminatorNode@29df4070
      discAL = class java.util.ArrayList@1b0875dc
      channelList = interface com.ibm.wsspi.channelfw.Channel[1]
      changed = true
  myTSC = class com.ibm.ws.tcpchannel.internal.TCPConnLink@74668a30
    strings[0] = "TCPConnLink@1952877104: tcpChannel=com.ibm.ws.tcpchannel.internal.NioTCPChannel@7b6b089c"
    strings[1] = "TCPConnLink@1952877104: closed=false"
    strings[2] = "TCPConnLink@1952877104: socketIOChannel=com.ibm.ws.tcpchannel.internal.NioSocketIOChannel@6fbdbe48"
    strings[3] = "NioSocketIOChannel@1874705992: closed=false"
    strings[4] = "NioSocketIOChannel@1874705992: processClose=true"
    strings[5] = "NioSocketIOChannel@1874705992: checkCancel=false"
    strings[6] = "NioSocketIOChannel@1874705992: tcpChannel=com.ibm.ws.tcpchannel.internal.NioTCPChannel@7b6b089c"
    strings[7] = "NioSocketIOChannel@1874705992: socket=Socket[addr=/127.0.0.1,port=22452,localport=9080]"
    strings[8] = "NioSocketIOChannel@1874705992: remoteAddr=/127.0.0.1"
    strings[9] = "NioSocketIOChannel@1874705992: remotePort=22452"
    strings[10] = "NioSocketIOChannel@1874705992: localAddr=/127.0.0.1"
    strings[11] = "NioSocketIOChannel@1874705992: localPort=9080"
    strings[12] = "NioSocketIOChannel@1874705992: channel=java.nio.channels.SocketChannel[connected local=/127.0.0.1:9080 remote=/127.0.0.1:22452]"
    strings[13] = "TCPConnLink@1952877104: numReads=1"
    strings[14] = "TCPConnLink@1952877104: numWrites=0"
    strings[15] = "TCPConnLink@1952877104: callCompleteLocal=false"
  bPartialParsedRequest = false
  numRequestsProcessed = 0
  filterExceptions = false
  bIsActive = true
  appSides = null
  linkOnDeviceSide = class com.ibm.ws.tcpchannel.internal.TCPConnLink@74668a30
  linkOnApplicationSide = null
  vc = class com.ibm.ws.channelfw.internal.InboundVirtualConnectionImpl@7686a0e5
    discStatus = null
    dp = null
    tc = class com.ibm.websphere.ras.TraceComponent@4a2631f8
      strings[0] = "TraceComponent[com.ibm.ws.channelfw.internal.VirtualConnectionImpl,class com.ibm.ws.channelfw.internal.VirtualConnectionImpl,[ChannelFramework],com.ibm.ws.channelfw.internal.resources.ChannelfwMessages,null]"
    ONE_MILLISECOND_IN_NANOSECONDS = 1000000
    stateStore = class java.util.HashMap@488a2278
      serialVersionUID = 362498820763181265
      DEFAULT_INITIAL_CAPACITY = 16
      MAXIMUM_CAPACITY = 1073741824
      DEFAULT_LOAD_FACTOR = 0.75
      TREEIFY_THRESHOLD = 8
      UNTREEIFY_THRESHOLD = 6
      MIN_TREEIFY_CAPACITY = 64
      table = class java.util.HashMap$Node[16]
      entrySet = null
      size = 5
      modCount = 5
      threshold = 12
      loadFactor = 0.75
      keySet = null
      values = null
    READ_PENDING = 4097
    READ_WAITING = 4098
    READ_FINISHING = 4100
    WRITE_PENDING = 4112
    WRITE_WAITING = 4128
    WRITE_FINISHING = 4160
    CLOSE_PENDING = 4352
    IN_USE_MASK = 4096
    IN_USE_MASK_CLEAR_OUT = -4097
    READ_PENDING_CLEAR_OUT = -7
    READ_FINISHING_CLEAR_OUT = -4
    READ_WAITING_CLEAR_OUT = -6
    READ_DONE_CLEAR_OUT = -8
    WRITE_PENDING_CLEAR_OUT = -97
    WRITE_FINISHING_CLEAR_OUT = -49
    WRITE_WAITING_CLEAR_OUT = -81
    WRITE_DONE_CLEAR_OUT = -113
    CLOSE_NOT_ALLOWED_MASK = 341
    FINISH_NOT_ALLOWED_MASK = 256
    READ_NOT_ALLOWED_MASK = 263
    WRITE_NOT_ALLOWED_MASK = 368
    READ_OUTSTANDING = 7
    WRITE_OUTSTANDING = 112
    closeWaiting = false
    currentState = 0
    readOutWithClosePending = false
    writeOutWithClosePending = false
    inetAddressingValid = true
    connDesc = class com.ibm.ws.channelfw.internal.ConnectionDescriptorImpl@2fca968b
      remoteHostName = null
      localHostName = null
      remoteHostAddress = null
      localHostAddress = null
      addrLocal = class java.net.Inet4Address@4e7a623d
      addrRemote = class java.net.Inet4Address@4c37da44
    fileChannelCapable = 2

