------Start of DE processing------ = [17.12.23 22:20:25:245 MEZ]
Exception = org.springframework.beans.factory.BeanCreationException
Source = com.ibm.ws.webcontainer.servlet.ServletWrapper.init
probeid = 181
Stack Dump = org.springframework.beans.factory.BeanCreationException: Error creating bean with name 'adminController': Injection of autowired dependencies failed; nested exception is org.springframework.beans.factory.BeanCreationException: Could not autowire field: private at.erp.light.view.services.IDataBase at.erp.light.view.controller.administration.AdminController.dataBaseService; nested exception is org.springframework.beans.factory.BeanCreationException: Error creating bean with name 'dataBaseService' defined in ServletContext resource [/WEB-INF/erp-light-servlet.xml]: Cannot resolve reference to bean 'sessionFactory' while setting constructor argument; nested exception is org.springframework.beans.factory.BeanCreationException: Error creating bean with name 'sessionFactory' defined in ServletContext resource [/WEB-INF/erp-light-servlet.xml]: Invocation of init method failed; nested exception is java.io.FileNotFoundException: class path resource [hibernate.cfg.xml] cannot be resolved to URL because it does not exist
	at org.springframework.beans.factory.annotation.AutowiredAnnotationBeanPostProcessor.postProcessPropertyValues(AutowiredAnnotationBeanPostProcessor.java:334)
	at org.springframework.beans.factory.support.AbstractAutowireCapableBeanFactory.populateBean(AbstractAutowireCapableBeanFactory.java:1204)
	at org.springframework.beans.factory.support.AbstractAutowireCapableBeanFactory.doCreateBean(AbstractAutowireCapableBeanFactory.java:538)
	at org.springframework.beans.factory.support.AbstractAutowireCapableBeanFactory.createBean(AbstractAutowireCapableBeanFactory.java:476)
	at org.springframework.beans.factory.support.AbstractBeanFactory$1.getObject(AbstractBeanFactory.java:302)
	at org.springframework.beans.factory.support.DefaultSingletonBeanRegistry.getSingleton(DefaultSingletonBeanRegistry.java:229)
	at org.springframework.beans.factory.support.AbstractBeanFactory.doGetBean(AbstractBeanFactory.java:298)
	at org.springframework.beans.factory.support.AbstractBeanFactory.getBean(AbstractBeanFactory.java:193)
	at org.springframework.beans.factory.support.DefaultListableBeanFactory.preInstantiateSingletons(DefaultListableBeanFactory.java:725)
	at org.springframework.context.support.AbstractApplicationContext.finishBeanFactoryInitialization(AbstractApplicationContext.java:757)
	at org.springframework.context.support.AbstractApplicationContext.refresh(AbstractApplicationContext.java:480)
	at org.springframework.web.servlet.FrameworkServlet.configureAndRefreshWebApplicationContext(FrameworkServlet.java:663)
	at org.springframework.web.servlet.FrameworkServlet.createWebApplicationContext(FrameworkServlet.java:629)
	at org.springframework.web.servlet.FrameworkServlet.createWebApplicationContext(FrameworkServlet.java:677)
	at org.springframework.web.servlet.FrameworkServlet.initWebApplicationContext(FrameworkServlet.java:548)
	at org.springframework.web.servlet.FrameworkServlet.initServletBean(FrameworkServlet.java:489)
	at org.springframework.web.servlet.HttpServletBean.init(HttpServletBean.java:136)
	at javax.servlet.GenericServlet.init(GenericServlet.java:161)
	at com.ibm.ws.webcontainer.servlet.ServletWrapper.init(ServletWrapper.java:329)
	at com.ibm.ws.webcontainer.servlet.ServletWrapper.loadOnStartupCheck(ServletWrapper.java:1411)
	at com.ibm.ws.webcontainer.webapp.WebApp.doLoadOnStartupActions(WebApp.java:1175)
	at com.ibm.ws.webcontainer.webapp.WebApp.commonInitializationFinally(WebApp.java:1143)
	at com.ibm.ws.webcontainer.webapp.WebApp.initialize(WebApp.java:1049)
	at com.ibm.ws.webcontainer.webapp.WebApp.initialize(WebApp.java:6342)
	at com.ibm.ws.webcontainer.osgi.DynamicVirtualHost.startWebApp(DynamicVirtualHost.java:446)
	at com.ibm.ws.webcontainer.osgi.DynamicVirtualHost.startWebApplication(DynamicVirtualHost.java:441)
	at com.ibm.ws.webcontainer.osgi.WebContainer.startWebApplication(WebContainer.java:761)
	at com.ibm.ws.webcontainer.osgi.WebContainer.startModule(WebContainer.java:739)
	at com.ibm.ws.app.manager.web.internal.WebModuleHandlerImpl.deployModule(WebModuleHandlerImpl.java:106)
	at com.ibm.ws.app.manager.module.internal.DeployedAppInfoBase.deployModule(DeployedAppInfoBase.java:538)
	at com.ibm.ws.app.manager.module.internal.DeployedAppInfoBase.deployModules(DeployedAppInfoBase.java:457)
	at com.ibm.ws.app.manager.module.internal.DeployedAppInfoBase.deployApp(DeployedAppInfoBase.java:411)
	at com.ibm.ws.app.manager.war.internal.WARApplicationHandlerImpl.install(WARApplicationHandlerImpl.java:73)
	at com.ibm.ws.app.manager.internal.statemachine.StartAction.execute(StartAction.java:139)
	at com.ibm.ws.app.manager.internal.statemachine.ApplicationStateMachineImpl.enterState(ApplicationStateMachineImpl.java:1166)
	at com.ibm.ws.app.manager.internal.statemachine.ApplicationStateMachineImpl.run(ApplicationStateMachineImpl.java:779)
	at java.util.concurrent.ThreadPoolExecutor.runWorker(Unknown Source)
	at java.util.concurrent.ThreadPoolExecutor$Worker.run(Unknown Source)
	at java.lang.Thread.run(Unknown Source)
Caused by: org.springframework.beans.factory.BeanCreationException: Could not autowire field: private at.erp.light.view.services.IDataBase at.erp.light.view.controller.administration.AdminController.dataBaseService; nested exception is org.springframework.beans.factory.BeanCreationException: Error creating bean with name 'dataBaseService' defined in ServletContext resource [/WEB-INF/erp-light-servlet.xml]: Cannot resolve reference to bean 'sessionFactory' while setting constructor argument; nested exception is org.springframework.beans.factory.BeanCreationException: Error creating bean with name 'sessionFactory' defined in ServletContext resource [/WEB-INF/erp-light-servlet.xml]: Invocation of init method failed; nested exception is java.io.FileNotFoundException: class path resource [hibernate.cfg.xml] cannot be resolved to URL because it does not exist
	at org.springframework.beans.factory.annotation.AutowiredAnnotationBeanPostProcessor$AutowiredFieldElement.inject(AutowiredAnnotationBeanPostProcessor.java:555)
	at org.springframework.beans.factory.annotation.InjectionMetadata.inject(InjectionMetadata.java:87)
	at org.springframework.beans.factory.annotation.AutowiredAnnotationBeanPostProcessor.postProcessPropertyValues(AutowiredAnnotationBeanPostProcessor.java:331)
	... 38 more
Caused by: org.springframework.beans.factory.BeanCreationException: Error creating bean with name 'dataBaseService' defined in ServletContext resource [/WEB-INF/erp-light-servlet.xml]: Cannot resolve reference to bean 'sessionFactory' while setting constructor argument; nested exception is org.springframework.beans.factory.BeanCreationException: Error creating bean with name 'sessionFactory' defined in ServletContext resource [/WEB-INF/erp-light-servlet.xml]: Invocation of init method failed; nested exception is java.io.FileNotFoundException: class path resource [hibernate.cfg.xml] cannot be resolved to URL because it does not exist
	at org.springframework.beans.factory.support.BeanDefinitionValueResolver.resolveReference(BeanDefinitionValueResolver.java:336)
	at org.springframework.beans.factory.support.BeanDefinitionValueResolver.resolveValueIfNecessary(BeanDefinitionValueResolver.java:108)
	at org.springframework.beans.factory.support.ConstructorResolver.resolveConstructorArguments(ConstructorResolver.java:650)
	at org.springframework.beans.factory.support.ConstructorResolver.autowireConstructor(ConstructorResolver.java:140)
	at org.springframework.beans.factory.support.AbstractAutowireCapableBeanFactory.autowireConstructor(AbstractAutowireCapableBeanFactory.java:1133)
	at org.springframework.beans.factory.support.AbstractAutowireCapableBeanFactory.createBeanInstance(AbstractAutowireCapableBeanFactory.java:1036)
	at org.springframework.beans.factory.support.AbstractAutowireCapableBeanFactory.doCreateBean(AbstractAutowireCapableBeanFactory.java:505)
	at org.springframework.beans.factory.support.AbstractAutowireCapableBeanFactory.createBean(AbstractAutowireCapableBeanFactory.java:476)
	at org.springframework.beans.factory.support.AbstractBeanFactory$1.getObject(AbstractBeanFactory.java:302)
	at org.springframework.beans.factory.support.DefaultSingletonBeanRegistry.getSingleton(DefaultSingletonBeanRegistry.java:229)
	at org.springframework.beans.factory.support.AbstractBeanFactory.doGetBean(AbstractBeanFactory.java:298)
	at org.springframework.beans.factory.support.AbstractBeanFactory.getBean(AbstractBeanFactory.java:193)
	at org.springframework.beans.factory.support.DefaultListableBeanFactory.findAutowireCandidates(DefaultListableBeanFactory.java:1081)
	at org.springframework.beans.factory.support.DefaultListableBeanFactory.doResolveDependency(DefaultListableBeanFactory.java:1006)
	at org.springframework.beans.factory.support.DefaultListableBeanFactory.resolveDependency(DefaultListableBeanFactory.java:904)
	at org.springframework.beans.factory.annotation.AutowiredAnnotationBeanPostProcessor$AutowiredFieldElement.inject(AutowiredAnnotationBeanPostProcessor.java:527)
	... 40 more
Caused by: org.springframework.beans.factory.BeanCreationException: Error creating bean with name 'sessionFactory' defined in ServletContext resource [/WEB-INF/erp-light-servlet.xml]: Invocation of init method failed; nested exception is java.io.FileNotFoundException: class path resource [hibernate.cfg.xml] cannot be resolved to URL because it does not exist
	at org.springframework.beans.factory.support.AbstractAutowireCapableBeanFactory.initializeBean(AbstractAutowireCapableBeanFactory.java:1568)
	at org.springframework.beans.factory.support.AbstractAutowireCapableBeanFactory.doCreateBean(AbstractAutowireCapableBeanFactory.java:540)
	at org.springframework.beans.factory.support.AbstractAutowireCapableBeanFactory.createBean(AbstractAutowireCapableBeanFactory.java:476)
	at org.springframework.beans.factory.support.AbstractBeanFactory$1.getObject(AbstractBeanFactory.java:302)
	at org.springframework.beans.factory.support.DefaultSingletonBeanRegistry.getSingleton(DefaultSingletonBeanRegistry.java:229)
	at org.springframework.beans.factory.support.AbstractBeanFactory.doGetBean(AbstractBeanFactory.java:298)
	at org.springframework.beans.factory.support.AbstractBeanFactory.getBean(AbstractBeanFactory.java:193)
	at org.springframework.beans.factory.support.BeanDefinitionValueResolver.resolveReference(BeanDefinitionValueResolver.java:328)
	... 55 more
Caused by: java.io.FileNotFoundException: class path resource [hibernate.cfg.xml] cannot be resolved to URL because it does not exist
	at org.springframework.core.io.ClassPathResource.getURL(ClassPathResource.java:187)
	at org.springframework.orm.hibernate4.LocalSessionFactoryBean.afterPropertiesSet(LocalSessionFactoryBean.java:347)
	at org.springframework.beans.factory.support.AbstractAutowireCapableBeanFactory.invokeInitMethods(AbstractAutowireCapableBeanFactory.java:1627)
	at org.springframework.beans.factory.support.AbstractAutowireCapableBeanFactory.initializeBean(AbstractAutowireCapableBeanFactory.java:1564)
	... 62 more

Dump of callerThis
Object type = com.ibm.ws.webcontainer.osgi.servlet.ServletWrapper
  serialVersionUID = 1
  _mo = class com.ibm.ws.managedobject.internal.ManagedObjectImpl@38d945c2
    serialVersionUID = 2312695316196219051
    object = "<sensitive org.springframework.web.servlet.DispatcherServlet@753cf5d8>"
    $$$tc$$$ = class com.ibm.websphere.ras.TraceComponent@304ae866
      strings[0] = "TraceComponent[com.ibm.ws.managedobject.internal.ManagedObjectImpl,class com.ibm.ws.managedobject.internal.ManagedObjectImpl,[],null,null]"
  serialVersionUID = -4479626085298397598
  notifyInvocationListeners = false
  UNINITIALIZED_STATE = -1
  AVAILABLE_STATE = 0
  UNAVAILABLE_STATE = 1
  UNAVAILABLE_PERMANENTLY_STATE = 2
  collabHelper = class com.ibm.ws.webcontainer.osgi.collaborator.CollaboratorHelperImpl@3fa6508c
    webAppInvCollabs = class java.util.Collections$UnmodifiableSet@15cc8dbc
      serialVersionUID = -9215047833775013803
      serialVersionUID = 1820017752578914078
      c = class java.util.concurrent.CopyOnWriteArraySet@52bd880f
    securityDomainForApp = null
    logger = class com.ibm.ws.logging.internal.WsLogger@2c2fa14c
    staticDefaultSecurityCollaborator = class com.ibm.ws.webcontainer.collaborator.WebAppSecurityCollaborator@6fbbac81
    logger = class com.ibm.ws.logging.internal.WsLogger@648841cd
      tc = class com.ibm.websphere.ras.TraceComponent@37383ecb
      ivCachedResourceBundleName = null
      ivCachedResourceBundle = null
      ivComponent = null
      ivOrganization = null
      ivProduct = null
      ivMinimumLocalizationLevelIntValue = 625
      ivGroupName = null
      ivTC = class com.ibm.websphere.ras.TraceComponent@2206db31
      loggerRegistrationComponent = class java.lang.ThreadLocal@209e30fe
      emptyHandlers = class java.util.logging.Handler[0]
      offValue = 2147483647
      SYSTEM_LOGGER_RB_NAME = "sun.util.logging.resources.logging"
      SYSTEM_BUNDLE = class java.util.logging.Logger$LoggerBundle@3dee255e
      NO_RESOURCE_BUNDLE = class java.util.logging.Logger$LoggerBundle@64b30f93
      manager = class com.ibm.ws.kernel.boot.logging.WsLogManager@357bda3b
      name = "com.ibm.wsspi.webcontainer.collaborator"
      handlers = class java.util.concurrent.CopyOnWriteArrayList@670188e2
      loggerBundle = class java.util.logging.Logger$LoggerBundle@500bd8e3
      useParentHandlers = true
      filter = null
      anonymous = false
      catalog = class com.ibm.ws.webcontainer.resources.Messages_de@bbfa1f6
      catalogName = "com.ibm.ws.webcontainer.resources.Messages"
      catalogLocale = class java.util.Locale@134bac81
      treeLock = class java.lang.Object@5165b1bc
      parent = class java.util.logging.Logger@6b263a69
      kids = null
      levelObject = class java.util.logging.Level@37f49f22
      levelValue = 800
      callersClassLoaderRef = class java.lang.ref.WeakReference@799a6c67
      isSystemLogger = false
      GLOBAL_LOGGER_NAME = "global"
      global = class java.util.logging.Logger@581b436
      $assertionsDisabled = true
    CLASS_NAME = "com.ibm.wsspi.webcontainer.collaborator.CollaboratorHelper"
    webApp = class com.ibm.ws.webcontainer.osgi.webapp.WebApp@6f940833
    securityCollaborator = class com.ibm.ws.webcontainer.collaborator.WebAppSecurityCollaborator@6fbbac81
    nameSpaceCollaborator = class com.ibm.ws.webcontainer.osgi.collaborator.WebAppNameSpaceCollaboratorImpl@200b0be6
    transactionCollaborator = class com.ibm.ws.webcontainer.collaborator.WebAppTransactionCollaborator@3ca33322
    connectionCollaborator = class com.ibm.ws.webcontainer.collaborator.ConnectionCollaborator@3e070923
    allCollabEnum = class java.util.RegularEnumSet@1558918d
      serialVersionUID = 3411599620347842686
      elements = 511
      elementType = class java.lang.Class@3b228755
      universe = class com.ibm.wsspi.webcontainer.collaborator.CollaboratorInvocationEnum[9]
      ZERO_LENGTH_ENUM_ARRAY = class java.lang.Enum[0]
      MAX_ARRAY_SIZE = 2147483639
    servlet_23_or_greater = true
  nServicing = class java.util.concurrent.atomic.AtomicInteger@689e80ab
    serialVersionUID = 6214790243416807050
    unsafe = class sun.misc.Unsafe@32ac2275
      theUnsafe = class sun.misc.Unsafe@32ac2275
      INVALID_FIELD_OFFSET = -1
      ARRAY_BOOLEAN_BASE_OFFSET = 16
      ARRAY_BYTE_BASE_OFFSET = 16
      ARRAY_SHORT_BASE_OFFSET = 16
      ARRAY_CHAR_BASE_OFFSET = 16
      ARRAY_INT_BASE_OFFSET = 16
      ARRAY_LONG_BASE_OFFSET = 16
      ARRAY_FLOAT_BASE_OFFSET = 16
      ARRAY_DOUBLE_BASE_OFFSET = 16
      ARRAY_OBJECT_BASE_OFFSET = 16
      ARRAY_BOOLEAN_INDEX_SCALE = 1
      ARRAY_BYTE_INDEX_SCALE = 1
      ARRAY_SHORT_INDEX_SCALE = 2
      ARRAY_CHAR_INDEX_SCALE = 2
      ARRAY_INT_INDEX_SCALE = 4
      ARRAY_LONG_INDEX_SCALE = 8
      ARRAY_FLOAT_INDEX_SCALE = 4
      ARRAY_DOUBLE_INDEX_SCALE = 8
      ARRAY_OBJECT_INDEX_SCALE = 4
      ADDRESS_SIZE = 8
    valueOffset = 12
    value = 0
    serialVersionUID = -8742448824652078965
  lastAccessTime = 1702848023812
  state = -1
  logger = class com.ibm.ws.logging.internal.WsLogger@6c32c08d
    tc = class com.ibm.websphere.ras.TraceComponent@37383ecb
      strings[0] = "TraceComponent[com.ibm.ws.logging.internal.WsLogger,class com.ibm.ws.logging.internal.WsLogger,[logging],com.ibm.ws.logging.internal.resources.LoggingMessages,null]"
    ivCachedResourceBundleName = null
    ivCachedResourceBundle = null
    ivComponent = null
    ivOrganization = null
    ivProduct = null
    ivMinimumLocalizationLevelIntValue = 625
    ivGroupName = null
    ivTC = class com.ibm.websphere.ras.TraceComponent@19554396
      strings[0] = "TraceComponent[com.ibm.ws.webcontainer.servlet,class com.ibm.wsspi.webcontainer.logging.LoggerFactory$1,[com.ibm.ws.webcontainer.servlet],null,null]"
    loggerRegistrationComponent = class java.lang.ThreadLocal@209e30fe
      threadLocalHashCode = -1957966946
      nextHashCode = class java.util.concurrent.atomic.AtomicInteger@31c999e4
      HASH_INCREMENT = 1640531527
    emptyHandlers = class java.util.logging.Handler[0]
    offValue = 2147483647
    SYSTEM_LOGGER_RB_NAME = "sun.util.logging.resources.logging"
    SYSTEM_BUNDLE = class java.util.logging.Logger$LoggerBundle@3dee255e
      resourceBundleName = "sun.util.logging.resources.logging"
      userBundle = null
    NO_RESOURCE_BUNDLE = class java.util.logging.Logger$LoggerBundle@64b30f93
      resourceBundleName = null
      userBundle = null
    manager = class com.ibm.ws.kernel.boot.logging.WsLogManager@357bda3b
      CLASS_NAME = "com.ibm.ws.kernel.boot.logging.WsLogManager"
      CONFIGURE_BY_SERVER_PROPERTY_NAME = "java.util.logging.configureByServer"
      CONFIGURE_BY_LOGGING_PROPERTIES_FILE = "java.util.logging.configureByLoggingPropertiesFile"
      configureByServer = true
      configureByLoggingProperties = false
      wsLogger = class java.lang.reflect.Constructor@78a5a1a2
      resetEnabled = true
      manager = class com.ibm.ws.kernel.boot.logging.WsLogManager@357bda3b
      props = class java.util.Properties@735245d7
      defaultLevel = class java.util.logging.Level@37f49f22
      listenerMap = class java.util.HashMap@b62d882
      systemContext = class java.util.logging.LogManager$SystemLoggerContext@5e1fc0fd
      userContext = class java.util.logging.LogManager$LoggerContext@602fb187
      rootLogger = class java.util.logging.LogManager$RootLogger@1b23ca8
      readPrimordialConfiguration = true
      initializedGlobalHandlers = true
      deathImminent = false
      initializedCalled = true
      initializationDone = true
      contextsMap = null
      loggerRefQueue = class java.lang.ref.ReferenceQueue@1c0942d4
      MAX_ITERATIONS = 400
      controlPermission = class java.util.logging.LoggingPermission@3c316180
      loggingMXBean = null
      LOGGING_MXBEAN_NAME = "java.util.logging:type=Logging"
      $assertionsDisabled = true
    name = "com.ibm.ws.webcontainer.servlet"
    handlers = class java.util.concurrent.CopyOnWriteArrayList@48315bb7
      serialVersionUID = 8673264195747942595
      lock = class java.util.concurrent.locks.ReentrantLock@11b7448c
      array = class java.lang.Object[0]
      UNSAFE = class sun.misc.Unsafe@32ac2275
      lockOffset = 12
    loggerBundle = class java.util.logging.Logger$LoggerBundle@4b9433a
      resourceBundleName = "com.ibm.ws.webcontainer.resources.Messages"
      userBundle = null
    useParentHandlers = true
    filter = null
    anonymous = false
    catalog = class com.ibm.ws.webcontainer.resources.Messages_de@788a1ba9
      resources = class [Ljava.lang.Object;[330]
      lookup = class java.util.HashMap@740067ec
      INITIAL_CACHE_SIZE = 32
      NONEXISTENT_BUNDLE = class java.util.ResourceBundle$1@6ff41239
      cacheList = class java.util.concurrent.ConcurrentHashMap@2713f5f9
      referenceQueue = class java.lang.ref.ReferenceQueue@505bc9f0
      parent = class com.ibm.ws.webcontainer.resources.Messages@5481051e
      locale = class java.util.Locale@1babb06d
      name = "com.ibm.ws.webcontainer.resources.Messages"
      expired = false
      cacheKey = class java.util.ResourceBundle$CacheKey@23af32dc
      keySet = null
      providers = null
      $assertionsDisabled = true
    catalogName = "com.ibm.ws.webcontainer.resources.Messages"
    catalogLocale = class java.util.Locale@134bac81
      LOCALECACHE = class java.util.Locale$Cache@3e532e3
      ENGLISH = class java.util.Locale@13fc4eb1
      FRENCH = class java.util.Locale@66a402f8
      GERMAN = class java.util.Locale@1babb06d
      ITALIAN = class java.util.Locale@20890942
      JAPANESE = class java.util.Locale@ad1459a
      KOREAN = class java.util.Locale@7ba91bb7
      CHINESE = class java.util.Locale@3ddc65f8
      SIMPLIFIED_CHINESE = class java.util.Locale@55f7a818
      TRADITIONAL_CHINESE = class java.util.Locale@550acaa9
      FRANCE = class java.util.Locale@664d171c
      GERMANY = class java.util.Locale@134bac81
      ITALY = class java.util.Locale@38e04d88
      JAPAN = class java.util.Locale@50bf95e4
      KOREA = class java.util.Locale@53e352d8
      CHINA = class java.util.Locale@55f7a818
      PRC = class java.util.Locale@55f7a818
      TAIWAN = class java.util.Locale@550acaa9
      UK = class java.util.Locale@5d184a4f
      US = class java.util.Locale@67aed069
      CANADA = class java.util.Locale@4b9269cd
      CANADA_FRENCH = class java.util.Locale@22e97f5
      ROOT = class java.util.Locale@1d7befcd
      PRIVATE_USE_EXTENSION = x
      UNICODE_LOCALE_EXTENSION = u
      serialVersionUID = 9149081749638150636
      DISPLAY_LANGUAGE = 0
      DISPLAY_COUNTRY = 1
      DISPLAY_VARIANT = 2
      DISPLAY_SCRIPT = 3
      baseLocale = class sun.util.locale.BaseLocale@cc75993
      localeExtensions = null
      hashCodeValue = 95428478
      defaultLocale = class java.util.Locale@134bac81
      defaultDisplayLocale = null
      defaultFormatLocale = class java.util.Locale@134bac81
      languageTag = "de-DE"
      serialPersistentFields = class java.io.ObjectStreamField[6]
      isoLanguages = null
      isoCountries = null
      $assertionsDisabled = true
    treeLock = class java.lang.Object@5165b1bc
    parent = class com.ibm.ws.logging.internal.WsLogger@1f0b8839
      tc = class com.ibm.websphere.ras.TraceComponent@37383ecb
      ivCachedResourceBundleName = "com.ibm.ws.webcontainer.resources.Messages"
      ivCachedResourceBundle = class com.ibm.ws.webcontainer.resources.Messages_de@788a1ba9
      ivComponent = null
      ivOrganization = null
      ivProduct = null
      ivMinimumLocalizationLevelIntValue = 625
      ivGroupName = null
      ivTC = class com.ibm.websphere.ras.TraceComponent@29e02a82
      loggerRegistrationComponent = class java.lang.ThreadLocal@209e30fe
      emptyHandlers = class java.util.logging.Handler[0]
      offValue = 2147483647
      SYSTEM_LOGGER_RB_NAME = "sun.util.logging.resources.logging"
      SYSTEM_BUNDLE = class java.util.logging.Logger$LoggerBundle@3dee255e
      NO_RESOURCE_BUNDLE = class java.util.logging.Logger$LoggerBundle@64b30f93
      manager = class com.ibm.ws.kernel.boot.logging.WsLogManager@357bda3b
      name = "com.ibm.ws.webcontainer"
      handlers = class java.util.concurrent.CopyOnWriteArrayList@37aedcd0
      loggerBundle = class java.util.logging.Logger$LoggerBundle@6d4d312b
      useParentHandlers = true
      filter = null
      anonymous = false
      catalog = class com.ibm.ws.webcontainer.resources.Messages_de@788a1ba9
      catalogName = "com.ibm.ws.webcontainer.resources.Messages"
      catalogLocale = class java.util.Locale@134bac81
      treeLock = class java.lang.Object@5165b1bc
      parent = class java.util.logging.Logger@6b263a69
      kids = class java.util.ArrayList@1b842f9a
      levelObject = class java.util.logging.Level@37f49f22
      levelValue = 800
      callersClassLoaderRef = class java.lang.ref.WeakReference@5a8d3866
      isSystemLogger = false
      GLOBAL_LOGGER_NAME = "global"
      global = class java.util.logging.Logger@581b436
      $assertionsDisabled = true
    kids = null
    levelObject = class java.util.logging.Level@37f49f22
      defaultBundle = "sun.util.logging.resources.logging"
      name = "INFO"
      value = 800
      resourceBundleName = "sun.util.logging.resources.logging"
      localizedLevelName = "INFORMATION"
      cachedLocale = class java.util.Locale@134bac81
      OFF = class java.util.logging.Level@5cf5f5fa
      SEVERE = class java.util.logging.Level@29505
      WARNING = class java.util.logging.Level@78c71561
      INFO = class java.util.logging.Level@37f49f22
      CONFIG = class java.util.logging.Level@2eb983ce
      FINE = class java.util.logging.Level@2c5929cf
      FINER = class java.util.logging.Level@5d10f9c6
      FINEST = class java.util.logging.Level@492ef5dc
      ALL = class java.util.logging.Level@9028d85
      serialVersionUID = -8176160795706313070
    levelValue = 800
    callersClassLoaderRef = class java.lang.ref.WeakReference@791512f9
      referent = class org.eclipse.osgi.internal.loader.EquinoxClassLoader@2d7b1fc2
      queue = class java.lang.ref.ReferenceQueue$Null@d33bd05
      next = null
      discovered = null
      lock = class java.lang.ref.Reference$Lock@6b857fe1
      pending = null
    isSystemLogger = false
    GLOBAL_LOGGER_NAME = "global"
    global = class java.util.logging.Logger@581b436
      emptyHandlers = class java.util.logging.Handler[0]
      offValue = 2147483647
      SYSTEM_LOGGER_RB_NAME = "sun.util.logging.resources.logging"
      SYSTEM_BUNDLE = class java.util.logging.Logger$LoggerBundle@3dee255e
      NO_RESOURCE_BUNDLE = class java.util.logging.Logger$LoggerBundle@64b30f93
      manager = class com.ibm.ws.kernel.boot.logging.WsLogManager@357bda3b
      name = "global"
      handlers = class java.util.concurrent.CopyOnWriteArrayList@162dfa38
      loggerBundle = class java.util.logging.Logger$LoggerBundle@64b30f93
      useParentHandlers = true
      filter = null
      anonymous = false
      catalog = null
      catalogName = null
      catalogLocale = null
      treeLock = class java.lang.Object@5165b1bc
      parent = class java.util.logging.LogManager$RootLogger@1b23ca8
      kids = null
      levelObject = null
      levelValue = 800
      callersClassLoaderRef = null
      isSystemLogger = true
      GLOBAL_LOGGER_NAME = "global"
      global = class java.util.logging.Logger@581b436
      $assertionsDisabled = true
    $assertionsDisabled = true
  CLASS_NAME = "com.ibm.ws.webcontainer.servlet.ServletWrapper"
  nls = class com.ibm.ejs.ras.TraceNLS@3e1e3027
    resolver = class com.ibm.ws.logging.internal.TraceNLSResolver@77cf2a2c
      tc = class com.ibm.websphere.ras.TraceComponent@6f2b958e
      DEBUG_TRACE_NLS_PROPERTY = "com.ibm.ejs.ras.debugTraceNLSResolver"
      debugTraceNLSResolver = false
      makeNoise = false
      nullKey = "null"
      svNullBundleName = "Resource Bundle name is null, key = {0}"
      svBundleNotLoaded = "Unable to load ResourceBundle {0}"
      svNullKeyMessage = "Null key passed while using ResourceBundle {0}"
      svMalformedMessage = "No message text associated with key {0} in bundle {1}"
    finder = null
    ivBundleName = "com.ibm.ws.webcontainer.resources.Messages"
    caller = class java.lang.Class@4da3fbaf
      ANNOTATION = 8192
      ENUM = 16384
      SYNTHETIC = 4096
      cachedConstructor = null
      newInstanceCallerCache = null
      name = null
      allPermDomain = class java.security.ProtectionDomain@1c522a7b
      useCaches = true
      reflectionData = class java.lang.ref.SoftReference@766fc1bf
      classRedefinedCount = 0
      genericInfo = null
      serialVersionUID = 3206093459760846163
      serialPersistentFields = class java.io.ObjectStreamField[0]
      reflectionFactory = class sun.reflect.ReflectionFactory@12f0eb89
      initted = true
      enumConstants = null
      enumConstantDirectory = null
      annotationData = class java.lang.Class$AnnotationData@5785a7dd
      annotationType = null
      classValueMap = null
  servletConfig = class com.ibm.ws.webcontainer.servlet.ServletConfig@33b12558
    logger = class com.ibm.ws.logging.internal.WsLogger@6c32c08d
    CLASS_NAME = "com.ibm.ws.webcontainer.servlet.ServletConfig"
    nls = class com.ibm.ejs.ras.TraceNLS@447a8a4b
      resolver = class com.ibm.ws.logging.internal.TraceNLSResolver@77cf2a2c
      finder = null
      ivBundleName = "com.ibm.ws.webcontainer.resources.Messages"
      caller = class java.lang.Class@57ed40cf
    liberty_nls = class com.ibm.ejs.ras.TraceNLS@345c0658
      resolver = class com.ibm.ws.logging.internal.TraceNLSResolver@77cf2a2c
      finder = null
      ivBundleName = "com.ibm.ws.webcontainer.resources.LShimMessages"
      caller = class java.lang.Class@57ed40cf
    enabled = true
    servletName = "erp-light"
    className = "org.springframework.web.servlet.DispatcherServlet"
    mappings = class java.util.ArrayList@4ab3e1b1
      serialVersionUID = 8683452581122892189
      DEFAULT_CAPACITY = 10
      EMPTY_ELEMENTDATA = class java.lang.Object[0]
      DEFAULTCAPACITY_EMPTY_ELEMENTDATA = class java.lang.Object[0]
      elementData = class java.lang.Object[10]
      size = 1
      MAX_ARRAY_SIZE = 2147483639
      modCount = 1
      MAX_ARRAY_SIZE = 2147483639
    startUpWeight = 1
    DEFAULT_STARTUP = -1
    isCachingEnabled = true
    isStatisticsEnabled = true
    isInternal = false
    metaData = class com.ibm.ws.webcontainer.osgi.metadata.WebComponentMetaDataImpl@29c0910b
      j2eeName = class com.ibm.ws.container.service.metadata.internal.J2EENameImpl@6063b79b
      webModuleMetaData = class com.ibm.ws.webcontainer.osgi.metadata.WebModuleMetaDataImpl@12541de2
      tc = class com.ibm.websphere.ras.TraceComponent@56f1e1c6
      NUM_STATIC_SLOTS = 4
      ID_UNINITIALIZED = -1
      id = 2
      metaDataInterface = class java.lang.Class@1efb2b74
      staticSlots = class java.lang.Object[4]
      dynamicSlots = null
    singleThreadModelServlet = false
    isJsp = false
    webAppConfig = class com.ibm.ws.webcontainer.osgi.webapp.WebAppConfiguration@719b9451
    servletWrapper = class com.ibm.ws.webcontainer.osgi.servlet.ServletWrapper@57be8e68
    servletClass = null
    servlet = null
    addedToLoadOnStartup = true
    previousWeight = null
    multipartConfig = null
    multipartConfigBaseLocation = null
    runAsRole = null
    servletSecurityElement = null
    declareRolesAnnotation = null
    logger = class com.ibm.ws.logging.internal.WsLogger@6c32c08d
    CLASS_NAME = "com.ibm.ws.webcontainer.servlet.TargetConfig"
    initParams = null
    fileName = null
    displayName = null
    name = "erp-light"
    description = null
    smallIcon = null
    largeIcon = null
    context = class com.ibm.wsspi.webcontainer.facade.ServletContextFacade@21193694
    className = null
    asyncSupported = false
    _id = "ServletGeneratedId1"
    _attributes = null
    serialVersionUID = 7511545662945734886
    $$$tc$$$ = class com.ibm.websphere.ras.TraceComponent@6c97c29a
      strings[0] = "TraceComponent[com.ibm.ws.container.BaseConfiguration,class com.ibm.ws.container.BaseConfiguration,[],null,null]"
  context = class com.ibm.ws.webcontainer.osgi.webapp.WebApp@6f940833
    tc = class com.ibm.websphere.ras.TraceComponent@12696011
      strings[0] = "TraceComponent[com.ibm.ws.webcontainer.osgi.webapp.WebApp,class com.ibm.ws.webcontainer.osgi.webapp.WebApp,[webcontainer],com.ibm.ws.webcontainer.resources.LShimMessages,null]"
    CLASS_NAME = "com.ibm.ws.webcontainer.osgi.webapp.WebApp"
    metaDataService = class com.ibm.ws.container.service.metadata.internal.MetaDataServiceImpl@305417bb
      applicationMetaDataManager = class com.ibm.ws.container.service.metadata.internal.ApplicationMetaDataManager@6c4a3893
      moduleMetaDataManager = class com.ibm.ws.container.service.metadata.internal.ModuleMetaDataManager@1fbba3a0
      componentMetaDataManager = class com.ibm.ws.container.service.metadata.internal.ComponentMetaDataManager@f70eec7
      methodMetaDataManager = class com.ibm.ws.container.service.metadata.internal.MethodMetaDataManager@4f4ae2bf
      appModuleNameToModuleContainer = class java.util.concurrent.ConcurrentHashMap@7279c565
      jeeNameToComponentMetaData = class java.util.concurrent.ConcurrentHashMap@301dde29
      deferredMetaDataFactories = class com.ibm.wsspi.kernel.service.utils.ConcurrentServiceReferenceSet@3893083b
      deferredMetaDataInitializers = class com.ibm.wsspi.kernel.service.utils.ConcurrentServiceReferenceMap@20d45a8c
      serialVersionUID = 5173348198233259673
      $$$tc$$$ = class com.ibm.websphere.ras.TraceComponent@4adec3f4
    namespacePopulated = false
    referenceContext = class com.ibm.ws.injectionengine.osgi.internal.OSGiReferenceContextImpl@16ec36e5
      scopeData = class com.ibm.ws.injectionengine.osgi.internal.OSGiInjectionScopeData@5bd02462
      serialVersionUID = -5862502968678606919
      $$$tc$$$ = class com.ibm.websphere.ras.TraceComponent@6d8d34ad
      CLASS_NAME = "com.ibm.ws.injectionengine.ReferenceContextImpl"
      tc = class com.ibm.ejs.ras.TraceComponent@5493dd6c
      ivInjectionEngine = class com.ibm.ws.injectionengine.osgi.internal.OSGiInjectionEngineImpl@449d7b4d
      ivProviders = class java.util.ArrayList@228389f4
      ivComponentJavaContext = null
      ivComponentNameSpace = null
      ivJavaColonCompEnvMap = class java.util.LinkedHashMap@2642c232
      ivEjbContext10 = class java.util.Properties@76ffd656
      ivResourceRefConfigList = null
      isAlreadyProcessed = true
      ivProcessFailure = null
      ivInjectionTargetMap = class java.util.HashMap@59978cd7
      ivDeclaredInjectionTargets = class java.util.HashMap@67e56238
      ivProcessedInjectionClasses = class java.util.HashSet@57867fa4
      ivProcessedInjectionBindings = class java.util.ArrayList@5f434e64
      ivAnyProcessDynamic = false
      ivCheckAppConfig = false
    j2eeNameFactory = class com.ibm.ws.container.service.metadata.internal.J2EENameFactoryImpl@50a525ec
      serialVersionUID = 3486344295038028821
      $$$tc$$$ = class com.ibm.websphere.ras.TraceComponent@77f845c3
    moduleLoader = class com.ibm.ws.classloading.internal.AppClassLoader@65290749
      tc = class com.ibm.websphere.ras.TraceComponent@e3109f1
      PARENT_FIRST_SEARCH_ORDER = class java.util.Collections$UnmodifiableRandomAccessList@4bd4cee
      CLASS_LOADING_TRACE_PREFIX = "com.ibm.ws.class.load."
      DEFAULT_PACKAGE = "default.package"
      perPackageClassLoadingTraceComponents = class java.util.concurrent.ConcurrentHashMap@61cf1ae7
      config = class com.ibm.ws.classloading.internal.ClassLoaderConfigurationImpl@50fced79
      privateLibraries = null
      delegateLoaders = class com.ibm.ws.classloading.internal.util.CompositeIterable@12ead1be
      nativeLibraryFiles = class java.util.ArrayList@7c5e3531
      transformers = class java.util.ArrayList@65df007f
      apiAccess = class com.ibm.ws.classloading.internal.GatewayClassLoader@66d9fe2b
      PROTECTION_DOMAIN = class java.security.ProtectionDomain@4fac8c12
      serialVersionUID = -8503176786514635265
      tc = class com.ibm.websphere.ras.TraceComponent@3e0a3071
      EMPTY_URL_ARRAY = class java.net.URL[0]
      smartClassPath = class com.ibm.ws.classloading.internal.ContainerClassLoader$SmartClassPathImpl@16dce258
      nativeLibraryContainers = class java.util.ArrayList@1ba6aa0f
      redefiner = class com.ibm.ws.classloading.internal.util.ClassRedefiner@6679dfc
      mapCreationQueue = class java.util.concurrent.Executors$FinalizableDelegatedExecutorService@294368c6
      serialVersionUID = 7561562533729935637
      serialVersionUID = -7411549862368381758
      $$$tc$$$ = class com.ibm.websphere.ras.TraceComponent@2015e32a
      serialVersionUID = 161679851398543548
      $$$tc$$$ = class com.ibm.websphere.ras.TraceComponent@556ebbec
      serialVersionUID = 2596921220292114344
      $$$tc$$$ = class com.ibm.websphere.ras.TraceComponent@7cef2afc
      initialized = true
      pdcache = class java.util.HashMap@7624be46
      debug = null
      parent = class com.ibm.ws.classloading.internal.GatewayClassLoader@66d9fe2b
      parallelLockMap = null
      package2certs = class java.util.Hashtable@4c164503
      nocerts = class java.security.cert.Certificate[0]
      classes = class java.util.Vector@7e21011f
      defaultDomain = class java.security.ProtectionDomain@426d4f6e
      packages = class java.util.HashMap@11e80feb
      scl = class sun.misc.Launcher$AppClassLoader@18b4aac2
      sclSet = true
      loadedLibraryNames = class java.util.Vector@203448d5
      systemNativeLibraries = class java.util.Vector@673b39d3
      nativeLibraries = class java.util.Vector@6fa87e88
      nativeLibraryContext = class java.util.Stack@403386b4
      usr_paths = class java.lang.String[35]
      sys_paths = class java.lang.String[1]
      assertionLock = class com.ibm.ws.classloading.internal.AppClassLoader@65290749
      defaultAssertionStatus = false
      packageAssertionStatus = null
      classAssertionStatus = null
    webAppConfig = class com.ibm.ws.webcontainer.osgi.webapp.WebAppConfiguration@719b9451
      webModuleMetaData = class com.ibm.ws.webcontainer.osgi.metadata.WebModuleMetaDataImpl@12541de2
      webComponentMetaData = class com.ibm.ws.webcontainer.osgi.metadata.WebComponentMetaDataImpl@797d817a
      dVirtualHost = class com.ibm.ws.webcontainer.osgi.DynamicVirtualHost@f25ab7d
      orderedLibPaths = class java.util.Collections$UnmodifiableRandomAccessList@d4025d6
      bundleHeaders = null
      cdiEnabled = false
      CLASS_NAME = "com.ibm.ws.webcontainer.webapp.WebAppConfiguration"
      logger = class com.ibm.ws.logging.internal.WsLogger@7203dfc0
      tc = class com.ibm.websphere.ras.TraceComponent@4dff7276
      nls = class com.ibm.ejs.ras.TraceNLS@1ee708b4
      version = 25
      contextRoot = "/ERP-light"
      sessionTimeout = 0
      moduleSessionTimeoutSet = false
      moduleSessionTrackingModeSet = false
      sessionCookieConfig = class com.ibm.ws.session.SessionCookieConfigImpl@2ceebd87
      hasProgrammaticCookieConfig = false
      sessionDefaultTrackingModeSet = class java.util.RegularEnumSet@390d8f31
      sessionManagerConfig = class com.ibm.ws.session.SessionManagerConfig@2c871300
      displayName = "ERP-light VIEW"
      description = null
      reloadInterval = 0
      distributable = false
      denyUncoveredHttpMethods = false
      reloadingEnabled = false
      serveServletsByClassnameEnabled = null
      defaultErrorPage = null
      additionalClassPath = null
      fileServingEnabled = null
      directoryBrowsingEnabled = null
      autoRequestEncoding = false
      autoResponseEncoding = false
      autoLoadFilters = false
      requestListeners = null
      requestAttributeListeners = null
      sessionListeners = null
      localeMap = null
      moduleName = "ERP-light-0.0.1-SNAPSHOT"
      j2eeModuleName = "ERP-light-0.0.1-SNAPSHOT.war"
      moduleId = null
      isSyncToThreadEnabled = false
      isSystemApp = false
      ardEnabled = false
      ardDispatchType = null
      listeners = class java.util.ArrayList@20f0adf5
      welcomeFileList = class java.util.ArrayList@674b3f7
      servletMappings = class java.util.HashMap@5faf243b
      lastIndexBeforeDeclaredFilters = 0
      filterMappings = class java.util.ArrayList@a8e5cf8
      servletInfo = class java.util.HashMap@2f34c759
      filterInfo = class java.util.HashMap@cfc2243
      mimeMappings = class java.util.HashMap@2a54511b
      mimeFilters = null
      isMimeFilteringEnabled = false
      theWebGroup = null
      jspAttributes = class java.util.HashMap@5245a135
      fileServingAttributes = class java.util.HashMap@5bc2aa2b
      invokerAttributes = class java.util.HashMap@36c1652a
      contextParams = class java.util.HashMap@3e953660
      virtualHost = "default_host"
      exceptionErrorPages = class java.util.HashMap@41a6648e
      codeErrorPages = class java.util.HashMap@ffb1d63
      tagLibList = null
      precompileJsps = false
      webApp = class com.ibm.ws.webcontainer.osgi.webapp.WebApp@6f940833
      virtualHostList = class java.util.Collections$EmptyList@322ec183
      appStartupWeight = 0
      moduleStartupWeight = 0
      metaDataComplete = false
      classesToScan = class java.util.ArrayList@251fd790
      uriFilterMappingInfos = null
      servletFilterMappingInfos = null
      dynamicServletRegistrationMap = null
      applicationName = "ERP-light"
      libBinPathList = null
      webXmlDefinedListeners = class java.util.HashSet@576f45a9
      serviceRefs = class java.util.ArrayList@a84a22
      resourceRefs = class java.util.ArrayList@44ceb16d
      resourceRefBindings = class java.util.HashMap@1fb64d33
      resourceRefConfigList = null
      resourceEnvRefs = class java.util.ArrayList@32591161
      resourceEnvRefBindings = class java.util.HashMap@70e2b452
      messageDestRefs = class java.util.ArrayList@419626fa
      messageDestRefBindings = class java.util.HashMap@6c64242e
      envEntries = class java.util.ArrayList@164ce2da
      envEntryValues = class java.util.HashMap@73699465
      envEntryBindings = class java.util.HashMap@338dd04
      dataSources = class java.util.ArrayList@4e30cc19
      dataSourceBindings = class java.util.HashMap@3f9bad37
      persistenceUnitRefs = class java.util.ArrayList@eecc1d
      persistenceContextRefs = class java.util.ArrayList@45fbe1f9
      ejbRefs = class java.util.ArrayList@d63ad5b
      ejbLocalRefs = class java.util.ArrayList@6ff34bd5
      ejbRefBindings = class java.util.HashMap@190bec12
      disallowAllFileServingProp = null
      disallowServeServletsByClassnameProp = null
      disableStaticMappingCache = false
      _id = "WebAppGeneratedId1"
      _attributes = null
      serialVersionUID = 7511545662945734886
      $$$tc$$$ = class com.ibm.websphere.ras.TraceComponent@6c97c29a
    extensionProcessingDisabled = false
    loginProcessor = null
    logoutProcessor = null
    collabHelper = class com.ibm.ws.webcontainer.osgi.collaborator.CollaboratorHelperImpl@3fa6508c
    envObject = class com.ibm.ws.util.WSThreadLocal@2287c37a
      tc = class com.ibm.ejs.ras.TraceComponent@7a0404ca
      count = 4
      index = 1
      SUSPECTED_MISUSAGE_THRESHOLD = 200
      threadLocalHashCode = 1123761604
      nextHashCode = class java.util.concurrent.atomic.AtomicInteger@31c999e4
      HASH_INCREMENT = 1640531527
    orderedLibPaths = class java.util.Collections$UnmodifiableRandomAccessList@d4025d6
      serialVersionUID = -2542308836966382001
      serialVersionUID = -283967356065247728
      list = class java.util.ArrayList@3143f97d
      serialVersionUID = 1820017752578914078
      c = class java.util.ArrayList@3143f97d
    perm = class com.ibm.websphere.security.WebSphereRuntimePermission@2ee3c1f7
      serialVersionUID = -3306242789188168337
      $$$tc$$$ = class com.ibm.websphere.ras.TraceComponent@19e387eb
      serialVersionUID = 6279438298436773498
      wildcard = false
      path = "accessServletContext"
      exitVM = false
      serialVersionUID = -5636570222231596674
      name = "accessServletContext"
    WELCOME_FILE_LIST = "com.ibm.ws.webcontainer.config.WelcomeFileList"
    DIR_BROWSING_MAPPING = "__dirBrowsing__1702848023066"
    FILTER_PROXY_MAPPING = "/__filterProxy__1702848023066"
    logger = class com.ibm.ws.logging.internal.WsLogger@7203dfc0
      tc = class com.ibm.websphere.ras.TraceComponent@37383ecb
      ivCachedResourceBundleName = "com.ibm.ws.webcontainer.resources.Messages"
      ivCachedResourceBundle = class com.ibm.ws.webcontainer.resources.Messages_de@788a1ba9
      ivComponent = null
      ivOrganization = null
      ivProduct = null
      ivMinimumLocalizationLevelIntValue = 625
      ivGroupName = null
      ivTC = class com.ibm.websphere.ras.TraceComponent@4221f32e
      loggerRegistrationComponent = class java.lang.ThreadLocal@209e30fe
      emptyHandlers = class java.util.logging.Handler[0]
      offValue = 2147483647
      SYSTEM_LOGGER_RB_NAME = "sun.util.logging.resources.logging"
      SYSTEM_BUNDLE = class java.util.logging.Logger$LoggerBundle@3dee255e
      NO_RESOURCE_BUNDLE = class java.util.logging.Logger$LoggerBundle@64b30f93
      manager = class com.ibm.ws.kernel.boot.logging.WsLogManager@357bda3b
      name = "com.ibm.ws.webcontainer.webapp"
      handlers = class java.util.concurrent.CopyOnWriteArrayList@37190aa8
      loggerBundle = class java.util.logging.Logger$LoggerBundle@1e214502
      useParentHandlers = true
      filter = null
      anonymous = false
      catalog = class com.ibm.ws.webcontainer.resources.Messages_de@788a1ba9
      catalogName = "com.ibm.ws.webcontainer.resources.Messages"
      catalogLocale = class java.util.Locale@134bac81
      treeLock = class java.lang.Object@5165b1bc
      parent = class com.ibm.ws.logging.internal.WsLogger@1f0b8839
      kids = null
      levelObject = class java.util.logging.Level@37f49f22
      levelValue = 800
      callersClassLoaderRef = class java.lang.ref.WeakReference@7e22ac0e
      isSystemLogger = false
      GLOBAL_LOGGER_NAME = "global"
      global = class java.util.logging.Logger@581b436
      $assertionsDisabled = true
    CLASS_NAME = "com.ibm.ws.webcontainer.webapp.WebApp"
    loader = class com.ibm.ws.classloading.internal.ThreadContextClassLoader@5666fdcb
    facade = class com.ibm.wsspi.webcontainer.facade.ServletContextFacade@21193694
    features = class java.util.ArrayList@6e035ee9
      serialVersionUID = 8683452581122892189
      DEFAULT_CAPACITY = 10
      EMPTY_ELEMENTDATA = class java.lang.Object[0]
      DEFAULTCAPACITY_EMPTY_ELEMENTDATA = class java.lang.Object[0]
      elementData = class java.lang.Object[0]
      size = 0
      MAX_ARRAY_SIZE = 2147483639
      modCount = 0
      MAX_ARRAY_SIZE = 2147483639
    applicationName = "ERP-light"
    config = class com.ibm.ws.webcontainer.osgi.webapp.WebAppConfiguration@719b9451
    securityEnabledForApp = null
    webExtensionProcessor = class com.ibm.ws.webcontainer.osgi.extension.WebExtensionProcessor@62e1b86a
      webApp = class com.ibm.ws.webcontainer.osgi.webapp.WebApp@6f940833
      extensionContext = class com.ibm.ws.webcontainer.osgi.webapp.WebApp@6f940833
    production = true
    isServlet23 = true
    contextPath = "/ERP-light"
    internalServletList = class [Ljava.lang.String;[2]
      internalServletList[0] = class java.lang.String[2]
      internalServletList[1] = class java.lang.String[2]
    BY_NAME_ONLY = "/_1702848023066_/"
    filterManager = null
    documentRoot = null
    SERVLET_API_VERSION = "Servlet 2.5"
    disableServletAuditLogging = 0
    serverInfo = "SMF WebContainer"
    sessionCtx = class com.ibm.ws.webcontainer.session.impl.HttpSessionContextImpl@3eac09e0
      methodClassName = "HttpSessionContextImpl"
      _smc = class com.ibm.ws.session.SessionManagerConfig@2c871300
      sessionStoreService = null
      _sap = class com.ibm.ws.session.SessionApplicationParameters@692875ce
      _coreHttpSessionManager = class com.ibm.ws.session.SessionManager@f0ad639
      _coreHttpAppSessionManager = null
      _sam = class com.ibm.ws.webcontainer.session.impl.SessionAffinityManagerImpl@2c7d60c1
      isSIPApplication = false
      sessionAttributeListener = false
      sessionListener = true
      mHttpSessionAttributeListeners = class java.util.ArrayList@3876795d
      mHttpSessionListeners = class java.util.ArrayList@125aed98
      mHttpSessionIdListeners = class java.util.ArrayList@4bb84af4
      mHttpSessionAttributeListenersJ2eeNames = class java.util.ArrayList@c84502a
      mHttpSessionListenersJ2eeNames = class java.util.ArrayList@7337c76
      mHttpSessionIdListenersJ2eeNames = class java.util.ArrayList@42c06725
      mLocalHost = null
      _refCount = 1
      currentThreadSacHashtable = null
      methodClassName = "SessionContext"
      ANONYMOUS_USER = "anonymous"
      wasHttpSessionObserver = class com.ibm.ws.session.WasHttpSessionObserver@4ba67a63
      wasHttpSessionAttributeObserver = null
      _invalidator = class com.ibm.ws.session.SessionInvalidator@658d763d
      _storer = class com.ibm.ws.session.EOSSessionStorer@79c16636
      wasHttpAppSessionObserver = null
      mHttpAppSessionListeners = null
      cmvcInfo = "CMVC Version 1.9 6/24/07 11:12:24"
      _loggedVersion = true
      CREATE_CORE_SESSION_MANAGER = 0
      GET_REQUESTED_SESSION_ID = 1
      GET_IHTTP_SESSION = 2
      SESSION_PRE_INVOKE = 3
      SESSION_POST_INVOKE = 4
      STOP = 5
      STOP_LISTENERS = 6
      IS_VALID = 7
      ENCODE_URL = 8
      SHOULD_ENCODE_URL = 9
      IS_PROTOCOL_SWITCH = 10
      GET_LOCAL_HOST = 11
      ADD_HTTP_SESSION_ATTRIBUTE_LISTENER = 12
      ADD_HTTP_SESSION_LISTENER = 13
      GET_SESSION_AFFINITY_CONTEXT = 14
      CHECK_SECURITY = 15
      INVALIDATE = 16
      CHECK_SESSSIONID_IS_RIGHT_LENGTH = 17
      LOCK_SESSION = 18
      UNLOCK_SESSION = 19
      ADD_HTTP_SESSION_ID_LISTENER = 20
      methodNames = class java.lang.String[21]
    eventSource = class com.ibm.ws.webcontainer.webapp.WebAppEventSource@2f36705d
    nls = class com.ibm.ejs.ras.TraceNLS@4aacecca
      resolver = class com.ibm.ws.logging.internal.TraceNLSResolver@77cf2a2c
      finder = null
      ivBundleName = "com.ibm.ws.webcontainer.resources.Messages"
      caller = class java.lang.Class@6a86c74c
    liberty_nls = class com.ibm.ejs.ras.TraceNLS@25e13f1d
      resolver = class com.ibm.ws.logging.internal.TraceNLSResolver@77cf2a2c
      finder = null
      ivBundleName = "com.ibm.ws.webcontainer.resources.LShimMessages"
      caller = class java.lang.Class@6a86c74c
    error_nls = class com.ibm.ejs.ras.TraceNLS@1e6afaf8
      resolver = class com.ibm.ws.logging.internal.TraceNLSResolver@77cf2a2c
      finder = null
      ivBundleName = "com.ibm.ws.webcontainer.resources.ErrorPage"
      caller = class java.lang.Class@6a86c74c
    sessionListeners = class java.util.ArrayList@40d713dc
      serialVersionUID = 8683452581122892189
      DEFAULT_CAPACITY = 10
      EMPTY_ELEMENTDATA = class java.lang.Object[0]
      DEFAULTCAPACITY_EMPTY_ELEMENTDATA = class java.lang.Object[0]
      elementData = class java.lang.Object[10]
      size = 1
      MAX_ARRAY_SIZE = 2147483639
      modCount = 2
      MAX_ARRAY_SIZE = 2147483639
    sessionIdListeners = class java.util.ArrayList@6db06db0
      serialVersionUID = 8683452581122892189
      DEFAULT_CAPACITY = 10
      EMPTY_ELEMENTDATA = class java.lang.Object[0]
      DEFAULTCAPACITY_EMPTY_ELEMENTDATA = class java.lang.Object[0]
      elementData = class java.lang.Object[0]
      size = 0
      MAX_ARRAY_SIZE = 2147483639
      modCount = 0
      MAX_ARRAY_SIZE = 2147483639
    sessionAttrListeners = class java.util.ArrayList@4105becc
      serialVersionUID = 8683452581122892189
      DEFAULT_CAPACITY = 10
      EMPTY_ELEMENTDATA = class java.lang.Object[0]
      DEFAULTCAPACITY_EMPTY_ELEMENTDATA = class java.lang.Object[0]
      elementData = class java.lang.Object[0]
      size = 0
      MAX_ARRAY_SIZE = 2147483639
      modCount = 1
      MAX_ARRAY_SIZE = 2147483639
    addedSessionListeners = class java.util.ArrayList@8f1312e
      serialVersionUID = 8683452581122892189
      DEFAULT_CAPACITY = 10
      EMPTY_ELEMENTDATA = class java.lang.Object[0]
      DEFAULTCAPACITY_EMPTY_ELEMENTDATA = class java.lang.Object[0]
      elementData = class java.lang.Object[0]
      size = 0
      MAX_ARRAY_SIZE = 2147483639
      modCount = 0
      MAX_ARRAY_SIZE = 2147483639
    addedSessionAttrListeners = class java.util.ArrayList@70408a1f
      serialVersionUID = 8683452581122892189
      DEFAULT_CAPACITY = 10
      EMPTY_ELEMENTDATA = class java.lang.Object[0]
      DEFAULTCAPACITY_EMPTY_ELEMENTDATA = class java.lang.Object[0]
      elementData = class java.lang.Object[0]
      size = 0
      MAX_ARRAY_SIZE = 2147483639
      modCount = 0
      MAX_ARRAY_SIZE = 2147483639
    servletContextListeners = class java.util.ArrayList@1ef3a44a
      serialVersionUID = 8683452581122892189
      DEFAULT_CAPACITY = 10
      EMPTY_ELEMENTDATA = class java.lang.Object[0]
      DEFAULTCAPACITY_EMPTY_ELEMENTDATA = class java.lang.Object[0]
      elementData = class java.lang.Object[10]
      size = 1
      MAX_ARRAY_SIZE = 2147483639
      modCount = 2
      MAX_ARRAY_SIZE = 2147483639
    servletContextLAttrListeners = class java.util.ArrayList@726c9a86
      serialVersionUID = 8683452581122892189
      DEFAULT_CAPACITY = 10
      EMPTY_ELEMENTDATA = class java.lang.Object[0]
      DEFAULTCAPACITY_EMPTY_ELEMENTDATA = class java.lang.Object[0]
      elementData = class java.lang.Object[0]
      size = 0
      MAX_ARRAY_SIZE = 2147483639
      modCount = 1
      MAX_ARRAY_SIZE = 2147483639
    servletRequestListeners = class java.util.ArrayList@7395bda4
      serialVersionUID = 8683452581122892189
      DEFAULT_CAPACITY = 10
      EMPTY_ELEMENTDATA = class java.lang.Object[0]
      DEFAULTCAPACITY_EMPTY_ELEMENTDATA = class java.lang.Object[0]
      elementData = class java.lang.Object[0]
      size = 0
      MAX_ARRAY_SIZE = 2147483639
      modCount = 1
      MAX_ARRAY_SIZE = 2147483639
    servletRequestLAttrListeners = class java.util.ArrayList@771d1bb
      serialVersionUID = 8683452581122892189
      DEFAULT_CAPACITY = 10
      EMPTY_ELEMENTDATA = class java.lang.Object[0]
      DEFAULTCAPACITY_EMPTY_ELEMENTDATA = class java.lang.Object[0]
      elementData = class java.lang.Object[0]
      size = 0
      MAX_ARRAY_SIZE = 2147483639
      modCount = 1
      MAX_ARRAY_SIZE = 2147483639
    prependSlashToResource = false
    destroyed = false
    webAppNameSpaceCollab = class com.ibm.ws.webcontainer.osgi.collaborator.WebAppNameSpaceCollaboratorImpl@200b0be6
    txCollab = class com.ibm.ws.webcontainer.collaborator.WebAppTransactionCollaborator@3ca33322
    sessionActivationListeners = class java.util.ArrayList@4a3e4eb
      serialVersionUID = 8683452581122892189
      DEFAULT_CAPACITY = 10
      EMPTY_ELEMENTDATA = class java.lang.Object[0]
      DEFAULTCAPACITY_EMPTY_ELEMENTDATA = class java.lang.Object[0]
      elementData = class java.lang.Object[0]
      size = 0
      MAX_ARRAY_SIZE = 2147483639
      modCount = 1
      MAX_ARRAY_SIZE = 2147483639
    sessionBindingListeners = class java.util.ArrayList@128de653
      serialVersionUID = 8683452581122892189
      DEFAULT_CAPACITY = 10
      EMPTY_ELEMENTDATA = class java.lang.Object[0]
      DEFAULTCAPACITY_EMPTY_ELEMENTDATA = class java.lang.Object[0]
      elementData = class java.lang.Object[0]
      size = 0
      MAX_ARRAY_SIZE = 2147483639
      modCount = 1
      MAX_ARRAY_SIZE = 2147483639
    scratchdir = null
    jspClassLoaderLimit = 0
    jspClassLoaderExclusionList = null
    jspClassLoadersMap = null
    jspClassLoaderLimitTrackIF = false
    defaultExtProc = null
    directoryBrowsingServlet = null
    cdiContexts = class java.util.concurrent.ConcurrentHashMap@4c2b013b
      serialVersionUID = 7249069246763182397
      MAXIMUM_CAPACITY = 1073741824
      DEFAULT_CAPACITY = 16
      MAX_ARRAY_SIZE = 2147483639
      DEFAULT_CONCURRENCY_LEVEL = 16
      LOAD_FACTOR = 0.75
      TREEIFY_THRESHOLD = 8
      UNTREEIFY_THRESHOLD = 6
      MIN_TREEIFY_CAPACITY = 64
      MIN_TRANSFER_STRIDE = 16
      RESIZE_STAMP_BITS = 16
      MAX_RESIZERS = 65535
      RESIZE_STAMP_SHIFT = 16
      MOVED = -1
      TREEBIN = -2
      RESERVED = -3
      HASH_BITS = 2147483647
      NCPU = 12
      serialPersistentFields = class java.io.ObjectStreamField[3]
      table = class java.util.concurrent.ConcurrentHashMap$Node[16]
      nextTable = null
      baseCount = 1
      sizeCtl = 12
      transferIndex = 0
      cellsBusy = 0
      counterCells = null
      keySet = null
      values = null
      entrySet = null
      U = class sun.misc.Unsafe@32ac2275
      SIZECTL = 20
      TRANSFERINDEX = 32
      BASECOUNT = 24
      CELLSBUSY = 36
      CELLVALUE = 144
      ABASE = 16
      ASHIFT = 2
      keySet = null
      values = null
    moduleConfig = class com.ibm.ws.webcontainer.osgi.container.DeployedModule@45deed0c
      tc = class com.ibm.websphere.ras.TraceComponent@188c38cd
      loader = class com.ibm.ws.classloading.internal.ThreadContextClassLoader@5666fdcb
      webApp = class com.ibm.ws.webcontainer.osgi.webapp.WebApp@6f940833
      webAppConfig = class com.ibm.ws.webcontainer.osgi.webapp.WebAppConfiguration@719b9451
      contextRootAdded = null
      properContextRoot = "/ERP-light"
      mappingContextRoot = "/ERP-light/*"
      serialVersionUID = -2104814060051592457
      $$$tc$$$ = class com.ibm.websphere.ras.TraceComponent@44540969
    extensionFactories = class java.util.ArrayList@5ec1cde0
      serialVersionUID = 8683452581122892189
      DEFAULT_CAPACITY = 10
      EMPTY_ELEMENTDATA = class java.lang.Object[0]
      DEFAULTCAPACITY_EMPTY_ELEMENTDATA = class java.lang.Object[0]
      elementData = class java.lang.Object[10]
      size = 1
      MAX_ARRAY_SIZE = 2147483639
      modCount = 1
      MAX_ARRAY_SIZE = 2147483639
    initialized = false
    lock = class com.ibm.ws.webcontainer.webapp.WebApp$1@23030715
      this$0 = class com.ibm.ws.webcontainer.osgi.webapp.WebApp@6f940833
    afterServletContextCreated = false
    redirectContextRoot = false
    errorExceptionTypeFirst = false
    initFilterBeforeServletInit = false
    sortedServletConfigs = class java.util.ArrayList@37b5f897
      serialVersionUID = 8683452581122892189
      DEFAULT_CAPACITY = 10
      EMPTY_ELEMENTDATA = class java.lang.Object[0]
      DEFAULTCAPACITY_EMPTY_ELEMENTDATA = class java.lang.Object[0]
      elementData = class java.lang.Object[10]
      size = 1
      MAX_ARRAY_SIZE = 2147483639
      modCount = 1
      MAX_ARRAY_SIZE = 2147483639
    effectiveMajorVersion = 2
    effectiveMinorVersion = 5
    canAddServletContextListener = true
    withinContextInitOfProgAddListener = false
    webInfLibClassloader = null
    metaInfCache = class com.ibm.ws.webcontainer.webapp.WebApp$2@531d5e0
      this$0 = class com.ibm.ws.webcontainer.osgi.webapp.WebApp@6f940833
      serialVersionUID = 3801124242820219131
      head = null
      tail = null
      accessOrder = true
      serialVersionUID = 362498820763181265
      DEFAULT_INITIAL_CAPACITY = 16
      MAXIMUM_CAPACITY = 1073741824
      DEFAULT_LOAD_FACTOR = 0.75
      TREEIFY_THRESHOLD = 8
      UNTREEIFY_THRESHOLD = 6
      MIN_TREEIFY_CAPACITY = 64
      table = null
      entrySet = null
      size = 0
      modCount = 0
      threshold = 32
      loadFactor = 1.0
      keySet = null
      values = null
    useMetaInfCache = true
    SUN_CONFIGURE_LISTENER_CLASSNAME = "com.sun.faces.config.ConfigureListener"
    MYFACES_LIFECYCLE_LISTENER_CLASSNAME = "org.apache.myfaces.webapp.StartupServletContextListener"
    JSF_IMPL_ENABLED_PARAM = "com.ibm.ws.jsf.JSF_IMPL_ENABLED"
    JSF_IMPL_ENABLED_CUSTOM = "Custom"
    JSF_IMPL_ENABLED_NONE = "None"
    staticDocRoot = class com.ibm.ws.webcontainer.util.DocumentRootUtils@55cfa66b
      logger = class com.ibm.ws.logging.internal.WsLogger@71c0225d
      CLASS_NAME = "com.ibm.ws.webcontainer.util.DocumentRootUtils"
      useContentLength = false
      matchedFile = null
      matchedZipFile = null
      matchedEntry = null
      matchedURL = null
      edrRoot = null
      pfedrRoot = null
      ctxt = class com.ibm.ws.webcontainer.osgi.webapp.WebApp@6f940833
      baseDir = null
      edr = null
      pfedr = null
      metaInfRes = null
      searchpfEDR = true
      searchEDR = true
      searchMetaInfRes = true
      matchFromEDR = false
      matchFromMetaInfRes = false
      matchIsADirectory = false
      appConfig = class com.ibm.ws.webcontainer.osgi.webapp.WebAppConfiguration@719b9451
      attributeType = "staticFile"
      STATIC_FILE = "staticFile"
      JSP = "jsp"
      PFEDR = "preFragmentExtendedDocumentRoot"
      EDR = "extendedDocumentRoot"
    jspDocRoot = class com.ibm.ws.webcontainer.util.DocumentRootUtils@6ecf2868
      logger = class com.ibm.ws.logging.internal.WsLogger@71c0225d
      CLASS_NAME = "com.ibm.ws.webcontainer.util.DocumentRootUtils"
      useContentLength = false
      matchedFile = null
      matchedZipFile = null
      matchedEntry = null
      matchedURL = null
      edrRoot = null
      pfedrRoot = null
      ctxt = class com.ibm.ws.webcontainer.osgi.webapp.WebApp@6f940833
      baseDir = null
      edr = null
      pfedr = null
      metaInfRes = null
      searchpfEDR = true
      searchEDR = true
      searchMetaInfRes = true
      matchFromEDR = false
      matchFromMetaInfRes = false
      matchIsADirectory = false
      appConfig = class com.ibm.ws.webcontainer.osgi.webapp.WebAppConfiguration@719b9451
      attributeType = "jsp"
      STATIC_FILE = "staticFile"
      JSP = "jsp"
      PFEDR = "preFragmentExtendedDocumentRoot"
      EDR = "extendedDocumentRoot"
    container = class com.ibm.ws.adaptable.module.internal.AdaptableContainerImpl@e7ec4d8
      root = class com.ibm.ws.adaptable.module.internal.AdaptableContainerImpl@e7ec4d8
      rootOverlay = class com.ibm.ws.artifact.overlay.internal.DirectoryBasedOverlayContainerImpl@35c5df9b
      factoryHolder = class com.ibm.ws.adaptable.module.internal.AdaptableModuleFactoryImpl@1863123
      delegate = class com.ibm.ws.artifact.overlay.internal.DirectoryBasedOverlayContainerImpl@35c5df9b
      notifier = class com.ibm.ws.adaptable.module.internal.NotifierImpl@1e352eef
      serialVersionUID = -5621513278641113667
      $$$tc$$$ = class com.ibm.websphere.ras.TraceComponent@6f847a17
    metaInfResourceFinder = class com.ibm.ws.webcontainer.util.MetaInfResourceFinder@76a60466
      jarResourceContainers = class java.util.ArrayList@7a9099c1
      container = class com.ibm.ws.adaptable.module.internal.AdaptableContainerImpl@e7ec4d8
    postConstructMethods = class com.ibm.ws.webcontainer.webapp.WebApp$AnnotatedMethods@7d335187
      annotationClass = class java.lang.Class@3d145108
      noOpClassNames = class java.util.HashSet@1167ce8c
      annotatedMethodNames = class java.util.HashMap@2158eaaa
      EMPTY_METHODS = class java.lang.reflect.Method[0]
    preDestroyMethods = class com.ibm.ws.webcontainer.webapp.WebApp$AnnotatedMethods@55674cb4
      annotationClass = class java.lang.Class@f49e7cb
      noOpClassNames = class java.util.HashSet@6713e5c9
      annotatedMethodNames = class java.util.HashMap@52208106
      EMPTY_METHODS = class java.lang.reflect.Method[0]
    OBJ_EMPTY = class java.lang.Object[0]
    CLASS_EMPTY = class java.lang.Class[0]
    DEFAULT_JSP_EXTENSIONS = class java.util.ArrayList@427ca218
      serialVersionUID = 8683452581122892189
      DEFAULT_CAPACITY = 10
      EMPTY_ELEMENTDATA = class java.lang.Object[0]
      DEFAULTCAPACITY_EMPTY_ELEMENTDATA = class java.lang.Object[0]
      elementData = class java.lang.Object[10]
      size = 4
      MAX_ARRAY_SIZE = 2147483639
      modCount = 4
      MAX_ARRAY_SIZE = 2147483639
    DO_ACCEPT_PARTIAL = true
    DO_NOT_ACCEPT_PARTIAL = false
    DO_ACCEPT_EXCLUDED = true
    DO_NOT_ACCEPT_EXCLUDED = false
    commands = class java.util.ArrayList@63e7dd6c
      serialVersionUID = 8683452581122892189
      DEFAULT_CAPACITY = 10
      EMPTY_ELEMENTDATA = class java.lang.Object[0]
      DEFAULTCAPACITY_EMPTY_ELEMENTDATA = class java.lang.Object[0]
      elementData = class java.lang.Object[3]
      size = 0
      MAX_ARRAY_SIZE = 2147483639
      modCount = 0
      MAX_ARRAY_SIZE = 2147483639
    requestMapper = class com.ibm.wsspi.webcontainer.util.URIMapper@c8a3f48
      matcher = class com.ibm.wsspi.webcontainer.util.URIMatcher@49b9dccf
    parent = class com.ibm.ws.webcontainer.osgi.webapp.WebGroup@2bc130a3
      tc = class com.ibm.websphere.ras.TraceComponent@4d2c8dde
      logger = class com.ibm.ws.logging.internal.WsLogger@7203dfc0
      CLASS_NAME = "com.ibm.ws.webcontainer.webapp.WebGroup"
      sessUrlRewritePrefix = ";jsessionid="
      qMark = "?"
      config = class com.ibm.ws.webcontainer.osgi.webapp.WebGroupConfiguration@6830b8b9
      webApp = class com.ibm.ws.webcontainer.osgi.webapp.WebApp@6f940833
      commands = class java.util.ArrayList@15cb0ae2
      requestMapper = null
      parent = class com.ibm.ws.webcontainer.osgi.DynamicVirtualHost@f25ab7d
      name = "/ERP-light/*"
      isAlive = true
      subElements = class java.util.HashMap@3a61da4e
      attributes = null
      config = null
      serialVersionUID = -8271459000149267764
      $$$tc$$$ = class com.ibm.websphere.ras.TraceComponent@638e0df7
    name = "ERP-light-0.0.1-SNAPSHOT"
    isAlive = true
    subElements = null
    attributes = class java.util.Collections$SynchronizedMap@a0bdac7
      serialVersionUID = 1978198479659022715
      m = class java.util.HashMap@60722a69
      mutex = class java.util.Collections$SynchronizedMap@a0bdac7
      keySet = null
      entrySet = class java.util.Collections$SynchronizedSet@45073ffb
      values = null
    config = null
    serialVersionUID = -8271459000149267764
    $$$tc$$$ = class com.ibm.websphere.ras.TraceComponent@638e0df7
      strings[0] = "TraceComponent[com.ibm.ws.container.AbstractContainer,class com.ibm.ws.container.AbstractContainer,[],null,null]"
  target = class org.springframework.web.servlet.DispatcherServlet@753cf5d8
    MULTIPART_RESOLVER_BEAN_NAME = "multipartResolver"
    LOCALE_RESOLVER_BEAN_NAME = "localeResolver"
    THEME_RESOLVER_BEAN_NAME = "themeResolver"
    HANDLER_MAPPING_BEAN_NAME = "handlerMapping"
    HANDLER_ADAPTER_BEAN_NAME = "handlerAdapter"
    HANDLER_EXCEPTION_RESOLVER_BEAN_NAME = "handlerExceptionResolver"
    REQUEST_TO_VIEW_NAME_TRANSLATOR_BEAN_NAME = "viewNameTranslator"
    VIEW_RESOLVER_BEAN_NAME = "viewResolver"
    FLASH_MAP_MANAGER_BEAN_NAME = "flashMapManager"
    WEB_APPLICATION_CONTEXT_ATTRIBUTE = "org.springframework.web.servlet.DispatcherServlet.CONTEXT"
    LOCALE_RESOLVER_ATTRIBUTE = "org.springframework.web.servlet.DispatcherServlet.LOCALE_RESOLVER"
    THEME_RESOLVER_ATTRIBUTE = "org.springframework.web.servlet.DispatcherServlet.THEME_RESOLVER"
    THEME_SOURCE_ATTRIBUTE = "org.springframework.web.servlet.DispatcherServlet.THEME_SOURCE"
    INPUT_FLASH_MAP_ATTRIBUTE = "org.springframework.web.servlet.DispatcherServlet.INPUT_FLASH_MAP"
    OUTPUT_FLASH_MAP_ATTRIBUTE = "org.springframework.web.servlet.DispatcherServlet.OUTPUT_FLASH_MAP"
    FLASH_MAP_MANAGER_ATTRIBUTE = "org.springframework.web.servlet.DispatcherServlet.FLASH_MAP_MANAGER"
    EXCEPTION_ATTRIBUTE = "org.springframework.web.servlet.DispatcherServlet.EXCEPTION"
    PAGE_NOT_FOUND_LOG_CATEGORY = "org.springframework.web.servlet.PageNotFound"
    DEFAULT_STRATEGIES_PATH = "DispatcherServlet.properties"
    pageNotFoundLogger = class org.apache.commons.logging.impl.Jdk14Logger@7f3fad68
      serialVersionUID = 4784713551416303804
      dummyLevel = class java.util.logging.Level@2c5929cf
      logger = class com.ibm.ws.logging.internal.WsLogger@514c19ce
      name = "org.springframework.web.servlet.PageNotFound"
    defaultStrategies = class java.util.Properties@379147d0
      serialVersionUID = 4112578634029874840
      defaults = null
      hexDigit = {0123456789ABCDEF} /* array length = 16*/
      table = class java.util.Hashtable$Entry[11]
      count = 8
      threshold = 8
      loadFactor = 0.75
      modCount = 8
      serialVersionUID = 1421746759512286392
      MAX_ARRAY_SIZE = 2147483639
      keySet = null
      entrySet = null
      values = null
      KEYS = 0
      VALUES = 1
      ENTRIES = 2
    detectAllHandlerMappings = true
    detectAllHandlerAdapters = true
    detectAllHandlerExceptionResolvers = true
    detectAllViewResolvers = true
    throwExceptionIfNoHandlerFound = false
    cleanupAfterInclude = true
    multipartResolver = null
    localeResolver = null
    themeResolver = null
    handlerMappings = null
    handlerAdapters = null
    handlerExceptionResolvers = null
    viewNameTranslator = null
    flashMapManager = null
    viewResolvers = null
    DEFAULT_NAMESPACE_SUFFIX = "-servlet"
    DEFAULT_CONTEXT_CLASS = class java.lang.Class@223a046b
      ANNOTATION = 8192
      ENUM = 16384
      SYNTHETIC = 4096
      cachedConstructor = null
      newInstanceCallerCache = null
      name = "org.springframework.web.context.support.XmlWebApplicationContext"
      allPermDomain = class java.security.ProtectionDomain@1c522a7b
      useCaches = true
      reflectionData = class java.lang.ref.SoftReference@4ec675c7
      classRedefinedCount = 0
      genericInfo = null
      serialVersionUID = 3206093459760846163
      serialPersistentFields = class java.io.ObjectStreamField[0]
      reflectionFactory = class sun.reflect.ReflectionFactory@12f0eb89
      initted = true
      enumConstants = null
      enumConstantDirectory = null
      annotationData = null
      annotationType = null
      classValueMap = null
    SERVLET_CONTEXT_PREFIX = "org.springframework.web.servlet.FrameworkServlet.CONTEXT."
    INIT_PARAM_DELIMITERS = ",; 	
"
    responseGetStatusAvailable = true
    contextAttribute = null
    contextClass = class java.lang.Class@223a046b
    contextId = null
    namespace = null
    contextConfigLocation = null
    contextInitializers = class java.util.ArrayList@73cef4a1
      serialVersionUID = 8683452581122892189
      DEFAULT_CAPACITY = 10
      EMPTY_ELEMENTDATA = class java.lang.Object[0]
      DEFAULTCAPACITY_EMPTY_ELEMENTDATA = class java.lang.Object[0]
      elementData = class java.lang.Object[0]
      size = 0
      MAX_ARRAY_SIZE = 2147483639
      modCount = 0
      MAX_ARRAY_SIZE = 2147483639
    contextInitializerClasses = null
    publishContext = true
    publishEvents = true
    threadContextInheritable = false
    dispatchOptionsRequest = false
    dispatchTraceRequest = false
    webApplicationContext = null
    webApplicationContextInjected = false
    refreshEventReceived = false
    logger = class org.apache.commons.logging.impl.Jdk14Logger@7198435d
      serialVersionUID = 4784713551416303804
      dummyLevel = class java.util.logging.Level@2c5929cf
      logger = class com.ibm.ws.logging.internal.WsLogger@797a58a1
      name = "org.springframework.web.servlet.DispatcherServlet"
    requiredProperties = class java.util.HashSet@4c8a2579
      serialVersionUID = -5024744406713321676
      map = class java.util.HashMap@1cbaf11e
      PRESENT = class java.lang.Object@771d2897
      MAX_ARRAY_SIZE = 2147483639
    environment = class org.springframework.web.context.support.StandardServletEnvironment@3ee179df
      SERVLET_CONTEXT_PROPERTY_SOURCE_NAME = "servletContextInitParams"
      SERVLET_CONFIG_PROPERTY_SOURCE_NAME = "servletConfigInitParams"
      JNDI_PROPERTY_SOURCE_NAME = "jndiProperties"
      SYSTEM_ENVIRONMENT_PROPERTY_SOURCE_NAME = "systemEnvironment"
      SYSTEM_PROPERTIES_PROPERTY_SOURCE_NAME = "systemProperties"
      IGNORE_GETENV_PROPERTY_NAME = "spring.getenv.ignore"
      ACTIVE_PROFILES_PROPERTY_NAME = "spring.profiles.active"
      DEFAULT_PROFILES_PROPERTY_NAME = "spring.profiles.default"
      RESERVED_DEFAULT_PROFILE_NAME = "default"
      logger = class org.apache.commons.logging.impl.Jdk14Logger@ddd44e4
      activeProfiles = class java.util.LinkedHashSet@3f515d1c
      defaultProfiles = class java.util.LinkedHashSet@2bb297fb
      propertySources = class org.springframework.core.env.MutablePropertySources@15066d36
      propertyResolver = class org.springframework.core.env.PropertySourcesPropertyResolver@729bf116
    METHOD_DELETE = "DELETE"
    METHOD_HEAD = "HEAD"
    METHOD_GET = "GET"
    METHOD_OPTIONS = "OPTIONS"
    METHOD_POST = "POST"
    METHOD_PUT = "PUT"
    METHOD_TRACE = "TRACE"
    HEADER_IFMODSINCE = "If-Modified-Since"
    HEADER_LASTMOD = "Last-Modified"
    LSTRING_FILE = "javax.servlet.http.LocalStrings"
    lStrings = class java.util.PropertyResourceBundle@3a8ef95e
      lookup = class java.util.HashMap@1be0247e
      INITIAL_CACHE_SIZE = 32
      NONEXISTENT_BUNDLE = class java.util.ResourceBundle$1@6ff41239
      cacheList = class java.util.concurrent.ConcurrentHashMap@2713f5f9
      referenceQueue = class java.lang.ref.ReferenceQueue@505bc9f0
      parent = null
      locale = class java.util.Locale@1d7befcd
      name = "javax.servlet.http.LocalStrings"
      expired = false
      cacheKey = class java.util.ResourceBundle$CacheKey@6ab06409
      keySet = null
      providers = null
      $assertionsDisabled = true
    config = class com.ibm.ws.webcontainer.servlet.ServletConfig@33b12558
  cacheWrappers = null
  targetLoader = class com.ibm.ws.classloading.internal.ThreadContextClassLoader@5666fdcb
    tc = class com.ibm.websphere.ras.TraceComponent@470aa5f4
      strings[0] = "TraceComponent[com.ibm.ws.classloading.internal.ThreadContextClassLoader,class com.ibm.ws.classloading.internal.ThreadContextClassLoader,[ClassLoadingService],com.ibm.ws.classloading.internal.resources.ClassLoadingServiceMessages,null]"
    bundle = class java.util.concurrent.atomic.AtomicReference@5c0e7fab
      serialVersionUID = -1848883965231344442
      unsafe = class sun.misc.Unsafe@32ac2275
      valueOffset = 12
      value = class org.eclipse.osgi.internal.framework.EquinoxBundle@5130432d
    key = "WebModule:ERP-light#ERP-light-0.0.1-SNAPSHOT.war"
    refCount = class java.util.concurrent.atomic.AtomicInteger@2150a0de
      serialVersionUID = 6214790243416807050
      unsafe = class sun.misc.Unsafe@32ac2275
      valueOffset = 12
      value = 1
      serialVersionUID = -8742448824652078965
    serialVersionUID = 2718662781678069765
    followOnClassLoaders = class java.util.ArrayList@4235c7b3
      serialVersionUID = 8683452581122892189
      DEFAULT_CAPACITY = 10
      EMPTY_ELEMENTDATA = class java.lang.Object[0]
      DEFAULTCAPACITY_EMPTY_ELEMENTDATA = class java.lang.Object[0]
      elementData = class java.lang.Object[10]
      size = 1
      MAX_ARRAY_SIZE = 2147483639
      modCount = 1
      MAX_ARRAY_SIZE = 2147483639
    serialVersionUID = 5933218255537285806
    $$$tc$$$ = class com.ibm.websphere.ras.TraceComponent@1da82593
      strings[0] = "TraceComponent[com.ibm.ws.classloading.internal.UnifiedClassLoader,class com.ibm.ws.classloading.internal.UnifiedClassLoader,[ClassLoadingService],com.ibm.ws.classloading.internal.resources.ClassLoadingServiceMessages,null]"
    serialVersionUID = 161679851398543548
    $$$tc$$$ = class com.ibm.websphere.ras.TraceComponent@556ebbec
      strings[0] = "TraceComponent[com.ibm.ws.classloading.internal.LibertyLoader,class com.ibm.ws.classloading.internal.LibertyLoader,[ClassLoadingService],com.ibm.ws.classloading.internal.resources.ClassLoadingServiceMessages,null]"
    serialVersionUID = 2596921220292114344
    $$$tc$$$ = class com.ibm.websphere.ras.TraceComponent@7cef2afc
      strings[0] = "TraceComponent[com.ibm.ws.classloading.LibertyClassLoader,class com.ibm.ws.classloading.LibertyClassLoader,[ClassLoadingService],com.ibm.ws.classloading.internal.resources.ClassLoadingServiceMessages,null]"
    initialized = true
    pdcache = class java.util.HashMap@4b7f0bd4
      serialVersionUID = 362498820763181265
      DEFAULT_INITIAL_CAPACITY = 16
      MAXIMUM_CAPACITY = 1073741824
      DEFAULT_LOAD_FACTOR = 0.75
      TREEIFY_THRESHOLD = 8
      UNTREEIFY_THRESHOLD = 6
      MIN_TREEIFY_CAPACITY = 64
      table = null
      entrySet = null
      size = 0
      modCount = 0
      threshold = 16
      loadFactor = 0.75
      keySet = null
      values = null
    debug = null
    parent = class com.ibm.ws.classloading.internal.GatewayClassLoader@6429febe
      config = class com.ibm.ws.classloading.internal.GatewayConfigurationImpl@9ab7ee0
      wiringMonitor = class com.ibm.ws.classloading.internal.GatewayClassLoader$1@53392622
      bundle = class org.eclipse.osgi.internal.framework.EquinoxBundle@5130432d
      wiring = class org.eclipse.osgi.container.ModuleWiring@75ab27f9
      bundleLoader = class org.eclipse.osgi.internal.loader.EquinoxClassLoader@5b8da020
      resourceProviders = class com.ibm.ws.classloading.internal.CompositeResourceProvider@98389cf
      serialVersionUID = -4256474098847905153
      $$$tc$$$ = class com.ibm.websphere.ras.TraceComponent@9e17dbe
      parent = class sun.misc.Launcher$AppClassLoader@18b4aac2
      parallelLockMap = null
      package2certs = class java.util.Hashtable@1311b6eb
      nocerts = class java.security.cert.Certificate[0]
      classes = class java.util.Vector@3f29df9f
      defaultDomain = class java.security.ProtectionDomain@993f4fa
      packages = class java.util.HashMap@1c4bc9f6
      scl = class sun.misc.Launcher$AppClassLoader@18b4aac2
      sclSet = true
      loadedLibraryNames = class java.util.Vector@203448d5
      systemNativeLibraries = class java.util.Vector@673b39d3
      nativeLibraries = class java.util.Vector@2f3827a
      nativeLibraryContext = class java.util.Stack@403386b4
      usr_paths = class java.lang.String[35]
      sys_paths = class java.lang.String[1]
      assertionLock = class com.ibm.ws.classloading.internal.GatewayClassLoader@6429febe
      defaultAssertionStatus = false
      packageAssertionStatus = null
      classAssertionStatus = null
    parallelLockMap = null
    package2certs = class java.util.Hashtable@271b4557
      table = class java.util.Hashtable$Entry[11]
      count = 0
      threshold = 8
      loadFactor = 0.75
      modCount = 0
      serialVersionUID = 1421746759512286392
      MAX_ARRAY_SIZE = 2147483639
      keySet = null
      entrySet = null
      values = null
      KEYS = 0
      VALUES = 1
      ENTRIES = 2
    nocerts = class java.security.cert.Certificate[0]
    classes = class java.util.Vector@69e5c5ad
      elementData = class java.lang.Object[10]
      elementCount = 0
      capacityIncrement = 0
      serialVersionUID = -2767605614048989439
      MAX_ARRAY_SIZE = 2147483639
      modCount = 0
      MAX_ARRAY_SIZE = 2147483639
    defaultDomain = class java.security.ProtectionDomain@6e6a0862
      codesource = class java.security.CodeSource@4456602
      classloader = class com.ibm.ws.classloading.internal.ThreadContextClassLoader@5666fdcb
      principals = interface java.security.Principal[0]
      permissions = null
      hasAllPerm = false
      staticPermissions = false
      key = class java.security.ProtectionDomain$Key@ced52b8
      debug = null
    packages = class java.util.HashMap@5d789fd0
      serialVersionUID = 362498820763181265
      DEFAULT_INITIAL_CAPACITY = 16
      MAXIMUM_CAPACITY = 1073741824
      DEFAULT_LOAD_FACTOR = 0.75
      TREEIFY_THRESHOLD = 8
      UNTREEIFY_THRESHOLD = 6
      MIN_TREEIFY_CAPACITY = 64
      table = null
      entrySet = null
      size = 0
      modCount = 0
      threshold = 0
      loadFactor = 0.75
      keySet = null
      values = null
    scl = class sun.misc.Launcher$AppClassLoader@18b4aac2
      ucp = class sun.misc.URLClassPath@41ffcf19
      $assertionsDisabled = true
      ucp = class sun.misc.URLClassPath@41ffcf19
      acc = class java.security.AccessControlContext@5e61cc34
      closeables = class java.util.WeakHashMap@c26f080
      initialized = true
      pdcache = class java.util.HashMap@3265fcfb
      debug = null
      parent = class sun.misc.Launcher$ExtClassLoader@108c4c35
      parallelLockMap = class java.util.concurrent.ConcurrentHashMap@d5d6aa9
      package2certs = class java.util.concurrent.ConcurrentHashMap@5d8d075a
      nocerts = class java.security.cert.Certificate[0]
      classes = class java.util.Vector@66144e9b
      defaultDomain = class java.security.ProtectionDomain@7b0bf486
      packages = class java.util.HashMap@1de5d16c
      scl = class sun.misc.Launcher$AppClassLoader@18b4aac2
      sclSet = true
      loadedLibraryNames = class java.util.Vector@203448d5
      systemNativeLibraries = class java.util.Vector@673b39d3
      nativeLibraries = class java.util.Vector@28e7a25d
      nativeLibraryContext = class java.util.Stack@403386b4
      usr_paths = class java.lang.String[35]
      sys_paths = class java.lang.String[1]
      assertionLock = class java.lang.Object@6cc3514c
      defaultAssertionStatus = false
      packageAssertionStatus = null
      classAssertionStatus = null
    sclSet = true
    loadedLibraryNames = class java.util.Vector@203448d5
      elementData = class java.lang.Object[10]
      elementCount = 7
      capacityIncrement = 0
      serialVersionUID = -2767605614048989439
      MAX_ARRAY_SIZE = 2147483639
      modCount = 7
      MAX_ARRAY_SIZE = 2147483639
    systemNativeLibraries = class java.util.Vector@673b39d3
      elementData = class java.lang.Object[10]
      elementCount = 5
      capacityIncrement = 0
      serialVersionUID = -2767605614048989439
      MAX_ARRAY_SIZE = 2147483639
      modCount = 5
      MAX_ARRAY_SIZE = 2147483639
    nativeLibraries = class java.util.Vector@59ac044e
      elementData = class java.lang.Object[10]
      elementCount = 0
      capacityIncrement = 0
      serialVersionUID = -2767605614048989439
      MAX_ARRAY_SIZE = 2147483639
      modCount = 0
      MAX_ARRAY_SIZE = 2147483639
    nativeLibraryContext = class java.util.Stack@403386b4
      serialVersionUID = 1224463164541339165
      elementData = class java.lang.Object[10]
      elementCount = 0
      capacityIncrement = 0
      serialVersionUID = -2767605614048989439
      MAX_ARRAY_SIZE = 2147483639
      modCount = 14
      MAX_ARRAY_SIZE = 2147483639
    usr_paths = class java.lang.String[35]
      usr_paths[0] = "C:\Program Files\Java\jre-1.8\bin"
      usr_paths[1] = "C:\Windows\Sun\Java\bin"
      usr_paths[2] = "C:\Windows\system32"
      usr_paths[3] = "C:\Windows"
      usr_paths[4] = "C:/Users/Marcus Schneider/.p2/pool/plugins/org.eclipse.justj.openjdk.hotspot.jre.full.win32.x86_64_17.0.9.v20231028-0858/jre/bin/server"
      usr_paths[5] = "C:/Users/Marcus Schneider/.p2/pool/plugins/org.eclipse.justj.openjdk.hotspot.jre.full.win32.x86_64_17.0.9.v20231028-0858/jre/bin"
      usr_paths[6] = "C:/Users/MARCUS~1/AppData/Local/Temp/eoi6B30.tmp//plugins/org.eclipse.justj.openjdk.hotspot.jre.minimal.stripped.win32.x86_64_17.0.9.v20231028-0858/jre/bin/server"
      usr_paths[7] = "C:/Users/MARCUS~1/AppData/Local/Temp/eoi6B30.tmp//plugins/org.eclipse.justj.openjdk.hotspot.jre.minimal.stripped.win32.x86_64_17.0.9.v20231028-0858/jre/bin"
      usr_paths[8] = "C:\Program Files\Mozilla Firefox"
      usr_paths[9] = "C:\Program Files\Microsoft SDKs\Azure\CLI2\wbin"
      usr_paths[10] = "C:\Program Files (x86)\Common Files\Oracle\Java\javapath"
      usr_paths[11] = "C:\Program Files (x86)\Common Files\Intel\Shared Libraries\redist\intel64_win\compiler"
      usr_paths[12] = "C:\Windows\system32"
      usr_paths[13] = "C:\Windows"
      usr_paths[14] = "C:\Windows\System32\Wbem"
      usr_paths[15] = "C:\Windows\System32\WindowsPowerShell\v1.0\"
      usr_paths[16] = "C:\Windows\System32\OpenSSH\"
      usr_paths[17] = "C:\Program Files\dotnet\"
      usr_paths[18] = "C:\Program Files (x86)\NVIDIA Corporation\PhysX\Common"
      usr_paths[19] = "C:\Program Files\Apache\maven"
      usr_paths[20] = "C:\Users\Marcus Schneider\Desktop\Bachelor-Projekt\apache-maven-3.5.3\bin"
      usr_paths[21] = "."
      usr_paths[22] = "C:\Program Files\Docker\Docker\resources\bin"
      usr_paths[23] = "C:\Users\Marcus Schneider\AppData\Local\Programs\Python\Python311\Scripts\"
      usr_paths[24] = "C:\Users\Marcus Schneider\AppData\Local\Programs\Python\Python311\"
      usr_paths[25] = "C:\Users\Marcus Schneider\AppData\Local\Microsoft\WindowsApps"
      usr_paths[26] = "C:\Users\Marcus Schneider\AppData\Local\Programs\Microsoft VS Code\bin"
      usr_paths[27] = "C:\ProgramData\Marcus Schneider\GitHubDesktop\bin"
      usr_paths[28] = "C:\Program Files\PostgreSQL\11\bin"
      usr_paths[29] = "."
      usr_paths[30] = "C:\Users\Marcus Schneider\Downloads"
      usr_paths[31] = "."
      usr_paths[32] = "C:\Users\Marcus Schneider\Downloads"
      usr_paths[33] = "."
      usr_paths[34] = "."
    sys_paths = class java.lang.String[1]
      sys_paths[0] = "C:\Program Files\Java\jre-1.8\bin"
    assertionLock = class com.ibm.ws.classloading.internal.ThreadContextClassLoader@5666fdcb
    defaultAssertionStatus = false
    packageAssertionStatus = null
    classAssertionStatus = null
  evtSource = class com.ibm.ws.webcontainer.webapp.WebAppEventSource@2f36705d
    _invocationListeners = class com.ibm.ws.webcontainer.util.EventListeners@606fb353
      EMPTY_LISTENERS = interface java.util.EventListener[0]
      logger = class com.ibm.ws.logging.internal.WsLogger@71c0225d
      CLASS_NAME = "com.ibm.ws.webcontainer.util.EventListeners"
      listeners = interface java.util.EventListener[0]
    _servletListeners = class com.ibm.ws.webcontainer.util.EventListeners@464f10ba
      EMPTY_LISTENERS = interface java.util.EventListener[0]
      logger = class com.ibm.ws.logging.internal.WsLogger@71c0225d
      CLASS_NAME = "com.ibm.ws.webcontainer.util.EventListeners"
      listeners = interface java.util.EventListener[0]
    _errorListeners = class com.ibm.ws.webcontainer.util.EventListeners@17ca2507
      EMPTY_LISTENERS = interface java.util.EventListener[0]
      logger = class com.ibm.ws.logging.internal.WsLogger@71c0225d
      CLASS_NAME = "com.ibm.ws.webcontainer.util.EventListeners"
      listeners = interface java.util.EventListener[0]
    _applicationListeners = class com.ibm.ws.webcontainer.util.EventListeners@1fb7221d
      EMPTY_LISTENERS = interface java.util.EventListener[0]
      logger = class com.ibm.ws.logging.internal.WsLogger@71c0225d
      CLASS_NAME = "com.ibm.ws.webcontainer.util.EventListeners"
      listeners = interface java.util.EventListener[0]
    _filterInvocationListeners = class com.ibm.ws.webcontainer.util.EventListeners@25fff93
      EMPTY_LISTENERS = interface java.util.EventListener[0]
      logger = class com.ibm.ws.logging.internal.WsLogger@71c0225d
      CLASS_NAME = "com.ibm.ws.webcontainer.util.EventListeners"
      listeners = interface java.util.EventListener[0]
    _filterListeners = class com.ibm.ws.webcontainer.util.EventListeners@3c2bf5a2
      EMPTY_LISTENERS = interface java.util.EventListener[0]
      logger = class com.ibm.ws.logging.internal.WsLogger@71c0225d
      CLASS_NAME = "com.ibm.ws.webcontainer.util.EventListeners"
      listeners = interface java.util.EventListener[0]
    _filterErrorListeners = class com.ibm.ws.webcontainer.util.EventListeners@7a0f1d3d
      EMPTY_LISTENERS = interface java.util.EventListener[0]
      logger = class com.ibm.ws.logging.internal.WsLogger@71c0225d
      CLASS_NAME = "com.ibm.ws.webcontainer.util.EventListeners"
      listeners = interface java.util.EventListener[0]
  event = class com.ibm.websphere.servlet.event.ServletEvent@55fafb9e
    serialVersionUID = 3906650803920713522
    _servletName = "erp-light"
    _servletClassName = "org.springframework.web.servlet.DispatcherServlet"
    $$$tc$$$ = class com.ibm.websphere.ras.TraceComponent@4d6f0a6a
      strings[0] = "TraceComponent[com.ibm.websphere.servlet.event.ServletEvent,class com.ibm.websphere.servlet.event.ServletEvent,[],null,null]"
    serialVersionUID = 3546927969739289392
    _context = class com.ibm.wsspi.webcontainer.facade.ServletContextFacade@21193694
      context = class com.ibm.ws.webcontainer.osgi.webapp.WebApp@6f940833
    _servletNames = class com.ibm.ws.webcontainer.util.EmptyEnumeration@6c907fe0
      serialVersionUID = 3546642126931963953
      _instance = class com.ibm.ws.webcontainer.util.EmptyEnumeration@6c907fe0
    $$$tc$$$ = class com.ibm.websphere.ras.TraceComponent@494272e5
      strings[0] = "TraceComponent[com.ibm.websphere.servlet.event.ApplicationEvent,class com.ibm.websphere.servlet.event.ApplicationEvent,[],null,null]"
    serialVersionUID = 5516075349620653480
    source = class com.ibm.ws.webcontainer.osgi.servlet.ServletWrapper@57be8e68
  unavailableMessage = null
  unavailableUntil = -1
  isSTM = false
  internalServlet = false
  webAppInvocationCollaborators = null
  platformHelper = class com.ibm.ws.webcontainer.PlatformHelper@1aaa660e
  webAppNameSpaceCollab = class com.ibm.ws.webcontainer.osgi.collaborator.WebAppNameSpaceCollaboratorImpl@200b0be6
    cmdai = class com.ibm.ws.threadContext.ComponentMetaDataAccessorImpl@19658d33
      tc = class com.ibm.websphere.ras.TraceComponent@6d16283b
      cmdai = class com.ibm.ws.threadContext.ComponentMetaDataAccessorImpl@19658d33
      threadContext = class com.ibm.ws.threadContext.ThreadContextImpl@4ab020ec
  txCollab = class com.ibm.ws.webcontainer.collaborator.WebAppTransactionCollaborator@3ca33322
    logger = class com.ibm.ws.logging.internal.WsLogger@2c2fa14c
      tc = class com.ibm.websphere.ras.TraceComponent@37383ecb
      ivCachedResourceBundleName = null
      ivCachedResourceBundle = null
      ivComponent = null
      ivOrganization = null
      ivProduct = null
      ivMinimumLocalizationLevelIntValue = 625
      ivGroupName = null
      ivTC = class com.ibm.websphere.ras.TraceComponent@42cdb0f3
      loggerRegistrationComponent = class java.lang.ThreadLocal@209e30fe
      emptyHandlers = class java.util.logging.Handler[0]
      offValue = 2147483647
      SYSTEM_LOGGER_RB_NAME = "sun.util.logging.resources.logging"
      SYSTEM_BUNDLE = class java.util.logging.Logger$LoggerBundle@3dee255e
      NO_RESOURCE_BUNDLE = class java.util.logging.Logger$LoggerBundle@64b30f93
      manager = class com.ibm.ws.kernel.boot.logging.WsLogManager@357bda3b
      name = "com.ibm.ws.webcontainer.collaborator"
      handlers = class java.util.concurrent.CopyOnWriteArrayList@577948cb
      loggerBundle = class java.util.logging.Logger$LoggerBundle@1a28c4dc
      useParentHandlers = true
      filter = null
      anonymous = false
      catalog = class com.ibm.ws.webcontainer.resources.Messages_de@bbfa1f6
      catalogName = "com.ibm.ws.webcontainer.resources.Messages"
      catalogLocale = class java.util.Locale@134bac81
      treeLock = class java.lang.Object@5165b1bc
      parent = class com.ibm.ws.logging.internal.WsLogger@1f0b8839
      kids = null
      levelObject = class java.util.logging.Level@37f49f22
      levelValue = 800
      callersClassLoaderRef = class java.lang.ref.WeakReference@38f4eaa7
      isSystemLogger = false
      GLOBAL_LOGGER_NAME = "global"
      global = class java.util.logging.Logger@581b436
      $assertionsDisabled = true
    CLASS_NAME = "com.ibm.ws.webcontainer.collaborator.WebAppTransactionCollaborator"
  connCollab = class com.ibm.ws.webcontainer.collaborator.ConnectionCollaborator@3e070923
  suppressServletExceptionLogging = false
  throwExceptionEnum = class java.util.RegularEnumSet@775482fb
    serialVersionUID = 3411599620347842686
    elements = 256
    elementType = class java.lang.Class@3b228755
      ANNOTATION = 8192
      ENUM = 16384
      SYNTHETIC = 4096
      cachedConstructor = null
      newInstanceCallerCache = null
      name = "com.ibm.wsspi.webcontainer.collaborator.CollaboratorInvocationEnum"
      allPermDomain = class java.security.ProtectionDomain@1c522a7b
      useCaches = true
      reflectionData = class java.lang.ref.SoftReference@48483796
      classRedefinedCount = 0
      genericInfo = null
      serialVersionUID = 3206093459760846163
      serialPersistentFields = class java.io.ObjectStreamField[0]
      reflectionFactory = class sun.reflect.ReflectionFactory@12f0eb89
      initted = true
      enumConstants = class com.ibm.wsspi.webcontainer.collaborator.CollaboratorInvocationEnum[9]
      enumConstantDirectory = null
      annotationData = null
      annotationType = null
      classValueMap = null
    universe = class com.ibm.wsspi.webcontainer.collaborator.CollaboratorInvocationEnum[9]
      universe[0] = class com.ibm.wsspi.webcontainer.collaborator.CollaboratorInvocationEnum@42889836
      universe[1] = class com.ibm.wsspi.webcontainer.collaborator.CollaboratorInvocationEnum@627a928c
      universe[2] = class com.ibm.wsspi.webcontainer.collaborator.CollaboratorInvocationEnum@6078a475
      universe[3] = class com.ibm.wsspi.webcontainer.collaborator.CollaboratorInvocationEnum@2b019b65
      universe[4] = class com.ibm.wsspi.webcontainer.collaborator.CollaboratorInvocationEnum@2d4eff1b
      universe[5] = class com.ibm.wsspi.webcontainer.collaborator.CollaboratorInvocationEnum@1b16e6cc
      universe[6] = class com.ibm.wsspi.webcontainer.collaborator.CollaboratorInvocationEnum@3ee8a2d7
      universe[7] = class com.ibm.wsspi.webcontainer.collaborator.CollaboratorInvocationEnum@1915ccdc
      universe[8] = class com.ibm.wsspi.webcontainer.collaborator.CollaboratorInvocationEnum@43f95ec2
    ZERO_LENGTH_ENUM_ARRAY = class java.lang.Enum[0]
    MAX_ARRAY_SIZE = 2147483639
  discernUnavailableServlet = false
  reInitServletonInitUnavailableException = true
  destroyServletonServiceUnavailableException = false
  servlet23 = true
  PARAMS_HEAD_TRACE = class java.lang.Class[2]
    PARAMS_HEAD_TRACE[0] = class java.lang.Class@4ee997a5
      ANNOTATION = 8192
      ENUM = 16384
      SYNTHETIC = 4096
      cachedConstructor = null
      newInstanceCallerCache = null
      name = null
      allPermDomain = class java.security.ProtectionDomain@1c522a7b
      useCaches = true
      reflectionData = null
      classRedefinedCount = 0
      genericInfo = null
      serialVersionUID = 3206093459760846163
      serialPersistentFields = class java.io.ObjectStreamField[0]
      reflectionFactory = class sun.reflect.ReflectionFactory@12f0eb89
      initted = true
      enumConstants = null
      enumConstantDirectory = null
      annotationData = null
      annotationType = null
      classValueMap = null
    PARAMS_HEAD_TRACE[1] = class java.lang.Class@318ad1d7
      ANNOTATION = 8192
      ENUM = 16384
      SYNTHETIC = 4096
      cachedConstructor = null
      newInstanceCallerCache = null
      name = null
      allPermDomain = class java.security.ProtectionDomain@1c522a7b
      useCaches = true
      reflectionData = class java.lang.ref.SoftReference@4fc1b2ba
      classRedefinedCount = 0
      genericInfo = null
      serialVersionUID = 3206093459760846163
      serialPersistentFields = class java.io.ObjectStreamField[0]
      reflectionFactory = class sun.reflect.ReflectionFactory@12f0eb89
      initted = true
      enumConstants = null
      enumConstantDirectory = null
      annotationData = null
      annotationType = null
      classValueMap = null
  defaultHeadMethodInUse = false
  defaultTraceMethodInUse = false
  checkedForDefaultMethods = null
  defaultTraceRequestBehavior = false
  defaultHeadRequestBehavior = false
  useOriginalRequestState = false
  warningStatusSet = false
  config = null

