------Start of DE processing------ = [17.12.23 22:44:13:270 MEZ]
Exception = javax.servlet.ServletException
Source = com.ibm.ws.webcontainer.filter.WebAppFilterChain.doFilter
probeid = 82
Stack Dump = javax.servlet.ServletException: SRVE0207E: Es wurde eine nicht abgefangene Initialisierungsausnahme vom Servlet erstellt.
	at com.ibm.ws.webcontainer.servlet.ServletWrapper.init(ServletWrapper.java:398)
	at com.ibm.ws.webcontainer.servlet.ServletWrapper.handleRequest(ServletWrapper.java:621)
	at com.ibm.ws.webcontainer.servlet.ServletWrapper.handleRequest(ServletWrapper.java:472)
	at com.ibm.ws.webcontainer.filter.WebAppFilterChain.invokeTarget(WebAppFilterChain.java:135)
	at com.ibm.ws.webcontainer.filter.WebAppFilterChain.doFilter(WebAppFilterChain.java:74)
	at com.ibm.ws.webcontainer.filter.WebAppFilterManager.doFilter(WebAppFilterManager.java:975)
	at com.ibm.ws.webcontainer.filter.WebAppFilterManager.invokeFilters(WebAppFilterManager.java:1097)
	at com.ibm.ws.webcontainer.webapp.WebApp.handleRequest(WebApp.java:4797)
	at com.ibm.ws.webcontainer.osgi.DynamicVirtualHost$2.handleRequest(DynamicVirtualHost.java:297)
	at com.ibm.ws.webcontainer.WebContainer.handleRequest(WebContainer.java:981)
	at com.ibm.ws.webcontainer.osgi.DynamicVirtualHost$2.run(DynamicVirtualHost.java:262)
	at com.ibm.ws.http.dispatcher.internal.channel.HttpDispatcherLink$TaskWrapper.run(HttpDispatcherLink.java:938)
	at java.util.concurrent.ThreadPoolExecutor.runWorker(Unknown Source)
	at java.util.concurrent.ThreadPoolExecutor$Worker.run(Unknown Source)
	at java.lang.Thread.run(Unknown Source)
Caused by: org.springframework.beans.factory.BeanCreationException: Error creating bean with name 'adminController': Injection of autowired dependencies failed; nested exception is org.springframework.beans.factory.BeanCreationException: Could not autowire field: private at.erp.light.view.services.IDataBase at.erp.light.view.controller.administration.AdminController.dataBaseService; nested exception is org.springframework.beans.factory.BeanCreationException: Error creating bean with name 'dataBaseService' defined in ServletContext resource [/WEB-INF/erp-light-servlet.xml]: Cannot resolve reference to bean 'sessionFactory' while setting constructor argument; nested exception is org.springframework.beans.factory.BeanCreationException: Error creating bean with name 'sessionFactory' defined in ServletContext resource [/WEB-INF/erp-light-servlet.xml]: Invocation of init method failed; nested exception is java.io.FileNotFoundException: class path resource [hibernate.cfg.xml] cannot be resolved to URL because it does not exist
	at org.springframework.beans.factory.annotation.AutowiredAnnotationBeanPostProcessor.postProcessPropertyValues(AutowiredAnnotationBeanPostProcessor.java:334)
	at org.springframework.beans.factory.support.AbstractAutowireCapableBeanFactory.populateBean(AbstractAutowireCapableBeanFactory.java:1204)
	at org.springframework.beans.factory.support.AbstractAutowireCapableBeanFactory.doCreateBean(AbstractAutowireCapableBeanFactory.java:538)
	at org.springframework.beans.factory.support.AbstractAutowireCapableBeanFactory.createBean(AbstractAutowireCapableBeanFactory.java:476)
	at org.springframework.beans.factory.support.AbstractBeanFactory$1.getObject(AbstractBeanFactory.java:302)
	at org.springframework.beans.factory.support.DefaultSingletonBeanRegistry.getSingleton(DefaultSingletonBeanRegistry.java:229)
	at org.springframework.beans.factory.support.AbstractBeanFactory.doGetBean(AbstractBeanFactory.java:298)
	at org.springframework.beans.factory.support.AbstractBeanFactory.getBean(AbstractBeanFactory.java:193)
	at org.springframework.beans.factory.support.DefaultListableBeanFactory.preInstantiateSingletons(DefaultListableBeanFactory.java:725)
	at org.springframework.context.support.AbstractApplicationContext.finishBeanFactoryInitialization(AbstractApplicationContext.java:757)
	at org.springframework.context.support.AbstractApplicationContext.refresh(AbstractApplicationContext.java:480)
	at org.springframework.web.servlet.FrameworkServlet.configureAndRefreshWebApplicationContext(FrameworkServlet.java:663)
	at org.springframework.web.servlet.FrameworkServlet.createWebApplicationContext(FrameworkServlet.java:629)
	at org.springframework.web.servlet.FrameworkServlet.createWebApplicationContext(FrameworkServlet.java:677)
	at org.springframework.web.servlet.FrameworkServlet.initWebApplicationContext(FrameworkServlet.java:548)
	at org.springframework.web.servlet.FrameworkServlet.initServletBean(FrameworkServlet.java:489)
	at org.springframework.web.servlet.HttpServletBean.init(HttpServletBean.java:136)
	at javax.servlet.GenericServlet.init(GenericServlet.java:161)
	at com.ibm.ws.webcontainer.servlet.ServletWrapper.init(ServletWrapper.java:329)
	... 14 more
Caused by: org.springframework.beans.factory.BeanCreationException: Could not autowire field: private at.erp.light.view.services.IDataBase at.erp.light.view.controller.administration.AdminController.dataBaseService; nested exception is org.springframework.beans.factory.BeanCreationException: Error creating bean with name 'dataBaseService' defined in ServletContext resource [/WEB-INF/erp-light-servlet.xml]: Cannot resolve reference to bean 'sessionFactory' while setting constructor argument; nested exception is org.springframework.beans.factory.BeanCreationException: Error creating bean with name 'sessionFactory' defined in ServletContext resource [/WEB-INF/erp-light-servlet.xml]: Invocation of init method failed; nested exception is java.io.FileNotFoundException: class path resource [hibernate.cfg.xml] cannot be resolved to URL because it does not exist
	at org.springframework.beans.factory.annotation.AutowiredAnnotationBeanPostProcessor$AutowiredFieldElement.inject(AutowiredAnnotationBeanPostProcessor.java:555)
	at org.springframework.beans.factory.annotation.InjectionMetadata.inject(InjectionMetadata.java:87)
	at org.springframework.beans.factory.annotation.AutowiredAnnotationBeanPostProcessor.postProcessPropertyValues(AutowiredAnnotationBeanPostProcessor.java:331)
	... 32 more
Caused by: org.springframework.beans.factory.BeanCreationException: Error creating bean with name 'dataBaseService' defined in ServletContext resource [/WEB-INF/erp-light-servlet.xml]: Cannot resolve reference to bean 'sessionFactory' while setting constructor argument; nested exception is org.springframework.beans.factory.BeanCreationException: Error creating bean with name 'sessionFactory' defined in ServletContext resource [/WEB-INF/erp-light-servlet.xml]: Invocation of init method failed; nested exception is java.io.FileNotFoundException: class path resource [hibernate.cfg.xml] cannot be resolved to URL because it does not exist
	at org.springframework.beans.factory.support.BeanDefinitionValueResolver.resolveReference(BeanDefinitionValueResolver.java:336)
	at org.springframework.beans.factory.support.BeanDefinitionValueResolver.resolveValueIfNecessary(BeanDefinitionValueResolver.java:108)
	at org.springframework.beans.factory.support.ConstructorResolver.resolveConstructorArguments(ConstructorResolver.java:650)
	at org.springframework.beans.factory.support.ConstructorResolver.autowireConstructor(ConstructorResolver.java:140)
	at org.springframework.beans.factory.support.AbstractAutowireCapableBeanFactory.autowireConstructor(AbstractAutowireCapableBeanFactory.java:1133)
	at org.springframework.beans.factory.support.AbstractAutowireCapableBeanFactory.createBeanInstance(AbstractAutowireCapableBeanFactory.java:1036)
	at org.springframework.beans.factory.support.AbstractAutowireCapableBeanFactory.doCreateBean(AbstractAutowireCapableBeanFactory.java:505)
	at org.springframework.beans.factory.support.AbstractAutowireCapableBeanFactory.createBean(AbstractAutowireCapableBeanFactory.java:476)
	at org.springframework.beans.factory.support.AbstractBeanFactory$1.getObject(AbstractBeanFactory.java:302)
	at org.springframework.beans.factory.support.DefaultSingletonBeanRegistry.getSingleton(DefaultSingletonBeanRegistry.java:229)
	at org.springframework.beans.factory.support.AbstractBeanFactory.doGetBean(AbstractBeanFactory.java:298)
	at org.springframework.beans.factory.support.AbstractBeanFactory.getBean(AbstractBeanFactory.java:193)
	at org.springframework.beans.factory.support.DefaultListableBeanFactory.findAutowireCandidates(DefaultListableBeanFactory.java:1081)
	at org.springframework.beans.factory.support.DefaultListableBeanFactory.doResolveDependency(DefaultListableBeanFactory.java:1006)
	at org.springframework.beans.factory.support.DefaultListableBeanFactory.resolveDependency(DefaultListableBeanFactory.java:904)
	at org.springframework.beans.factory.annotation.AutowiredAnnotationBeanPostProcessor$AutowiredFieldElement.inject(AutowiredAnnotationBeanPostProcessor.java:527)
	... 34 more
Caused by: org.springframework.beans.factory.BeanCreationException: Error creating bean with name 'sessionFactory' defined in ServletContext resource [/WEB-INF/erp-light-servlet.xml]: Invocation of init method failed; nested exception is java.io.FileNotFoundException: class path resource [hibernate.cfg.xml] cannot be resolved to URL because it does not exist
	at org.springframework.beans.factory.support.AbstractAutowireCapableBeanFactory.initializeBean(AbstractAutowireCapableBeanFactory.java:1568)
	at org.springframework.beans.factory.support.AbstractAutowireCapableBeanFactory.doCreateBean(AbstractAutowireCapableBeanFactory.java:540)
	at org.springframework.beans.factory.support.AbstractAutowireCapableBeanFactory.createBean(AbstractAutowireCapableBeanFactory.java:476)
	at org.springframework.beans.factory.support.AbstractBeanFactory$1.getObject(AbstractBeanFactory.java:302)
	at org.springframework.beans.factory.support.DefaultSingletonBeanRegistry.getSingleton(DefaultSingletonBeanRegistry.java:229)
	at org.springframework.beans.factory.support.AbstractBeanFactory.doGetBean(AbstractBeanFactory.java:298)
	at org.springframework.beans.factory.support.AbstractBeanFactory.getBean(AbstractBeanFactory.java:193)
	at org.springframework.beans.factory.support.BeanDefinitionValueResolver.resolveReference(BeanDefinitionValueResolver.java:328)
	... 49 more
Caused by: java.io.FileNotFoundException: class path resource [hibernate.cfg.xml] cannot be resolved to URL because it does not exist
	at org.springframework.core.io.ClassPathResource.getURL(ClassPathResource.java:187)
	at org.springframework.orm.hibernate4.LocalSessionFactoryBean.afterPropertiesSet(LocalSessionFactoryBean.java:347)
	at org.springframework.beans.factory.support.AbstractAutowireCapableBeanFactory.invokeInitMethods(AbstractAutowireCapableBeanFactory.java:1627)
	at org.springframework.beans.factory.support.AbstractAutowireCapableBeanFactory.initializeBean(AbstractAutowireCapableBeanFactory.java:1564)
	... 56 more

Dump of callerThis
Object type = com.ibm.ws.webcontainer.filter.WebAppFilterChain
  _filters = class java.util.ArrayList@489604fb
    serialVersionUID = 8683452581122892189
    DEFAULT_CAPACITY = 10
    EMPTY_ELEMENTDATA = class java.lang.Object[0]
    DEFAULTCAPACITY_EMPTY_ELEMENTDATA = class java.lang.Object[0]
    elementData = class java.lang.Object[5]
      elementData[0] = null
      elementData[1] = null
      elementData[2] = null
      elementData[3] = null
      elementData[4] = null
    size = 0
    MAX_ARRAY_SIZE = 2147483639
    modCount = 0
    MAX_ARRAY_SIZE = 2147483639
  _currentFilterIndex = -1
  _numberOfFilters = 0
  requestProcessor = class com.ibm.ws.webcontainer.osgi.servlet.ServletWrapper@1eecabc
    serialVersionUID = 1
    _mo = class com.ibm.ws.managedobject.internal.ManagedObjectImpl@201bd3ad
      serialVersionUID = 2312695316196219051
      object = "<sensitive org.springframework.web.servlet.DispatcherServlet@56ff6a55>"
      $$$tc$$$ = class com.ibm.websphere.ras.TraceComponent@214776c3
    serialVersionUID = -4479626085298397598
    notifyInvocationListeners = false
    UNINITIALIZED_STATE = -1
    AVAILABLE_STATE = 0
    UNAVAILABLE_STATE = 1
    UNAVAILABLE_PERMANENTLY_STATE = 2
    collabHelper = class com.ibm.ws.webcontainer.osgi.collaborator.CollaboratorHelperImpl@7c401a25
      webAppInvCollabs = class java.util.Collections$UnmodifiableSet@4f191c89
      securityDomainForApp = null
      logger = class com.ibm.ws.logging.internal.WsLogger@1ebd44f1
      staticDefaultSecurityCollaborator = class com.ibm.ws.webcontainer.collaborator.WebAppSecurityCollaborator@14ee9700
      logger = class com.ibm.ws.logging.internal.WsLogger@6ba66400
      CLASS_NAME = "com.ibm.wsspi.webcontainer.collaborator.CollaboratorHelper"
      webApp = class com.ibm.ws.webcontainer.osgi.webapp.WebApp@633fa614
      securityCollaborator = class com.ibm.ws.webcontainer.collaborator.WebAppSecurityCollaborator@14ee9700
      nameSpaceCollaborator = class com.ibm.ws.webcontainer.osgi.collaborator.WebAppNameSpaceCollaboratorImpl@46c7632a
      transactionCollaborator = class com.ibm.ws.webcontainer.collaborator.WebAppTransactionCollaborator@2ae1b4f5
      connectionCollaborator = class com.ibm.ws.webcontainer.collaborator.ConnectionCollaborator@149e3f2
      allCollabEnum = class java.util.RegularEnumSet@1f483f49
      servlet_23_or_greater = true
    nServicing = class java.util.concurrent.atomic.AtomicInteger@69b8a661
      serialVersionUID = 6214790243416807050
      unsafe = class sun.misc.Unsafe@1aa882ff
      valueOffset = 12
      value = 0
      serialVersionUID = -8742448824652078965
    lastAccessTime = 1702849439873
    state = -1
    logger = class com.ibm.ws.logging.internal.WsLogger@6f6885c9
      tc = class com.ibm.websphere.ras.TraceComponent@4d7f62cc
      ivCachedResourceBundleName = "com.ibm.ws.webcontainer.resources.Messages"
      ivCachedResourceBundle = class com.ibm.ws.webcontainer.resources.Messages_de@573a6a49
      ivComponent = null
      ivOrganization = null
      ivProduct = null
      ivMinimumLocalizationLevelIntValue = 625
      ivGroupName = null
      ivTC = class com.ibm.websphere.ras.TraceComponent@720140ed
      loggerRegistrationComponent = class java.lang.ThreadLocal@3e2e8063
      emptyHandlers = class java.util.logging.Handler[0]
      offValue = 2147483647
      SYSTEM_LOGGER_RB_NAME = "sun.util.logging.resources.logging"
      SYSTEM_BUNDLE = class java.util.logging.Logger$LoggerBundle@297def7c
      NO_RESOURCE_BUNDLE = class java.util.logging.Logger$LoggerBundle@4546e2cb
      manager = class com.ibm.ws.kernel.boot.logging.WsLogManager@f214f98
      name = "com.ibm.ws.webcontainer.servlet"
      handlers = class java.util.concurrent.CopyOnWriteArrayList@63589193
      loggerBundle = class java.util.logging.Logger$LoggerBundle@2598948b
      useParentHandlers = true
      filter = null
      anonymous = false
      catalog = class com.ibm.ws.webcontainer.resources.Messages_de@573a6a49
      catalogName = "com.ibm.ws.webcontainer.resources.Messages"
      catalogLocale = class java.util.Locale@52e2b2b9
      treeLock = class java.lang.Object@7591757f
      parent = class com.ibm.ws.logging.internal.WsLogger@14cc8b8a
      kids = null
      levelObject = class java.util.logging.Level@1020c378
      levelValue = 800
      callersClassLoaderRef = class java.lang.ref.WeakReference@5790dcbf
      isSystemLogger = false
      GLOBAL_LOGGER_NAME = "global"
      global = class java.util.logging.Logger@295461bf
      $assertionsDisabled = true
    CLASS_NAME = "com.ibm.ws.webcontainer.servlet.ServletWrapper"
    nls = class com.ibm.ejs.ras.TraceNLS@2c288c57
      resolver = class com.ibm.ws.logging.internal.TraceNLSResolver@66f1dda3
      finder = null
      ivBundleName = "com.ibm.ws.webcontainer.resources.Messages"
      caller = class java.lang.Class@2b83764
    servletConfig = class com.ibm.ws.webcontainer.servlet.ServletConfig@50453ac5
      logger = class com.ibm.ws.logging.internal.WsLogger@6f6885c9
      CLASS_NAME = "com.ibm.ws.webcontainer.servlet.ServletConfig"
      nls = class com.ibm.ejs.ras.TraceNLS@5b41188d
      liberty_nls = class com.ibm.ejs.ras.TraceNLS@288e3032
      enabled = true
      servletName = "erp-light"
      className = "org.springframework.web.servlet.DispatcherServlet"
      mappings = class java.util.ArrayList@6b0463c9
      startUpWeight = 1
      DEFAULT_STARTUP = -1
      isCachingEnabled = true
      isStatisticsEnabled = true
      isInternal = false
      metaData = class com.ibm.ws.webcontainer.osgi.metadata.WebComponentMetaDataImpl@3f4f1df6
      singleThreadModelServlet = false
      isJsp = false
      webAppConfig = class com.ibm.ws.webcontainer.osgi.webapp.WebAppConfiguration@6c99ffe2
      servletWrapper = class com.ibm.ws.webcontainer.osgi.servlet.ServletWrapper@1eecabc
      servletClass = null
      servlet = null
      addedToLoadOnStartup = true
      previousWeight = null
      multipartConfig = null
      multipartConfigBaseLocation = null
      runAsRole = null
      servletSecurityElement = null
      declareRolesAnnotation = null
      logger = class com.ibm.ws.logging.internal.WsLogger@6f6885c9
      CLASS_NAME = "com.ibm.ws.webcontainer.servlet.TargetConfig"
      initParams = null
      fileName = null
      displayName = null
      name = "erp-light"
      description = null
      smallIcon = null
      largeIcon = null
      context = class com.ibm.wsspi.webcontainer.facade.ServletContextFacade@7d1d6ab8
      className = null
      asyncSupported = false
      _id = "ServletGeneratedId1"
      _attributes = null
      serialVersionUID = 7511545662945734886
      $$$tc$$$ = class com.ibm.websphere.ras.TraceComponent@3d8c9023
    context = class com.ibm.ws.webcontainer.osgi.webapp.WebApp@633fa614
    target = class org.springframework.web.servlet.DispatcherServlet@56ff6a55
      MULTIPART_RESOLVER_BEAN_NAME = "multipartResolver"
      LOCALE_RESOLVER_BEAN_NAME = "localeResolver"
      THEME_RESOLVER_BEAN_NAME = "themeResolver"
      HANDLER_MAPPING_BEAN_NAME = "handlerMapping"
      HANDLER_ADAPTER_BEAN_NAME = "handlerAdapter"
      HANDLER_EXCEPTION_RESOLVER_BEAN_NAME = "handlerExceptionResolver"
      REQUEST_TO_VIEW_NAME_TRANSLATOR_BEAN_NAME = "viewNameTranslator"
      VIEW_RESOLVER_BEAN_NAME = "viewResolver"
      FLASH_MAP_MANAGER_BEAN_NAME = "flashMapManager"
      WEB_APPLICATION_CONTEXT_ATTRIBUTE = "org.springframework.web.servlet.DispatcherServlet.CONTEXT"
      LOCALE_RESOLVER_ATTRIBUTE = "org.springframework.web.servlet.DispatcherServlet.LOCALE_RESOLVER"
      THEME_RESOLVER_ATTRIBUTE = "org.springframework.web.servlet.DispatcherServlet.THEME_RESOLVER"
      THEME_SOURCE_ATTRIBUTE = "org.springframework.web.servlet.DispatcherServlet.THEME_SOURCE"
      INPUT_FLASH_MAP_ATTRIBUTE = "org.springframework.web.servlet.DispatcherServlet.INPUT_FLASH_MAP"
      OUTPUT_FLASH_MAP_ATTRIBUTE = "org.springframework.web.servlet.DispatcherServlet.OUTPUT_FLASH_MAP"
      FLASH_MAP_MANAGER_ATTRIBUTE = "org.springframework.web.servlet.DispatcherServlet.FLASH_MAP_MANAGER"
      EXCEPTION_ATTRIBUTE = "org.springframework.web.servlet.DispatcherServlet.EXCEPTION"
      PAGE_NOT_FOUND_LOG_CATEGORY = "org.springframework.web.servlet.PageNotFound"
      DEFAULT_STRATEGIES_PATH = "DispatcherServlet.properties"
      pageNotFoundLogger = class org.apache.commons.logging.impl.Jdk14Logger@264fcef9
      defaultStrategies = class java.util.Properties@1def4533
      detectAllHandlerMappings = true
      detectAllHandlerAdapters = true
      detectAllHandlerExceptionResolvers = true
      detectAllViewResolvers = true
      throwExceptionIfNoHandlerFound = false
      cleanupAfterInclude = true
      multipartResolver = null
      localeResolver = null
      themeResolver = null
      handlerMappings = null
      handlerAdapters = null
      handlerExceptionResolvers = null
      viewNameTranslator = null
      flashMapManager = null
      viewResolvers = null
      DEFAULT_NAMESPACE_SUFFIX = "-servlet"
      DEFAULT_CONTEXT_CLASS = class java.lang.Class@6091ff8f
      SERVLET_CONTEXT_PREFIX = "org.springframework.web.servlet.FrameworkServlet.CONTEXT."
      INIT_PARAM_DELIMITERS = ",; 	
"
      responseGetStatusAvailable = true
      contextAttribute = null
      contextClass = class java.lang.Class@6091ff8f
      contextId = null
      namespace = null
      contextConfigLocation = null
      contextInitializers = class java.util.ArrayList@19065104
      contextInitializerClasses = null
      publishContext = true
      publishEvents = true
      threadContextInheritable = false
      dispatchOptionsRequest = false
      dispatchTraceRequest = false
      webApplicationContext = null
      webApplicationContextInjected = false
      refreshEventReceived = false
      logger = class org.apache.commons.logging.impl.Jdk14Logger@41666cdb
      requiredProperties = class java.util.HashSet@26477f19
      environment = class org.springframework.web.context.support.StandardServletEnvironment@494581d9
      METHOD_DELETE = "DELETE"
      METHOD_HEAD = "HEAD"
      METHOD_GET = "GET"
      METHOD_OPTIONS = "OPTIONS"
      METHOD_POST = "POST"
      METHOD_PUT = "PUT"
      METHOD_TRACE = "TRACE"
      HEADER_IFMODSINCE = "If-Modified-Since"
      HEADER_LASTMOD = "Last-Modified"
      LSTRING_FILE = "javax.servlet.http.LocalStrings"
      lStrings = class java.util.PropertyResourceBundle@62e06784
      config = class com.ibm.ws.webcontainer.servlet.ServletConfig@50453ac5
    cacheWrappers = null
    targetLoader = class com.ibm.ws.classloading.internal.ThreadContextClassLoader@1812f49b
      tc = class com.ibm.websphere.ras.TraceComponent@398ec9c1
      bundle = class java.util.concurrent.atomic.AtomicReference@7b873c2e
      key = "WebModule:ERP-light#ERP-light-0.0.1-SNAPSHOT.war"
      refCount = class java.util.concurrent.atomic.AtomicInteger@5c69461c
      serialVersionUID = 2718662781678069765
      followOnClassLoaders = class java.util.ArrayList@54106476
      serialVersionUID = 5933218255537285806
      $$$tc$$$ = class com.ibm.websphere.ras.TraceComponent@301708b9
      serialVersionUID = 161679851398543548
      $$$tc$$$ = class com.ibm.websphere.ras.TraceComponent@46a261a4
      serialVersionUID = 2596921220292114344
      $$$tc$$$ = class com.ibm.websphere.ras.TraceComponent@4e8836df
      initialized = true
      pdcache = class java.util.HashMap@30d2b25f
      debug = null
      parent = class com.ibm.ws.classloading.internal.GatewayClassLoader@2d520754
      parallelLockMap = null
      package2certs = class java.util.Hashtable@673643e7
      nocerts = class java.security.cert.Certificate[0]
      classes = class java.util.Vector@485e6f35
      defaultDomain = class java.security.ProtectionDomain@446cbe1
      packages = class java.util.HashMap@2123d17c
      scl = class sun.misc.Launcher$AppClassLoader@18b4aac2
      sclSet = true
      loadedLibraryNames = class java.util.Vector@74df97c4
      systemNativeLibraries = class java.util.Vector@4fc379ad
      nativeLibraries = class java.util.Vector@7d68aa77
      nativeLibraryContext = class java.util.Stack@427f2c97
      usr_paths = class java.lang.String[35]
      sys_paths = class java.lang.String[1]
      assertionLock = class com.ibm.ws.classloading.internal.ThreadContextClassLoader@1812f49b
      defaultAssertionStatus = false
      packageAssertionStatus = null
      classAssertionStatus = null
    evtSource = class com.ibm.ws.webcontainer.webapp.WebAppEventSource@7c621502
      _invocationListeners = class com.ibm.ws.webcontainer.util.EventListeners@56501093
      _servletListeners = class com.ibm.ws.webcontainer.util.EventListeners@408ef84b
      _errorListeners = class com.ibm.ws.webcontainer.util.EventListeners@29dfb072
      _applicationListeners = class com.ibm.ws.webcontainer.util.EventListeners@4f36ccad
      _filterInvocationListeners = class com.ibm.ws.webcontainer.util.EventListeners@19348950
      _filterListeners = class com.ibm.ws.webcontainer.util.EventListeners@2ecf669d
      _filterErrorListeners = class com.ibm.ws.webcontainer.util.EventListeners@7ac70f16
    event = class com.ibm.websphere.servlet.event.ServletEvent@578f818a
      serialVersionUID = 3906650803920713522
      _servletName = "erp-light"
      _servletClassName = "org.springframework.web.servlet.DispatcherServlet"
      $$$tc$$$ = class com.ibm.websphere.ras.TraceComponent@2988fe1d
      serialVersionUID = 3546927969739289392
      _context = class com.ibm.wsspi.webcontainer.facade.ServletContextFacade@7d1d6ab8
      _servletNames = class com.ibm.ws.webcontainer.util.EmptyEnumeration@2d74a0bf
      $$$tc$$$ = class com.ibm.websphere.ras.TraceComponent@4afc857d
      serialVersionUID = 5516075349620653480
      source = class com.ibm.ws.webcontainer.osgi.servlet.ServletWrapper@1eecabc
    unavailableMessage = null
    unavailableUntil = -1
    isSTM = false
    internalServlet = false
    webAppInvocationCollaborators = null
    platformHelper = class com.ibm.ws.webcontainer.PlatformHelper@3f2df518
    webAppNameSpaceCollab = class com.ibm.ws.webcontainer.osgi.collaborator.WebAppNameSpaceCollaboratorImpl@46c7632a
      cmdai = class com.ibm.ws.threadContext.ComponentMetaDataAccessorImpl@e2d1ac4
    txCollab = class com.ibm.ws.webcontainer.collaborator.WebAppTransactionCollaborator@2ae1b4f5
      logger = class com.ibm.ws.logging.internal.WsLogger@1ebd44f1
      CLASS_NAME = "com.ibm.ws.webcontainer.collaborator.WebAppTransactionCollaborator"
    connCollab = class com.ibm.ws.webcontainer.collaborator.ConnectionCollaborator@149e3f2
    suppressServletExceptionLogging = false
    throwExceptionEnum = class java.util.RegularEnumSet@511c53f6
      serialVersionUID = 3411599620347842686
      elements = 256
      elementType = class java.lang.Class@30b2ddd4
      universe = class com.ibm.wsspi.webcontainer.collaborator.CollaboratorInvocationEnum[9]
      ZERO_LENGTH_ENUM_ARRAY = class java.lang.Enum[0]
      MAX_ARRAY_SIZE = 2147483639
    discernUnavailableServlet = false
    reInitServletonInitUnavailableException = true
    destroyServletonServiceUnavailableException = false
    servlet23 = true
    PARAMS_HEAD_TRACE = class java.lang.Class[2]
      PARAMS_HEAD_TRACE[0] = class java.lang.Class@5a8877b1
      PARAMS_HEAD_TRACE[1] = class java.lang.Class@153e77b8
    defaultHeadMethodInUse = false
    defaultTraceMethodInUse = false
    checkedForDefaultMethods = null
    defaultTraceRequestBehavior = false
    defaultHeadRequestBehavior = false
    useOriginalRequestState = false
    warningStatusSet = false
    config = null
  _filtersDefined = false
  logger = class com.ibm.ws.logging.internal.WsLogger@1e5fa6bc
    tc = class com.ibm.websphere.ras.TraceComponent@4d7f62cc
      strings[0] = "TraceComponent[com.ibm.ws.logging.internal.WsLogger,class com.ibm.ws.logging.internal.WsLogger,[logging],com.ibm.ws.logging.internal.resources.LoggingMessages,null]"
    ivCachedResourceBundleName = null
    ivCachedResourceBundle = null
    ivComponent = null
    ivOrganization = null
    ivProduct = null
    ivMinimumLocalizationLevelIntValue = 625
    ivGroupName = null
    ivTC = class com.ibm.websphere.ras.TraceComponent@3e356f74
      strings[0] = "TraceComponent[com.ibm.ws.webcontainer.filter,class com.ibm.wsspi.webcontainer.logging.LoggerFactory$1,[com.ibm.ws.webcontainer.filter],null,null]"
    loggerRegistrationComponent = class java.lang.ThreadLocal@3e2e8063
      threadLocalHashCode = -1957966946
      nextHashCode = class java.util.concurrent.atomic.AtomicInteger@1a027e6c
      HASH_INCREMENT = 1640531527
    emptyHandlers = class java.util.logging.Handler[0]
    offValue = 2147483647
    SYSTEM_LOGGER_RB_NAME = "sun.util.logging.resources.logging"
    SYSTEM_BUNDLE = class java.util.logging.Logger$LoggerBundle@297def7c
      resourceBundleName = "sun.util.logging.resources.logging"
      userBundle = null
    NO_RESOURCE_BUNDLE = class java.util.logging.Logger$LoggerBundle@4546e2cb
      resourceBundleName = null
      userBundle = null
    manager = class com.ibm.ws.kernel.boot.logging.WsLogManager@f214f98
      CLASS_NAME = "com.ibm.ws.kernel.boot.logging.WsLogManager"
      CONFIGURE_BY_SERVER_PROPERTY_NAME = "java.util.logging.configureByServer"
      CONFIGURE_BY_LOGGING_PROPERTIES_FILE = "java.util.logging.configureByLoggingPropertiesFile"
      configureByServer = true
      configureByLoggingProperties = false
      wsLogger = class java.lang.reflect.Constructor@6964962d
      resetEnabled = true
      manager = class com.ibm.ws.kernel.boot.logging.WsLogManager@f214f98
      props = class java.util.Properties@79522d0b
      defaultLevel = class java.util.logging.Level@1020c378
      listenerMap = class java.util.HashMap@5a12af6c
      systemContext = class java.util.logging.LogManager$SystemLoggerContext@178a9ffd
      userContext = class java.util.logging.LogManager$LoggerContext@4d4b6133
      rootLogger = class java.util.logging.LogManager$RootLogger@259927e4
      readPrimordialConfiguration = true
      initializedGlobalHandlers = true
      deathImminent = false
      initializedCalled = true
      initializationDone = true
      contextsMap = null
      loggerRefQueue = class java.lang.ref.ReferenceQueue@6abf95f4
      MAX_ITERATIONS = 400
      controlPermission = class java.util.logging.LoggingPermission@29098a29
      loggingMXBean = null
      LOGGING_MXBEAN_NAME = "java.util.logging:type=Logging"
      $assertionsDisabled = true
    name = "com.ibm.ws.webcontainer.filter"
    handlers = class java.util.concurrent.CopyOnWriteArrayList@372944d4
      serialVersionUID = 8673264195747942595
      lock = class java.util.concurrent.locks.ReentrantLock@76fb1889
      array = class java.lang.Object[0]
      UNSAFE = class sun.misc.Unsafe@1aa882ff
      lockOffset = 12
    loggerBundle = class java.util.logging.Logger$LoggerBundle@63e30aaf
      resourceBundleName = "com.ibm.ws.webcontainer.resources.Messages"
      userBundle = null
    useParentHandlers = true
    filter = null
    anonymous = false
    catalog = class com.ibm.ws.webcontainer.resources.Messages_de@6aee9905
      resources = class [Ljava.lang.Object;[330]
      lookup = class java.util.HashMap@2a54b77b
      INITIAL_CACHE_SIZE = 32
      NONEXISTENT_BUNDLE = class java.util.ResourceBundle$1@57cc8544
      cacheList = class java.util.concurrent.ConcurrentHashMap@3dddb0e4
      referenceQueue = class java.lang.ref.ReferenceQueue@18a1ed02
      parent = class com.ibm.ws.webcontainer.resources.Messages@3fce7a50
      locale = class java.util.Locale@6d36d4f5
      name = "com.ibm.ws.webcontainer.resources.Messages"
      expired = false
      cacheKey = class java.util.ResourceBundle$CacheKey@7960facb
      keySet = null
      providers = null
      $assertionsDisabled = true
    catalogName = "com.ibm.ws.webcontainer.resources.Messages"
    catalogLocale = class java.util.Locale@52e2b2b9
      LOCALECACHE = class java.util.Locale$Cache@b813afe
      ENGLISH = class java.util.Locale@31903dbe
      FRENCH = class java.util.Locale@7e968fcb
      GERMAN = class java.util.Locale@6d36d4f5
      ITALIAN = class java.util.Locale@6f624567
      JAPANESE = class java.util.Locale@5faff8f8
      KOREAN = class java.util.Locale@158ddc11
      CHINESE = class java.util.Locale@4ec73329
      SIMPLIFIED_CHINESE = class java.util.Locale@33f31eeb
      TRADITIONAL_CHINESE = class java.util.Locale@133b5855
      FRANCE = class java.util.Locale@682d6377
      GERMANY = class java.util.Locale@52e2b2b9
      ITALY = class java.util.Locale@1f844b20
      JAPAN = class java.util.Locale@34ab1a7d
      KOREA = class java.util.Locale@7d9b054d
      CHINA = class java.util.Locale@33f31eeb
      PRC = class java.util.Locale@33f31eeb
      TAIWAN = class java.util.Locale@133b5855
      UK = class java.util.Locale@7eaee752
      US = class java.util.Locale@43ce7eec
      CANADA = class java.util.Locale@2f5aec1a
      CANADA_FRENCH = class java.util.Locale@a4e35d1
      ROOT = class java.util.Locale@3d3c7bd
      PRIVATE_USE_EXTENSION = x
      UNICODE_LOCALE_EXTENSION = u
      serialVersionUID = 9149081749638150636
      DISPLAY_LANGUAGE = 0
      DISPLAY_COUNTRY = 1
      DISPLAY_VARIANT = 2
      DISPLAY_SCRIPT = 3
      baseLocale = class sun.util.locale.BaseLocale@335af035
      localeExtensions = null
      hashCodeValue = 95428478
      defaultLocale = class java.util.Locale@52e2b2b9
      defaultDisplayLocale = null
      defaultFormatLocale = class java.util.Locale@52e2b2b9
      languageTag = "de-DE"
      serialPersistentFields = class java.io.ObjectStreamField[6]
      isoLanguages = null
      isoCountries = null
      $assertionsDisabled = true
    treeLock = class java.lang.Object@7591757f
    parent = class com.ibm.ws.logging.internal.WsLogger@14cc8b8a
      tc = class com.ibm.websphere.ras.TraceComponent@4d7f62cc
      ivCachedResourceBundleName = "com.ibm.ws.webcontainer.resources.Messages"
      ivCachedResourceBundle = class com.ibm.ws.webcontainer.resources.Messages_de@573a6a49
      ivComponent = null
      ivOrganization = null
      ivProduct = null
      ivMinimumLocalizationLevelIntValue = 625
      ivGroupName = null
      ivTC = class com.ibm.websphere.ras.TraceComponent@75102240
      loggerRegistrationComponent = class java.lang.ThreadLocal@3e2e8063
      emptyHandlers = class java.util.logging.Handler[0]
      offValue = 2147483647
      SYSTEM_LOGGER_RB_NAME = "sun.util.logging.resources.logging"
      SYSTEM_BUNDLE = class java.util.logging.Logger$LoggerBundle@297def7c
      NO_RESOURCE_BUNDLE = class java.util.logging.Logger$LoggerBundle@4546e2cb
      manager = class com.ibm.ws.kernel.boot.logging.WsLogManager@f214f98
      name = "com.ibm.ws.webcontainer"
      handlers = class java.util.concurrent.CopyOnWriteArrayList@7da94085
      loggerBundle = class java.util.logging.Logger$LoggerBundle@3d21a40a
      useParentHandlers = true
      filter = null
      anonymous = false
      catalog = class com.ibm.ws.webcontainer.resources.Messages_de@573a6a49
      catalogName = "com.ibm.ws.webcontainer.resources.Messages"
      catalogLocale = class java.util.Locale@52e2b2b9
      treeLock = class java.lang.Object@7591757f
      parent = class java.util.logging.Logger@554d7d75
      kids = class java.util.ArrayList@3f1a663c
      levelObject = class java.util.logging.Level@1020c378
      levelValue = 800
      callersClassLoaderRef = class java.lang.ref.WeakReference@880b432
      isSystemLogger = false
      GLOBAL_LOGGER_NAME = "global"
      global = class java.util.logging.Logger@295461bf
      $assertionsDisabled = true
    kids = null
    levelObject = class java.util.logging.Level@1020c378
      defaultBundle = "sun.util.logging.resources.logging"
      name = "INFO"
      value = 800
      resourceBundleName = "sun.util.logging.resources.logging"
      localizedLevelName = "INFORMATION"
      cachedLocale = class java.util.Locale@52e2b2b9
      OFF = class java.util.logging.Level@13857aed
      SEVERE = class java.util.logging.Level@4038ac3f
      WARNING = class java.util.logging.Level@395dfbcb
      INFO = class java.util.logging.Level@1020c378
      CONFIG = class java.util.logging.Level@4fe0b1a6
      FINE = class java.util.logging.Level@778af8a5
      FINER = class java.util.logging.Level@7256fb3f
      FINEST = class java.util.logging.Level@2403c51d
      ALL = class java.util.logging.Level@6e242dba
      serialVersionUID = -8176160795706313070
    levelValue = 800
    callersClassLoaderRef = class java.lang.ref.WeakReference@1b2a7bf4
      referent = class org.eclipse.osgi.internal.loader.EquinoxClassLoader@417f0f3c
      queue = class java.lang.ref.ReferenceQueue$Null@326148b9
      next = null
      discovered = null
      lock = class java.lang.ref.Reference$Lock@360933d5
      pending = null
    isSystemLogger = false
    GLOBAL_LOGGER_NAME = "global"
    global = class java.util.logging.Logger@295461bf
      emptyHandlers = class java.util.logging.Handler[0]
      offValue = 2147483647
      SYSTEM_LOGGER_RB_NAME = "sun.util.logging.resources.logging"
      SYSTEM_BUNDLE = class java.util.logging.Logger$LoggerBundle@297def7c
      NO_RESOURCE_BUNDLE = class java.util.logging.Logger$LoggerBundle@4546e2cb
      manager = class com.ibm.ws.kernel.boot.logging.WsLogManager@f214f98
      name = "global"
      handlers = class java.util.concurrent.CopyOnWriteArrayList@7f5c3730
      loggerBundle = class java.util.logging.Logger$LoggerBundle@4546e2cb
      useParentHandlers = true
      filter = null
      anonymous = false
      catalog = null
      catalogName = null
      catalogLocale = null
      treeLock = class java.lang.Object@7591757f
      parent = class java.util.logging.LogManager$RootLogger@259927e4
      kids = null
      levelObject = null
      levelValue = 800
      callersClassLoaderRef = null
      isSystemLogger = true
      GLOBAL_LOGGER_NAME = "global"
      global = class java.util.logging.Logger@295461bf
      $assertionsDisabled = true
    $assertionsDisabled = true
  CLASS_NAME = "com.ibm.ws.webcontainer.filter.WebAppFilterChain"
  webapp = class com.ibm.ws.webcontainer.osgi.webapp.WebApp@633fa614
    tc = class com.ibm.websphere.ras.TraceComponent@3bcdff0
      strings[0] = "TraceComponent[com.ibm.ws.webcontainer.osgi.webapp.WebApp,class com.ibm.ws.webcontainer.osgi.webapp.WebApp,[webcontainer],com.ibm.ws.webcontainer.resources.LShimMessages,null]"
    CLASS_NAME = "com.ibm.ws.webcontainer.osgi.webapp.WebApp"
    metaDataService = class com.ibm.ws.container.service.metadata.internal.MetaDataServiceImpl@fcac909
      applicationMetaDataManager = class com.ibm.ws.container.service.metadata.internal.ApplicationMetaDataManager@539792ca
      moduleMetaDataManager = class com.ibm.ws.container.service.metadata.internal.ModuleMetaDataManager@4591bd79
      componentMetaDataManager = class com.ibm.ws.container.service.metadata.internal.ComponentMetaDataManager@20ac2f20
      methodMetaDataManager = class com.ibm.ws.container.service.metadata.internal.MethodMetaDataManager@7681f4d3
      appModuleNameToModuleContainer = class java.util.concurrent.ConcurrentHashMap@196f290b
      jeeNameToComponentMetaData = class java.util.concurrent.ConcurrentHashMap@51dd252a
      deferredMetaDataFactories = class com.ibm.wsspi.kernel.service.utils.ConcurrentServiceReferenceSet@1049c51e
      deferredMetaDataInitializers = class com.ibm.wsspi.kernel.service.utils.ConcurrentServiceReferenceMap@69979ca8
      serialVersionUID = 5173348198233259673
      $$$tc$$$ = class com.ibm.websphere.ras.TraceComponent@66ab1923
    namespacePopulated = false
    referenceContext = class com.ibm.ws.injectionengine.osgi.internal.OSGiReferenceContextImpl@62acb62d
      scopeData = class com.ibm.ws.injectionengine.osgi.internal.OSGiInjectionScopeData@6b3e69e3
      serialVersionUID = -5862502968678606919
      $$$tc$$$ = class com.ibm.websphere.ras.TraceComponent@380af629
      CLASS_NAME = "com.ibm.ws.injectionengine.ReferenceContextImpl"
      tc = class com.ibm.ejs.ras.TraceComponent@447678b1
      ivInjectionEngine = class com.ibm.ws.injectionengine.osgi.internal.OSGiInjectionEngineImpl@328c020a
      ivProviders = class java.util.ArrayList@1ba1ae4b
      ivComponentJavaContext = null
      ivComponentNameSpace = null
      ivJavaColonCompEnvMap = class java.util.LinkedHashMap@6e762eb2
      ivEjbContext10 = class java.util.Properties@9c7321c
      ivResourceRefConfigList = null
      isAlreadyProcessed = true
      ivProcessFailure = null
      ivInjectionTargetMap = class java.util.HashMap@5b89ed7c
      ivDeclaredInjectionTargets = class java.util.HashMap@4dccc3b0
      ivProcessedInjectionClasses = class java.util.HashSet@12106705
      ivProcessedInjectionBindings = class java.util.ArrayList@22f7e089
      ivAnyProcessDynamic = false
      ivCheckAppConfig = false
    j2eeNameFactory = class com.ibm.ws.container.service.metadata.internal.J2EENameFactoryImpl@4595d76
      serialVersionUID = 3486344295038028821
      $$$tc$$$ = class com.ibm.websphere.ras.TraceComponent@935dc14
    moduleLoader = class com.ibm.ws.classloading.internal.AppClassLoader@57ad67e9
      tc = class com.ibm.websphere.ras.TraceComponent@1b10e35f
      PARENT_FIRST_SEARCH_ORDER = class java.util.Collections$UnmodifiableRandomAccessList@6519aac1
      CLASS_LOADING_TRACE_PREFIX = "com.ibm.ws.class.load."
      DEFAULT_PACKAGE = "default.package"
      perPackageClassLoadingTraceComponents = class java.util.concurrent.ConcurrentHashMap@36b78e0b
      config = class com.ibm.ws.classloading.internal.ClassLoaderConfigurationImpl@53ba05d7
      privateLibraries = null
      delegateLoaders = class com.ibm.ws.classloading.internal.util.CompositeIterable@56ee56bc
      nativeLibraryFiles = class java.util.ArrayList@7e89a102
      transformers = class java.util.ArrayList@74c4af0e
      apiAccess = class com.ibm.ws.classloading.internal.GatewayClassLoader@2e44ccd6
      PROTECTION_DOMAIN = class java.security.ProtectionDomain@7a358add
      serialVersionUID = -8503176786514635265
      tc = class com.ibm.websphere.ras.TraceComponent@67cda114
      EMPTY_URL_ARRAY = class java.net.URL[0]
      smartClassPath = class com.ibm.ws.classloading.internal.ContainerClassLoader$SmartClassPathImpl@532c7b0c
      nativeLibraryContainers = class java.util.ArrayList@601e41da
      redefiner = class com.ibm.ws.classloading.internal.util.ClassRedefiner@31f33e08
      mapCreationQueue = class java.util.concurrent.Executors$FinalizableDelegatedExecutorService@5a0cd4a2
      serialVersionUID = 7561562533729935637
      serialVersionUID = -7411549862368381758
      $$$tc$$$ = class com.ibm.websphere.ras.TraceComponent@79f46d82
      serialVersionUID = 161679851398543548
      $$$tc$$$ = class com.ibm.websphere.ras.TraceComponent@46a261a4
      serialVersionUID = 2596921220292114344
      $$$tc$$$ = class com.ibm.websphere.ras.TraceComponent@4e8836df
      initialized = true
      pdcache = class java.util.HashMap@78cabce6
      debug = null
      parent = class com.ibm.ws.classloading.internal.GatewayClassLoader@2e44ccd6
      parallelLockMap = null
      package2certs = class java.util.Hashtable@50e1de89
      nocerts = class java.security.cert.Certificate[0]
      classes = class java.util.Vector@6cf4a9f3
      defaultDomain = class java.security.ProtectionDomain@4790eb19
      packages = class java.util.HashMap@6a105281
      scl = class sun.misc.Launcher$AppClassLoader@18b4aac2
      sclSet = true
      loadedLibraryNames = class java.util.Vector@74df97c4
      systemNativeLibraries = class java.util.Vector@4fc379ad
      nativeLibraries = class java.util.Vector@34dbdcdc
      nativeLibraryContext = class java.util.Stack@427f2c97
      usr_paths = class java.lang.String[35]
      sys_paths = class java.lang.String[1]
      assertionLock = class com.ibm.ws.classloading.internal.AppClassLoader@57ad67e9
      defaultAssertionStatus = false
      packageAssertionStatus = null
      classAssertionStatus = null
    webAppConfig = class com.ibm.ws.webcontainer.osgi.webapp.WebAppConfiguration@6c99ffe2
      webModuleMetaData = class com.ibm.ws.webcontainer.osgi.metadata.WebModuleMetaDataImpl@5114da14
      webComponentMetaData = class com.ibm.ws.webcontainer.osgi.metadata.WebComponentMetaDataImpl@11feeb4d
      dVirtualHost = class com.ibm.ws.webcontainer.osgi.DynamicVirtualHost@7bf8de5f
      orderedLibPaths = class java.util.Collections$UnmodifiableRandomAccessList@4764fa1c
      bundleHeaders = null
      cdiEnabled = false
      CLASS_NAME = "com.ibm.ws.webcontainer.webapp.WebAppConfiguration"
      logger = class com.ibm.ws.logging.internal.WsLogger@652da8d
      tc = class com.ibm.websphere.ras.TraceComponent@60683d5e
      nls = class com.ibm.ejs.ras.TraceNLS@6b750a9b
      version = 25
      contextRoot = "/ERP-light"
      sessionTimeout = 0
      moduleSessionTimeoutSet = false
      moduleSessionTrackingModeSet = false
      sessionCookieConfig = class com.ibm.ws.session.SessionCookieConfigImpl@1cc6b99b
      hasProgrammaticCookieConfig = false
      sessionDefaultTrackingModeSet = class java.util.RegularEnumSet@7a049dcd
      sessionManagerConfig = class com.ibm.ws.session.SessionManagerConfig@22f33de3
      displayName = "ERP-light VIEW"
      description = null
      reloadInterval = 0
      distributable = false
      denyUncoveredHttpMethods = false
      reloadingEnabled = false
      serveServletsByClassnameEnabled = null
      defaultErrorPage = null
      additionalClassPath = null
      fileServingEnabled = null
      directoryBrowsingEnabled = false
      autoRequestEncoding = false
      autoResponseEncoding = false
      autoLoadFilters = false
      requestListeners = null
      requestAttributeListeners = null
      sessionListeners = null
      localeMap = null
      moduleName = "ERP-light-0.0.1-SNAPSHOT"
      j2eeModuleName = "ERP-light-0.0.1-SNAPSHOT.war"
      moduleId = null
      isSyncToThreadEnabled = false
      isSystemApp = false
      ardEnabled = false
      ardDispatchType = null
      listeners = class java.util.ArrayList@6111daf4
      welcomeFileList = class java.util.ArrayList@4832bd2c
      servletMappings = class java.util.HashMap@1686ab12
      lastIndexBeforeDeclaredFilters = 0
      filterMappings = class java.util.ArrayList@2da19004
      servletInfo = class java.util.HashMap@4288293e
      filterInfo = class java.util.HashMap@1f8e379e
      mimeMappings = class java.util.HashMap@3c73d146
      mimeFilters = null
      isMimeFilteringEnabled = false
      theWebGroup = null
      jspAttributes = class java.util.HashMap@1d73477c
      fileServingAttributes = class java.util.HashMap@1e315c35
      invokerAttributes = class java.util.HashMap@706dbaaa
      contextParams = class java.util.HashMap@5236bc00
      virtualHost = "default_host"
      exceptionErrorPages = class java.util.HashMap@55f9599d
      codeErrorPages = class java.util.HashMap@413d67e3
      tagLibList = null
      precompileJsps = false
      webApp = class com.ibm.ws.webcontainer.osgi.webapp.WebApp@633fa614
      virtualHostList = class java.util.Collections$EmptyList@5c182d84
      appStartupWeight = 0
      moduleStartupWeight = 0
      metaDataComplete = false
      classesToScan = class java.util.ArrayList@3b294cbb
      uriFilterMappingInfos = class java.util.ArrayList@e087c76
      servletFilterMappingInfos = null
      dynamicServletRegistrationMap = null
      applicationName = "ERP-light"
      libBinPathList = null
      webXmlDefinedListeners = class java.util.HashSet@2403dff2
      serviceRefs = class java.util.ArrayList@e2bb6ee
      resourceRefs = class java.util.ArrayList@13c2dea2
      resourceRefBindings = class java.util.HashMap@627f04f5
      resourceRefConfigList = null
      resourceEnvRefs = class java.util.ArrayList@5839ab07
      resourceEnvRefBindings = class java.util.HashMap@b76fa28
      messageDestRefs = class java.util.ArrayList@e44122a
      messageDestRefBindings = class java.util.HashMap@1406f7bb
      envEntries = class java.util.ArrayList@1f217af
      envEntryValues = class java.util.HashMap@3d690a03
      envEntryBindings = class java.util.HashMap@13129ac6
      dataSources = class java.util.ArrayList@300a1c30
      dataSourceBindings = class java.util.HashMap@21d43af1
      persistenceUnitRefs = class java.util.ArrayList@549805da
      persistenceContextRefs = class java.util.ArrayList@535b7125
      ejbRefs = class java.util.ArrayList@33d01ce2
      ejbLocalRefs = class java.util.ArrayList@33d3bbdb
      ejbRefBindings = class java.util.HashMap@2771ceae
      disallowAllFileServingProp = "false"
      disallowServeServletsByClassnameProp = "false"
      disableStaticMappingCache = false
      _id = "WebAppGeneratedId1"
      _attributes = null
      serialVersionUID = 7511545662945734886
      $$$tc$$$ = class com.ibm.websphere.ras.TraceComponent@3d8c9023
    extensionProcessingDisabled = false
    loginProcessor = null
    logoutProcessor = null
    collabHelper = class com.ibm.ws.webcontainer.osgi.collaborator.CollaboratorHelperImpl@7c401a25
    envObject = class com.ibm.ws.util.WSThreadLocal@311c9b93
      tc = class com.ibm.ejs.ras.TraceComponent@4cb2d6ab
      count = 5
      index = 1
      SUSPECTED_MISUSAGE_THRESHOLD = 200
      threadLocalHashCode = 1123761604
      nextHashCode = class java.util.concurrent.atomic.AtomicInteger@1a027e6c
      HASH_INCREMENT = 1640531527
    orderedLibPaths = class java.util.Collections$UnmodifiableRandomAccessList@4764fa1c
      serialVersionUID = -2542308836966382001
      serialVersionUID = -283967356065247728
      list = class java.util.ArrayList@3f9639cd
      serialVersionUID = 1820017752578914078
      c = class java.util.ArrayList@3f9639cd
    perm = class com.ibm.websphere.security.WebSphereRuntimePermission@1d6048ca
      serialVersionUID = -3306242789188168337
      $$$tc$$$ = class com.ibm.websphere.ras.TraceComponent@58f5a570
      serialVersionUID = 6279438298436773498
      wildcard = false
      path = "accessServletContext"
      exitVM = false
      serialVersionUID = -5636570222231596674
      name = "accessServletContext"
    WELCOME_FILE_LIST = "com.ibm.ws.webcontainer.config.WelcomeFileList"
    DIR_BROWSING_MAPPING = "__dirBrowsing__1702849439168"
    FILTER_PROXY_MAPPING = "/__filterProxy__1702849439168"
    logger = class com.ibm.ws.logging.internal.WsLogger@652da8d
      tc = class com.ibm.websphere.ras.TraceComponent@4d7f62cc
      ivCachedResourceBundleName = "com.ibm.ws.webcontainer.resources.Messages"
      ivCachedResourceBundle = class com.ibm.ws.webcontainer.resources.Messages_de@573a6a49
      ivComponent = null
      ivOrganization = null
      ivProduct = null
      ivMinimumLocalizationLevelIntValue = 625
      ivGroupName = null
      ivTC = class com.ibm.websphere.ras.TraceComponent@608b967c
      loggerRegistrationComponent = class java.lang.ThreadLocal@3e2e8063
      emptyHandlers = class java.util.logging.Handler[0]
      offValue = 2147483647
      SYSTEM_LOGGER_RB_NAME = "sun.util.logging.resources.logging"
      SYSTEM_BUNDLE = class java.util.logging.Logger$LoggerBundle@297def7c
      NO_RESOURCE_BUNDLE = class java.util.logging.Logger$LoggerBundle@4546e2cb
      manager = class com.ibm.ws.kernel.boot.logging.WsLogManager@f214f98
      name = "com.ibm.ws.webcontainer.webapp"
      handlers = class java.util.concurrent.CopyOnWriteArrayList@1ffaa19b
      loggerBundle = class java.util.logging.Logger$LoggerBundle@473404f8
      useParentHandlers = true
      filter = null
      anonymous = false
      catalog = class com.ibm.ws.webcontainer.resources.Messages_de@573a6a49
      catalogName = "com.ibm.ws.webcontainer.resources.Messages"
      catalogLocale = class java.util.Locale@52e2b2b9
      treeLock = class java.lang.Object@7591757f
      parent = class com.ibm.ws.logging.internal.WsLogger@14cc8b8a
      kids = null
      levelObject = class java.util.logging.Level@1020c378
      levelValue = 800
      callersClassLoaderRef = class java.lang.ref.WeakReference@2bc7ddce
      isSystemLogger = false
      GLOBAL_LOGGER_NAME = "global"
      global = class java.util.logging.Logger@295461bf
      $assertionsDisabled = true
    CLASS_NAME = "com.ibm.ws.webcontainer.webapp.WebApp"
    loader = class com.ibm.ws.classloading.internal.ThreadContextClassLoader@1812f49b
    facade = class com.ibm.wsspi.webcontainer.facade.ServletContextFacade@7d1d6ab8
      context = class com.ibm.ws.webcontainer.osgi.webapp.WebApp@633fa614
    features = class java.util.ArrayList@534709d7
      serialVersionUID = 8683452581122892189
      DEFAULT_CAPACITY = 10
      EMPTY_ELEMENTDATA = class java.lang.Object[0]
      DEFAULTCAPACITY_EMPTY_ELEMENTDATA = class java.lang.Object[0]
      elementData = class java.lang.Object[0]
      size = 0
      MAX_ARRAY_SIZE = 2147483639
      modCount = 0
      MAX_ARRAY_SIZE = 2147483639
    applicationName = "ERP-light"
    config = class com.ibm.ws.webcontainer.osgi.webapp.WebAppConfiguration@6c99ffe2
    securityEnabledForApp = false
    webExtensionProcessor = class com.ibm.ws.webcontainer.osgi.extension.WebExtensionProcessor@3313adb9
      webApp = class com.ibm.ws.webcontainer.osgi.webapp.WebApp@633fa614
      extensionContext = class com.ibm.ws.webcontainer.osgi.webapp.WebApp@633fa614
    production = true
    isServlet23 = true
    contextPath = "/ERP-light"
    internalServletList = class [Ljava.lang.String;[2]
      internalServletList[0] = class java.lang.String[2]
      internalServletList[1] = class java.lang.String[2]
    BY_NAME_ONLY = "/_1702849439168_/"
    filterManager = class com.ibm.ws.webcontainer.osgi.filter.WebAppFilterManagerImpl@78a3446b
      _filterWrappers = class java.util.Hashtable@54c3df67
      chainCache = class java.util.Collections$SynchronizedMap@5c984e68
      forwardChainCache = class java.util.Collections$SynchronizedMap@41b85c77
      includeChainCache = class java.util.Collections$SynchronizedMap@7d8b2e61
      errorChainCache = class java.util.Collections$SynchronizedMap@3779ee50
      _filtersDefined = true
      FMI_MAPPING_SINGLE_SLASH = 0
      FMI_MAPPING_PATH_MATCH = 1
      FMI_MAPPING_EXTENSION_MATCH = 2
      FMI_MAPPING_EXACT_MATCH = 3
      logger = class com.ibm.ws.logging.internal.WsLogger@1e5fa6bc
      CLASS_NAME = "com.ibm.ws.webcontainer.filter.WebAppFilterManager"
      nls = class com.ibm.ejs.ras.TraceNLS@298c0dd9
      webAppConfig = class com.ibm.ws.webcontainer.osgi.webapp.WebAppConfiguration@6c99ffe2
      webApp = class com.ibm.ws.webcontainer.osgi.webapp.WebApp@633fa614
      collabHelper = class com.ibm.ws.webcontainer.osgi.collaborator.CollaboratorHelperImpl@7c401a25
      webAppNameSpaceCollab = class com.ibm.ws.webcontainer.osgi.collaborator.WebAppNameSpaceCollaboratorImpl@46c7632a
      secCollab = class com.ibm.ws.webcontainer.collaborator.WebAppSecurityCollaborator@14ee9700
      sessionSecurityIntegrationEnabled = true
      assumeFilterSuccessOnSecurityError = false
      useOriginalRequestState = false
      _evtSource = class com.ibm.ws.webcontainer.webapp.WebAppEventSource@7c621502
      defaultComponentMetaData = class com.ibm.ws.webcontainer.osgi.metadata.WebComponentMetaDataImpl@11feeb4d
    documentRoot = null
    SERVLET_API_VERSION = "Servlet 2.5"
    disableServletAuditLogging = 0
    serverInfo = "SMF WebContainer"
    sessionCtx = class com.ibm.ws.webcontainer.session.impl.HttpSessionContextImpl@3c3cb4a3
      methodClassName = "HttpSessionContextImpl"
      _smc = class com.ibm.ws.session.SessionManagerConfig@22f33de3
      sessionStoreService = null
      _sap = class com.ibm.ws.session.SessionApplicationParameters@531fa3b
      _coreHttpSessionManager = class com.ibm.ws.session.SessionManager@4ff10cc2
      _coreHttpAppSessionManager = null
      _sam = class com.ibm.ws.webcontainer.session.impl.SessionAffinityManagerImpl@381bde95
      isSIPApplication = false
      sessionAttributeListener = false
      sessionListener = true
      mHttpSessionAttributeListeners = class java.util.ArrayList@10ecf88d
      mHttpSessionListeners = class java.util.ArrayList@1a863889
      mHttpSessionIdListeners = class java.util.ArrayList@5dd6a007
      mHttpSessionAttributeListenersJ2eeNames = class java.util.ArrayList@3b5f325e
      mHttpSessionListenersJ2eeNames = class java.util.ArrayList@4c008d28
      mHttpSessionIdListenersJ2eeNames = class java.util.ArrayList@67e9b651
      mLocalHost = null
      _refCount = 1
      currentThreadSacHashtable = null
      methodClassName = "SessionContext"
      ANONYMOUS_USER = "anonymous"
      wasHttpSessionObserver = class com.ibm.ws.session.WasHttpSessionObserver@fd7e433
      wasHttpSessionAttributeObserver = null
      _invalidator = class com.ibm.ws.session.SessionInvalidator@4dd8ea55
      _storer = class com.ibm.ws.session.EOSSessionStorer@5f9570b
      wasHttpAppSessionObserver = null
      mHttpAppSessionListeners = null
      cmvcInfo = "CMVC Version 1.9 6/24/07 11:12:24"
      _loggedVersion = true
      CREATE_CORE_SESSION_MANAGER = 0
      GET_REQUESTED_SESSION_ID = 1
      GET_IHTTP_SESSION = 2
      SESSION_PRE_INVOKE = 3
      SESSION_POST_INVOKE = 4
      STOP = 5
      STOP_LISTENERS = 6
      IS_VALID = 7
      ENCODE_URL = 8
      SHOULD_ENCODE_URL = 9
      IS_PROTOCOL_SWITCH = 10
      GET_LOCAL_HOST = 11
      ADD_HTTP_SESSION_ATTRIBUTE_LISTENER = 12
      ADD_HTTP_SESSION_LISTENER = 13
      GET_SESSION_AFFINITY_CONTEXT = 14
      CHECK_SECURITY = 15
      INVALIDATE = 16
      CHECK_SESSSIONID_IS_RIGHT_LENGTH = 17
      LOCK_SESSION = 18
      UNLOCK_SESSION = 19
      ADD_HTTP_SESSION_ID_LISTENER = 20
      methodNames = class java.lang.String[21]
    eventSource = class com.ibm.ws.webcontainer.webapp.WebAppEventSource@7c621502
    nls = class com.ibm.ejs.ras.TraceNLS@575e0b42
      resolver = class com.ibm.ws.logging.internal.TraceNLSResolver@66f1dda3
      finder = null
      ivBundleName = "com.ibm.ws.webcontainer.resources.Messages"
      caller = class java.lang.Class@46abb043
    liberty_nls = class com.ibm.ejs.ras.TraceNLS@790e1a75
      resolver = class com.ibm.ws.logging.internal.TraceNLSResolver@66f1dda3
      finder = null
      ivBundleName = "com.ibm.ws.webcontainer.resources.LShimMessages"
      caller = class java.lang.Class@46abb043
    error_nls = class com.ibm.ejs.ras.TraceNLS@1f45a90
      resolver = class com.ibm.ws.logging.internal.TraceNLSResolver@66f1dda3
      finder = null
      ivBundleName = "com.ibm.ws.webcontainer.resources.ErrorPage"
      caller = class java.lang.Class@46abb043
    sessionListeners = class java.util.ArrayList@58b46fa1
      serialVersionUID = 8683452581122892189
      DEFAULT_CAPACITY = 10
      EMPTY_ELEMENTDATA = class java.lang.Object[0]
      DEFAULTCAPACITY_EMPTY_ELEMENTDATA = class java.lang.Object[0]
      elementData = class java.lang.Object[10]
      size = 1
      MAX_ARRAY_SIZE = 2147483639
      modCount = 2
      MAX_ARRAY_SIZE = 2147483639
    sessionIdListeners = class java.util.ArrayList@7f176bee
      serialVersionUID = 8683452581122892189
      DEFAULT_CAPACITY = 10
      EMPTY_ELEMENTDATA = class java.lang.Object[0]
      DEFAULTCAPACITY_EMPTY_ELEMENTDATA = class java.lang.Object[0]
      elementData = class java.lang.Object[0]
      size = 0
      MAX_ARRAY_SIZE = 2147483639
      modCount = 0
      MAX_ARRAY_SIZE = 2147483639
    sessionAttrListeners = class java.util.ArrayList@76c30bcb
      serialVersionUID = 8683452581122892189
      DEFAULT_CAPACITY = 10
      EMPTY_ELEMENTDATA = class java.lang.Object[0]
      DEFAULTCAPACITY_EMPTY_ELEMENTDATA = class java.lang.Object[0]
      elementData = class java.lang.Object[0]
      size = 0
      MAX_ARRAY_SIZE = 2147483639
      modCount = 1
      MAX_ARRAY_SIZE = 2147483639
    addedSessionListeners = class java.util.ArrayList@5540ff59
      serialVersionUID = 8683452581122892189
      DEFAULT_CAPACITY = 10
      EMPTY_ELEMENTDATA = class java.lang.Object[0]
      DEFAULTCAPACITY_EMPTY_ELEMENTDATA = class java.lang.Object[0]
      elementData = class java.lang.Object[0]
      size = 0
      MAX_ARRAY_SIZE = 2147483639
      modCount = 0
      MAX_ARRAY_SIZE = 2147483639
    addedSessionAttrListeners = class java.util.ArrayList@2ef24b37
      serialVersionUID = 8683452581122892189
      DEFAULT_CAPACITY = 10
      EMPTY_ELEMENTDATA = class java.lang.Object[0]
      DEFAULTCAPACITY_EMPTY_ELEMENTDATA = class java.lang.Object[0]
      elementData = class java.lang.Object[0]
      size = 0
      MAX_ARRAY_SIZE = 2147483639
      modCount = 0
      MAX_ARRAY_SIZE = 2147483639
    servletContextListeners = class java.util.ArrayList@6a7e0d1c
      serialVersionUID = 8683452581122892189
      DEFAULT_CAPACITY = 10
      EMPTY_ELEMENTDATA = class java.lang.Object[0]
      DEFAULTCAPACITY_EMPTY_ELEMENTDATA = class java.lang.Object[0]
      elementData = class java.lang.Object[10]
      size = 1
      MAX_ARRAY_SIZE = 2147483639
      modCount = 2
      MAX_ARRAY_SIZE = 2147483639
    servletContextLAttrListeners = class java.util.ArrayList@48dcecb
      serialVersionUID = 8683452581122892189
      DEFAULT_CAPACITY = 10
      EMPTY_ELEMENTDATA = class java.lang.Object[0]
      DEFAULTCAPACITY_EMPTY_ELEMENTDATA = class java.lang.Object[0]
      elementData = class java.lang.Object[0]
      size = 0
      MAX_ARRAY_SIZE = 2147483639
      modCount = 1
      MAX_ARRAY_SIZE = 2147483639
    servletRequestListeners = class java.util.ArrayList@56e54334
      serialVersionUID = 8683452581122892189
      DEFAULT_CAPACITY = 10
      EMPTY_ELEMENTDATA = class java.lang.Object[0]
      DEFAULTCAPACITY_EMPTY_ELEMENTDATA = class java.lang.Object[0]
      elementData = class java.lang.Object[0]
      size = 0
      MAX_ARRAY_SIZE = 2147483639
      modCount = 1
      MAX_ARRAY_SIZE = 2147483639
    servletRequestLAttrListeners = class java.util.ArrayList@6a72012c
      serialVersionUID = 8683452581122892189
      DEFAULT_CAPACITY = 10
      EMPTY_ELEMENTDATA = class java.lang.Object[0]
      DEFAULTCAPACITY_EMPTY_ELEMENTDATA = class java.lang.Object[0]
      elementData = class java.lang.Object[0]
      size = 0
      MAX_ARRAY_SIZE = 2147483639
      modCount = 1
      MAX_ARRAY_SIZE = 2147483639
    prependSlashToResource = false
    destroyed = false
    webAppNameSpaceCollab = class com.ibm.ws.webcontainer.osgi.collaborator.WebAppNameSpaceCollaboratorImpl@46c7632a
    txCollab = class com.ibm.ws.webcontainer.collaborator.WebAppTransactionCollaborator@2ae1b4f5
    sessionActivationListeners = class java.util.ArrayList@70fee793
      serialVersionUID = 8683452581122892189
      DEFAULT_CAPACITY = 10
      EMPTY_ELEMENTDATA = class java.lang.Object[0]
      DEFAULTCAPACITY_EMPTY_ELEMENTDATA = class java.lang.Object[0]
      elementData = class java.lang.Object[0]
      size = 0
      MAX_ARRAY_SIZE = 2147483639
      modCount = 1
      MAX_ARRAY_SIZE = 2147483639
    sessionBindingListeners = class java.util.ArrayList@1a6f84d1
      serialVersionUID = 8683452581122892189
      DEFAULT_CAPACITY = 10
      EMPTY_ELEMENTDATA = class java.lang.Object[0]
      DEFAULTCAPACITY_EMPTY_ELEMENTDATA = class java.lang.Object[0]
      elementData = class java.lang.Object[0]
      size = 0
      MAX_ARRAY_SIZE = 2147483639
      modCount = 1
      MAX_ARRAY_SIZE = 2147483639
    scratchdir = null
    jspClassLoaderLimit = 0
    jspClassLoaderExclusionList = null
    jspClassLoadersMap = null
    jspClassLoaderLimitTrackIF = false
    defaultExtProc = null
    directoryBrowsingServlet = null
    cdiContexts = class java.util.concurrent.ConcurrentHashMap@666f984b
      serialVersionUID = 7249069246763182397
      MAXIMUM_CAPACITY = 1073741824
      DEFAULT_CAPACITY = 16
      MAX_ARRAY_SIZE = 2147483639
      DEFAULT_CONCURRENCY_LEVEL = 16
      LOAD_FACTOR = 0.75
      TREEIFY_THRESHOLD = 8
      UNTREEIFY_THRESHOLD = 6
      MIN_TREEIFY_CAPACITY = 64
      MIN_TRANSFER_STRIDE = 16
      RESIZE_STAMP_BITS = 16
      MAX_RESIZERS = 65535
      RESIZE_STAMP_SHIFT = 16
      MOVED = -1
      TREEBIN = -2
      RESERVED = -3
      HASH_BITS = 2147483647
      NCPU = 12
      serialPersistentFields = class java.io.ObjectStreamField[3]
      table = class java.util.concurrent.ConcurrentHashMap$Node[16]
      nextTable = null
      baseCount = 1
      sizeCtl = 12
      transferIndex = 0
      cellsBusy = 0
      counterCells = null
      keySet = null
      values = null
      entrySet = null
      U = class sun.misc.Unsafe@1aa882ff
      SIZECTL = 20
      TRANSFERINDEX = 32
      BASECOUNT = 24
      CELLSBUSY = 36
      CELLVALUE = 144
      ABASE = 16
      ASHIFT = 2
      keySet = null
      values = null
    moduleConfig = class com.ibm.ws.webcontainer.osgi.container.DeployedModule@1c6e9ecb
      tc = class com.ibm.websphere.ras.TraceComponent@4f52cd8
      loader = class com.ibm.ws.classloading.internal.ThreadContextClassLoader@1812f49b
      webApp = class com.ibm.ws.webcontainer.osgi.webapp.WebApp@633fa614
      webAppConfig = class com.ibm.ws.webcontainer.osgi.webapp.WebAppConfiguration@6c99ffe2
      contextRootAdded = null
      properContextRoot = "/ERP-light"
      mappingContextRoot = "/ERP-light/*"
      serialVersionUID = -2104814060051592457
      $$$tc$$$ = class com.ibm.websphere.ras.TraceComponent@c2faf24
    extensionFactories = class java.util.ArrayList@1b2b30aa
      serialVersionUID = 8683452581122892189
      DEFAULT_CAPACITY = 10
      EMPTY_ELEMENTDATA = class java.lang.Object[0]
      DEFAULTCAPACITY_EMPTY_ELEMENTDATA = class java.lang.Object[0]
      elementData = class java.lang.Object[10]
      size = 1
      MAX_ARRAY_SIZE = 2147483639
      modCount = 1
      MAX_ARRAY_SIZE = 2147483639
    initialized = true
    lock = class com.ibm.ws.webcontainer.webapp.WebApp$1@7d047612
      this$0 = class com.ibm.ws.webcontainer.osgi.webapp.WebApp@633fa614
    afterServletContextCreated = false
    redirectContextRoot = false
    errorExceptionTypeFirst = false
    initFilterBeforeServletInit = false
    sortedServletConfigs = class java.util.ArrayList@67331439
      serialVersionUID = 8683452581122892189
      DEFAULT_CAPACITY = 10
      EMPTY_ELEMENTDATA = class java.lang.Object[0]
      DEFAULTCAPACITY_EMPTY_ELEMENTDATA = class java.lang.Object[0]
      elementData = class java.lang.Object[10]
      size = 1
      MAX_ARRAY_SIZE = 2147483639
      modCount = 1
      MAX_ARRAY_SIZE = 2147483639
    effectiveMajorVersion = 2
    effectiveMinorVersion = 5
    canAddServletContextListener = true
    withinContextInitOfProgAddListener = false
    webInfLibClassloader = null
    metaInfCache = class com.ibm.ws.webcontainer.webapp.WebApp$2@f4356d2
      this$0 = class com.ibm.ws.webcontainer.osgi.webapp.WebApp@633fa614
      serialVersionUID = 3801124242820219131
      head = null
      tail = null
      accessOrder = true
      serialVersionUID = 362498820763181265
      DEFAULT_INITIAL_CAPACITY = 16
      MAXIMUM_CAPACITY = 1073741824
      DEFAULT_LOAD_FACTOR = 0.75
      TREEIFY_THRESHOLD = 8
      UNTREEIFY_THRESHOLD = 6
      MIN_TREEIFY_CAPACITY = 64
      table = null
      entrySet = null
      size = 0
      modCount = 0
      threshold = 32
      loadFactor = 1.0
      keySet = null
      values = null
    useMetaInfCache = true
    SUN_CONFIGURE_LISTENER_CLASSNAME = "com.sun.faces.config.ConfigureListener"
    MYFACES_LIFECYCLE_LISTENER_CLASSNAME = "org.apache.myfaces.webapp.StartupServletContextListener"
    JSF_IMPL_ENABLED_PARAM = "com.ibm.ws.jsf.JSF_IMPL_ENABLED"
    JSF_IMPL_ENABLED_CUSTOM = "Custom"
    JSF_IMPL_ENABLED_NONE = "None"
    staticDocRoot = class com.ibm.ws.webcontainer.util.DocumentRootUtils@4daf99f0
      logger = class com.ibm.ws.logging.internal.WsLogger@7701c3b0
      CLASS_NAME = "com.ibm.ws.webcontainer.util.DocumentRootUtils"
      useContentLength = false
      matchedFile = null
      matchedZipFile = null
      matchedEntry = null
      matchedURL = null
      edrRoot = null
      pfedrRoot = null
      ctxt = class com.ibm.ws.webcontainer.osgi.webapp.WebApp@633fa614
      baseDir = null
      edr = null
      pfedr = null
      metaInfRes = null
      searchpfEDR = true
      searchEDR = true
      searchMetaInfRes = true
      matchFromEDR = false
      matchFromMetaInfRes = false
      matchIsADirectory = false
      appConfig = class com.ibm.ws.webcontainer.osgi.webapp.WebAppConfiguration@6c99ffe2
      attributeType = "staticFile"
      STATIC_FILE = "staticFile"
      JSP = "jsp"
      PFEDR = "preFragmentExtendedDocumentRoot"
      EDR = "extendedDocumentRoot"
    jspDocRoot = class com.ibm.ws.webcontainer.util.DocumentRootUtils@1345c2b1
      logger = class com.ibm.ws.logging.internal.WsLogger@7701c3b0
      CLASS_NAME = "com.ibm.ws.webcontainer.util.DocumentRootUtils"
      useContentLength = false
      matchedFile = null
      matchedZipFile = null
      matchedEntry = null
      matchedURL = null
      edrRoot = null
      pfedrRoot = null
      ctxt = class com.ibm.ws.webcontainer.osgi.webapp.WebApp@633fa614
      baseDir = null
      edr = null
      pfedr = null
      metaInfRes = null
      searchpfEDR = true
      searchEDR = true
      searchMetaInfRes = true
      matchFromEDR = false
      matchFromMetaInfRes = false
      matchIsADirectory = false
      appConfig = class com.ibm.ws.webcontainer.osgi.webapp.WebAppConfiguration@6c99ffe2
      attributeType = "jsp"
      STATIC_FILE = "staticFile"
      JSP = "jsp"
      PFEDR = "preFragmentExtendedDocumentRoot"
      EDR = "extendedDocumentRoot"
    container = class com.ibm.ws.adaptable.module.internal.AdaptableContainerImpl@6e8b967
      root = class com.ibm.ws.adaptable.module.internal.AdaptableContainerImpl@6e8b967
      rootOverlay = class com.ibm.ws.artifact.overlay.internal.DirectoryBasedOverlayContainerImpl@1dccb61
      factoryHolder = class com.ibm.ws.adaptable.module.internal.AdaptableModuleFactoryImpl@5c6c6a67
      delegate = class com.ibm.ws.artifact.overlay.internal.DirectoryBasedOverlayContainerImpl@1dccb61
      notifier = class com.ibm.ws.adaptable.module.internal.NotifierImpl@75c4c171
      serialVersionUID = -5621513278641113667
      $$$tc$$$ = class com.ibm.websphere.ras.TraceComponent@26c16f58
    metaInfResourceFinder = class com.ibm.ws.webcontainer.util.MetaInfResourceFinder@6ca88e3c
      jarResourceContainers = class java.util.ArrayList@4a0cecb4
      container = class com.ibm.ws.adaptable.module.internal.AdaptableContainerImpl@6e8b967
    postConstructMethods = class com.ibm.ws.webcontainer.webapp.WebApp$AnnotatedMethods@7948b0bd
      annotationClass = class java.lang.Class@34872687
      noOpClassNames = class java.util.HashSet@60429f23
      annotatedMethodNames = class java.util.HashMap@7e39d1ac
      EMPTY_METHODS = class java.lang.reflect.Method[0]
    preDestroyMethods = class com.ibm.ws.webcontainer.webapp.WebApp$AnnotatedMethods@4819c67d
      annotationClass = class java.lang.Class@395b07d6
      noOpClassNames = class java.util.HashSet@17d89d0d
      annotatedMethodNames = class java.util.HashMap@6ab09
      EMPTY_METHODS = class java.lang.reflect.Method[0]
    OBJ_EMPTY = class java.lang.Object[0]
    CLASS_EMPTY = class java.lang.Class[0]
    DEFAULT_JSP_EXTENSIONS = class java.util.ArrayList@7574d585
      serialVersionUID = 8683452581122892189
      DEFAULT_CAPACITY = 10
      EMPTY_ELEMENTDATA = class java.lang.Object[0]
      DEFAULTCAPACITY_EMPTY_ELEMENTDATA = class java.lang.Object[0]
      elementData = class java.lang.Object[10]
      size = 4
      MAX_ARRAY_SIZE = 2147483639
      modCount = 4
      MAX_ARRAY_SIZE = 2147483639
    DO_ACCEPT_PARTIAL = true
    DO_NOT_ACCEPT_PARTIAL = false
    DO_ACCEPT_EXCLUDED = true
    DO_NOT_ACCEPT_EXCLUDED = false
    commands = class java.util.ArrayList@6174f22c
      serialVersionUID = 8683452581122892189
      DEFAULT_CAPACITY = 10
      EMPTY_ELEMENTDATA = class java.lang.Object[0]
      DEFAULTCAPACITY_EMPTY_ELEMENTDATA = class java.lang.Object[0]
      elementData = class java.lang.Object[3]
      size = 0
      MAX_ARRAY_SIZE = 2147483639
      modCount = 0
      MAX_ARRAY_SIZE = 2147483639
    requestMapper = class com.ibm.wsspi.webcontainer.util.URIMapper@67d8fa51
      matcher = class com.ibm.wsspi.webcontainer.util.URIMatcher@2f4e5461
    parent = class com.ibm.ws.webcontainer.osgi.webapp.WebGroup@34d3c3d2
      tc = class com.ibm.websphere.ras.TraceComponent@8afeb24
      logger = class com.ibm.ws.logging.internal.WsLogger@652da8d
      CLASS_NAME = "com.ibm.ws.webcontainer.webapp.WebGroup"
      sessUrlRewritePrefix = ";jsessionid="
      qMark = "?"
      config = class com.ibm.ws.webcontainer.osgi.webapp.WebGroupConfiguration@602f55ac
      webApp = class com.ibm.ws.webcontainer.osgi.webapp.WebApp@633fa614
      commands = class java.util.ArrayList@6664c67b
      requestMapper = null
      parent = class com.ibm.ws.webcontainer.osgi.DynamicVirtualHost@7bf8de5f
      name = "/ERP-light/*"
      isAlive = true
      subElements = class java.util.HashMap@2f99e1e4
      attributes = null
      config = null
      serialVersionUID = -8271459000149267764
      $$$tc$$$ = class com.ibm.websphere.ras.TraceComponent@214f639c
    name = "ERP-light-0.0.1-SNAPSHOT"
    isAlive = true
    subElements = null
    attributes = class java.util.Collections$SynchronizedMap@460f863
      serialVersionUID = 1978198479659022715
      m = class java.util.HashMap@3501438e
      mutex = class java.util.Collections$SynchronizedMap@460f863
      keySet = null
      entrySet = class java.util.Collections$SynchronizedSet@75961c4b
      values = null
    config = null
    serialVersionUID = -8271459000149267764
    $$$tc$$$ = class com.ibm.websphere.ras.TraceComponent@214f639c
      strings[0] = "TraceComponent[com.ibm.ws.container.AbstractContainer,class com.ibm.ws.container.AbstractContainer,[],null,null]"

