------Start of DE processing------ = [11.10.21 13:49:51:285 MESZ]
Exception = com.ibm.wsspi.adaptable.module.UnableToAdaptException
Source = com.ibm.ws.webcontainer.osgi.WebContainer
probeid = createModuleMetaData
Stack Dump = com.ibm.wsspi.adaptable.module.UnableToAdaptException: SRVE9964E: Es werden doppelte Namen (spring_web) in den Dateien web-fragment.xml von WEB-INF/lib/spring-web-4.1.1.RELEASE.jar und WEB-INF/lib/spring-web-4.3.30.RELEASE.jar verwenden, obwohl eine relative Sortierung verwendet wird.
	at com.ibm.ws.container.service.config.internal.WebFragmentsInfoImpl.sortWebFragments(WebFragmentsInfoImpl.java:173)
	at com.ibm.ws.container.service.config.internal.WebFragmentsInfoImpl.<init>(WebFragmentsInfoImpl.java:84)
	at com.ibm.ws.container.service.config.internal.WebFragmentsInfoAdapter.adapt(WebFragmentsInfoAdapter.java:54)
	at com.ibm.ws.container.service.config.internal.WebFragmentsInfoAdapter.adapt(WebFragmentsInfoAdapter.java:28)
	at com.ibm.ws.adaptable.module.internal.AdapterFactoryServiceImpl.adapt(AdapterFactoryServiceImpl.java:189)
	at com.ibm.ws.adaptable.module.internal.AdaptableContainerImpl.adapt(AdaptableContainerImpl.java:171)
	at com.ibm.ws.container.service.annotations.internal.WebAnnotationsImpl.getWebFragmentsInfo(WebAnnotationsImpl.java:239)
	at com.ibm.ws.container.service.annotations.internal.WebAnnotationsImpl.getClassSource(WebAnnotationsImpl.java:272)
	at com.ibm.ws.container.service.annotations.internal.WebAnnotationsImpl.getInfoStore(WebAnnotationsImpl.java:393)
	at com.ibm.ws.container.service.annotations.internal.WebAnnotationsImpl.openInfoStore(WebAnnotationsImpl.java:629)
	at com.ibm.ws.webcontainer.osgi.container.config.WebAppConfigurator.configure(WebAppConfigurator.java:377)
	at com.ibm.ws.webcontainer.osgi.container.config.WebAppConfigurationAdapter.adapt(WebAppConfigurationAdapter.java:110)
	at com.ibm.ws.webcontainer.osgi.container.config.WebAppConfigurationAdapter.adapt(WebAppConfigurationAdapter.java:43)
	at com.ibm.ws.adaptable.module.internal.AdapterFactoryServiceImpl.adapt(AdapterFactoryServiceImpl.java:189)
	at com.ibm.ws.adaptable.module.internal.AdaptableContainerImpl.adapt(AdaptableContainerImpl.java:171)
	at com.ibm.ws.webcontainer.osgi.WebContainer.createModuleMetaData(WebContainer.java:659)
	at com.ibm.ws.app.manager.web.internal.WebModuleHandlerImpl.deployModule(WebModuleHandlerImpl.java:77)
	at com.ibm.ws.app.manager.module.internal.DeployedAppInfoBase.deployModule(DeployedAppInfoBase.java:538)
	at com.ibm.ws.app.manager.module.internal.DeployedAppInfoBase.deployModules(DeployedAppInfoBase.java:457)
	at com.ibm.ws.app.manager.module.internal.DeployedAppInfoBase.deployApp(DeployedAppInfoBase.java:411)
	at com.ibm.ws.app.manager.war.internal.WARApplicationHandlerImpl.install(WARApplicationHandlerImpl.java:73)
	at com.ibm.ws.app.manager.internal.statemachine.StartAction.execute(StartAction.java:139)
	at com.ibm.ws.app.manager.internal.statemachine.ApplicationStateMachineImpl.enterState(ApplicationStateMachineImpl.java:1166)
	at com.ibm.ws.app.manager.internal.statemachine.ApplicationStateMachineImpl.run(ApplicationStateMachineImpl.java:779)
	at java.util.concurrent.ThreadPoolExecutor.runWorker(ThreadPoolExecutor.java:1149)
	at java.util.concurrent.ThreadPoolExecutor$Worker.run(ThreadPoolExecutor.java:624)
	at java.lang.Thread.run(Thread.java:748)

Dump of callerThis
Object type = [Ljava.lang.Object;
  Object type[0] = class com.ibm.ws.app.manager.module.internal.WebModuleInfoImpl@29b8a790
    nls = class com.ibm.ejs.ras.TraceNLS@5d999b0e
      resolver = class com.ibm.ws.logging.internal.TraceNLSResolver@6c032446
      finder = null
      ivBundleName = "com.ibm.ws.app.manager.module.internal.resources.Messages"
      caller = class java.lang.Class@6a1fcc2e
    appInfo = class com.ibm.ws.container.service.app.deploy.internal.ApplicationInfoImpl@6db7281
      appName = "ERP-light-0.0.1-SNAPSHOT"
      appMetaData = class com.ibm.ws.container.service.app.deploy.internal.ApplicationMetaDataImpl@443f24b7
      appContainer = class com.ibm.ws.adaptable.module.internal.AdaptableContainerImpl@286ac02b
      configHelper = class com.ibm.ws.app.manager.module.internal.DeployedAppInfoBase$1@40944eef
      serialVersionUID = 3606492897175139866
      $$$tc$$$ = class com.ibm.websphere.ras.TraceComponent@2863d2d2
    moduleName = "ERP-light-0.0.1-SNAPSHOT"
    path = "ERP-light-0.0.1-SNAPSHOT.war"
    contextRoot = "/ERP-light"
    moduleContainer = class com.ibm.ws.adaptable.module.internal.AdaptableContainerImpl@286ac02b
      root = class com.ibm.ws.adaptable.module.internal.AdaptableContainerImpl@286ac02b
      rootOverlay = class com.ibm.ws.artifact.overlay.internal.DirectoryBasedOverlayContainerImpl@3fe47fef
      factoryHolder = class com.ibm.ws.adaptable.module.internal.AdaptableModuleFactoryImpl@40eac718
      delegate = class com.ibm.ws.artifact.overlay.internal.DirectoryBasedOverlayContainerImpl@3fe47fef
      notifier = class com.ibm.ws.adaptable.module.internal.NotifierImpl@741f5e65
      serialVersionUID = -5621513278641113667
      $$$tc$$$ = class com.ibm.websphere.ras.TraceComponent@604f8241
    moduleClassesContainers = class java.util.ArrayList@1f60711e
      serialVersionUID = 8683452581122892189
      DEFAULT_CAPACITY = 10
      EMPTY_ELEMENTDATA = class java.lang.Object[0]
      DEFAULTCAPACITY_EMPTY_ELEMENTDATA = class java.lang.Object[0]
      elementData = class java.lang.Object[73]
      size = 68
      MAX_ARRAY_SIZE = 2147483639
      modCount = 69
      MAX_ARRAY_SIZE = 2147483639
    classLoaderFactory = class com.ibm.ws.app.manager.war.internal.WARDeployedAppInfo@42fac26b
      CONTEXT_ROOT = "context-root"
      webModuleHandler = class com.ibm.ws.app.manager.web.internal.WebModuleHandlerImpl@477f4e7b
      webContainerModuleInfo = class com.ibm.ws.app.manager.module.internal.DeployedAppInfoBase$WebModuleContainerInfo@2e88e163
      DYNAMIC_IMPORT_PACKAGE_LIST = class java.util.Collections$UnmodifiableRandomAccessList@333c096
      serialVersionUID = -4849229296989076524
      $$$tc$$$ = class com.ibm.websphere.ras.TraceComponent@2be40454
      _tc = class com.ibm.websphere.ras.TraceComponent@35d6439
      applicationInformation = class com.ibm.ws.app.manager.internal.ApplicationInstallInfo@685360b9
      location = "D:\ERP-VIEW\ERP-light\target\ERP-light-0.0.1-SNAPSHOT.war"
      appInfo = class com.ibm.ws.container.service.app.deploy.internal.ApplicationInfoImpl@6db7281
      modulesDeployed = class java.util.ArrayList@1b91729
      starting = true
      started = false
      appInfoFactory = class com.ibm.ws.container.service.app.deploy.internal.ApplicationInfoFactoryImpl@1c1350f8
      classLoadingService = class com.ibm.ws.classloading.internal.ClassLoadingServiceImpl@5e340632
      globalSharedLibrary = class com.ibm.ws.library.internal.SharedLibraryImpl@2d91f3e5
      futureMonitor = class com.ibm.ws.threading.internal.FutureMonitorImpl@e385f5f
      metaDataService = class com.ibm.ws.container.service.metadata.internal.MetaDataServiceImpl@5a2d224f
      stateChangeService = class com.ibm.ws.container.service.state.internal.StateChangeServiceImpl@6458b921
      configAdmin = class com.ibm.ws.config.admin.internal.ConfigurationAdminImpl@62cab1c2
      libraryConfigHelper = class com.ibm.ws.classloading.ClassLoaderConfigHelper@1c312e3f
      isDelegateLast = false
      moduleClassesInfo = class com.ibm.ws.app.manager.module.internal.DeployedAppInfoBase$ModuleClassesInfoProvider@3e1de887
      moduleContainerInfos = class java.util.ArrayList@1f2ddfd4
      initializeInOrder = true
      serialVersionUID = 5020132738048411123
    classLoader = class com.ibm.ws.classloading.internal.AppClassLoader@713b1154
      tc = class com.ibm.websphere.ras.TraceComponent@4e7f8c56
      PARENT_FIRST_SEARCH_ORDER = class java.util.Collections$UnmodifiableRandomAccessList@1b616b6d
      CLASS_LOADING_TRACE_PREFIX = "com.ibm.ws.class.load."
      DEFAULT_PACKAGE = "default.package"
      perPackageClassLoadingTraceComponents = class java.util.concurrent.ConcurrentHashMap@4d927753
      config = class com.ibm.ws.classloading.internal.ClassLoaderConfigurationImpl@3e5014ce
      privateLibraries = class java.util.Collections$EmptyList@1e32868e
      delegateLoaders = class com.ibm.ws.classloading.internal.util.CompositeIterable@e98bc26
      nativeLibraryFiles = class java.util.ArrayList@506e6a49
      transformers = class java.util.ArrayList@6e26f2ee
      apiAccess = class com.ibm.ws.classloading.internal.GatewayClassLoader@2eea8b77
      PROTECTION_DOMAIN = class java.security.ProtectionDomain@64aa1f52
      serialVersionUID = -8503176786514635265
      tc = class com.ibm.websphere.ras.TraceComponent@71fc2006
      EMPTY_URL_ARRAY = class java.net.URL[0]
      smartClassPath = class com.ibm.ws.classloading.internal.ContainerClassLoader$UnreadSmartClassPath@c87fdf5
      nativeLibraryContainers = class java.util.ArrayList@55efcf09
      redefiner = class com.ibm.ws.classloading.internal.util.ClassRedefiner@618b0a69
      mapCreationQueue = class java.util.concurrent.Executors$FinalizableDelegatedExecutorService@9c833bb
      serialVersionUID = 7561562533729935637
      serialVersionUID = -7411549862368381758
      $$$tc$$$ = class com.ibm.websphere.ras.TraceComponent@7274f36a
      serialVersionUID = 161679851398543548
      $$$tc$$$ = class com.ibm.websphere.ras.TraceComponent@4c4e988e
      serialVersionUID = 2596921220292114344
      $$$tc$$$ = class com.ibm.websphere.ras.TraceComponent@36051c0a
      initialized = true
      pdcache = class java.util.HashMap@60d32ba9
      debug = null
      parent = class com.ibm.ws.classloading.internal.GatewayClassLoader@2eea8b77
      parallelLockMap = null
      package2certs = class java.util.Hashtable@429bd28e
      nocerts = class java.security.cert.Certificate[0]
      classes = class java.util.Vector@2b1a4acb
      defaultDomain = class java.security.ProtectionDomain@770f96d8
      packages = class java.util.HashMap@e7875f3
      scl = class sun.misc.Launcher$AppClassLoader@18b4aac2
      sclSet = true
      loadedLibraryNames = class java.util.Vector@126bc910
      systemNativeLibraries = class java.util.Vector@6bde8584
      nativeLibraries = class java.util.Vector@606c6771
      nativeLibraryContext = class java.util.Stack@2df65162
      usr_paths = class java.lang.String[40]
      sys_paths = class java.lang.String[1]
      assertionLock = class com.ibm.ws.classloading.internal.AppClassLoader@713b1154
      defaultAssertionStatus = false
      packageAssertionStatus = null
      classAssertionStatus = null
    moduleMetaData = null
    serialVersionUID = 5291578855004601038
    $$$tc$$$ = class com.ibm.websphere.ras.TraceComponent@37213128
      strings[0] = "TraceComponent[com.ibm.ws.app.manager.module.internal.WebModuleInfoImpl,class com.ibm.ws.app.manager.module.internal.WebModuleInfoImpl,[webcontainer, applications],,null]"
  Object type[1] = class com.ibm.ws.webcontainer.osgi.WebContainer@46ab2f01
    tc = class com.ibm.websphere.ras.TraceComponent@598584db
      strings[0] = "TraceComponent[com.ibm.ws.webcontainer.osgi.WebContainer,class com.ibm.ws.webcontainer.osgi.WebContainer,[webcontainer],com.ibm.ws.webcontainer.resources.LShimMessages,null]"
    CLASS_NAME = "com.ibm.ws.webcontainer.osgi.WebContainer"
    initialized = true
    eventService = class com.ibm.ws.event.internal.EventEngineImpl@53aa60d1
      tc = class com.ibm.websphere.ras.TraceComponent@5608cd3b
      OSGI_EVENT_HANDLER_REFERENCE_NAME = "osgiEventHandler"
      WS_EVENT_HANDLER_REFERENCE_NAME = "wsEventHandler"
      CFG_KEY_REENTRANT_HANDLER_DEFAULT = "reentrant.handler.default"
      CFG_KEY_STAGE_PREFIX = "stage.topics."
      topicCache = class com.ibm.ws.event.internal.TopicBasedCache@62c2f150
      componentContext = class org.apache.felix.scr.impl.manager.ComponentContextImpl@4a07169b
      bundleContext = class org.eclipse.osgi.internal.framework.BundleContextImpl@109ee768
      logService = class com.ibm.ws.logging.internal.osgi.TrLogServiceImpl@17029a11
      frameworkEventAdapter = class com.ibm.ws.event.internal.adapter.FrameworkEventAdapter@6c4fd45c
      bundleEventAdapter = class com.ibm.ws.event.internal.adapter.BundleEventAdapter@19f2e0f4
      serviceEventAdapter = class com.ibm.ws.event.internal.adapter.ServiceEventAdapter@6bb38e9f
      executorServiceFactory = class com.ibm.ws.event.internal.WorkStageExecutorServiceFactory@686243ea
      defaultReentrancy = true
      skipSchedule = false
      serialVersionUID = 5726352079311142609
    futureMonitor = class com.ibm.ws.threading.internal.FutureMonitorImpl@e385f5f
      _monitor = class java.util.concurrent.ConcurrentLinkedQueue@1efc8bec
      _executor = class com.ibm.ws.threading.internal.ScheduledExecutorImpl@2845d51a
      _threadRunning = class java.util.concurrent.atomic.AtomicBoolean@6176ea78
      _thread = class com.ibm.ws.threading.internal.FutureMonitorImpl$1@6e7bf4
      serialVersionUID = 2765238413969174390
      $$$tc$$$ = class com.ibm.websphere.ras.TraceComponent@7cd515db
    classLoadingSRRef = class com.ibm.wsspi.kernel.service.utils.AtomicServiceReference@124c2707
      referenceName = "classLoadingService"
      tuple = class java.util.concurrent.atomic.AtomicReference@107b5313
      serialVersionUID = -5840472578638799324
      $$$tc$$$ = class com.ibm.websphere.ras.TraceComponent@486cf6df
    sessionHelperSRRef = class com.ibm.wsspi.kernel.service.utils.AtomicServiceReference@63156bf
      referenceName = "sessionHelper"
      tuple = class java.util.concurrent.atomic.AtomicReference@6bd049ce
      serialVersionUID = -5840472578638799324
      $$$tc$$$ = class com.ibm.websphere.ras.TraceComponent@486cf6df
    cacheManagerSRRef = class com.ibm.wsspi.kernel.service.utils.AtomicServiceReference@69d0240
      referenceName = "cacheManager"
      tuple = class java.util.concurrent.atomic.AtomicReference@462b1204
      serialVersionUID = -5840472578638799324
      $$$tc$$$ = class com.ibm.websphere.ras.TraceComponent@486cf6df
    injectionEngineSRRef = class com.ibm.wsspi.kernel.service.utils.AtomicServiceReference@4a13776b
      referenceName = "injectionEngine"
      tuple = class java.util.concurrent.atomic.AtomicReference@7d20c2d7
      serialVersionUID = -5840472578638799324
      $$$tc$$$ = class com.ibm.websphere.ras.TraceComponent@486cf6df
    servletContainerInitializers = class com.ibm.wsspi.kernel.service.utils.ConcurrentServiceReferenceSet@39140531
      referenceName = "servletContainerInitializers"
      contextRef = class java.util.concurrent.atomic.AtomicReference@35073035
      elementMap = class java.util.LinkedHashMap@196c02ab
      elementSet = class java.util.concurrent.ConcurrentSkipListSet@30a243e4
      elementSetUnsorted = false
      serialVersionUID = 756240983881166148
      $$$tc$$$ = class com.ibm.websphere.ras.TraceComponent@37a20aa4
    es = class com.ibm.ws.threading.internal.ExecutorServiceImpl@359c3802
      JAVA_6 = false
      threadPool = class java.util.concurrent.ThreadPoolExecutor@1da1856d
      threadPoolController = class com.ibm.ws.threading.internal.ThreadPoolController@44ecbb22
      controllerPaused = false
      maxThreads = 2147483647
      poolName = "Default Executor"
      serialVersionUID = -6354334274956515940
      $$$tc$$$ = class com.ibm.websphere.ras.TraceComponent@66da0454
    locationServiceRef = class java.util.concurrent.atomic.AtomicReference@5b7da3f3
      serialVersionUID = -1848883965231344442
      unsafe = class sun.misc.Unsafe@783caba2
      valueOffset = 12
      value = class com.ibm.ws.kernel.service.location.internal.WsLocationAdminImpl@3d820296
    transferContextServiceRef = class com.ibm.wsspi.kernel.service.utils.ConcurrentServiceReferenceSet@a843fd8
      referenceName = "transferService"
      contextRef = class java.util.concurrent.atomic.AtomicReference@1bbb4ec5
      elementMap = class java.util.LinkedHashMap@269cdb99
      elementSet = class java.util.concurrent.ConcurrentSkipListSet@441d1a93
      elementSetUnsorted = false
      serialVersionUID = 756240983881166148
      $$$tc$$$ = class com.ibm.websphere.ras.TraceComponent@37a20aa4
    encodingServiceRef = class java.util.concurrent.atomic.AtomicReference@13a09e34
      serialVersionUID = -1848883965231344442
      unsafe = class sun.misc.Unsafe@783caba2
      valueOffset = 12
      value = class com.ibm.ws.http.internal.EncodingUtilsImpl@285e3952
    instance = class java.util.concurrent.atomic.AtomicReference@47a8f86a
      serialVersionUID = -1848883965231344442
      unsafe = class sun.misc.Unsafe@783caba2
      valueOffset = 12
      value = class com.ibm.ws.webcontainer.osgi.WebContainer@46ab2f01
    vhostManager = class com.ibm.ws.webcontainer.osgi.DynamicVirtualHostManager@71fcb957
      tc = class com.ibm.websphere.ras.TraceComponent@3a73b200
      hostMap = class java.util.concurrent.ConcurrentHashMap@46c4ccb5
      transportMap = class java.util.concurrent.ConcurrentHashMap@5f446d08
      locationService = class com.ibm.ws.kernel.service.location.internal.WsLocationAdminImpl@3d820296
      schedExecutor = class com.ibm.ws.threading.internal.ScheduledExecutorImpl@2845d51a
      pluginCfgVhostUris = class java.util.HashMap@6c9ebd43
      PLUGIN_CFG = "plugin-cfg.xml"
    metaDataService = class com.ibm.ws.container.service.metadata.internal.MetaDataServiceImpl@5a2d224f
      applicationMetaDataManager = class com.ibm.ws.container.service.metadata.internal.ApplicationMetaDataManager@2f6f48b6
      moduleMetaDataManager = class com.ibm.ws.container.service.metadata.internal.ModuleMetaDataManager@41057edf
      componentMetaDataManager = class com.ibm.ws.container.service.metadata.internal.ComponentMetaDataManager@71b8c4a
      methodMetaDataManager = class com.ibm.ws.container.service.metadata.internal.MethodMetaDataManager@600b748f
      appModuleNameToModuleContainer = class java.util.concurrent.ConcurrentHashMap@35f4aac0
      jeeNameToComponentMetaData = class java.util.concurrent.ConcurrentHashMap@5fedc927
      deferredMetaDataFactories = class com.ibm.wsspi.kernel.service.utils.ConcurrentServiceReferenceSet@44f674c
      deferredMetaDataInitializers = class com.ibm.wsspi.kernel.service.utils.ConcurrentServiceReferenceMap@3fdbd446
      serialVersionUID = 5173348198233259673
      $$$tc$$$ = class com.ibm.websphere.ras.TraceComponent@2bed5911
    j2eeNameFactory = class com.ibm.ws.container.service.metadata.internal.J2EENameFactoryImpl@4deb4600
      serialVersionUID = 3486344295038028821
      $$$tc$$$ = class com.ibm.websphere.ras.TraceComponent@2820693d
    context = class org.apache.felix.scr.impl.manager.ComponentContextImpl@4d009c7f
      m_componentManager = class org.apache.felix.scr.impl.manager.SingleComponentManager@356920c
      edgeInfos = class org.apache.felix.scr.impl.manager.EdgeInfo[23]
      m_componentInstance = class org.apache.felix.scr.impl.manager.ComponentContextImpl$ComponentInstanceImpl@6fe635dc
      m_usingBundle = null
      m_implementationObject = class com.ibm.ws.webcontainer.osgi.WebContainer@46ab2f01
      m_implementationAccessible = true
      accessibleLatch = class java.util.concurrent.CountDownLatch@2aae502c
    contextRoots = class java.util.Collections$SynchronizedSet@5922a289
      serialVersionUID = 487447009682186044
      serialVersionUID = 3053995032091335093
      c = class java.util.HashSet@cdf7501
      mutex = class java.util.Collections$SynchronizedSet@5922a289
    pendingContextRoots = class java.util.HashMap@6a2eccb8
      serialVersionUID = 362498820763181265
      DEFAULT_INITIAL_CAPACITY = 16
      MAXIMUM_CAPACITY = 1073741824
      DEFAULT_LOAD_FACTOR = 0.75
      TREEIFY_THRESHOLD = 8
      UNTREEIFY_THRESHOLD = 6
      MIN_TREEIFY_CAPACITY = 64
      table = null
      entrySet = null
      size = 0
      modCount = 0
      threshold = 0
      loadFactor = 0.75
      keySet = null
      values = null
    deployedModuleMap = class java.util.concurrent.ConcurrentHashMap@7d625cbb
      serialVersionUID = 7249069246763182397
      MAXIMUM_CAPACITY = 1073741824
      DEFAULT_CAPACITY = 16
      MAX_ARRAY_SIZE = 2147483639
      DEFAULT_CONCURRENCY_LEVEL = 16
      LOAD_FACTOR = 0.75
      TREEIFY_THRESHOLD = 8
      UNTREEIFY_THRESHOLD = 6
      MIN_TREEIFY_CAPACITY = 64
      MIN_TRANSFER_STRIDE = 16
      RESIZE_STAMP_BITS = 16
      MAX_RESIZERS = 65535
      RESIZE_STAMP_SHIFT = 16
      MOVED = -1
      TREEBIN = -2
      RESERVED = -3
      HASH_BITS = 2147483647
      NCPU = 4
      serialPersistentFields = class java.io.ObjectStreamField[3]
      table = null
      nextTable = null
      baseCount = 0
      sizeCtl = 0
      transferIndex = 0
      cellsBusy = 0
      counterCells = null
      keySet = null
      values = null
      entrySet = null
      U = class sun.misc.Unsafe@783caba2
      SIZECTL = 20
      TRANSFERINDEX = 32
      BASECOUNT = 24
      CELLSBUSY = 36
      CELLVALUE = 144
      ABASE = 16
      ASHIFT = 2
      keySet = null
      values = null
    connContextPool = class com.ibm.ws.webcontainer.osgi.srt.internal.SRTConnectionContextPoolImpl@34c8c40c
      head = class java.lang.ThreadLocal@1a389964
      serialVersionUID = 200477468174368905
      $$$tc$$$ = class com.ibm.websphere.ras.TraceComponent@14d6f254
    DEFAULT_PORT = "*"
    DEFAULT_VHOST_NAME = "default_host"
    cachedServerInfo = null
    lock = class com.ibm.ws.webcontainer.osgi.WebContainer$1@78b20ef6
      this$0 = class com.ibm.ws.webcontainer.osgi.WebContainer@46ab2f01
    webAppFactory = class com.ibm.ws.webcontainer.osgi.webapp.internal.WebAppFactoryImpl@64e55654
      serialVersionUID = -3716872759960139968
      $$$tc$$$ = class com.ibm.websphere.ras.TraceComponent@3d097e6c
    requestFactory = class com.ibm.ws.webcontainer.osgi.internal.IRequestResponseFactory@b8d49f7
      serialVersionUID = 3920846530314753026
      $$$tc$$$ = class com.ibm.websphere.ras.TraceComponent@11f71735
    responseFactory = class com.ibm.ws.webcontainer.osgi.internal.IRequestResponseFactory@b8d49f7
    asyncContextFactory = class com.ibm.ws.webcontainer.async.internal.AsyncContextFactoryImpl@7997042e
      serialVersionUID = 5498724061772383535
      $$$tc$$$ = class com.ibm.websphere.ras.TraceComponent@362986d4
    DEFAULT_MAX_VERSION = 30
    versionRef = class org.eclipse.osgi.internal.serviceregistry.ServiceReferenceImpl@113a6054
      registration = class org.eclipse.osgi.internal.serviceregistry.ServiceRegistrationImpl@6d84f747
    SPEC_LEVEL_UNLOADED = -1
    SPEC_LEVEL_30 = 30
    SPEC_LEVEL_31 = 31
    DEFAULT_SPEC_LEVEL = 30
    loadedContainerSpecLevel = 30
    ISO = "ISO-8859-1"
    encoding = "UTF-8"
    decode = true
    wcconfig = class com.ibm.ws.webcontainer.osgi.WebContainerConfiguration@3e00eb23
      properties = class org.apache.felix.scr.impl.helper.ReadOnlyDictionary@401d8b5d
      CFG_KEY_ENFORCE_SEC = "enforce.security"
      logger = class com.ibm.ws.logging.internal.WsLogger@768f29a8
      CLASS_NAME = "com.ibm.ws.webcontainer.WebContainerConfiguration"
      _localeProps = null
      _jvmProps = null
      enableServletCaching = false
      defaultVirtualHostName = "default_host"
      ardEnabled = false
      ardIncludeTimeout = 0
      poolingDisabled = false
      maximumExpiredEntries = 0
      maximumResponseStoreSize = 0
      useAsyncRunnableWorkManager = false
      asyncRunnableWorkManagerName = null
      numAsyncTimerThreads = 2
      defaultAsyncServletTimeout = 30000
    applicationListeners = class java.util.ArrayList@7ff72eb9
      serialVersionUID = 8683452581122892189
      DEFAULT_CAPACITY = 10
      EMPTY_ELEMENTDATA = class java.lang.Object[0]
      DEFAULTCAPACITY_EMPTY_ELEMENTDATA = class java.lang.Object[0]
      elementData = class java.lang.Object[0]
      size = 0
      MAX_ARRAY_SIZE = 2147483639
      modCount = 0
      MAX_ARRAY_SIZE = 2147483639
    servletListeners = class java.util.ArrayList@3d8dd9d3
      serialVersionUID = 8683452581122892189
      DEFAULT_CAPACITY = 10
      EMPTY_ELEMENTDATA = class java.lang.Object[0]
      DEFAULTCAPACITY_EMPTY_ELEMENTDATA = class java.lang.Object[0]
      elementData = class java.lang.Object[0]
      size = 0
      MAX_ARRAY_SIZE = 2147483639
      modCount = 0
      MAX_ARRAY_SIZE = 2147483639
    servletErrorListeners = class java.util.ArrayList@7cf1b8e8
      serialVersionUID = 8683452581122892189
      DEFAULT_CAPACITY = 10
      EMPTY_ELEMENTDATA = class java.lang.Object[0]
      DEFAULTCAPACITY_EMPTY_ELEMENTDATA = class java.lang.Object[0]
      elementData = class java.lang.Object[0]
      size = 0
      MAX_ARRAY_SIZE = 2147483639
      modCount = 0
      MAX_ARRAY_SIZE = 2147483639
    servletInvocationListeners = class java.util.ArrayList@45911da6
      serialVersionUID = 8683452581122892189
      DEFAULT_CAPACITY = 10
      EMPTY_ELEMENTDATA = class java.lang.Object[0]
      DEFAULTCAPACITY_EMPTY_ELEMENTDATA = class java.lang.Object[0]
      elementData = class java.lang.Object[0]
      size = 0
      MAX_ARRAY_SIZE = 2147483639
      modCount = 0
      MAX_ARRAY_SIZE = 2147483639
    filterInvocationListeners = class java.util.ArrayList@3d5714b
      serialVersionUID = 8683452581122892189
      DEFAULT_CAPACITY = 10
      EMPTY_ELEMENTDATA = class java.lang.Object[0]
      DEFAULTCAPACITY_EMPTY_ELEMENTDATA = class java.lang.Object[0]
      elementData = class java.lang.Object[0]
      size = 0
      MAX_ARRAY_SIZE = 2147483639
      modCount = 0
      MAX_ARRAY_SIZE = 2147483639
    filterErrorListeners = class java.util.ArrayList@50c563a3
      serialVersionUID = 8683452581122892189
      DEFAULT_CAPACITY = 10
      EMPTY_ELEMENTDATA = class java.lang.Object[0]
      DEFAULTCAPACITY_EMPTY_ELEMENTDATA = class java.lang.Object[0]
      elementData = class java.lang.Object[0]
      size = 0
      MAX_ARRAY_SIZE = 2147483639
      modCount = 0
      MAX_ARRAY_SIZE = 2147483639
    filterListeners = class java.util.ArrayList@2102b7ab
      serialVersionUID = 8683452581122892189
      DEFAULT_CAPACITY = 10
      EMPTY_ELEMENTDATA = class java.lang.Object[0]
      DEFAULTCAPACITY_EMPTY_ELEMENTDATA = class java.lang.Object[0]
      elementData = class java.lang.Object[0]
      size = 0
      MAX_ARRAY_SIZE = 2147483639
      modCount = 0
      MAX_ARRAY_SIZE = 2147483639
    servletRequestListeners = class java.util.ArrayList@6cb3e200
      serialVersionUID = 8683452581122892189
      DEFAULT_CAPACITY = 10
      EMPTY_ELEMENTDATA = class java.lang.Object[0]
      DEFAULTCAPACITY_EMPTY_ELEMENTDATA = class java.lang.Object[0]
      elementData = class java.lang.Object[0]
      size = 0
      MAX_ARRAY_SIZE = 2147483639
      modCount = 0
      MAX_ARRAY_SIZE = 2147483639
    servletRequestAttributeListeners = class java.util.ArrayList@44c489f4
      serialVersionUID = 8683452581122892189
      DEFAULT_CAPACITY = 10
      EMPTY_ELEMENTDATA = class java.lang.Object[0]
      DEFAULTCAPACITY_EMPTY_ELEMENTDATA = class java.lang.Object[0]
      elementData = class java.lang.Object[0]
      size = 0
      MAX_ARRAY_SIZE = 2147483639
      modCount = 0
      MAX_ARRAY_SIZE = 2147483639
    servletContextListeners = class java.util.ArrayList@3fe732b4
      serialVersionUID = 8683452581122892189
      DEFAULT_CAPACITY = 10
      EMPTY_ELEMENTDATA = class java.lang.Object[0]
      DEFAULTCAPACITY_EMPTY_ELEMENTDATA = class java.lang.Object[0]
      elementData = class java.lang.Object[0]
      size = 0
      MAX_ARRAY_SIZE = 2147483639
      modCount = 0
      MAX_ARRAY_SIZE = 2147483639
    servletContextAttributeListeners = class java.util.ArrayList@b6c650c
      serialVersionUID = 8683452581122892189
      DEFAULT_CAPACITY = 10
      EMPTY_ELEMENTDATA = class java.lang.Object[0]
      DEFAULTCAPACITY_EMPTY_ELEMENTDATA = class java.lang.Object[0]
      elementData = class java.lang.Object[0]
      size = 0
      MAX_ARRAY_SIZE = 2147483639
      modCount = 0
      MAX_ARRAY_SIZE = 2147483639
    sessionListeners = class java.util.ArrayList@78bc2583
      serialVersionUID = 8683452581122892189
      DEFAULT_CAPACITY = 10
      EMPTY_ELEMENTDATA = class java.lang.Object[0]
      DEFAULTCAPACITY_EMPTY_ELEMENTDATA = class java.lang.Object[0]
      elementData = class java.lang.Object[0]
      size = 0
      MAX_ARRAY_SIZE = 2147483639
      modCount = 0
      MAX_ARRAY_SIZE = 2147483639
    sessionIdListeners = class java.util.ArrayList@18d78849
      serialVersionUID = 8683452581122892189
      DEFAULT_CAPACITY = 10
      EMPTY_ELEMENTDATA = class java.lang.Object[0]
      DEFAULTCAPACITY_EMPTY_ELEMENTDATA = class java.lang.Object[0]
      elementData = class java.lang.Object[0]
      size = 0
      MAX_ARRAY_SIZE = 2147483639
      modCount = 0
      MAX_ARRAY_SIZE = 2147483639
    sessionAttributeListeners = class java.util.ArrayList@1ea37b75
      serialVersionUID = 8683452581122892189
      DEFAULT_CAPACITY = 10
      EMPTY_ELEMENTDATA = class java.lang.Object[0]
      DEFAULTCAPACITY_EMPTY_ELEMENTDATA = class java.lang.Object[0]
      elementData = class java.lang.Object[0]
      size = 0
      MAX_ARRAY_SIZE = 2147483639
      modCount = 0
      MAX_ARRAY_SIZE = 2147483639
    DEFAULT_HOST = "default_host"
    _initialized = true
    logger = class com.ibm.ws.logging.internal.WsLogger@768f29a8
      tc = class com.ibm.websphere.ras.TraceComponent@13c576c7
      ivCachedResourceBundleName = null
      ivCachedResourceBundle = null
      ivComponent = null
      ivOrganization = null
      ivProduct = null
      ivMinimumLocalizationLevelIntValue = 625
      ivGroupName = null
      ivTC = class com.ibm.websphere.ras.TraceComponent@17397637
      loggerRegistrationComponent = class java.lang.ThreadLocal@6b064bf5
      emptyHandlers = class java.util.logging.Handler[0]
      offValue = 2147483647
      SYSTEM_LOGGER_RB_NAME = "sun.util.logging.resources.logging"
      SYSTEM_BUNDLE = class java.util.logging.Logger$LoggerBundle@3099a9b3
      NO_RESOURCE_BUNDLE = class java.util.logging.Logger$LoggerBundle@355def88
      manager = class com.ibm.ws.kernel.boot.logging.WsLogManager@6cdd4335
      name = "com.ibm.ws.webcontainer"
      handlers = class java.util.concurrent.CopyOnWriteArrayList@4dd1369f
      loggerBundle = class java.util.logging.Logger$LoggerBundle@3078daa7
      useParentHandlers = true
      filter = null
      anonymous = false
      catalog = class com.ibm.ws.webcontainer.resources.Messages_de@6a03528f
      catalogName = "com.ibm.ws.webcontainer.resources.Messages"
      catalogLocale = class java.util.Locale@6c417011
      treeLock = class java.lang.Object@28e0c6c8
      parent = class java.util.logging.Logger@5ebb8c91
      kids = class java.util.ArrayList@2e5c2ae3
      levelObject = class java.util.logging.Level@497a06c1
      levelValue = 800
      callersClassLoaderRef = class java.lang.ref.WeakReference@67825fa0
      isSystemLogger = false
      GLOBAL_LOGGER_NAME = "global"
      global = class java.util.logging.Logger@33cefa33
      $assertionsDisabled = true
    CLASS_NAME = "com.ibm.ws.webcontainer.internal.WebContainer"
    nls = class com.ibm.ejs.ras.TraceNLS@6f869ac7
      resolver = class com.ibm.ws.logging.internal.TraceNLSResolver@6c032446
      finder = null
      ivBundleName = "com.ibm.ws.webcontainer.resources.Messages"
      caller = class java.lang.Class@5fa3d3d1
    self = class java.util.concurrent.atomic.AtomicReference@4b37c2be
      serialVersionUID = -1848883965231344442
      unsafe = class sun.misc.Unsafe@783caba2
      valueOffset = 12
      value = class com.ibm.ws.webcontainer.osgi.WebContainer@46ab2f01
    _cipherToBit = class java.util.HashMap@4eca607e
      serialVersionUID = 362498820763181265
      DEFAULT_INITIAL_CAPACITY = 16
      MAXIMUM_CAPACITY = 1073741824
      DEFAULT_LOAD_FACTOR = 0.75
      TREEIFY_THRESHOLD = 8
      UNTREEIFY_THRESHOLD = 6
      MIN_TREEIFY_CAPACITY = 64
      table = null
      entrySet = null
      size = 0
      modCount = 0
      threshold = 0
      loadFactor = 0.75
      keySet = null
      values = null
    cacheKeyStringBuilder = class com.ibm.ws.util.WSThreadLocal@4187d266
      tc = class com.ibm.ejs.ras.TraceComponent@6ceef1e4
      count = 1
      index = 0
      SUSPECTED_MISUSAGE_THRESHOLD = 200
      threadLocalHashCode = 1567541491
      nextHashCode = class java.util.concurrent.atomic.AtomicInteger@314ac7a9
      HASH_INCREMENT = 1640531527
    listenersInitialized = false
    webConProperties = class java.util.Properties@1a8c2833
      serialVersionUID = 4112578634029874840
      defaults = null
      hexDigit = {0123456789ABCDEF} /* array length = 16*/
      table = class java.util.Hashtable$Entry[95]
      count = 49
      threshold = 71
      loadFactor = 0.75
      modCount = 52
      serialVersionUID = 1421746759512286392
      MAX_ARRAY_SIZE = 2147483639
      keySet = null
      entrySet = null
      values = null
      KEYS = 0
      VALUES = 1
      ENTRIES = 2
    sessionRegistry = null
    isStopped = false
    readWriteLockForStopping = class java.util.concurrent.locks.ReentrantReadWriteLock@6f5b3bee
      serialVersionUID = -6992448646407690164
      readerLock = class java.util.concurrent.locks.ReentrantReadWriteLock$ReadLock@76e493b1
      writerLock = class java.util.concurrent.locks.ReentrantReadWriteLock$WriteLock@6f094c8b
      sync = class java.util.concurrent.locks.ReentrantReadWriteLock$NonfairSync@18095b16
      UNSAFE = class sun.misc.Unsafe@783caba2
      TID_OFFSET = 40
    urlPrefix = ";jsessionid="
    extensionFactories = class java.util.ArrayList@720f7feb
      serialVersionUID = 8683452581122892189
      DEFAULT_CAPACITY = 10
      EMPTY_ELEMENTDATA = class java.lang.Object[0]
      DEFAULTCAPACITY_EMPTY_ELEMENTDATA = class java.lang.Object[0]
      elementData = class java.lang.Object[10]
      size = 1
      MAX_ARRAY_SIZE = 2147483639
      modCount = 1
      MAX_ARRAY_SIZE = 2147483639
    postInitExtensionFactories = null
    httpResponseListeners = class java.util.ArrayList@d64872e
      serialVersionUID = 8683452581122892189
      DEFAULT_CAPACITY = 10
      EMPTY_ELEMENTDATA = class java.lang.Object[0]
      DEFAULTCAPACITY_EMPTY_ELEMENTDATA = class java.lang.Object[0]
      elementData = class java.lang.Object[0]
      size = 0
      MAX_ARRAY_SIZE = 2147483639
      modCount = 0
      MAX_ARRAY_SIZE = 2147483639
    servletContainerInitializers = class java.util.ServiceLoader@76d2fb01
      PREFIX = "META-INF/services/"
      service = class java.lang.Class@40348201
      loader = class org.eclipse.osgi.internal.loader.EquinoxClassLoader@6bb975fd
      acc = null
      providers = class java.util.LinkedHashMap@3ac7cd02
      lookupIterator = class java.util.ServiceLoader$LazyIterator@70eee282
    invocationCacheSize = 500
    decodePlusSign = true
    _cacheMap = class java.util.concurrent.ConcurrentHashMap@40603a7e
      serialVersionUID = 7249069246763182397
      MAXIMUM_CAPACITY = 1073741824
      DEFAULT_CAPACITY = 16
      MAX_ARRAY_SIZE = 2147483639
      DEFAULT_CONCURRENCY_LEVEL = 16
      LOAD_FACTOR = 0.75
      TREEIFY_THRESHOLD = 8
      UNTREEIFY_THRESHOLD = 6
      MIN_TREEIFY_CAPACITY = 64
      MIN_TRANSFER_STRIDE = 16
      RESIZE_STAMP_BITS = 16
      MAX_RESIZERS = 65535
      RESIZE_STAMP_SHIFT = 16
      MOVED = -1
      TREEBIN = -2
      RESERVED = -3
      HASH_BITS = 2147483647
      NCPU = 4
      serialPersistentFields = class java.io.ObjectStreamField[3]
      table = null
      nextTable = null
      baseCount = 0
      sizeCtl = 1024
      transferIndex = 0
      cellsBusy = 0
      counterCells = null
      keySet = null
      values = null
      entrySet = null
      U = class sun.misc.Unsafe@783caba2
      SIZECTL = 20
      TRANSFERINDEX = 32
      BASECOUNT = 24
      CELLSBUSY = 36
      CELLVALUE = 144
      ABASE = 16
      ASHIFT = 2
      keySet = null
      values = null
    _cacheSize = class java.util.concurrent.atomic.AtomicInteger@4999e5be
      serialVersionUID = 6214790243416807050
      unsafe = class sun.misc.Unsafe@783caba2
      valueOffset = 12
      value = 0
      serialVersionUID = -8742448824652078965
    vHostCompatFlag = false
    platformHelper = class com.ibm.ws.webcontainer.PlatformHelper@60ed4654
    isDefaultTempDir = true
    tempDir = null
    servletCachingInitNeeded = true
    appInstallBegun = false
    commands = class java.util.ArrayList@40f4da2f
      serialVersionUID = 8683452581122892189
      DEFAULT_CAPACITY = 10
      EMPTY_ELEMENTDATA = class java.lang.Object[0]
      DEFAULTCAPACITY_EMPTY_ELEMENTDATA = class java.lang.Object[0]
      elementData = class java.lang.Object[3]
      size = 0
      MAX_ARRAY_SIZE = 2147483639
      modCount = 0
      MAX_ARRAY_SIZE = 2147483639
    requestMapper = class com.ibm.ws.webcontainer.util.VirtualHostContextRootMapper@46c6639a
      cachedMappers = class java.util.Collections$SynchronizedMap@8819b29
      nls = class com.ibm.ejs.ras.TraceNLS@4881d9b3
      logger = class com.ibm.ws.logging.internal.WsLogger@64648bb2
      CLASS_NAME = "com.ibm.ws.webcontainer.util.VirtualHostContextRootMapper"
      CLASSNAME = "com.ibm.ws.util.VirtualHostMapper"
      tc = class com.ibm.ejs.ras.TraceComponent@654c9027
      vHostTable = class java.util.concurrent.ConcurrentHashMap@6d23077
    parent = null
    name = "Was.webcontainer"
    isAlive = true
    subElements = null
    attributes = null
    config = null
    serialVersionUID = -8271459000149267764
    $$$tc$$$ = class com.ibm.websphere.ras.TraceComponent@7ac3bef8
      strings[0] = "TraceComponent[com.ibm.ws.container.AbstractContainer,class com.ibm.ws.container.AbstractContainer,[],null,null]"

