------Start of DE processing------ = [04.11.21 21:13:32:083 MEZ]
Exception = org.springframework.web.util.NestedServletException
Source = com.ibm.ws.webcontainer.filter.FilterInstanceWrapper.doFilter
probeid = 144
Stack Dump = org.springframework.web.util.NestedServletException: Request processing failed; nested exception is org.hibernate.hql.internal.ast.QuerySyntaxException: unexpected token: . near line 1, column 162 [FROM at.erp.light.view.model.Person p left join fetch p.lastEditor left join fetch p.address left join fetch city left join fetch country left join fetch WHERE p.active=1 ORDER BY p.lastName, p.firstName]
	at org.springframework.web.servlet.FrameworkServlet.processRequest(FrameworkServlet.java:978)
	at org.springframework.web.servlet.FrameworkServlet.doPost(FrameworkServlet.java:868)
	at javax.servlet.http.HttpServlet.service(HttpServlet.java:595)
	at org.springframework.web.servlet.FrameworkServlet.service(FrameworkServlet.java:842)
	at javax.servlet.http.HttpServlet.service(HttpServlet.java:668)
	at com.ibm.ws.webcontainer.servlet.ServletWrapper.service(ServletWrapper.java:1275)
	at com.ibm.ws.webcontainer.servlet.ServletWrapper.handleRequest(ServletWrapper.java:766)
	at com.ibm.ws.webcontainer.servlet.ServletWrapper.handleRequest(ServletWrapper.java:472)
	at com.ibm.ws.webcontainer.filter.WebAppFilterChain.invokeTarget(WebAppFilterChain.java:135)
	at com.ibm.ws.webcontainer.filter.WebAppFilterChain.doFilter(WebAppFilterChain.java:89)
	at at.erp.light.view.filter.SecurityFilter.doFilter(SecurityFilter.java:72)
	at com.ibm.ws.webcontainer.filter.FilterInstanceWrapper.doFilter(FilterInstanceWrapper.java:192)
	at com.ibm.ws.webcontainer.filter.WebAppFilterChain.doFilter(WebAppFilterChain.java:86)
	at com.ibm.ws.webcontainer.filter.WebAppFilterManager.doFilter(WebAppFilterManager.java:975)
	at com.ibm.ws.webcontainer.filter.WebAppFilterManager.invokeFilters(WebAppFilterManager.java:1097)
	at com.ibm.ws.webcontainer.webapp.WebApp.handleRequest(WebApp.java:4797)
	at com.ibm.ws.webcontainer.osgi.DynamicVirtualHost$2.handleRequest(DynamicVirtualHost.java:297)
	at com.ibm.ws.webcontainer.WebContainer.handleRequest(WebContainer.java:981)
	at com.ibm.ws.webcontainer.osgi.DynamicVirtualHost$2.run(DynamicVirtualHost.java:262)
	at com.ibm.ws.http.dispatcher.internal.channel.HttpDispatcherLink$TaskWrapper.run(HttpDispatcherLink.java:938)
	at java.util.concurrent.ThreadPoolExecutor.runWorker(ThreadPoolExecutor.java:1149)
	at java.util.concurrent.ThreadPoolExecutor$Worker.run(ThreadPoolExecutor.java:624)
	at java.lang.Thread.run(Thread.java:748)
Caused by: org.hibernate.hql.internal.ast.QuerySyntaxException: unexpected token: . near line 1, column 162 [FROM at.erp.light.view.model.Person p left join fetch p.lastEditor left join fetch p.address left join fetch city left join fetch country left join fetch WHERE p.active=1 ORDER BY p.lastName, p.firstName]
	at org.hibernate.hql.internal.ast.QuerySyntaxException.convert(QuerySyntaxException.java:54)
	at org.hibernate.hql.internal.ast.QuerySyntaxException.convert(QuerySyntaxException.java:47)
	at org.hibernate.hql.internal.ast.ErrorCounter.throwQueryException(ErrorCounter.java:79)
	at org.hibernate.hql.internal.ast.QueryTranslatorImpl.parse(QueryTranslatorImpl.java:278)
	at org.hibernate.hql.internal.ast.QueryTranslatorImpl.doCompile(QueryTranslatorImpl.java:182)
	at org.hibernate.hql.internal.ast.QueryTranslatorImpl.compile(QueryTranslatorImpl.java:138)
	at org.hibernate.engine.query.spi.HQLQueryPlan.<init>(HQLQueryPlan.java:104)
	at org.hibernate.engine.query.spi.HQLQueryPlan.<init>(HQLQueryPlan.java:79)
	at org.hibernate.engine.query.spi.QueryPlanCache.getHQLQueryPlan(QueryPlanCache.java:168)
	at org.hibernate.internal.AbstractSessionImpl.getHQLQueryPlan(AbstractSessionImpl.java:222)
	at org.hibernate.internal.AbstractSessionImpl.createQuery(AbstractSessionImpl.java:200)
	at org.hibernate.internal.SessionImpl.createQuery(SessionImpl.java:1703)
	at at.erp.light.view.services.DataBaseService.getAllActivePersons(DataBaseService.java:102)
	at sun.reflect.NativeMethodAccessorImpl.invoke0(Native Method)
	at sun.reflect.NativeMethodAccessorImpl.invoke(NativeMethodAccessorImpl.java:62)
	at sun.reflect.DelegatingMethodAccessorImpl.invoke(DelegatingMethodAccessorImpl.java:43)
	at java.lang.reflect.Method.invoke(Method.java:498)
	at org.springframework.aop.support.AopUtils.invokeJoinpointUsingReflection(AopUtils.java:317)
	at org.springframework.aop.framework.ReflectiveMethodInvocation.invokeJoinpoint(ReflectiveMethodInvocation.java:190)
	at org.springframework.aop.framework.ReflectiveMethodInvocation.proceed(ReflectiveMethodInvocation.java:157)
	at org.springframework.transaction.interceptor.TransactionInterceptor$1.proceedWithInvocation(TransactionInterceptor.java:98)
	at org.springframework.transaction.interceptor.TransactionAspectSupport.invokeWithinTransaction(TransactionAspectSupport.java:266)
	at org.springframework.transaction.interceptor.TransactionInterceptor.invoke(TransactionInterceptor.java:95)
	at org.springframework.aop.framework.ReflectiveMethodInvocation.proceed(ReflectiveMethodInvocation.java:179)
	at org.springframework.aop.framework.JdkDynamicAopProxy.invoke(JdkDynamicAopProxy.java:207)
	at com.sun.proxy.$Proxy40.getAllActivePersons(Unknown Source)
	at at.erp.light.view.controller.adressmanagement.PersonController.getAllActivePersons(PersonController.java:99)
	at sun.reflect.NativeMethodAccessorImpl.invoke0(Native Method)
	at sun.reflect.NativeMethodAccessorImpl.invoke(NativeMethodAccessorImpl.java:62)
	at sun.reflect.DelegatingMethodAccessorImpl.invoke(DelegatingMethodAccessorImpl.java:43)
	at java.lang.reflect.Method.invoke(Method.java:498)
	at org.springframework.web.method.support.InvocableHandlerMethod.invoke(InvocableHandlerMethod.java:215)
	at org.springframework.web.method.support.InvocableHandlerMethod.invokeForRequest(InvocableHandlerMethod.java:132)
	at org.springframework.web.servlet.mvc.method.annotation.ServletInvocableHandlerMethod.invokeAndHandle(ServletInvocableHandlerMethod.java:104)
	at org.springframework.web.servlet.mvc.method.annotation.RequestMappingHandlerAdapter.invokeHandleMethod(RequestMappingHandlerAdapter.java:781)
	at org.springframework.web.servlet.mvc.method.annotation.RequestMappingHandlerAdapter.handleInternal(RequestMappingHandlerAdapter.java:721)
	at org.springframework.web.servlet.mvc.method.AbstractHandlerMethodAdapter.handle(AbstractHandlerMethodAdapter.java:83)
	at org.springframework.web.servlet.DispatcherServlet.doDispatch(DispatcherServlet.java:943)
	at org.springframework.web.servlet.DispatcherServlet.doService(DispatcherServlet.java:877)
	at org.springframework.web.servlet.FrameworkServlet.processRequest(FrameworkServlet.java:966)
	... 22 more

Dump of callerThis
Object type = com.ibm.ws.webcontainer.filter.FilterInstanceWrapper
  FILTER_STATE_UNINITIALIZED = 0
  FILTER_STATE_INITIALIZING = 1
  FILTER_STATE_AVAILABLE = 2
  FILTER_STATE_DESTROYING = 3
  FILTER_STATE_DESTROYED = 4
  FILTER_STATE_UNAVAILABLE = 5
  _filterName = "SecurityFilter"
  _filterInstance = class at.erp.light.view.filter.SecurityFilter@6638677f
  _filterState = 2
  nServicing = class java.util.concurrent.atomic.AtomicInteger@4111969d
    serialVersionUID = 6214790243416807050
    unsafe = class sun.misc.Unsafe@67898aa1
      theUnsafe = class sun.misc.Unsafe@67898aa1
      INVALID_FIELD_OFFSET = -1
      ARRAY_BOOLEAN_BASE_OFFSET = 16
      ARRAY_BYTE_BASE_OFFSET = 16
      ARRAY_SHORT_BASE_OFFSET = 16
      ARRAY_CHAR_BASE_OFFSET = 16
      ARRAY_INT_BASE_OFFSET = 16
      ARRAY_LONG_BASE_OFFSET = 16
      ARRAY_FLOAT_BASE_OFFSET = 16
      ARRAY_DOUBLE_BASE_OFFSET = 16
      ARRAY_OBJECT_BASE_OFFSET = 16
      ARRAY_BOOLEAN_INDEX_SCALE = 1
      ARRAY_BYTE_INDEX_SCALE = 1
      ARRAY_SHORT_INDEX_SCALE = 2
      ARRAY_CHAR_INDEX_SCALE = 2
      ARRAY_INT_INDEX_SCALE = 4
      ARRAY_LONG_INDEX_SCALE = 8
      ARRAY_FLOAT_INDEX_SCALE = 4
      ARRAY_DOUBLE_INDEX_SCALE = 8
      ARRAY_OBJECT_INDEX_SCALE = 4
      ADDRESS_SIZE = 8
    valueOffset = 12
    value = 0
    serialVersionUID = -8742448824652078965
  logger = class com.ibm.ws.logging.internal.WsLogger@26089f1d
    tc = class com.ibm.websphere.ras.TraceComponent@a91f790
      strings[0] = "TraceComponent[com.ibm.ws.logging.internal.WsLogger,class com.ibm.ws.logging.internal.WsLogger,[logging],com.ibm.ws.logging.internal.resources.LoggingMessages,null]"
    ivCachedResourceBundleName = null
    ivCachedResourceBundle = null
    ivComponent = null
    ivOrganization = null
    ivProduct = null
    ivMinimumLocalizationLevelIntValue = 625
    ivGroupName = null
    ivTC = class com.ibm.websphere.ras.TraceComponent@a84e0f6
      strings[0] = "TraceComponent[com.ibm.ws.webcontainer.filter,class com.ibm.wsspi.webcontainer.logging.LoggerFactory$1,[com.ibm.ws.webcontainer.filter],null,null]"
    loggerRegistrationComponent = class java.lang.ThreadLocal@18ef3898
      threadLocalHashCode = 696468823
      nextHashCode = class java.util.concurrent.atomic.AtomicInteger@1c715952
      HASH_INCREMENT = 1640531527
    emptyHandlers = class java.util.logging.Handler[0]
    offValue = 2147483647
    SYSTEM_LOGGER_RB_NAME = "sun.util.logging.resources.logging"
    SYSTEM_BUNDLE = class java.util.logging.Logger$LoggerBundle@5418edaf
      resourceBundleName = "sun.util.logging.resources.logging"
      userBundle = null
    NO_RESOURCE_BUNDLE = class java.util.logging.Logger$LoggerBundle@5308a50d
      resourceBundleName = null
      userBundle = null
    manager = class com.ibm.ws.kernel.boot.logging.WsLogManager@32426c0c
      CLASS_NAME = "com.ibm.ws.kernel.boot.logging.WsLogManager"
      CONFIGURE_BY_SERVER_PROPERTY_NAME = "java.util.logging.configureByServer"
      CONFIGURE_BY_LOGGING_PROPERTIES_FILE = "java.util.logging.configureByLoggingPropertiesFile"
      configureByServer = true
      configureByLoggingProperties = false
      wsLogger = class java.lang.reflect.Constructor@4bedda4e
      resetEnabled = true
      manager = class com.ibm.ws.kernel.boot.logging.WsLogManager@32426c0c
      props = class java.util.Properties@996fe0e
      defaultLevel = class java.util.logging.Level@6f332a32
      listenerMap = class java.util.HashMap@124df127
      systemContext = class java.util.logging.LogManager$SystemLoggerContext@37d7768a
      userContext = class java.util.logging.LogManager$LoggerContext@2effda98
      rootLogger = class java.util.logging.LogManager$RootLogger@34c3d8fc
      readPrimordialConfiguration = true
      initializedGlobalHandlers = true
      deathImminent = false
      initializedCalled = true
      initializationDone = true
      contextsMap = null
      loggerRefQueue = class java.lang.ref.ReferenceQueue@10a727c7
      MAX_ITERATIONS = 400
      controlPermission = class java.util.logging.LoggingPermission@6d9e383d
      loggingMXBean = null
      LOGGING_MXBEAN_NAME = "java.util.logging:type=Logging"
      $assertionsDisabled = true
    name = "com.ibm.ws.webcontainer.filter"
    handlers = class java.util.concurrent.CopyOnWriteArrayList@574d5c0c
      serialVersionUID = 8673264195747942595
      lock = class java.util.concurrent.locks.ReentrantLock@471242bf
      array = class java.lang.Object[0]
      UNSAFE = class sun.misc.Unsafe@67898aa1
      lockOffset = 12
    loggerBundle = class java.util.logging.Logger$LoggerBundle@442ba6df
      resourceBundleName = "com.ibm.ws.webcontainer.resources.Messages"
      userBundle = null
    useParentHandlers = true
    filter = null
    anonymous = false
    catalog = class com.ibm.ws.webcontainer.resources.Messages_de@529d539a
      resources = class [Ljava.lang.Object;[330]
      lookup = null
      INITIAL_CACHE_SIZE = 32
      NONEXISTENT_BUNDLE = class java.util.ResourceBundle$1@31c28de4
      cacheList = class java.util.concurrent.ConcurrentHashMap@9163788
      referenceQueue = class java.lang.ref.ReferenceQueue@4cd9a5d1
      parent = class com.ibm.ws.webcontainer.resources.Messages@ef9d1e
      locale = class java.util.Locale@25e79d4a
      name = "com.ibm.ws.webcontainer.resources.Messages"
      expired = false
      cacheKey = class java.util.ResourceBundle$CacheKey@1d755409
      keySet = null
      providers = null
      $assertionsDisabled = true
    catalogName = "com.ibm.ws.webcontainer.resources.Messages"
    catalogLocale = class java.util.Locale@731e77c9
      LOCALECACHE = class java.util.Locale$Cache@5434f403
      ENGLISH = class java.util.Locale@77339db1
      FRENCH = class java.util.Locale@7c019aff
      GERMAN = class java.util.Locale@25e79d4a
      ITALIAN = class java.util.Locale@4799a9d4
      JAPANESE = class java.util.Locale@347ed9c8
      KOREAN = class java.util.Locale@5f4b14e3
      CHINESE = class java.util.Locale@2f6dbb97
      SIMPLIFIED_CHINESE = class java.util.Locale@253060a7
      TRADITIONAL_CHINESE = class java.util.Locale@67425d50
      FRANCE = class java.util.Locale@6029b157
      GERMANY = class java.util.Locale@22da1fc6
      ITALY = class java.util.Locale@4c96662
      JAPAN = class java.util.Locale@71140376
      KOREA = class java.util.Locale@5c1ab70a
      CHINA = class java.util.Locale@253060a7
      PRC = class java.util.Locale@253060a7
      TAIWAN = class java.util.Locale@67425d50
      UK = class java.util.Locale@2e4cb760
      US = class java.util.Locale@61793ebd
      CANADA = class java.util.Locale@30279e57
      CANADA_FRENCH = class java.util.Locale@390ccdbe
      ROOT = class java.util.Locale@72b08a48
      PRIVATE_USE_EXTENSION = x
      UNICODE_LOCALE_EXTENSION = u
      serialVersionUID = 9149081749638150636
      DISPLAY_LANGUAGE = 0
      DISPLAY_COUNTRY = 1
      DISPLAY_VARIANT = 2
      DISPLAY_SCRIPT = 3
      baseLocale = class sun.util.locale.BaseLocale@5a14de75
      localeExtensions = null
      hashCodeValue = 95426060
      defaultLocale = class java.util.Locale@731e77c9
      defaultDisplayLocale = null
      defaultFormatLocale = class java.util.Locale@731e77c9
      languageTag = "de-AT"
      serialPersistentFields = class java.io.ObjectStreamField[6]
      isoLanguages = null
      isoCountries = null
      $assertionsDisabled = true
    treeLock = class java.lang.Object@4e0ef89a
    parent = class com.ibm.ws.logging.internal.WsLogger@578ab2da
      tc = class com.ibm.websphere.ras.TraceComponent@a91f790
      ivCachedResourceBundleName = "com.ibm.ws.webcontainer.resources.Messages"
      ivCachedResourceBundle = class com.ibm.ws.webcontainer.resources.Messages_de@4f8809bc
      ivComponent = null
      ivOrganization = null
      ivProduct = null
      ivMinimumLocalizationLevelIntValue = 625
      ivGroupName = null
      ivTC = class com.ibm.websphere.ras.TraceComponent@48b770ec
      loggerRegistrationComponent = class java.lang.ThreadLocal@18ef3898
      emptyHandlers = class java.util.logging.Handler[0]
      offValue = 2147483647
      SYSTEM_LOGGER_RB_NAME = "sun.util.logging.resources.logging"
      SYSTEM_BUNDLE = class java.util.logging.Logger$LoggerBundle@5418edaf
      NO_RESOURCE_BUNDLE = class java.util.logging.Logger$LoggerBundle@5308a50d
      manager = class com.ibm.ws.kernel.boot.logging.WsLogManager@32426c0c
      name = "com.ibm.ws.webcontainer"
      handlers = class java.util.concurrent.CopyOnWriteArrayList@61717022
      loggerBundle = class java.util.logging.Logger$LoggerBundle@310a5d8e
      useParentHandlers = true
      filter = null
      anonymous = false
      catalog = class com.ibm.ws.webcontainer.resources.Messages_de@4f8809bc
      catalogName = "com.ibm.ws.webcontainer.resources.Messages"
      catalogLocale = class java.util.Locale@731e77c9
      treeLock = class java.lang.Object@4e0ef89a
      parent = class java.util.logging.Logger@183acd77
      kids = class java.util.ArrayList@4f9419d
      levelObject = class java.util.logging.Level@6f332a32
      levelValue = 800
      callersClassLoaderRef = class java.lang.ref.WeakReference@6e63c140
      isSystemLogger = false
      GLOBAL_LOGGER_NAME = "global"
      global = class java.util.logging.Logger@56605762
      $assertionsDisabled = true
    kids = null
    levelObject = class java.util.logging.Level@6f332a32
      defaultBundle = "sun.util.logging.resources.logging"
      name = "INFO"
      value = 800
      resourceBundleName = "sun.util.logging.resources.logging"
      localizedLevelName = "INFORMATION"
      cachedLocale = class java.util.Locale@731e77c9
      OFF = class java.util.logging.Level@18bc6184
      SEVERE = class java.util.logging.Level@63e8e200
      WARNING = class java.util.logging.Level@f1a4e10
      INFO = class java.util.logging.Level@6f332a32
      CONFIG = class java.util.logging.Level@37be54a4
      FINE = class java.util.logging.Level@4cf5a396
      FINER = class java.util.logging.Level@68a9a0ea
      FINEST = class java.util.logging.Level@351e0921
      ALL = class java.util.logging.Level@70c07052
      serialVersionUID = -8176160795706313070
    levelValue = 800
    callersClassLoaderRef = class java.lang.ref.WeakReference@6f93b822
      referent = class org.eclipse.osgi.internal.loader.EquinoxClassLoader@22cbc58b
      queue = class java.lang.ref.ReferenceQueue$Null@106523f7
      next = null
      discovered = null
      lock = class java.lang.ref.Reference$Lock@53f133ed
      pending = null
    isSystemLogger = false
    GLOBAL_LOGGER_NAME = "global"
    global = class java.util.logging.Logger@56605762
      emptyHandlers = class java.util.logging.Handler[0]
      offValue = 2147483647
      SYSTEM_LOGGER_RB_NAME = "sun.util.logging.resources.logging"
      SYSTEM_BUNDLE = class java.util.logging.Logger$LoggerBundle@5418edaf
      NO_RESOURCE_BUNDLE = class java.util.logging.Logger$LoggerBundle@5308a50d
      manager = class com.ibm.ws.kernel.boot.logging.WsLogManager@32426c0c
      name = "global"
      handlers = class java.util.concurrent.CopyOnWriteArrayList@114884cf
      loggerBundle = class java.util.logging.Logger$LoggerBundle@5308a50d
      useParentHandlers = true
      filter = null
      anonymous = false
      catalog = null
      catalogName = null
      catalogLocale = null
      treeLock = class java.lang.Object@4e0ef89a
      parent = class java.util.logging.LogManager$RootLogger@34c3d8fc
      kids = null
      levelObject = null
      levelValue = 800
      callersClassLoaderRef = null
      isSystemLogger = true
      GLOBAL_LOGGER_NAME = "global"
      global = class java.util.logging.Logger@56605762
      $assertionsDisabled = true
    $assertionsDisabled = true
  CLASS_NAME = "com.ibm.ws.webcontainer.filter.FilterInstanceWrapper"
  _filterEvent = null
  _filterConfig = class com.ibm.ws.webcontainer.filter.FilterConfig@90c88b0
    dispatchMode = null
    filterClassLoader = null
    isInternal = false
    webAppConfig = class com.ibm.ws.webcontainer.osgi.webapp.WebAppConfiguration@193fad3f
      webModuleMetaData = class com.ibm.ws.webcontainer.osgi.metadata.WebModuleMetaDataImpl@6be08f83
      webComponentMetaData = class com.ibm.ws.webcontainer.osgi.metadata.WebComponentMetaDataImpl@42e9971f
      dVirtualHost = class com.ibm.ws.webcontainer.osgi.DynamicVirtualHost@46abdcb9
      orderedLibPaths = class java.util.Collections$UnmodifiableRandomAccessList@7836853f
      bundleHeaders = null
      cdiEnabled = false
      CLASS_NAME = "com.ibm.ws.webcontainer.webapp.WebAppConfiguration"
      logger = class com.ibm.ws.logging.internal.WsLogger@2b92d036
      tc = class com.ibm.websphere.ras.TraceComponent@13e3ae1e
      nls = class com.ibm.ejs.ras.TraceNLS@6a69cc48
      version = 25
      contextRoot = "/ERP-light"
      sessionTimeout = 0
      moduleSessionTimeoutSet = false
      moduleSessionTrackingModeSet = false
      sessionCookieConfig = class com.ibm.ws.session.SessionCookieConfigImpl@6436ef75
      hasProgrammaticCookieConfig = false
      sessionDefaultTrackingModeSet = class java.util.RegularEnumSet@7ce0a95e
      sessionManagerConfig = class com.ibm.ws.session.SessionManagerConfig@2f962c82
      displayName = "ERP-light VIEW"
      description = null
      reloadInterval = 0
      distributable = false
      denyUncoveredHttpMethods = false
      reloadingEnabled = false
      serveServletsByClassnameEnabled = null
      defaultErrorPage = null
      additionalClassPath = null
      fileServingEnabled = null
      directoryBrowsingEnabled = false
      autoRequestEncoding = false
      autoResponseEncoding = false
      autoLoadFilters = false
      requestListeners = null
      requestAttributeListeners = null
      sessionListeners = null
      localeMap = null
      moduleName = "ERP-light-0.0.1-SNAPSHOT"
      j2eeModuleName = "ERP-light-0.0.1-SNAPSHOT.war"
      moduleId = null
      isSyncToThreadEnabled = false
      isSystemApp = false
      ardEnabled = false
      ardDispatchType = null
      listeners = class java.util.ArrayList@b39aeb4
      welcomeFileList = class java.util.ArrayList@5827b5e1
      servletMappings = class java.util.HashMap@21f45de2
      lastIndexBeforeDeclaredFilters = 0
      filterMappings = class java.util.ArrayList@3f988762
      servletInfo = class java.util.HashMap@7992c22b
      filterInfo = class java.util.HashMap@1cfff845
      mimeMappings = class java.util.HashMap@1fe7bd75
      mimeFilters = null
      isMimeFilteringEnabled = false
      theWebGroup = null
      jspAttributes = class java.util.HashMap@64bf9a7c
      fileServingAttributes = class java.util.HashMap@bd38f5a
      invokerAttributes = class java.util.HashMap@688d73b5
      contextParams = class java.util.HashMap@4a2377c4
      virtualHost = "default_host"
      exceptionErrorPages = class java.util.HashMap@52d76886
      codeErrorPages = class java.util.HashMap@456984d9
      tagLibList = null
      precompileJsps = false
      webApp = class com.ibm.ws.webcontainer.osgi.webapp.WebApp@7c822ea5
      virtualHostList = class java.util.Collections$EmptyList@46fa571a
      appStartupWeight = 0
      moduleStartupWeight = 0
      metaDataComplete = false
      classesToScan = class java.util.ArrayList@17369556
      uriFilterMappingInfos = class java.util.ArrayList@7ecc5c6e
      servletFilterMappingInfos = null
      dynamicServletRegistrationMap = null
      applicationName = "ERP-light"
      libBinPathList = null
      webXmlDefinedListeners = class java.util.HashSet@770a5022
      serviceRefs = class java.util.ArrayList@63dc8b5e
      resourceRefs = class java.util.ArrayList@40e33e56
      resourceRefBindings = class java.util.HashMap@5cd02508
      resourceRefConfigList = null
      resourceEnvRefs = class java.util.ArrayList@79fef5f0
      resourceEnvRefBindings = class java.util.HashMap@7eff07ea
      messageDestRefs = class java.util.ArrayList@273787ed
      messageDestRefBindings = class java.util.HashMap@7a921e66
      envEntries = class java.util.ArrayList@744d35b1
      envEntryValues = class java.util.HashMap@728bbc85
      envEntryBindings = class java.util.HashMap@691845d6
      dataSources = class java.util.ArrayList@39307bd
      dataSourceBindings = class java.util.HashMap@1eee4ac3
      persistenceUnitRefs = class java.util.ArrayList@312eb20f
      persistenceContextRefs = class java.util.ArrayList@1ab36709
      ejbRefs = class java.util.ArrayList@106250d
      ejbLocalRefs = class java.util.ArrayList@6dd2cfbc
      ejbRefBindings = class java.util.HashMap@29a8b6c3
      disallowAllFileServingProp = "false"
      disallowServeServletsByClassnameProp = "false"
      disableStaticMappingCache = false
      _id = "WebAppGeneratedId1"
      _attributes = null
      serialVersionUID = 7511545662945734886
      $$$tc$$$ = class com.ibm.websphere.ras.TraceComponent@2d09e9ab
    filter = null
    filterClass = null
    urlPatternMappings = class java.util.ArrayList@145e8b0
      serialVersionUID = 8683452581122892189
      DEFAULT_CAPACITY = 10
      EMPTY_ELEMENTDATA = class java.lang.Object[0]
      DEFAULTCAPACITY_EMPTY_ELEMENTDATA = class java.lang.Object[0]
      elementData = class java.lang.Object[10]
      size = 2
      MAX_ARRAY_SIZE = 2147483639
      modCount = 2
      MAX_ARRAY_SIZE = 2147483639
    servletNameMappings = null
    nls = class com.ibm.ejs.ras.TraceNLS@29140bc8
      resolver = class com.ibm.ws.logging.internal.TraceNLSResolver@2a2f04ac
      finder = null
      ivBundleName = "com.ibm.ws.webcontainer.resources.Messages"
      caller = class java.lang.Class@2c00d184
    logger = class com.ibm.ws.logging.internal.WsLogger@7c07ab63
      tc = class com.ibm.websphere.ras.TraceComponent@a91f790
      ivCachedResourceBundleName = "com.ibm.ws.webcontainer.resources.Messages"
      ivCachedResourceBundle = class com.ibm.ws.webcontainer.resources.Messages_de@4f8809bc
      ivComponent = null
      ivOrganization = null
      ivProduct = null
      ivMinimumLocalizationLevelIntValue = 625
      ivGroupName = null
      ivTC = class com.ibm.websphere.ras.TraceComponent@33eb21a3
      loggerRegistrationComponent = class java.lang.ThreadLocal@18ef3898
      emptyHandlers = class java.util.logging.Handler[0]
      offValue = 2147483647
      SYSTEM_LOGGER_RB_NAME = "sun.util.logging.resources.logging"
      SYSTEM_BUNDLE = class java.util.logging.Logger$LoggerBundle@5418edaf
      NO_RESOURCE_BUNDLE = class java.util.logging.Logger$LoggerBundle@5308a50d
      manager = class com.ibm.ws.kernel.boot.logging.WsLogManager@32426c0c
      name = "com.ibm.ws.webcontainer.servlet"
      handlers = class java.util.concurrent.CopyOnWriteArrayList@5787b8d3
      loggerBundle = class java.util.logging.Logger$LoggerBundle@17cdba5a
      useParentHandlers = true
      filter = null
      anonymous = false
      catalog = class com.ibm.ws.webcontainer.resources.Messages_de@4f8809bc
      catalogName = "com.ibm.ws.webcontainer.resources.Messages"
      catalogLocale = class java.util.Locale@731e77c9
      treeLock = class java.lang.Object@4e0ef89a
      parent = class com.ibm.ws.logging.internal.WsLogger@578ab2da
      kids = null
      levelObject = class java.util.logging.Level@6f332a32
      levelValue = 800
      callersClassLoaderRef = class java.lang.ref.WeakReference@6de3181e
      isSystemLogger = false
      GLOBAL_LOGGER_NAME = "global"
      global = class java.util.logging.Logger@56605762
      $assertionsDisabled = true
    CLASS_NAME = "com.ibm.ws.webcontainer.servlet.TargetConfig"
    initParams = null
    fileName = null
    displayName = "FilterGeneratedId2"
    name = "SecurityFilter"
    description = null
    smallIcon = null
    largeIcon = null
    context = class com.ibm.wsspi.webcontainer.facade.ServletContextFacade@122f1890
      context = class com.ibm.ws.webcontainer.osgi.webapp.WebApp@7c822ea5
    className = "at.erp.light.view.filter.SecurityFilter"
    asyncSupported = false
    _id = "FilterGeneratedId2"
    _attributes = null
    serialVersionUID = 7511545662945734886
    $$$tc$$$ = class com.ibm.websphere.ras.TraceComponent@2d09e9ab
      strings[0] = "TraceComponent[com.ibm.ws.container.BaseConfiguration,class com.ibm.ws.container.BaseConfiguration,[],null,null]"
  _eventSource = class com.ibm.ws.webcontainer.webapp.WebAppEventSource@bf21a95
    _invocationListeners = class com.ibm.ws.webcontainer.util.EventListeners@7dfe6f5b
      EMPTY_LISTENERS = interface java.util.EventListener[0]
      logger = class com.ibm.ws.logging.internal.WsLogger@2297035c
      CLASS_NAME = "com.ibm.ws.webcontainer.util.EventListeners"
      listeners = interface java.util.EventListener[0]
    _servletListeners = class com.ibm.ws.webcontainer.util.EventListeners@828bb12
      EMPTY_LISTENERS = interface java.util.EventListener[0]
      logger = class com.ibm.ws.logging.internal.WsLogger@2297035c
      CLASS_NAME = "com.ibm.ws.webcontainer.util.EventListeners"
      listeners = interface java.util.EventListener[0]
    _errorListeners = class com.ibm.ws.webcontainer.util.EventListeners@66c0b2d4
      EMPTY_LISTENERS = interface java.util.EventListener[0]
      logger = class com.ibm.ws.logging.internal.WsLogger@2297035c
      CLASS_NAME = "com.ibm.ws.webcontainer.util.EventListeners"
      listeners = interface java.util.EventListener[0]
    _applicationListeners = class com.ibm.ws.webcontainer.util.EventListeners@3950ab5e
      EMPTY_LISTENERS = interface java.util.EventListener[0]
      logger = class com.ibm.ws.logging.internal.WsLogger@2297035c
      CLASS_NAME = "com.ibm.ws.webcontainer.util.EventListeners"
      listeners = interface java.util.EventListener[0]
    _filterInvocationListeners = class com.ibm.ws.webcontainer.util.EventListeners@37da8f98
      EMPTY_LISTENERS = interface java.util.EventListener[0]
      logger = class com.ibm.ws.logging.internal.WsLogger@2297035c
      CLASS_NAME = "com.ibm.ws.webcontainer.util.EventListeners"
      listeners = interface java.util.EventListener[0]
    _filterListeners = class com.ibm.ws.webcontainer.util.EventListeners@7a67425a
      EMPTY_LISTENERS = interface java.util.EventListener[0]
      logger = class com.ibm.ws.logging.internal.WsLogger@2297035c
      CLASS_NAME = "com.ibm.ws.webcontainer.util.EventListeners"
      listeners = interface java.util.EventListener[0]
    _filterErrorListeners = class com.ibm.ws.webcontainer.util.EventListeners@19d219d0
      EMPTY_LISTENERS = interface java.util.EventListener[0]
      logger = class com.ibm.ws.logging.internal.WsLogger@2297035c
      CLASS_NAME = "com.ibm.ws.webcontainer.util.EventListeners"
      listeners = interface java.util.EventListener[0]
  _managedObject = class com.ibm.ws.managedobject.internal.ManagedObjectImpl@2033dae4
    serialVersionUID = 2312695316196219051
    object = "<sensitive at.erp.light.view.filter.SecurityFilter@6638677f>"
    $$$tc$$$ = class com.ibm.websphere.ras.TraceComponent@4a50c711
      strings[0] = "TraceComponent[com.ibm.ws.managedobject.internal.ManagedObjectImpl,class com.ibm.ws.managedobject.internal.ManagedObjectImpl,[],null,null]"

