------Start of DE processing------ = [17.12.23 22:23:52:865 MEZ]
Exception = org.springframework.beans.factory.BeanCreationException
Source = com.ibm.ws.webcontainer.servlet.ServletWrapper.init
probeid = 181
Stack Dump = org.springframework.beans.factory.BeanCreationException: Error creating bean with name 'adminController': Injection of autowired dependencies failed; nested exception is org.springframework.beans.factory.BeanCreationException: Could not autowire field: private at.erp.light.view.services.IDataBase at.erp.light.view.controller.administration.AdminController.dataBaseService; nested exception is org.springframework.beans.factory.BeanCreationException: Error creating bean with name 'dataBaseService' defined in ServletContext resource [/WEB-INF/erp-light-servlet.xml]: Cannot resolve reference to bean 'sessionFactory' while setting constructor argument; nested exception is org.springframework.beans.factory.BeanCreationException: Error creating bean with name 'sessionFactory' defined in ServletContext resource [/WEB-INF/erp-light-servlet.xml]: Invocation of init method failed; nested exception is java.io.FileNotFoundException: class path resource [hibernate.cfg.xml] cannot be resolved to URL because it does not exist
	at org.springframework.beans.factory.annotation.AutowiredAnnotationBeanPostProcessor.postProcessPropertyValues(AutowiredAnnotationBeanPostProcessor.java:334)
	at org.springframework.beans.factory.support.AbstractAutowireCapableBeanFactory.populateBean(AbstractAutowireCapableBeanFactory.java:1204)
	at org.springframework.beans.factory.support.AbstractAutowireCapableBeanFactory.doCreateBean(AbstractAutowireCapableBeanFactory.java:538)
	at org.springframework.beans.factory.support.AbstractAutowireCapableBeanFactory.createBean(AbstractAutowireCapableBeanFactory.java:476)
	at org.springframework.beans.factory.support.AbstractBeanFactory$1.getObject(AbstractBeanFactory.java:302)
	at org.springframework.beans.factory.support.DefaultSingletonBeanRegistry.getSingleton(DefaultSingletonBeanRegistry.java:229)
	at org.springframework.beans.factory.support.AbstractBeanFactory.doGetBean(AbstractBeanFactory.java:298)
	at org.springframework.beans.factory.support.AbstractBeanFactory.getBean(AbstractBeanFactory.java:193)
	at org.springframework.beans.factory.support.DefaultListableBeanFactory.preInstantiateSingletons(DefaultListableBeanFactory.java:725)
	at org.springframework.context.support.AbstractApplicationContext.finishBeanFactoryInitialization(AbstractApplicationContext.java:757)
	at org.springframework.context.support.AbstractApplicationContext.refresh(AbstractApplicationContext.java:480)
	at org.springframework.web.servlet.FrameworkServlet.configureAndRefreshWebApplicationContext(FrameworkServlet.java:663)
	at org.springframework.web.servlet.FrameworkServlet.createWebApplicationContext(FrameworkServlet.java:629)
	at org.springframework.web.servlet.FrameworkServlet.createWebApplicationContext(FrameworkServlet.java:677)
	at org.springframework.web.servlet.FrameworkServlet.initWebApplicationContext(FrameworkServlet.java:548)
	at org.springframework.web.servlet.FrameworkServlet.initServletBean(FrameworkServlet.java:489)
	at org.springframework.web.servlet.HttpServletBean.init(HttpServletBean.java:136)
	at javax.servlet.GenericServlet.init(GenericServlet.java:161)
	at com.ibm.ws.webcontainer.servlet.ServletWrapper.init(ServletWrapper.java:329)
	at com.ibm.ws.webcontainer.servlet.ServletWrapper.loadOnStartupCheck(ServletWrapper.java:1411)
	at com.ibm.ws.webcontainer.webapp.WebApp.doLoadOnStartupActions(WebApp.java:1175)
	at com.ibm.ws.webcontainer.webapp.WebApp.commonInitializationFinally(WebApp.java:1143)
	at com.ibm.ws.webcontainer.webapp.WebApp.initialize(WebApp.java:1049)
	at com.ibm.ws.webcontainer.webapp.WebApp.initialize(WebApp.java:6342)
	at com.ibm.ws.webcontainer.osgi.DynamicVirtualHost.startWebApp(DynamicVirtualHost.java:446)
	at com.ibm.ws.webcontainer.osgi.DynamicVirtualHost.startWebApplication(DynamicVirtualHost.java:441)
	at com.ibm.ws.webcontainer.osgi.WebContainer.startWebApplication(WebContainer.java:761)
	at com.ibm.ws.webcontainer.osgi.WebContainer.startModule(WebContainer.java:739)
	at com.ibm.ws.app.manager.web.internal.WebModuleHandlerImpl.deployModule(WebModuleHandlerImpl.java:106)
	at com.ibm.ws.app.manager.module.internal.DeployedAppInfoBase.deployModule(DeployedAppInfoBase.java:538)
	at com.ibm.ws.app.manager.module.internal.DeployedAppInfoBase.deployModules(DeployedAppInfoBase.java:457)
	at com.ibm.ws.app.manager.module.internal.DeployedAppInfoBase.deployApp(DeployedAppInfoBase.java:411)
	at com.ibm.ws.app.manager.war.internal.WARApplicationHandlerImpl.install(WARApplicationHandlerImpl.java:73)
	at com.ibm.ws.app.manager.internal.statemachine.StartAction.execute(StartAction.java:139)
	at com.ibm.ws.app.manager.internal.statemachine.ApplicationStateMachineImpl.enterState(ApplicationStateMachineImpl.java:1166)
	at com.ibm.ws.app.manager.internal.statemachine.ApplicationStateMachineImpl.run(ApplicationStateMachineImpl.java:779)
	at java.util.concurrent.ThreadPoolExecutor.runWorker(Unknown Source)
	at java.util.concurrent.ThreadPoolExecutor$Worker.run(Unknown Source)
	at java.lang.Thread.run(Unknown Source)
Caused by: org.springframework.beans.factory.BeanCreationException: Could not autowire field: private at.erp.light.view.services.IDataBase at.erp.light.view.controller.administration.AdminController.dataBaseService; nested exception is org.springframework.beans.factory.BeanCreationException: Error creating bean with name 'dataBaseService' defined in ServletContext resource [/WEB-INF/erp-light-servlet.xml]: Cannot resolve reference to bean 'sessionFactory' while setting constructor argument; nested exception is org.springframework.beans.factory.BeanCreationException: Error creating bean with name 'sessionFactory' defined in ServletContext resource [/WEB-INF/erp-light-servlet.xml]: Invocation of init method failed; nested exception is java.io.FileNotFoundException: class path resource [hibernate.cfg.xml] cannot be resolved to URL because it does not exist
	at org.springframework.beans.factory.annotation.AutowiredAnnotationBeanPostProcessor$AutowiredFieldElement.inject(AutowiredAnnotationBeanPostProcessor.java:555)
	at org.springframework.beans.factory.annotation.InjectionMetadata.inject(InjectionMetadata.java:87)
	at org.springframework.beans.factory.annotation.AutowiredAnnotationBeanPostProcessor.postProcessPropertyValues(AutowiredAnnotationBeanPostProcessor.java:331)
	... 38 more
Caused by: org.springframework.beans.factory.BeanCreationException: Error creating bean with name 'dataBaseService' defined in ServletContext resource [/WEB-INF/erp-light-servlet.xml]: Cannot resolve reference to bean 'sessionFactory' while setting constructor argument; nested exception is org.springframework.beans.factory.BeanCreationException: Error creating bean with name 'sessionFactory' defined in ServletContext resource [/WEB-INF/erp-light-servlet.xml]: Invocation of init method failed; nested exception is java.io.FileNotFoundException: class path resource [hibernate.cfg.xml] cannot be resolved to URL because it does not exist
	at org.springframework.beans.factory.support.BeanDefinitionValueResolver.resolveReference(BeanDefinitionValueResolver.java:336)
	at org.springframework.beans.factory.support.BeanDefinitionValueResolver.resolveValueIfNecessary(BeanDefinitionValueResolver.java:108)
	at org.springframework.beans.factory.support.ConstructorResolver.resolveConstructorArguments(ConstructorResolver.java:650)
	at org.springframework.beans.factory.support.ConstructorResolver.autowireConstructor(ConstructorResolver.java:140)
	at org.springframework.beans.factory.support.AbstractAutowireCapableBeanFactory.autowireConstructor(AbstractAutowireCapableBeanFactory.java:1133)
	at org.springframework.beans.factory.support.AbstractAutowireCapableBeanFactory.createBeanInstance(AbstractAutowireCapableBeanFactory.java:1036)
	at org.springframework.beans.factory.support.AbstractAutowireCapableBeanFactory.doCreateBean(AbstractAutowireCapableBeanFactory.java:505)
	at org.springframework.beans.factory.support.AbstractAutowireCapableBeanFactory.createBean(AbstractAutowireCapableBeanFactory.java:476)
	at org.springframework.beans.factory.support.AbstractBeanFactory$1.getObject(AbstractBeanFactory.java:302)
	at org.springframework.beans.factory.support.DefaultSingletonBeanRegistry.getSingleton(DefaultSingletonBeanRegistry.java:229)
	at org.springframework.beans.factory.support.AbstractBeanFactory.doGetBean(AbstractBeanFactory.java:298)
	at org.springframework.beans.factory.support.AbstractBeanFactory.getBean(AbstractBeanFactory.java:193)
	at org.springframework.beans.factory.support.DefaultListableBeanFactory.findAutowireCandidates(DefaultListableBeanFactory.java:1081)
	at org.springframework.beans.factory.support.DefaultListableBeanFactory.doResolveDependency(DefaultListableBeanFactory.java:1006)
	at org.springframework.beans.factory.support.DefaultListableBeanFactory.resolveDependency(DefaultListableBeanFactory.java:904)
	at org.springframework.beans.factory.annotation.AutowiredAnnotationBeanPostProcessor$AutowiredFieldElement.inject(AutowiredAnnotationBeanPostProcessor.java:527)
	... 40 more
Caused by: org.springframework.beans.factory.BeanCreationException: Error creating bean with name 'sessionFactory' defined in ServletContext resource [/WEB-INF/erp-light-servlet.xml]: Invocation of init method failed; nested exception is java.io.FileNotFoundException: class path resource [hibernate.cfg.xml] cannot be resolved to URL because it does not exist
	at org.springframework.beans.factory.support.AbstractAutowireCapableBeanFactory.initializeBean(AbstractAutowireCapableBeanFactory.java:1568)
	at org.springframework.beans.factory.support.AbstractAutowireCapableBeanFactory.doCreateBean(AbstractAutowireCapableBeanFactory.java:540)
	at org.springframework.beans.factory.support.AbstractAutowireCapableBeanFactory.createBean(AbstractAutowireCapableBeanFactory.java:476)
	at org.springframework.beans.factory.support.AbstractBeanFactory$1.getObject(AbstractBeanFactory.java:302)
	at org.springframework.beans.factory.support.DefaultSingletonBeanRegistry.getSingleton(DefaultSingletonBeanRegistry.java:229)
	at org.springframework.beans.factory.support.AbstractBeanFactory.doGetBean(AbstractBeanFactory.java:298)
	at org.springframework.beans.factory.support.AbstractBeanFactory.getBean(AbstractBeanFactory.java:193)
	at org.springframework.beans.factory.support.BeanDefinitionValueResolver.resolveReference(BeanDefinitionValueResolver.java:328)
	... 55 more
Caused by: java.io.FileNotFoundException: class path resource [hibernate.cfg.xml] cannot be resolved to URL because it does not exist
	at org.springframework.core.io.ClassPathResource.getURL(ClassPathResource.java:187)
	at org.springframework.orm.hibernate4.LocalSessionFactoryBean.afterPropertiesSet(LocalSessionFactoryBean.java:347)
	at org.springframework.beans.factory.support.AbstractAutowireCapableBeanFactory.invokeInitMethods(AbstractAutowireCapableBeanFactory.java:1627)
	at org.springframework.beans.factory.support.AbstractAutowireCapableBeanFactory.initializeBean(AbstractAutowireCapableBeanFactory.java:1564)
	... 62 more

Dump of callerThis
Object type = com.ibm.ws.webcontainer.osgi.servlet.ServletWrapper
  serialVersionUID = 1
  _mo = class com.ibm.ws.managedobject.internal.ManagedObjectImpl@2701c0fb
    serialVersionUID = 2312695316196219051
    object = "<sensitive org.springframework.web.servlet.DispatcherServlet@27ab263>"
    $$$tc$$$ = class com.ibm.websphere.ras.TraceComponent@47ed59bc
      strings[0] = "TraceComponent[com.ibm.ws.managedobject.internal.ManagedObjectImpl,class com.ibm.ws.managedobject.internal.ManagedObjectImpl,[],null,null]"
  serialVersionUID = -4479626085298397598
  notifyInvocationListeners = false
  UNINITIALIZED_STATE = -1
  AVAILABLE_STATE = 0
  UNAVAILABLE_STATE = 1
  UNAVAILABLE_PERMANENTLY_STATE = 2
  collabHelper = class com.ibm.ws.webcontainer.osgi.collaborator.CollaboratorHelperImpl@54e766d5
    webAppInvCollabs = class java.util.Collections$UnmodifiableSet@458ab5ce
      serialVersionUID = -9215047833775013803
      serialVersionUID = 1820017752578914078
      c = class java.util.concurrent.CopyOnWriteArraySet@5cdebcb1
    securityDomainForApp = null
    logger = class com.ibm.ws.logging.internal.WsLogger@6ca90288
      tc = class com.ibm.websphere.ras.TraceComponent@4d7f62cc
      ivCachedResourceBundleName = null
      ivCachedResourceBundle = null
      ivComponent = null
      ivOrganization = null
      ivProduct = null
      ivMinimumLocalizationLevelIntValue = 625
      ivGroupName = null
      ivTC = class com.ibm.websphere.ras.TraceComponent@6102f7fa
      loggerRegistrationComponent = class java.lang.ThreadLocal@fc6a125
      emptyHandlers = class java.util.logging.Handler[0]
      offValue = 2147483647
      SYSTEM_LOGGER_RB_NAME = "sun.util.logging.resources.logging"
      SYSTEM_BUNDLE = class java.util.logging.Logger$LoggerBundle@209e1862
      NO_RESOURCE_BUNDLE = class java.util.logging.Logger$LoggerBundle@67fdfdee
      manager = class com.ibm.ws.kernel.boot.logging.WsLogManager@5d08a7bd
      name = "com.ibm.ws.webcontainer.collaborator"
      handlers = class java.util.concurrent.CopyOnWriteArrayList@7e585d94
      loggerBundle = class java.util.logging.Logger$LoggerBundle@2246edb3
      useParentHandlers = true
      filter = null
      anonymous = false
      catalog = class com.ibm.ws.webcontainer.resources.Messages_de@31ee1c9d
      catalogName = "com.ibm.ws.webcontainer.resources.Messages"
      catalogLocale = class java.util.Locale@7378a662
      treeLock = class java.lang.Object@5096e47e
      parent = class com.ibm.ws.logging.internal.WsLogger@49d7f45e
      kids = null
      levelObject = class java.util.logging.Level@c48a61f
      levelValue = 800
      callersClassLoaderRef = class java.lang.ref.WeakReference@5b340fc9
      isSystemLogger = false
      GLOBAL_LOGGER_NAME = "global"
      global = class java.util.logging.Logger@5de7ec7e
      $assertionsDisabled = true
    staticDefaultSecurityCollaborator = class com.ibm.ws.webcontainer.collaborator.WebAppSecurityCollaborator@6c63d0e5
    logger = class com.ibm.ws.logging.internal.WsLogger@5daba1e5
      tc = class com.ibm.websphere.ras.TraceComponent@4d7f62cc
      ivCachedResourceBundleName = null
      ivCachedResourceBundle = null
      ivComponent = null
      ivOrganization = null
      ivProduct = null
      ivMinimumLocalizationLevelIntValue = 625
      ivGroupName = null
      ivTC = class com.ibm.websphere.ras.TraceComponent@2a0674e5
      loggerRegistrationComponent = class java.lang.ThreadLocal@fc6a125
      emptyHandlers = class java.util.logging.Handler[0]
      offValue = 2147483647
      SYSTEM_LOGGER_RB_NAME = "sun.util.logging.resources.logging"
      SYSTEM_BUNDLE = class java.util.logging.Logger$LoggerBundle@209e1862
      NO_RESOURCE_BUNDLE = class java.util.logging.Logger$LoggerBundle@67fdfdee
      manager = class com.ibm.ws.kernel.boot.logging.WsLogManager@5d08a7bd
      name = "com.ibm.wsspi.webcontainer.collaborator"
      handlers = class java.util.concurrent.CopyOnWriteArrayList@3f40cdea
      loggerBundle = class java.util.logging.Logger$LoggerBundle@2cebb249
      useParentHandlers = true
      filter = null
      anonymous = false
      catalog = class com.ibm.ws.webcontainer.resources.Messages_de@31ee1c9d
      catalogName = "com.ibm.ws.webcontainer.resources.Messages"
      catalogLocale = class java.util.Locale@7378a662
      treeLock = class java.lang.Object@5096e47e
      parent = class java.util.logging.Logger@4ccb603a
      kids = null
      levelObject = class java.util.logging.Level@c48a61f
      levelValue = 800
      callersClassLoaderRef = class java.lang.ref.WeakReference@4c9c566e
      isSystemLogger = false
      GLOBAL_LOGGER_NAME = "global"
      global = class java.util.logging.Logger@5de7ec7e
      $assertionsDisabled = true
    CLASS_NAME = "com.ibm.wsspi.webcontainer.collaborator.CollaboratorHelper"
    webApp = class com.ibm.ws.webcontainer.osgi.webapp.WebApp@5d728b27
    securityCollaborator = class com.ibm.ws.webcontainer.collaborator.WebAppSecurityCollaborator@6c63d0e5
    nameSpaceCollaborator = class com.ibm.ws.webcontainer.osgi.collaborator.WebAppNameSpaceCollaboratorImpl@11b0e9b
    transactionCollaborator = class com.ibm.ws.webcontainer.collaborator.WebAppTransactionCollaborator@682ae61f
    connectionCollaborator = class com.ibm.ws.webcontainer.collaborator.ConnectionCollaborator@39615ddd
    allCollabEnum = class java.util.RegularEnumSet@79b2459a
      serialVersionUID = 3411599620347842686
      elements = 511
      elementType = class java.lang.Class@457d18e2
      universe = class com.ibm.wsspi.webcontainer.collaborator.CollaboratorInvocationEnum[9]
      ZERO_LENGTH_ENUM_ARRAY = class java.lang.Enum[0]
      MAX_ARRAY_SIZE = 2147483639
    servlet_23_or_greater = true
  nServicing = class java.util.concurrent.atomic.AtomicInteger@13b1d1cb
    serialVersionUID = 6214790243416807050
    unsafe = class sun.misc.Unsafe@4ef8aad8
      theUnsafe = class sun.misc.Unsafe@4ef8aad8
      INVALID_FIELD_OFFSET = -1
      ARRAY_BOOLEAN_BASE_OFFSET = 16
      ARRAY_BYTE_BASE_OFFSET = 16
      ARRAY_SHORT_BASE_OFFSET = 16
      ARRAY_CHAR_BASE_OFFSET = 16
      ARRAY_INT_BASE_OFFSET = 16
      ARRAY_LONG_BASE_OFFSET = 16
      ARRAY_FLOAT_BASE_OFFSET = 16
      ARRAY_DOUBLE_BASE_OFFSET = 16
      ARRAY_OBJECT_BASE_OFFSET = 16
      ARRAY_BOOLEAN_INDEX_SCALE = 1
      ARRAY_BYTE_INDEX_SCALE = 1
      ARRAY_SHORT_INDEX_SCALE = 2
      ARRAY_CHAR_INDEX_SCALE = 2
      ARRAY_INT_INDEX_SCALE = 4
      ARRAY_LONG_INDEX_SCALE = 8
      ARRAY_FLOAT_INDEX_SCALE = 4
      ARRAY_DOUBLE_INDEX_SCALE = 8
      ARRAY_OBJECT_INDEX_SCALE = 4
      ADDRESS_SIZE = 8
    valueOffset = 12
    value = 0
    serialVersionUID = -8742448824652078965
  lastAccessTime = 1702848231497
  state = -1
  logger = class com.ibm.ws.logging.internal.WsLogger@45ca5f10
    tc = class com.ibm.websphere.ras.TraceComponent@4d7f62cc
      strings[0] = "TraceComponent[com.ibm.ws.logging.internal.WsLogger,class com.ibm.ws.logging.internal.WsLogger,[logging],com.ibm.ws.logging.internal.resources.LoggingMessages,null]"
    ivCachedResourceBundleName = null
    ivCachedResourceBundle = null
    ivComponent = null
    ivOrganization = null
    ivProduct = null
    ivMinimumLocalizationLevelIntValue = 625
    ivGroupName = null
    ivTC = class com.ibm.websphere.ras.TraceComponent@120091de
      strings[0] = "TraceComponent[com.ibm.ws.webcontainer.servlet,class com.ibm.wsspi.webcontainer.logging.LoggerFactory$1,[com.ibm.ws.webcontainer.servlet],null,null]"
    loggerRegistrationComponent = class java.lang.ThreadLocal@fc6a125
      threadLocalHashCode = -1957966946
      nextHashCode = class java.util.concurrent.atomic.AtomicInteger@24838894
      HASH_INCREMENT = 1640531527
    emptyHandlers = class java.util.logging.Handler[0]
    offValue = 2147483647
    SYSTEM_LOGGER_RB_NAME = "sun.util.logging.resources.logging"
    SYSTEM_BUNDLE = class java.util.logging.Logger$LoggerBundle@209e1862
      resourceBundleName = "sun.util.logging.resources.logging"
      userBundle = null
    NO_RESOURCE_BUNDLE = class java.util.logging.Logger$LoggerBundle@67fdfdee
      resourceBundleName = null
      userBundle = null
    manager = class com.ibm.ws.kernel.boot.logging.WsLogManager@5d08a7bd
      CLASS_NAME = "com.ibm.ws.kernel.boot.logging.WsLogManager"
      CONFIGURE_BY_SERVER_PROPERTY_NAME = "java.util.logging.configureByServer"
      CONFIGURE_BY_LOGGING_PROPERTIES_FILE = "java.util.logging.configureByLoggingPropertiesFile"
      configureByServer = true
      configureByLoggingProperties = false
      wsLogger = class java.lang.reflect.Constructor@36423474
      resetEnabled = true
      manager = class com.ibm.ws.kernel.boot.logging.WsLogManager@5d08a7bd
      props = class java.util.Properties@7abfe85d
      defaultLevel = class java.util.logging.Level@c48a61f
      listenerMap = class java.util.HashMap@797fff0c
      systemContext = class java.util.logging.LogManager$SystemLoggerContext@5e3985c3
      userContext = class java.util.logging.LogManager$LoggerContext@4945b684
      rootLogger = class java.util.logging.LogManager$RootLogger@1cf650e5
      readPrimordialConfiguration = true
      initializedGlobalHandlers = true
      deathImminent = false
      initializedCalled = true
      initializationDone = true
      contextsMap = null
      loggerRefQueue = class java.lang.ref.ReferenceQueue@4cbd42f1
      MAX_ITERATIONS = 400
      controlPermission = class java.util.logging.LoggingPermission@4abc53f5
      loggingMXBean = null
      LOGGING_MXBEAN_NAME = "java.util.logging:type=Logging"
      $assertionsDisabled = true
    name = "com.ibm.ws.webcontainer.servlet"
    handlers = class java.util.concurrent.CopyOnWriteArrayList@334211f2
      serialVersionUID = 8673264195747942595
      lock = class java.util.concurrent.locks.ReentrantLock@50c67565
      array = class java.lang.Object[0]
      UNSAFE = class sun.misc.Unsafe@4ef8aad8
      lockOffset = 12
    loggerBundle = class java.util.logging.Logger$LoggerBundle@63cf42f0
      resourceBundleName = "com.ibm.ws.webcontainer.resources.Messages"
      userBundle = null
    useParentHandlers = true
    filter = null
    anonymous = false
    catalog = class com.ibm.ws.webcontainer.resources.Messages_de@6bd5c1ea
      resources = class [Ljava.lang.Object;[330]
      lookup = class java.util.HashMap@28b53e69
      INITIAL_CACHE_SIZE = 32
      NONEXISTENT_BUNDLE = class java.util.ResourceBundle$1@7cccbad4
      cacheList = class java.util.concurrent.ConcurrentHashMap@2c54e654
      referenceQueue = class java.lang.ref.ReferenceQueue@2d93d3c1
      parent = class com.ibm.ws.webcontainer.resources.Messages@73dfa012
      locale = class java.util.Locale@17818544
      name = "com.ibm.ws.webcontainer.resources.Messages"
      expired = false
      cacheKey = class java.util.ResourceBundle$CacheKey@6adcbea7
      keySet = null
      providers = null
      $assertionsDisabled = true
    catalogName = "com.ibm.ws.webcontainer.resources.Messages"
    catalogLocale = class java.util.Locale@7378a662
      LOCALECACHE = class java.util.Locale$Cache@3c85302
      ENGLISH = class java.util.Locale@63aeb429
      FRENCH = class java.util.Locale@11d853e0
      GERMAN = class java.util.Locale@17818544
      ITALIAN = class java.util.Locale@561094f5
      JAPANESE = class java.util.Locale@40097de2
      KOREAN = class java.util.Locale@131d7150
      CHINESE = class java.util.Locale@8ad6dd2
      SIMPLIFIED_CHINESE = class java.util.Locale@5a48f70e
      TRADITIONAL_CHINESE = class java.util.Locale@512567c8
      FRANCE = class java.util.Locale@29ca0b4d
      GERMANY = class java.util.Locale@7378a662
      ITALY = class java.util.Locale@4aea305b
      JAPAN = class java.util.Locale@57875e8f
      KOREA = class java.util.Locale@2de66890
      CHINA = class java.util.Locale@5a48f70e
      PRC = class java.util.Locale@5a48f70e
      TAIWAN = class java.util.Locale@512567c8
      UK = class java.util.Locale@540f9e02
      US = class java.util.Locale@4ffc1430
      CANADA = class java.util.Locale@22e25866
      CANADA_FRENCH = class java.util.Locale@3c5e0642
      ROOT = class java.util.Locale@14896045
      PRIVATE_USE_EXTENSION = x
      UNICODE_LOCALE_EXTENSION = u
      serialVersionUID = 9149081749638150636
      DISPLAY_LANGUAGE = 0
      DISPLAY_COUNTRY = 1
      DISPLAY_VARIANT = 2
      DISPLAY_SCRIPT = 3
      baseLocale = class sun.util.locale.BaseLocale@3bfbbb70
      localeExtensions = null
      hashCodeValue = 95428478
      defaultLocale = class java.util.Locale@7378a662
      defaultDisplayLocale = null
      defaultFormatLocale = class java.util.Locale@7378a662
      languageTag = "de-DE"
      serialPersistentFields = class java.io.ObjectStreamField[6]
      isoLanguages = null
      isoCountries = null
      $assertionsDisabled = true
    treeLock = class java.lang.Object@5096e47e
    parent = class com.ibm.ws.logging.internal.WsLogger@49d7f45e
      tc = class com.ibm.websphere.ras.TraceComponent@4d7f62cc
      ivCachedResourceBundleName = "com.ibm.ws.webcontainer.resources.Messages"
      ivCachedResourceBundle = class com.ibm.ws.webcontainer.resources.Messages_de@6bd5c1ea
      ivComponent = null
      ivOrganization = null
      ivProduct = null
      ivMinimumLocalizationLevelIntValue = 625
      ivGroupName = null
      ivTC = class com.ibm.websphere.ras.TraceComponent@75102240
      loggerRegistrationComponent = class java.lang.ThreadLocal@fc6a125
      emptyHandlers = class java.util.logging.Handler[0]
      offValue = 2147483647
      SYSTEM_LOGGER_RB_NAME = "sun.util.logging.resources.logging"
      SYSTEM_BUNDLE = class java.util.logging.Logger$LoggerBundle@209e1862
      NO_RESOURCE_BUNDLE = class java.util.logging.Logger$LoggerBundle@67fdfdee
      manager = class com.ibm.ws.kernel.boot.logging.WsLogManager@5d08a7bd
      name = "com.ibm.ws.webcontainer"
      handlers = class java.util.concurrent.CopyOnWriteArrayList@5922fe17
      loggerBundle = class java.util.logging.Logger$LoggerBundle@1de641fe
      useParentHandlers = true
      filter = null
      anonymous = false
      catalog = class com.ibm.ws.webcontainer.resources.Messages_de@6bd5c1ea
      catalogName = "com.ibm.ws.webcontainer.resources.Messages"
      catalogLocale = class java.util.Locale@7378a662
      treeLock = class java.lang.Object@5096e47e
      parent = class java.util.logging.Logger@4ccb603a
      kids = class java.util.ArrayList@3249e287
      levelObject = class java.util.logging.Level@c48a61f
      levelValue = 800
      callersClassLoaderRef = class java.lang.ref.WeakReference@c1e5f
      isSystemLogger = false
      GLOBAL_LOGGER_NAME = "global"
      global = class java.util.logging.Logger@5de7ec7e
      $assertionsDisabled = true
    kids = null
    levelObject = class java.util.logging.Level@c48a61f
      defaultBundle = "sun.util.logging.resources.logging"
      name = "INFO"
      value = 800
      resourceBundleName = "sun.util.logging.resources.logging"
      localizedLevelName = "INFORMATION"
      cachedLocale = class java.util.Locale@7378a662
      OFF = class java.util.logging.Level@636b78ef
      SEVERE = class java.util.logging.Level@2e752e2a
      WARNING = class java.util.logging.Level@67cfed7c
      INFO = class java.util.logging.Level@c48a61f
      CONFIG = class java.util.logging.Level@30d0f1bb
      FINE = class java.util.logging.Level@8444b4e
      FINER = class java.util.logging.Level@fc72012
      FINEST = class java.util.logging.Level@17fb889b
      ALL = class java.util.logging.Level@2091eef6
      serialVersionUID = -8176160795706313070
    levelValue = 800
    callersClassLoaderRef = class java.lang.ref.WeakReference@3ab54a42
      referent = class org.eclipse.osgi.internal.loader.EquinoxClassLoader@417f0f3c
      queue = class java.lang.ref.ReferenceQueue$Null@39bf2acf
      next = null
      discovered = null
      lock = class java.lang.ref.Reference$Lock@40caf54f
      pending = null
    isSystemLogger = false
    GLOBAL_LOGGER_NAME = "global"
    global = class java.util.logging.Logger@5de7ec7e
      emptyHandlers = class java.util.logging.Handler[0]
      offValue = 2147483647
      SYSTEM_LOGGER_RB_NAME = "sun.util.logging.resources.logging"
      SYSTEM_BUNDLE = class java.util.logging.Logger$LoggerBundle@209e1862
      NO_RESOURCE_BUNDLE = class java.util.logging.Logger$LoggerBundle@67fdfdee
      manager = class com.ibm.ws.kernel.boot.logging.WsLogManager@5d08a7bd
      name = "global"
      handlers = class java.util.concurrent.CopyOnWriteArrayList@6156db92
      loggerBundle = class java.util.logging.Logger$LoggerBundle@67fdfdee
      useParentHandlers = true
      filter = null
      anonymous = false
      catalog = null
      catalogName = null
      catalogLocale = null
      treeLock = class java.lang.Object@5096e47e
      parent = class java.util.logging.LogManager$RootLogger@1cf650e5
      kids = null
      levelObject = null
      levelValue = 800
      callersClassLoaderRef = null
      isSystemLogger = true
      GLOBAL_LOGGER_NAME = "global"
      global = class java.util.logging.Logger@5de7ec7e
      $assertionsDisabled = true
    $assertionsDisabled = true
  CLASS_NAME = "com.ibm.ws.webcontainer.servlet.ServletWrapper"
  nls = class com.ibm.ejs.ras.TraceNLS@7b80ac39
    resolver = class com.ibm.ws.logging.internal.TraceNLSResolver@303ac377
      tc = class com.ibm.websphere.ras.TraceComponent@6f2b958e
      DEBUG_TRACE_NLS_PROPERTY = "com.ibm.ejs.ras.debugTraceNLSResolver"
      debugTraceNLSResolver = false
      makeNoise = false
      nullKey = "null"
      svNullBundleName = "Resource Bundle name is null, key = {0}"
      svBundleNotLoaded = "Unable to load ResourceBundle {0}"
      svNullKeyMessage = "Null key passed while using ResourceBundle {0}"
      svMalformedMessage = "No message text associated with key {0} in bundle {1}"
    finder = null
    ivBundleName = "com.ibm.ws.webcontainer.resources.Messages"
    caller = class java.lang.Class@7dc8678f
      ANNOTATION = 8192
      ENUM = 16384
      SYNTHETIC = 4096
      cachedConstructor = null
      newInstanceCallerCache = null
      name = null
      allPermDomain = class java.security.ProtectionDomain@7f071bdc
      useCaches = true
      reflectionData = class java.lang.ref.SoftReference@53f8180b
      classRedefinedCount = 0
      genericInfo = null
      serialVersionUID = 3206093459760846163
      serialPersistentFields = class java.io.ObjectStreamField[0]
      reflectionFactory = class sun.reflect.ReflectionFactory@1ee3b002
      initted = true
      enumConstants = null
      enumConstantDirectory = null
      annotationData = class java.lang.Class$AnnotationData@3e3bcf69
      annotationType = null
      classValueMap = null
  servletConfig = class com.ibm.ws.webcontainer.servlet.ServletConfig@14bebc52
    logger = class com.ibm.ws.logging.internal.WsLogger@45ca5f10
    CLASS_NAME = "com.ibm.ws.webcontainer.servlet.ServletConfig"
    nls = class com.ibm.ejs.ras.TraceNLS@1f2b866c
      resolver = class com.ibm.ws.logging.internal.TraceNLSResolver@303ac377
      finder = null
      ivBundleName = "com.ibm.ws.webcontainer.resources.Messages"
      caller = class java.lang.Class@58e9b08
    liberty_nls = class com.ibm.ejs.ras.TraceNLS@7b558aa5
      resolver = class com.ibm.ws.logging.internal.TraceNLSResolver@303ac377
      finder = null
      ivBundleName = "com.ibm.ws.webcontainer.resources.LShimMessages"
      caller = class java.lang.Class@58e9b08
    enabled = true
    servletName = "erp-light"
    className = "org.springframework.web.servlet.DispatcherServlet"
    mappings = class java.util.ArrayList@44032557
      serialVersionUID = 8683452581122892189
      DEFAULT_CAPACITY = 10
      EMPTY_ELEMENTDATA = class java.lang.Object[0]
      DEFAULTCAPACITY_EMPTY_ELEMENTDATA = class java.lang.Object[0]
      elementData = class java.lang.Object[10]
      size = 1
      MAX_ARRAY_SIZE = 2147483639
      modCount = 1
      MAX_ARRAY_SIZE = 2147483639
    startUpWeight = 1
    DEFAULT_STARTUP = -1
    isCachingEnabled = true
    isStatisticsEnabled = true
    isInternal = false
    metaData = class com.ibm.ws.webcontainer.osgi.metadata.WebComponentMetaDataImpl@415cdf54
      j2eeName = class com.ibm.ws.container.service.metadata.internal.J2EENameImpl@3d839bde
      webModuleMetaData = class com.ibm.ws.webcontainer.osgi.metadata.WebModuleMetaDataImpl@a386a8c
      tc = class com.ibm.websphere.ras.TraceComponent@2c009271
      NUM_STATIC_SLOTS = 4
      ID_UNINITIALIZED = -1
      id = 2
      metaDataInterface = class java.lang.Class@1ad9c8e2
      staticSlots = class java.lang.Object[4]
      dynamicSlots = null
    singleThreadModelServlet = false
    isJsp = false
    webAppConfig = class com.ibm.ws.webcontainer.osgi.webapp.WebAppConfiguration@28729f5
      webModuleMetaData = class com.ibm.ws.webcontainer.osgi.metadata.WebModuleMetaDataImpl@a386a8c
      webComponentMetaData = class com.ibm.ws.webcontainer.osgi.metadata.WebComponentMetaDataImpl@7e249d5c
      dVirtualHost = class com.ibm.ws.webcontainer.osgi.DynamicVirtualHost@40d3a426
      orderedLibPaths = class java.util.Collections$UnmodifiableRandomAccessList@36201635
      bundleHeaders = null
      cdiEnabled = false
      CLASS_NAME = "com.ibm.ws.webcontainer.webapp.WebAppConfiguration"
      logger = class com.ibm.ws.logging.internal.WsLogger@292e13cf
      tc = class com.ibm.websphere.ras.TraceComponent@1a7ad85d
      nls = class com.ibm.ejs.ras.TraceNLS@32d14a73
      version = 25
      contextRoot = "/ERP-light"
      sessionTimeout = 0
      moduleSessionTimeoutSet = false
      moduleSessionTrackingModeSet = false
      sessionCookieConfig = class com.ibm.ws.session.SessionCookieConfigImpl@3c19533e
      hasProgrammaticCookieConfig = false
      sessionDefaultTrackingModeSet = class java.util.RegularEnumSet@660de79c
      sessionManagerConfig = class com.ibm.ws.session.SessionManagerConfig@2fc40ff1
      displayName = "ERP-light VIEW"
      description = null
      reloadInterval = 0
      distributable = false
      denyUncoveredHttpMethods = false
      reloadingEnabled = false
      serveServletsByClassnameEnabled = null
      defaultErrorPage = null
      additionalClassPath = null
      fileServingEnabled = null
      directoryBrowsingEnabled = null
      autoRequestEncoding = false
      autoResponseEncoding = false
      autoLoadFilters = false
      requestListeners = null
      requestAttributeListeners = null
      sessionListeners = null
      localeMap = null
      moduleName = "ERP-light-0.0.1-SNAPSHOT"
      j2eeModuleName = "ERP-light-0.0.1-SNAPSHOT.war"
      moduleId = null
      isSyncToThreadEnabled = false
      isSystemApp = false
      ardEnabled = false
      ardDispatchType = null
      listeners = class java.util.ArrayList@177e5aa8
      welcomeFileList = class java.util.ArrayList@61087bda
      servletMappings = class java.util.HashMap@68b05160
      lastIndexBeforeDeclaredFilters = 0
      filterMappings = class java.util.ArrayList@67046000
      servletInfo = class java.util.HashMap@24add52
      filterInfo = class java.util.HashMap@203eb06a
      mimeMappings = class java.util.HashMap@4aefde5c
      mimeFilters = null
      isMimeFilteringEnabled = false
      theWebGroup = null
      jspAttributes = class java.util.HashMap@eafa361
      fileServingAttributes = class java.util.HashMap@5adb5fab
      invokerAttributes = class java.util.HashMap@fb3097a
      contextParams = class java.util.HashMap@3b1a3bee
      virtualHost = "default_host"
      exceptionErrorPages = class java.util.HashMap@485d2347
      codeErrorPages = class java.util.HashMap@48fb1be0
      tagLibList = null
      precompileJsps = false
      webApp = class com.ibm.ws.webcontainer.osgi.webapp.WebApp@5d728b27
      virtualHostList = class java.util.Collections$EmptyList@5f14335c
      appStartupWeight = 0
      moduleStartupWeight = 0
      metaDataComplete = false
      classesToScan = class java.util.ArrayList@353bb61b
      uriFilterMappingInfos = null
      servletFilterMappingInfos = null
      dynamicServletRegistrationMap = null
      applicationName = "ERP-light"
      libBinPathList = null
      webXmlDefinedListeners = class java.util.HashSet@145dfce0
      serviceRefs = class java.util.ArrayList@4e9d190
      resourceRefs = class java.util.ArrayList@7a998c82
      resourceRefBindings = class java.util.HashMap@127a76a4
      resourceRefConfigList = null
      resourceEnvRefs = class java.util.ArrayList@69bb22f7
      resourceEnvRefBindings = class java.util.HashMap@23940b01
      messageDestRefs = class java.util.ArrayList@155f7e6d
      messageDestRefBindings = class java.util.HashMap@54d1f534
      envEntries = class java.util.ArrayList@644dd9c3
      envEntryValues = class java.util.HashMap@67820a48
      envEntryBindings = class java.util.HashMap@940acc3
      dataSources = class java.util.ArrayList@5263908a
      dataSourceBindings = class java.util.HashMap@586ac8c4
      persistenceUnitRefs = class java.util.ArrayList@2f4d59cb
      persistenceContextRefs = class java.util.ArrayList@23e7de55
      ejbRefs = class java.util.ArrayList@6dcefd63
      ejbLocalRefs = class java.util.ArrayList@63ec24f6
      ejbRefBindings = class java.util.HashMap@26aaba41
      disallowAllFileServingProp = null
      disallowServeServletsByClassnameProp = null
      disableStaticMappingCache = false
      _id = "WebAppGeneratedId1"
      _attributes = null
      serialVersionUID = 7511545662945734886
      $$$tc$$$ = class com.ibm.websphere.ras.TraceComponent@1a5964dd
    servletWrapper = class com.ibm.ws.webcontainer.osgi.servlet.ServletWrapper@27e34165
    servletClass = null
    servlet = null
    addedToLoadOnStartup = true
    previousWeight = null
    multipartConfig = null
    multipartConfigBaseLocation = null
    runAsRole = null
    servletSecurityElement = null
    declareRolesAnnotation = null
    logger = class com.ibm.ws.logging.internal.WsLogger@45ca5f10
    CLASS_NAME = "com.ibm.ws.webcontainer.servlet.TargetConfig"
    initParams = null
    fileName = null
    displayName = null
    name = "erp-light"
    description = null
    smallIcon = null
    largeIcon = null
    context = class com.ibm.wsspi.webcontainer.facade.ServletContextFacade@8a425c2
      context = class com.ibm.ws.webcontainer.osgi.webapp.WebApp@5d728b27
    className = null
    asyncSupported = false
    _id = "ServletGeneratedId1"
    _attributes = null
    serialVersionUID = 7511545662945734886
    $$$tc$$$ = class com.ibm.websphere.ras.TraceComponent@1a5964dd
      strings[0] = "TraceComponent[com.ibm.ws.container.BaseConfiguration,class com.ibm.ws.container.BaseConfiguration,[],null,null]"
  context = class com.ibm.ws.webcontainer.osgi.webapp.WebApp@5d728b27
    tc = class com.ibm.websphere.ras.TraceComponent@6e9f45a9
      strings[0] = "TraceComponent[com.ibm.ws.webcontainer.osgi.webapp.WebApp,class com.ibm.ws.webcontainer.osgi.webapp.WebApp,[webcontainer],com.ibm.ws.webcontainer.resources.LShimMessages,null]"
    CLASS_NAME = "com.ibm.ws.webcontainer.osgi.webapp.WebApp"
    metaDataService = class com.ibm.ws.container.service.metadata.internal.MetaDataServiceImpl@77797bd4
      applicationMetaDataManager = class com.ibm.ws.container.service.metadata.internal.ApplicationMetaDataManager@40f7c7e
      moduleMetaDataManager = class com.ibm.ws.container.service.metadata.internal.ModuleMetaDataManager@e7d3c2d
      componentMetaDataManager = class com.ibm.ws.container.service.metadata.internal.ComponentMetaDataManager@488d12ba
      methodMetaDataManager = class com.ibm.ws.container.service.metadata.internal.MethodMetaDataManager@404460e4
      appModuleNameToModuleContainer = class java.util.concurrent.ConcurrentHashMap@3fd7081e
      jeeNameToComponentMetaData = class java.util.concurrent.ConcurrentHashMap@582cc79d
      deferredMetaDataFactories = class com.ibm.wsspi.kernel.service.utils.ConcurrentServiceReferenceSet@789416e0
      deferredMetaDataInitializers = class com.ibm.wsspi.kernel.service.utils.ConcurrentServiceReferenceMap@1bb40a56
      serialVersionUID = 5173348198233259673
      $$$tc$$$ = class com.ibm.websphere.ras.TraceComponent@66ab1923
    namespacePopulated = false
    referenceContext = class com.ibm.ws.injectionengine.osgi.internal.OSGiReferenceContextImpl@56bcfed4
      scopeData = class com.ibm.ws.injectionengine.osgi.internal.OSGiInjectionScopeData@796cfda8
      serialVersionUID = -5862502968678606919
      $$$tc$$$ = class com.ibm.websphere.ras.TraceComponent@3a5e9731
      CLASS_NAME = "com.ibm.ws.injectionengine.ReferenceContextImpl"
      tc = class com.ibm.ejs.ras.TraceComponent@23d3092d
      ivInjectionEngine = class com.ibm.ws.injectionengine.osgi.internal.OSGiInjectionEngineImpl@70b5064
      ivProviders = class java.util.ArrayList@58553bce
      ivComponentJavaContext = null
      ivComponentNameSpace = null
      ivJavaColonCompEnvMap = class java.util.LinkedHashMap@2aafe3ca
      ivEjbContext10 = class java.util.Properties@4fb9a288
      ivResourceRefConfigList = null
      isAlreadyProcessed = true
      ivProcessFailure = null
      ivInjectionTargetMap = class java.util.HashMap@12ec436b
      ivDeclaredInjectionTargets = class java.util.HashMap@639681b3
      ivProcessedInjectionClasses = class java.util.HashSet@36729fb8
      ivProcessedInjectionBindings = class java.util.ArrayList@34ddc61c
      ivAnyProcessDynamic = false
      ivCheckAppConfig = false
    j2eeNameFactory = class com.ibm.ws.container.service.metadata.internal.J2EENameFactoryImpl@5f7d3897
      serialVersionUID = 3486344295038028821
      $$$tc$$$ = class com.ibm.websphere.ras.TraceComponent@935dc14
    moduleLoader = class com.ibm.ws.classloading.internal.AppClassLoader@5a0e5abe
      tc = class com.ibm.websphere.ras.TraceComponent@45fd12eb
      PARENT_FIRST_SEARCH_ORDER = class java.util.Collections$UnmodifiableRandomAccessList@228a4ae0
      CLASS_LOADING_TRACE_PREFIX = "com.ibm.ws.class.load."
      DEFAULT_PACKAGE = "default.package"
      perPackageClassLoadingTraceComponents = class java.util.concurrent.ConcurrentHashMap@7af17b47
      config = class com.ibm.ws.classloading.internal.ClassLoaderConfigurationImpl@412c28f5
      privateLibraries = null
      delegateLoaders = class com.ibm.ws.classloading.internal.util.CompositeIterable@7e017450
      nativeLibraryFiles = class java.util.ArrayList@eacec3a
      transformers = class java.util.ArrayList@7f7685eb
      apiAccess = class com.ibm.ws.classloading.internal.GatewayClassLoader@77010646
      PROTECTION_DOMAIN = class java.security.ProtectionDomain@b69c0ae
      serialVersionUID = -8503176786514635265
      tc = class com.ibm.websphere.ras.TraceComponent@411a033c
      EMPTY_URL_ARRAY = class java.net.URL[0]
      smartClassPath = class com.ibm.ws.classloading.internal.ContainerClassLoader$SmartClassPathImpl@2aeb3d33
      nativeLibraryContainers = class java.util.ArrayList@434fd968
      redefiner = class com.ibm.ws.classloading.internal.util.ClassRedefiner@85d4537
      mapCreationQueue = class java.util.concurrent.Executors$FinalizableDelegatedExecutorService@3cdf13bd
      serialVersionUID = 7561562533729935637
      serialVersionUID = -7411549862368381758
      $$$tc$$$ = class com.ibm.websphere.ras.TraceComponent@28014fb4
      serialVersionUID = 161679851398543548
      $$$tc$$$ = class com.ibm.websphere.ras.TraceComponent@bee7b93
      serialVersionUID = 2596921220292114344
      $$$tc$$$ = class com.ibm.websphere.ras.TraceComponent@74a27077
      initialized = true
      pdcache = class java.util.HashMap@7217b7a4
      debug = null
      parent = class com.ibm.ws.classloading.internal.GatewayClassLoader@77010646
      parallelLockMap = null
      package2certs = class java.util.Hashtable@1001202c
      nocerts = class java.security.cert.Certificate[0]
      classes = class java.util.Vector@54078b6a
      defaultDomain = class java.security.ProtectionDomain@6e0e8179
      packages = class java.util.HashMap@21eba18b
      scl = class sun.misc.Launcher$AppClassLoader@18b4aac2
      sclSet = true
      loadedLibraryNames = class java.util.Vector@4dce8481
      systemNativeLibraries = class java.util.Vector@9694a9a
      nativeLibraries = class java.util.Vector@3872f5da
      nativeLibraryContext = class java.util.Stack@7cb41fd5
      usr_paths = class java.lang.String[35]
      sys_paths = class java.lang.String[1]
      assertionLock = class com.ibm.ws.classloading.internal.AppClassLoader@5a0e5abe
      defaultAssertionStatus = false
      packageAssertionStatus = null
      classAssertionStatus = null
    webAppConfig = class com.ibm.ws.webcontainer.osgi.webapp.WebAppConfiguration@28729f5
    extensionProcessingDisabled = false
    loginProcessor = null
    logoutProcessor = null
    collabHelper = class com.ibm.ws.webcontainer.osgi.collaborator.CollaboratorHelperImpl@54e766d5
    envObject = class com.ibm.ws.util.WSThreadLocal@5168c5ac
      tc = class com.ibm.ejs.ras.TraceComponent@4cb2d6ab
      count = 4
      index = 1
      SUSPECTED_MISUSAGE_THRESHOLD = 200
      threadLocalHashCode = 1123761604
      nextHashCode = class java.util.concurrent.atomic.AtomicInteger@24838894
      HASH_INCREMENT = 1640531527
    orderedLibPaths = class java.util.Collections$UnmodifiableRandomAccessList@36201635
      serialVersionUID = -2542308836966382001
      serialVersionUID = -283967356065247728
      list = class java.util.ArrayList@4e1e93bb
      serialVersionUID = 1820017752578914078
      c = class java.util.ArrayList@4e1e93bb
    perm = class com.ibm.websphere.security.WebSphereRuntimePermission@1eec0ac9
      serialVersionUID = -3306242789188168337
      $$$tc$$$ = class com.ibm.websphere.ras.TraceComponent@422f0f1f
      serialVersionUID = 6279438298436773498
      wildcard = false
      path = "accessServletContext"
      exitVM = false
      serialVersionUID = -5636570222231596674
      name = "accessServletContext"
    WELCOME_FILE_LIST = "com.ibm.ws.webcontainer.config.WelcomeFileList"
    DIR_BROWSING_MAPPING = "__dirBrowsing__1702848230790"
    FILTER_PROXY_MAPPING = "/__filterProxy__1702848230790"
    logger = class com.ibm.ws.logging.internal.WsLogger@292e13cf
      tc = class com.ibm.websphere.ras.TraceComponent@4d7f62cc
      ivCachedResourceBundleName = "com.ibm.ws.webcontainer.resources.Messages"
      ivCachedResourceBundle = class com.ibm.ws.webcontainer.resources.Messages_de@6bd5c1ea
      ivComponent = null
      ivOrganization = null
      ivProduct = null
      ivMinimumLocalizationLevelIntValue = 625
      ivGroupName = null
      ivTC = class com.ibm.websphere.ras.TraceComponent@28f95590
      loggerRegistrationComponent = class java.lang.ThreadLocal@fc6a125
      emptyHandlers = class java.util.logging.Handler[0]
      offValue = 2147483647
      SYSTEM_LOGGER_RB_NAME = "sun.util.logging.resources.logging"
      SYSTEM_BUNDLE = class java.util.logging.Logger$LoggerBundle@209e1862
      NO_RESOURCE_BUNDLE = class java.util.logging.Logger$LoggerBundle@67fdfdee
      manager = class com.ibm.ws.kernel.boot.logging.WsLogManager@5d08a7bd
      name = "com.ibm.ws.webcontainer.webapp"
      handlers = class java.util.concurrent.CopyOnWriteArrayList@1cad8998
      loggerBundle = class java.util.logging.Logger$LoggerBundle@38ef8e5e
      useParentHandlers = true
      filter = null
      anonymous = false
      catalog = class com.ibm.ws.webcontainer.resources.Messages_de@6bd5c1ea
      catalogName = "com.ibm.ws.webcontainer.resources.Messages"
      catalogLocale = class java.util.Locale@7378a662
      treeLock = class java.lang.Object@5096e47e
      parent = class com.ibm.ws.logging.internal.WsLogger@49d7f45e
      kids = null
      levelObject = class java.util.logging.Level@c48a61f
      levelValue = 800
      callersClassLoaderRef = class java.lang.ref.WeakReference@65c36381
      isSystemLogger = false
      GLOBAL_LOGGER_NAME = "global"
      global = class java.util.logging.Logger@5de7ec7e
      $assertionsDisabled = true
    CLASS_NAME = "com.ibm.ws.webcontainer.webapp.WebApp"
    loader = class com.ibm.ws.classloading.internal.ThreadContextClassLoader@2628adbf
    facade = class com.ibm.wsspi.webcontainer.facade.ServletContextFacade@8a425c2
    features = class java.util.ArrayList@3efce6e3
      serialVersionUID = 8683452581122892189
      DEFAULT_CAPACITY = 10
      EMPTY_ELEMENTDATA = class java.lang.Object[0]
      DEFAULTCAPACITY_EMPTY_ELEMENTDATA = class java.lang.Object[0]
      elementData = class java.lang.Object[0]
      size = 0
      MAX_ARRAY_SIZE = 2147483639
      modCount = 0
      MAX_ARRAY_SIZE = 2147483639
    applicationName = "ERP-light"
    config = class com.ibm.ws.webcontainer.osgi.webapp.WebAppConfiguration@28729f5
    securityEnabledForApp = null
    webExtensionProcessor = class com.ibm.ws.webcontainer.osgi.extension.WebExtensionProcessor@8dbceb7
      webApp = class com.ibm.ws.webcontainer.osgi.webapp.WebApp@5d728b27
      extensionContext = class com.ibm.ws.webcontainer.osgi.webapp.WebApp@5d728b27
    production = true
    isServlet23 = true
    contextPath = "/ERP-light"
    internalServletList = class [Ljava.lang.String;[2]
      internalServletList[0] = class java.lang.String[2]
      internalServletList[1] = class java.lang.String[2]
    BY_NAME_ONLY = "/_1702848230790_/"
    filterManager = null
    documentRoot = null
    SERVLET_API_VERSION = "Servlet 2.5"
    disableServletAuditLogging = 0
    serverInfo = "SMF WebContainer"
    sessionCtx = class com.ibm.ws.webcontainer.session.impl.HttpSessionContextImpl@2ff6f250
      methodClassName = "HttpSessionContextImpl"
      _smc = class com.ibm.ws.session.SessionManagerConfig@2fc40ff1
      sessionStoreService = null
      _sap = class com.ibm.ws.session.SessionApplicationParameters@48344ebc
      _coreHttpSessionManager = class com.ibm.ws.session.SessionManager@2be4beb
      _coreHttpAppSessionManager = null
      _sam = class com.ibm.ws.webcontainer.session.impl.SessionAffinityManagerImpl@31e6b044
      isSIPApplication = false
      sessionAttributeListener = false
      sessionListener = true
      mHttpSessionAttributeListeners = class java.util.ArrayList@3603b30e
      mHttpSessionListeners = class java.util.ArrayList@5ca85adc
      mHttpSessionIdListeners = class java.util.ArrayList@2c39b3b1
      mHttpSessionAttributeListenersJ2eeNames = class java.util.ArrayList@28d952e2
      mHttpSessionListenersJ2eeNames = class java.util.ArrayList@3690f34
      mHttpSessionIdListenersJ2eeNames = class java.util.ArrayList@1d89cb3f
      mLocalHost = null
      _refCount = 1
      currentThreadSacHashtable = null
      methodClassName = "SessionContext"
      ANONYMOUS_USER = "anonymous"
      wasHttpSessionObserver = class com.ibm.ws.session.WasHttpSessionObserver@7c4c4704
      wasHttpSessionAttributeObserver = null
      _invalidator = class com.ibm.ws.session.SessionInvalidator@1ee0542d
      _storer = class com.ibm.ws.session.EOSSessionStorer@55bbe86a
      wasHttpAppSessionObserver = null
      mHttpAppSessionListeners = null
      cmvcInfo = "CMVC Version 1.9 6/24/07 11:12:24"
      _loggedVersion = true
      CREATE_CORE_SESSION_MANAGER = 0
      GET_REQUESTED_SESSION_ID = 1
      GET_IHTTP_SESSION = 2
      SESSION_PRE_INVOKE = 3
      SESSION_POST_INVOKE = 4
      STOP = 5
      STOP_LISTENERS = 6
      IS_VALID = 7
      ENCODE_URL = 8
      SHOULD_ENCODE_URL = 9
      IS_PROTOCOL_SWITCH = 10
      GET_LOCAL_HOST = 11
      ADD_HTTP_SESSION_ATTRIBUTE_LISTENER = 12
      ADD_HTTP_SESSION_LISTENER = 13
      GET_SESSION_AFFINITY_CONTEXT = 14
      CHECK_SECURITY = 15
      INVALIDATE = 16
      CHECK_SESSSIONID_IS_RIGHT_LENGTH = 17
      LOCK_SESSION = 18
      UNLOCK_SESSION = 19
      ADD_HTTP_SESSION_ID_LISTENER = 20
      methodNames = class java.lang.String[21]
    eventSource = class com.ibm.ws.webcontainer.webapp.WebAppEventSource@91c1887
    nls = class com.ibm.ejs.ras.TraceNLS@76e4d2b3
      resolver = class com.ibm.ws.logging.internal.TraceNLSResolver@303ac377
      finder = null
      ivBundleName = "com.ibm.ws.webcontainer.resources.Messages"
      caller = class java.lang.Class@510cdf24
    liberty_nls = class com.ibm.ejs.ras.TraceNLS@201c04ae
      resolver = class com.ibm.ws.logging.internal.TraceNLSResolver@303ac377
      finder = null
      ivBundleName = "com.ibm.ws.webcontainer.resources.LShimMessages"
      caller = class java.lang.Class@510cdf24
    error_nls = class com.ibm.ejs.ras.TraceNLS@2f35b995
      resolver = class com.ibm.ws.logging.internal.TraceNLSResolver@303ac377
      finder = null
      ivBundleName = "com.ibm.ws.webcontainer.resources.ErrorPage"
      caller = class java.lang.Class@510cdf24
    sessionListeners = class java.util.ArrayList@3749ba51
      serialVersionUID = 8683452581122892189
      DEFAULT_CAPACITY = 10
      EMPTY_ELEMENTDATA = class java.lang.Object[0]
      DEFAULTCAPACITY_EMPTY_ELEMENTDATA = class java.lang.Object[0]
      elementData = class java.lang.Object[10]
      size = 1
      MAX_ARRAY_SIZE = 2147483639
      modCount = 2
      MAX_ARRAY_SIZE = 2147483639
    sessionIdListeners = class java.util.ArrayList@67689741
      serialVersionUID = 8683452581122892189
      DEFAULT_CAPACITY = 10
      EMPTY_ELEMENTDATA = class java.lang.Object[0]
      DEFAULTCAPACITY_EMPTY_ELEMENTDATA = class java.lang.Object[0]
      elementData = class java.lang.Object[0]
      size = 0
      MAX_ARRAY_SIZE = 2147483639
      modCount = 0
      MAX_ARRAY_SIZE = 2147483639
    sessionAttrListeners = class java.util.ArrayList@2791c676
      serialVersionUID = 8683452581122892189
      DEFAULT_CAPACITY = 10
      EMPTY_ELEMENTDATA = class java.lang.Object[0]
      DEFAULTCAPACITY_EMPTY_ELEMENTDATA = class java.lang.Object[0]
      elementData = class java.lang.Object[0]
      size = 0
      MAX_ARRAY_SIZE = 2147483639
      modCount = 1
      MAX_ARRAY_SIZE = 2147483639
    addedSessionListeners = class java.util.ArrayList@256a2a00
      serialVersionUID = 8683452581122892189
      DEFAULT_CAPACITY = 10
      EMPTY_ELEMENTDATA = class java.lang.Object[0]
      DEFAULTCAPACITY_EMPTY_ELEMENTDATA = class java.lang.Object[0]
      elementData = class java.lang.Object[0]
      size = 0
      MAX_ARRAY_SIZE = 2147483639
      modCount = 0
      MAX_ARRAY_SIZE = 2147483639
    addedSessionAttrListeners = class java.util.ArrayList@5f0b87ce
      serialVersionUID = 8683452581122892189
      DEFAULT_CAPACITY = 10
      EMPTY_ELEMENTDATA = class java.lang.Object[0]
      DEFAULTCAPACITY_EMPTY_ELEMENTDATA = class java.lang.Object[0]
      elementData = class java.lang.Object[0]
      size = 0
      MAX_ARRAY_SIZE = 2147483639
      modCount = 0
      MAX_ARRAY_SIZE = 2147483639
    servletContextListeners = class java.util.ArrayList@7c7ad1f1
      serialVersionUID = 8683452581122892189
      DEFAULT_CAPACITY = 10
      EMPTY_ELEMENTDATA = class java.lang.Object[0]
      DEFAULTCAPACITY_EMPTY_ELEMENTDATA = class java.lang.Object[0]
      elementData = class java.lang.Object[10]
      size = 1
      MAX_ARRAY_SIZE = 2147483639
      modCount = 2
      MAX_ARRAY_SIZE = 2147483639
    servletContextLAttrListeners = class java.util.ArrayList@55710a7e
      serialVersionUID = 8683452581122892189
      DEFAULT_CAPACITY = 10
      EMPTY_ELEMENTDATA = class java.lang.Object[0]
      DEFAULTCAPACITY_EMPTY_ELEMENTDATA = class java.lang.Object[0]
      elementData = class java.lang.Object[0]
      size = 0
      MAX_ARRAY_SIZE = 2147483639
      modCount = 1
      MAX_ARRAY_SIZE = 2147483639
    servletRequestListeners = class java.util.ArrayList@213f00fa
      serialVersionUID = 8683452581122892189
      DEFAULT_CAPACITY = 10
      EMPTY_ELEMENTDATA = class java.lang.Object[0]
      DEFAULTCAPACITY_EMPTY_ELEMENTDATA = class java.lang.Object[0]
      elementData = class java.lang.Object[0]
      size = 0
      MAX_ARRAY_SIZE = 2147483639
      modCount = 1
      MAX_ARRAY_SIZE = 2147483639
    servletRequestLAttrListeners = class java.util.ArrayList@2289d6e4
      serialVersionUID = 8683452581122892189
      DEFAULT_CAPACITY = 10
      EMPTY_ELEMENTDATA = class java.lang.Object[0]
      DEFAULTCAPACITY_EMPTY_ELEMENTDATA = class java.lang.Object[0]
      elementData = class java.lang.Object[0]
      size = 0
      MAX_ARRAY_SIZE = 2147483639
      modCount = 1
      MAX_ARRAY_SIZE = 2147483639
    prependSlashToResource = false
    destroyed = false
    webAppNameSpaceCollab = class com.ibm.ws.webcontainer.osgi.collaborator.WebAppNameSpaceCollaboratorImpl@11b0e9b
    txCollab = class com.ibm.ws.webcontainer.collaborator.WebAppTransactionCollaborator@682ae61f
    sessionActivationListeners = class java.util.ArrayList@8d67e1d
      serialVersionUID = 8683452581122892189
      DEFAULT_CAPACITY = 10
      EMPTY_ELEMENTDATA = class java.lang.Object[0]
      DEFAULTCAPACITY_EMPTY_ELEMENTDATA = class java.lang.Object[0]
      elementData = class java.lang.Object[0]
      size = 0
      MAX_ARRAY_SIZE = 2147483639
      modCount = 1
      MAX_ARRAY_SIZE = 2147483639
    sessionBindingListeners = class java.util.ArrayList@55a9b783
      serialVersionUID = 8683452581122892189
      DEFAULT_CAPACITY = 10
      EMPTY_ELEMENTDATA = class java.lang.Object[0]
      DEFAULTCAPACITY_EMPTY_ELEMENTDATA = class java.lang.Object[0]
      elementData = class java.lang.Object[0]
      size = 0
      MAX_ARRAY_SIZE = 2147483639
      modCount = 1
      MAX_ARRAY_SIZE = 2147483639
    scratchdir = null
    jspClassLoaderLimit = 0
    jspClassLoaderExclusionList = null
    jspClassLoadersMap = null
    jspClassLoaderLimitTrackIF = false
    defaultExtProc = null
    directoryBrowsingServlet = null
    cdiContexts = class java.util.concurrent.ConcurrentHashMap@cc8451c
      serialVersionUID = 7249069246763182397
      MAXIMUM_CAPACITY = 1073741824
      DEFAULT_CAPACITY = 16
      MAX_ARRAY_SIZE = 2147483639
      DEFAULT_CONCURRENCY_LEVEL = 16
      LOAD_FACTOR = 0.75
      TREEIFY_THRESHOLD = 8
      UNTREEIFY_THRESHOLD = 6
      MIN_TREEIFY_CAPACITY = 64
      MIN_TRANSFER_STRIDE = 16
      RESIZE_STAMP_BITS = 16
      MAX_RESIZERS = 65535
      RESIZE_STAMP_SHIFT = 16
      MOVED = -1
      TREEBIN = -2
      RESERVED = -3
      HASH_BITS = 2147483647
      NCPU = 12
      serialPersistentFields = class java.io.ObjectStreamField[3]
      table = class java.util.concurrent.ConcurrentHashMap$Node[16]
      nextTable = null
      baseCount = 1
      sizeCtl = 12
      transferIndex = 0
      cellsBusy = 0
      counterCells = null
      keySet = null
      values = null
      entrySet = null
      U = class sun.misc.Unsafe@4ef8aad8
      SIZECTL = 20
      TRANSFERINDEX = 32
      BASECOUNT = 24
      CELLSBUSY = 36
      CELLVALUE = 144
      ABASE = 16
      ASHIFT = 2
      keySet = null
      values = null
    moduleConfig = class com.ibm.ws.webcontainer.osgi.container.DeployedModule@609a9c97
      tc = class com.ibm.websphere.ras.TraceComponent@285d2c70
      loader = class com.ibm.ws.classloading.internal.ThreadContextClassLoader@2628adbf
      webApp = class com.ibm.ws.webcontainer.osgi.webapp.WebApp@5d728b27
      webAppConfig = class com.ibm.ws.webcontainer.osgi.webapp.WebAppConfiguration@28729f5
      contextRootAdded = null
      properContextRoot = "/ERP-light"
      mappingContextRoot = "/ERP-light/*"
      serialVersionUID = -2104814060051592457
      $$$tc$$$ = class com.ibm.websphere.ras.TraceComponent@78894401
    extensionFactories = class java.util.ArrayList@5b87300f
      serialVersionUID = 8683452581122892189
      DEFAULT_CAPACITY = 10
      EMPTY_ELEMENTDATA = class java.lang.Object[0]
      DEFAULTCAPACITY_EMPTY_ELEMENTDATA = class java.lang.Object[0]
      elementData = class java.lang.Object[10]
      size = 1
      MAX_ARRAY_SIZE = 2147483639
      modCount = 1
      MAX_ARRAY_SIZE = 2147483639
    initialized = false
    lock = class com.ibm.ws.webcontainer.webapp.WebApp$1@430a9153
      this$0 = class com.ibm.ws.webcontainer.osgi.webapp.WebApp@5d728b27
    afterServletContextCreated = false
    redirectContextRoot = false
    errorExceptionTypeFirst = false
    initFilterBeforeServletInit = false
    sortedServletConfigs = class java.util.ArrayList@d24dc8b
      serialVersionUID = 8683452581122892189
      DEFAULT_CAPACITY = 10
      EMPTY_ELEMENTDATA = class java.lang.Object[0]
      DEFAULTCAPACITY_EMPTY_ELEMENTDATA = class java.lang.Object[0]
      elementData = class java.lang.Object[10]
      size = 1
      MAX_ARRAY_SIZE = 2147483639
      modCount = 1
      MAX_ARRAY_SIZE = 2147483639
    effectiveMajorVersion = 2
    effectiveMinorVersion = 5
    canAddServletContextListener = true
    withinContextInitOfProgAddListener = false
    webInfLibClassloader = null
    metaInfCache = class com.ibm.ws.webcontainer.webapp.WebApp$2@396e979c
      this$0 = class com.ibm.ws.webcontainer.osgi.webapp.WebApp@5d728b27
      serialVersionUID = 3801124242820219131
      head = null
      tail = null
      accessOrder = true
      serialVersionUID = 362498820763181265
      DEFAULT_INITIAL_CAPACITY = 16
      MAXIMUM_CAPACITY = 1073741824
      DEFAULT_LOAD_FACTOR = 0.75
      TREEIFY_THRESHOLD = 8
      UNTREEIFY_THRESHOLD = 6
      MIN_TREEIFY_CAPACITY = 64
      table = null
      entrySet = null
      size = 0
      modCount = 0
      threshold = 32
      loadFactor = 1.0
      keySet = null
      values = null
    useMetaInfCache = true
    SUN_CONFIGURE_LISTENER_CLASSNAME = "com.sun.faces.config.ConfigureListener"
    MYFACES_LIFECYCLE_LISTENER_CLASSNAME = "org.apache.myfaces.webapp.StartupServletContextListener"
    JSF_IMPL_ENABLED_PARAM = "com.ibm.ws.jsf.JSF_IMPL_ENABLED"
    JSF_IMPL_ENABLED_CUSTOM = "Custom"
    JSF_IMPL_ENABLED_NONE = "None"
    staticDocRoot = class com.ibm.ws.webcontainer.util.DocumentRootUtils@5b8bcff6
      logger = class com.ibm.ws.logging.internal.WsLogger@181e55dc
      CLASS_NAME = "com.ibm.ws.webcontainer.util.DocumentRootUtils"
      useContentLength = false
      matchedFile = null
      matchedZipFile = null
      matchedEntry = null
      matchedURL = null
      edrRoot = null
      pfedrRoot = null
      ctxt = class com.ibm.ws.webcontainer.osgi.webapp.WebApp@5d728b27
      baseDir = null
      edr = null
      pfedr = null
      metaInfRes = null
      searchpfEDR = true
      searchEDR = true
      searchMetaInfRes = true
      matchFromEDR = false
      matchFromMetaInfRes = false
      matchIsADirectory = false
      appConfig = class com.ibm.ws.webcontainer.osgi.webapp.WebAppConfiguration@28729f5
      attributeType = "staticFile"
      STATIC_FILE = "staticFile"
      JSP = "jsp"
      PFEDR = "preFragmentExtendedDocumentRoot"
      EDR = "extendedDocumentRoot"
    jspDocRoot = class com.ibm.ws.webcontainer.util.DocumentRootUtils@4c1c4ddd
      logger = class com.ibm.ws.logging.internal.WsLogger@181e55dc
      CLASS_NAME = "com.ibm.ws.webcontainer.util.DocumentRootUtils"
      useContentLength = false
      matchedFile = null
      matchedZipFile = null
      matchedEntry = null
      matchedURL = null
      edrRoot = null
      pfedrRoot = null
      ctxt = class com.ibm.ws.webcontainer.osgi.webapp.WebApp@5d728b27
      baseDir = null
      edr = null
      pfedr = null
      metaInfRes = null
      searchpfEDR = true
      searchEDR = true
      searchMetaInfRes = true
      matchFromEDR = false
      matchFromMetaInfRes = false
      matchIsADirectory = false
      appConfig = class com.ibm.ws.webcontainer.osgi.webapp.WebAppConfiguration@28729f5
      attributeType = "jsp"
      STATIC_FILE = "staticFile"
      JSP = "jsp"
      PFEDR = "preFragmentExtendedDocumentRoot"
      EDR = "extendedDocumentRoot"
    container = class com.ibm.ws.adaptable.module.internal.AdaptableContainerImpl@26edbc3d
      root = class com.ibm.ws.adaptable.module.internal.AdaptableContainerImpl@26edbc3d
      rootOverlay = class com.ibm.ws.artifact.overlay.internal.DirectoryBasedOverlayContainerImpl@47b0f495
      factoryHolder = class com.ibm.ws.adaptable.module.internal.AdaptableModuleFactoryImpl@1b37ea31
      delegate = class com.ibm.ws.artifact.overlay.internal.DirectoryBasedOverlayContainerImpl@47b0f495
      notifier = class com.ibm.ws.adaptable.module.internal.NotifierImpl@236fd3d9
      serialVersionUID = -5621513278641113667
      $$$tc$$$ = class com.ibm.websphere.ras.TraceComponent@58b2b88b
    metaInfResourceFinder = class com.ibm.ws.webcontainer.util.MetaInfResourceFinder@67770051
      jarResourceContainers = class java.util.ArrayList@5c2dc3a5
      container = class com.ibm.ws.adaptable.module.internal.AdaptableContainerImpl@26edbc3d
    postConstructMethods = class com.ibm.ws.webcontainer.webapp.WebApp$AnnotatedMethods@2a68b954
      annotationClass = class java.lang.Class@b41a367
      noOpClassNames = class java.util.HashSet@4ea6eb57
      annotatedMethodNames = class java.util.HashMap@7ca439cd
      EMPTY_METHODS = class java.lang.reflect.Method[0]
    preDestroyMethods = class com.ibm.ws.webcontainer.webapp.WebApp$AnnotatedMethods@2f993790
      annotationClass = class java.lang.Class@5bf1ef08
      noOpClassNames = class java.util.HashSet@7e446515
      annotatedMethodNames = class java.util.HashMap@8d5e14f
      EMPTY_METHODS = class java.lang.reflect.Method[0]
    OBJ_EMPTY = class java.lang.Object[0]
    CLASS_EMPTY = class java.lang.Class[0]
    DEFAULT_JSP_EXTENSIONS = class java.util.ArrayList@145e51b
      serialVersionUID = 8683452581122892189
      DEFAULT_CAPACITY = 10
      EMPTY_ELEMENTDATA = class java.lang.Object[0]
      DEFAULTCAPACITY_EMPTY_ELEMENTDATA = class java.lang.Object[0]
      elementData = class java.lang.Object[10]
      size = 4
      MAX_ARRAY_SIZE = 2147483639
      modCount = 4
      MAX_ARRAY_SIZE = 2147483639
    DO_ACCEPT_PARTIAL = true
    DO_NOT_ACCEPT_PARTIAL = false
    DO_ACCEPT_EXCLUDED = true
    DO_NOT_ACCEPT_EXCLUDED = false
    commands = class java.util.ArrayList@31a2a86a
      serialVersionUID = 8683452581122892189
      DEFAULT_CAPACITY = 10
      EMPTY_ELEMENTDATA = class java.lang.Object[0]
      DEFAULTCAPACITY_EMPTY_ELEMENTDATA = class java.lang.Object[0]
      elementData = class java.lang.Object[3]
      size = 0
      MAX_ARRAY_SIZE = 2147483639
      modCount = 0
      MAX_ARRAY_SIZE = 2147483639
    requestMapper = class com.ibm.wsspi.webcontainer.util.URIMapper@57612c79
      matcher = class com.ibm.wsspi.webcontainer.util.URIMatcher@1f033b84
    parent = class com.ibm.ws.webcontainer.osgi.webapp.WebGroup@79a276b3
      tc = class com.ibm.websphere.ras.TraceComponent@69d04c3
      logger = class com.ibm.ws.logging.internal.WsLogger@292e13cf
      CLASS_NAME = "com.ibm.ws.webcontainer.webapp.WebGroup"
      sessUrlRewritePrefix = ";jsessionid="
      qMark = "?"
      config = class com.ibm.ws.webcontainer.osgi.webapp.WebGroupConfiguration@36f020fe
      webApp = class com.ibm.ws.webcontainer.osgi.webapp.WebApp@5d728b27
      commands = class java.util.ArrayList@26d3693a
      requestMapper = null
      parent = class com.ibm.ws.webcontainer.osgi.DynamicVirtualHost@40d3a426
      name = "/ERP-light/*"
      isAlive = true
      subElements = class java.util.HashMap@44f981fe
      attributes = null
      config = null
      serialVersionUID = -8271459000149267764
      $$$tc$$$ = class com.ibm.websphere.ras.TraceComponent@214f639c
    name = "ERP-light-0.0.1-SNAPSHOT"
    isAlive = true
    subElements = null
    attributes = class java.util.Collections$SynchronizedMap@7b690b42
      serialVersionUID = 1978198479659022715
      m = class java.util.HashMap@6fa5c987
      mutex = class java.util.Collections$SynchronizedMap@7b690b42
      keySet = null
      entrySet = class java.util.Collections$SynchronizedSet@44353e5a
      values = null
    config = null
    serialVersionUID = -8271459000149267764
    $$$tc$$$ = class com.ibm.websphere.ras.TraceComponent@214f639c
      strings[0] = "TraceComponent[com.ibm.ws.container.AbstractContainer,class com.ibm.ws.container.AbstractContainer,[],null,null]"
  target = class org.springframework.web.servlet.DispatcherServlet@27ab263
    MULTIPART_RESOLVER_BEAN_NAME = "multipartResolver"
    LOCALE_RESOLVER_BEAN_NAME = "localeResolver"
    THEME_RESOLVER_BEAN_NAME = "themeResolver"
    HANDLER_MAPPING_BEAN_NAME = "handlerMapping"
    HANDLER_ADAPTER_BEAN_NAME = "handlerAdapter"
    HANDLER_EXCEPTION_RESOLVER_BEAN_NAME = "handlerExceptionResolver"
    REQUEST_TO_VIEW_NAME_TRANSLATOR_BEAN_NAME = "viewNameTranslator"
    VIEW_RESOLVER_BEAN_NAME = "viewResolver"
    FLASH_MAP_MANAGER_BEAN_NAME = "flashMapManager"
    WEB_APPLICATION_CONTEXT_ATTRIBUTE = "org.springframework.web.servlet.DispatcherServlet.CONTEXT"
    LOCALE_RESOLVER_ATTRIBUTE = "org.springframework.web.servlet.DispatcherServlet.LOCALE_RESOLVER"
    THEME_RESOLVER_ATTRIBUTE = "org.springframework.web.servlet.DispatcherServlet.THEME_RESOLVER"
    THEME_SOURCE_ATTRIBUTE = "org.springframework.web.servlet.DispatcherServlet.THEME_SOURCE"
    INPUT_FLASH_MAP_ATTRIBUTE = "org.springframework.web.servlet.DispatcherServlet.INPUT_FLASH_MAP"
    OUTPUT_FLASH_MAP_ATTRIBUTE = "org.springframework.web.servlet.DispatcherServlet.OUTPUT_FLASH_MAP"
    FLASH_MAP_MANAGER_ATTRIBUTE = "org.springframework.web.servlet.DispatcherServlet.FLASH_MAP_MANAGER"
    EXCEPTION_ATTRIBUTE = "org.springframework.web.servlet.DispatcherServlet.EXCEPTION"
    PAGE_NOT_FOUND_LOG_CATEGORY = "org.springframework.web.servlet.PageNotFound"
    DEFAULT_STRATEGIES_PATH = "DispatcherServlet.properties"
    pageNotFoundLogger = class org.apache.commons.logging.impl.Jdk14Logger@4e918638
      serialVersionUID = 4784713551416303804
      dummyLevel = class java.util.logging.Level@8444b4e
      logger = class com.ibm.ws.logging.internal.WsLogger@18520265
      name = "org.springframework.web.servlet.PageNotFound"
    defaultStrategies = class java.util.Properties@60f8041
      serialVersionUID = 4112578634029874840
      defaults = null
      hexDigit = {0123456789ABCDEF} /* array length = 16*/
      table = class java.util.Hashtable$Entry[11]
      count = 8
      threshold = 8
      loadFactor = 0.75
      modCount = 8
      serialVersionUID = 1421746759512286392
      MAX_ARRAY_SIZE = 2147483639
      keySet = null
      entrySet = null
      values = null
      KEYS = 0
      VALUES = 1
      ENTRIES = 2
    detectAllHandlerMappings = true
    detectAllHandlerAdapters = true
    detectAllHandlerExceptionResolvers = true
    detectAllViewResolvers = true
    throwExceptionIfNoHandlerFound = false
    cleanupAfterInclude = true
    multipartResolver = null
    localeResolver = null
    themeResolver = null
    handlerMappings = null
    handlerAdapters = null
    handlerExceptionResolvers = null
    viewNameTranslator = null
    flashMapManager = null
    viewResolvers = null
    DEFAULT_NAMESPACE_SUFFIX = "-servlet"
    DEFAULT_CONTEXT_CLASS = class java.lang.Class@b329333
      ANNOTATION = 8192
      ENUM = 16384
      SYNTHETIC = 4096
      cachedConstructor = null
      newInstanceCallerCache = null
      name = "org.springframework.web.context.support.XmlWebApplicationContext"
      allPermDomain = class java.security.ProtectionDomain@7f071bdc
      useCaches = true
      reflectionData = class java.lang.ref.SoftReference@7258ba98
      classRedefinedCount = 0
      genericInfo = null
      serialVersionUID = 3206093459760846163
      serialPersistentFields = class java.io.ObjectStreamField[0]
      reflectionFactory = class sun.reflect.ReflectionFactory@1ee3b002
      initted = true
      enumConstants = null
      enumConstantDirectory = null
      annotationData = null
      annotationType = null
      classValueMap = null
    SERVLET_CONTEXT_PREFIX = "org.springframework.web.servlet.FrameworkServlet.CONTEXT."
    INIT_PARAM_DELIMITERS = ",; 	
"
    responseGetStatusAvailable = true
    contextAttribute = null
    contextClass = class java.lang.Class@b329333
    contextId = null
    namespace = null
    contextConfigLocation = null
    contextInitializers = class java.util.ArrayList@6d75d859
      serialVersionUID = 8683452581122892189
      DEFAULT_CAPACITY = 10
      EMPTY_ELEMENTDATA = class java.lang.Object[0]
      DEFAULTCAPACITY_EMPTY_ELEMENTDATA = class java.lang.Object[0]
      elementData = class java.lang.Object[0]
      size = 0
      MAX_ARRAY_SIZE = 2147483639
      modCount = 0
      MAX_ARRAY_SIZE = 2147483639
    contextInitializerClasses = null
    publishContext = true
    publishEvents = true
    threadContextInheritable = false
    dispatchOptionsRequest = false
    dispatchTraceRequest = false
    webApplicationContext = null
    webApplicationContextInjected = false
    refreshEventReceived = false
    logger = class org.apache.commons.logging.impl.Jdk14Logger@2f172389
      serialVersionUID = 4784713551416303804
      dummyLevel = class java.util.logging.Level@8444b4e
      logger = class com.ibm.ws.logging.internal.WsLogger@7c685bc2
      name = "org.springframework.web.servlet.DispatcherServlet"
    requiredProperties = class java.util.HashSet@55e0a3a2
      serialVersionUID = -5024744406713321676
      map = class java.util.HashMap@613183ee
      PRESENT = class java.lang.Object@382658aa
      MAX_ARRAY_SIZE = 2147483639
    environment = class org.springframework.web.context.support.StandardServletEnvironment@4a541926
      SERVLET_CONTEXT_PROPERTY_SOURCE_NAME = "servletContextInitParams"
      SERVLET_CONFIG_PROPERTY_SOURCE_NAME = "servletConfigInitParams"
      JNDI_PROPERTY_SOURCE_NAME = "jndiProperties"
      SYSTEM_ENVIRONMENT_PROPERTY_SOURCE_NAME = "systemEnvironment"
      SYSTEM_PROPERTIES_PROPERTY_SOURCE_NAME = "systemProperties"
      IGNORE_GETENV_PROPERTY_NAME = "spring.getenv.ignore"
      ACTIVE_PROFILES_PROPERTY_NAME = "spring.profiles.active"
      DEFAULT_PROFILES_PROPERTY_NAME = "spring.profiles.default"
      RESERVED_DEFAULT_PROFILE_NAME = "default"
      logger = class org.apache.commons.logging.impl.Jdk14Logger@23545104
      activeProfiles = class java.util.LinkedHashSet@505f9f9d
      defaultProfiles = class java.util.LinkedHashSet@7d3dbf44
      propertySources = class org.springframework.core.env.MutablePropertySources@34bb4d94
      propertyResolver = class org.springframework.core.env.PropertySourcesPropertyResolver@35e6e676
    METHOD_DELETE = "DELETE"
    METHOD_HEAD = "HEAD"
    METHOD_GET = "GET"
    METHOD_OPTIONS = "OPTIONS"
    METHOD_POST = "POST"
    METHOD_PUT = "PUT"
    METHOD_TRACE = "TRACE"
    HEADER_IFMODSINCE = "If-Modified-Since"
    HEADER_LASTMOD = "Last-Modified"
    LSTRING_FILE = "javax.servlet.http.LocalStrings"
    lStrings = class java.util.PropertyResourceBundle@9a0a725
      lookup = class java.util.HashMap@33f07f3f
      INITIAL_CACHE_SIZE = 32
      NONEXISTENT_BUNDLE = class java.util.ResourceBundle$1@7cccbad4
      cacheList = class java.util.concurrent.ConcurrentHashMap@2c54e654
      referenceQueue = class java.lang.ref.ReferenceQueue@2d93d3c1
      parent = null
      locale = class java.util.Locale@14896045
      name = "javax.servlet.http.LocalStrings"
      expired = false
      cacheKey = class java.util.ResourceBundle$CacheKey@7b67fcf9
      keySet = null
      providers = null
      $assertionsDisabled = true
    config = class com.ibm.ws.webcontainer.servlet.ServletConfig@14bebc52
  cacheWrappers = null
  targetLoader = class com.ibm.ws.classloading.internal.ThreadContextClassLoader@2628adbf
    tc = class com.ibm.websphere.ras.TraceComponent@7d1a4fdc
      strings[0] = "TraceComponent[com.ibm.ws.classloading.internal.ThreadContextClassLoader,class com.ibm.ws.classloading.internal.ThreadContextClassLoader,[ClassLoadingService],com.ibm.ws.classloading.internal.resources.ClassLoadingServiceMessages,null]"
    bundle = class java.util.concurrent.atomic.AtomicReference@4fc81f49
      serialVersionUID = -1848883965231344442
      unsafe = class sun.misc.Unsafe@4ef8aad8
      valueOffset = 12
      value = class org.eclipse.osgi.internal.framework.EquinoxBundle@19897231
    key = "WebModule:ERP-light#ERP-light-0.0.1-SNAPSHOT.war"
    refCount = class java.util.concurrent.atomic.AtomicInteger@70124234
      serialVersionUID = 6214790243416807050
      unsafe = class sun.misc.Unsafe@4ef8aad8
      valueOffset = 12
      value = 1
      serialVersionUID = -8742448824652078965
    serialVersionUID = 2718662781678069765
    followOnClassLoaders = class java.util.ArrayList@4392646f
      serialVersionUID = 8683452581122892189
      DEFAULT_CAPACITY = 10
      EMPTY_ELEMENTDATA = class java.lang.Object[0]
      DEFAULTCAPACITY_EMPTY_ELEMENTDATA = class java.lang.Object[0]
      elementData = class java.lang.Object[10]
      size = 1
      MAX_ARRAY_SIZE = 2147483639
      modCount = 1
      MAX_ARRAY_SIZE = 2147483639
    serialVersionUID = 5933218255537285806
    $$$tc$$$ = class com.ibm.websphere.ras.TraceComponent@33dc7b03
      strings[0] = "TraceComponent[com.ibm.ws.classloading.internal.UnifiedClassLoader,class com.ibm.ws.classloading.internal.UnifiedClassLoader,[ClassLoadingService],com.ibm.ws.classloading.internal.resources.ClassLoadingServiceMessages,null]"
    serialVersionUID = 161679851398543548
    $$$tc$$$ = class com.ibm.websphere.ras.TraceComponent@bee7b93
      strings[0] = "TraceComponent[com.ibm.ws.classloading.internal.LibertyLoader,class com.ibm.ws.classloading.internal.LibertyLoader,[ClassLoadingService],com.ibm.ws.classloading.internal.resources.ClassLoadingServiceMessages,null]"
    serialVersionUID = 2596921220292114344
    $$$tc$$$ = class com.ibm.websphere.ras.TraceComponent@74a27077
      strings[0] = "TraceComponent[com.ibm.ws.classloading.LibertyClassLoader,class com.ibm.ws.classloading.LibertyClassLoader,[ClassLoadingService],com.ibm.ws.classloading.internal.resources.ClassLoadingServiceMessages,null]"
    initialized = true
    pdcache = class java.util.HashMap@24e43be2
      serialVersionUID = 362498820763181265
      DEFAULT_INITIAL_CAPACITY = 16
      MAXIMUM_CAPACITY = 1073741824
      DEFAULT_LOAD_FACTOR = 0.75
      TREEIFY_THRESHOLD = 8
      UNTREEIFY_THRESHOLD = 6
      MIN_TREEIFY_CAPACITY = 64
      table = null
      entrySet = null
      size = 0
      modCount = 0
      threshold = 16
      loadFactor = 0.75
      keySet = null
      values = null
    debug = null
    parent = class com.ibm.ws.classloading.internal.GatewayClassLoader@187d7003
      config = class com.ibm.ws.classloading.internal.GatewayConfigurationImpl@60d1be77
      wiringMonitor = class com.ibm.ws.classloading.internal.GatewayClassLoader$1@38a50955
      bundle = class org.eclipse.osgi.internal.framework.EquinoxBundle@19897231
      wiring = class org.eclipse.osgi.container.ModuleWiring@7765e6b9
      bundleLoader = class org.eclipse.osgi.internal.loader.EquinoxClassLoader@1bd7434c
      resourceProviders = class com.ibm.ws.classloading.internal.CompositeResourceProvider@76986447
      serialVersionUID = -4256474098847905153
      $$$tc$$$ = class com.ibm.websphere.ras.TraceComponent@40626897
      parent = class sun.misc.Launcher$AppClassLoader@18b4aac2
      parallelLockMap = null
      package2certs = class java.util.Hashtable@66e72460
      nocerts = class java.security.cert.Certificate[0]
      classes = class java.util.Vector@3eef462b
      defaultDomain = class java.security.ProtectionDomain@1f83bf99
      packages = class java.util.HashMap@2a8c5a72
      scl = class sun.misc.Launcher$AppClassLoader@18b4aac2
      sclSet = true
      loadedLibraryNames = class java.util.Vector@4dce8481
      systemNativeLibraries = class java.util.Vector@9694a9a
      nativeLibraries = class java.util.Vector@7597af67
      nativeLibraryContext = class java.util.Stack@7cb41fd5
      usr_paths = class java.lang.String[35]
      sys_paths = class java.lang.String[1]
      assertionLock = class com.ibm.ws.classloading.internal.GatewayClassLoader@187d7003
      defaultAssertionStatus = false
      packageAssertionStatus = null
      classAssertionStatus = null
    parallelLockMap = null
    package2certs = class java.util.Hashtable@7405920d
      table = class java.util.Hashtable$Entry[11]
      count = 0
      threshold = 8
      loadFactor = 0.75
      modCount = 0
      serialVersionUID = 1421746759512286392
      MAX_ARRAY_SIZE = 2147483639
      keySet = null
      entrySet = null
      values = null
      KEYS = 0
      VALUES = 1
      ENTRIES = 2
    nocerts = class java.security.cert.Certificate[0]
    classes = class java.util.Vector@78c78496
      elementData = class java.lang.Object[10]
      elementCount = 0
      capacityIncrement = 0
      serialVersionUID = -2767605614048989439
      MAX_ARRAY_SIZE = 2147483639
      modCount = 0
      MAX_ARRAY_SIZE = 2147483639
    defaultDomain = class java.security.ProtectionDomain@103dfb18
      codesource = class java.security.CodeSource@4dafd29d
      classloader = class com.ibm.ws.classloading.internal.ThreadContextClassLoader@2628adbf
      principals = interface java.security.Principal[0]
      permissions = null
      hasAllPerm = false
      staticPermissions = false
      key = class java.security.ProtectionDomain$Key@2f309178
      debug = null
    packages = class java.util.HashMap@1503f9d6
      serialVersionUID = 362498820763181265
      DEFAULT_INITIAL_CAPACITY = 16
      MAXIMUM_CAPACITY = 1073741824
      DEFAULT_LOAD_FACTOR = 0.75
      TREEIFY_THRESHOLD = 8
      UNTREEIFY_THRESHOLD = 6
      MIN_TREEIFY_CAPACITY = 64
      table = null
      entrySet = null
      size = 0
      modCount = 0
      threshold = 0
      loadFactor = 0.75
      keySet = null
      values = null
    scl = class sun.misc.Launcher$AppClassLoader@18b4aac2
      ucp = class sun.misc.URLClassPath@19e92420
      $assertionsDisabled = true
      ucp = class sun.misc.URLClassPath@19e92420
      acc = class java.security.AccessControlContext@9be7fc6
      closeables = class java.util.WeakHashMap@67875488
      initialized = true
      pdcache = class java.util.HashMap@65d0db58
      debug = null
      parent = class sun.misc.Launcher$ExtClassLoader@108c4c35
      parallelLockMap = class java.util.concurrent.ConcurrentHashMap@35482be6
      package2certs = class java.util.concurrent.ConcurrentHashMap@4f7232c6
      nocerts = class java.security.cert.Certificate[0]
      classes = class java.util.Vector@120c1cb4
      defaultDomain = class java.security.ProtectionDomain@71651fb6
      packages = class java.util.HashMap@5860d67
      scl = class sun.misc.Launcher$AppClassLoader@18b4aac2
      sclSet = true
      loadedLibraryNames = class java.util.Vector@4dce8481
      systemNativeLibraries = class java.util.Vector@9694a9a
      nativeLibraries = class java.util.Vector@5b3ceb13
      nativeLibraryContext = class java.util.Stack@7cb41fd5
      usr_paths = class java.lang.String[35]
      sys_paths = class java.lang.String[1]
      assertionLock = class java.lang.Object@2927b57c
      defaultAssertionStatus = false
      packageAssertionStatus = null
      classAssertionStatus = null
    sclSet = true
    loadedLibraryNames = class java.util.Vector@4dce8481
      elementData = class java.lang.Object[10]
      elementCount = 7
      capacityIncrement = 0
      serialVersionUID = -2767605614048989439
      MAX_ARRAY_SIZE = 2147483639
      modCount = 7
      MAX_ARRAY_SIZE = 2147483639
    systemNativeLibraries = class java.util.Vector@9694a9a
      elementData = class java.lang.Object[10]
      elementCount = 5
      capacityIncrement = 0
      serialVersionUID = -2767605614048989439
      MAX_ARRAY_SIZE = 2147483639
      modCount = 5
      MAX_ARRAY_SIZE = 2147483639
    nativeLibraries = class java.util.Vector@76f38594
      elementData = class java.lang.Object[10]
      elementCount = 0
      capacityIncrement = 0
      serialVersionUID = -2767605614048989439
      MAX_ARRAY_SIZE = 2147483639
      modCount = 0
      MAX_ARRAY_SIZE = 2147483639
    nativeLibraryContext = class java.util.Stack@7cb41fd5
      serialVersionUID = 1224463164541339165
      elementData = class java.lang.Object[10]
      elementCount = 0
      capacityIncrement = 0
      serialVersionUID = -2767605614048989439
      MAX_ARRAY_SIZE = 2147483639
      modCount = 14
      MAX_ARRAY_SIZE = 2147483639
    usr_paths = class java.lang.String[35]
      usr_paths[0] = "C:\Program Files\Java\jre-1.8\bin"
      usr_paths[1] = "C:\Windows\Sun\Java\bin"
      usr_paths[2] = "C:\Windows\system32"
      usr_paths[3] = "C:\Windows"
      usr_paths[4] = "C:/Users/Marcus Schneider/.p2/pool/plugins/org.eclipse.justj.openjdk.hotspot.jre.full.win32.x86_64_17.0.9.v20231028-0858/jre/bin/server"
      usr_paths[5] = "C:/Users/Marcus Schneider/.p2/pool/plugins/org.eclipse.justj.openjdk.hotspot.jre.full.win32.x86_64_17.0.9.v20231028-0858/jre/bin"
      usr_paths[6] = "C:/Users/MARCUS~1/AppData/Local/Temp/eoi6B30.tmp//plugins/org.eclipse.justj.openjdk.hotspot.jre.minimal.stripped.win32.x86_64_17.0.9.v20231028-0858/jre/bin/server"
      usr_paths[7] = "C:/Users/MARCUS~1/AppData/Local/Temp/eoi6B30.tmp//plugins/org.eclipse.justj.openjdk.hotspot.jre.minimal.stripped.win32.x86_64_17.0.9.v20231028-0858/jre/bin"
      usr_paths[8] = "C:\Program Files\Mozilla Firefox"
      usr_paths[9] = "C:\Program Files\Microsoft SDKs\Azure\CLI2\wbin"
      usr_paths[10] = "C:\Program Files (x86)\Common Files\Oracle\Java\javapath"
      usr_paths[11] = "C:\Program Files (x86)\Common Files\Intel\Shared Libraries\redist\intel64_win\compiler"
      usr_paths[12] = "C:\Windows\system32"
      usr_paths[13] = "C:\Windows"
      usr_paths[14] = "C:\Windows\System32\Wbem"
      usr_paths[15] = "C:\Windows\System32\WindowsPowerShell\v1.0\"
      usr_paths[16] = "C:\Windows\System32\OpenSSH\"
      usr_paths[17] = "C:\Program Files\dotnet\"
      usr_paths[18] = "C:\Program Files (x86)\NVIDIA Corporation\PhysX\Common"
      usr_paths[19] = "C:\Program Files\Apache\maven"
      usr_paths[20] = "C:\Users\Marcus Schneider\Desktop\Bachelor-Projekt\apache-maven-3.5.3\bin"
      usr_paths[21] = "."
      usr_paths[22] = "C:\Program Files\Docker\Docker\resources\bin"
      usr_paths[23] = "C:\Users\Marcus Schneider\AppData\Local\Programs\Python\Python311\Scripts\"
      usr_paths[24] = "C:\Users\Marcus Schneider\AppData\Local\Programs\Python\Python311\"
      usr_paths[25] = "C:\Users\Marcus Schneider\AppData\Local\Microsoft\WindowsApps"
      usr_paths[26] = "C:\Users\Marcus Schneider\AppData\Local\Programs\Microsoft VS Code\bin"
      usr_paths[27] = "C:\ProgramData\Marcus Schneider\GitHubDesktop\bin"
      usr_paths[28] = "C:\Program Files\PostgreSQL\11\bin"
      usr_paths[29] = "."
      usr_paths[30] = "C:\Users\Marcus Schneider\Downloads"
      usr_paths[31] = "."
      usr_paths[32] = "C:\Users\Marcus Schneider\Downloads"
      usr_paths[33] = "."
      usr_paths[34] = "."
    sys_paths = class java.lang.String[1]
      sys_paths[0] = "C:\Program Files\Java\jre-1.8\bin"
    assertionLock = class com.ibm.ws.classloading.internal.ThreadContextClassLoader@2628adbf
    defaultAssertionStatus = false
    packageAssertionStatus = null
    classAssertionStatus = null
  evtSource = class com.ibm.ws.webcontainer.webapp.WebAppEventSource@91c1887
    _invocationListeners = class com.ibm.ws.webcontainer.util.EventListeners@6255b5a5
      EMPTY_LISTENERS = interface java.util.EventListener[0]
      logger = class com.ibm.ws.logging.internal.WsLogger@181e55dc
      CLASS_NAME = "com.ibm.ws.webcontainer.util.EventListeners"
      listeners = interface java.util.EventListener[0]
    _servletListeners = class com.ibm.ws.webcontainer.util.EventListeners@722204f7
      EMPTY_LISTENERS = interface java.util.EventListener[0]
      logger = class com.ibm.ws.logging.internal.WsLogger@181e55dc
      CLASS_NAME = "com.ibm.ws.webcontainer.util.EventListeners"
      listeners = interface java.util.EventListener[0]
    _errorListeners = class com.ibm.ws.webcontainer.util.EventListeners@104482d1
      EMPTY_LISTENERS = interface java.util.EventListener[0]
      logger = class com.ibm.ws.logging.internal.WsLogger@181e55dc
      CLASS_NAME = "com.ibm.ws.webcontainer.util.EventListeners"
      listeners = interface java.util.EventListener[0]
    _applicationListeners = class com.ibm.ws.webcontainer.util.EventListeners@1f1b1607
      EMPTY_LISTENERS = interface java.util.EventListener[0]
      logger = class com.ibm.ws.logging.internal.WsLogger@181e55dc
      CLASS_NAME = "com.ibm.ws.webcontainer.util.EventListeners"
      listeners = interface java.util.EventListener[0]
    _filterInvocationListeners = class com.ibm.ws.webcontainer.util.EventListeners@502c60dc
      EMPTY_LISTENERS = interface java.util.EventListener[0]
      logger = class com.ibm.ws.logging.internal.WsLogger@181e55dc
      CLASS_NAME = "com.ibm.ws.webcontainer.util.EventListeners"
      listeners = interface java.util.EventListener[0]
    _filterListeners = class com.ibm.ws.webcontainer.util.EventListeners@32cbd392
      EMPTY_LISTENERS = interface java.util.EventListener[0]
      logger = class com.ibm.ws.logging.internal.WsLogger@181e55dc
      CLASS_NAME = "com.ibm.ws.webcontainer.util.EventListeners"
      listeners = interface java.util.EventListener[0]
    _filterErrorListeners = class com.ibm.ws.webcontainer.util.EventListeners@6ad9d10
      EMPTY_LISTENERS = interface java.util.EventListener[0]
      logger = class com.ibm.ws.logging.internal.WsLogger@181e55dc
      CLASS_NAME = "com.ibm.ws.webcontainer.util.EventListeners"
      listeners = interface java.util.EventListener[0]
  event = class com.ibm.websphere.servlet.event.ServletEvent@1eb9f46b
    serialVersionUID = 3906650803920713522
    _servletName = "erp-light"
    _servletClassName = "org.springframework.web.servlet.DispatcherServlet"
    $$$tc$$$ = class com.ibm.websphere.ras.TraceComponent@2648e261
      strings[0] = "TraceComponent[com.ibm.websphere.servlet.event.ServletEvent,class com.ibm.websphere.servlet.event.ServletEvent,[],null,null]"
    serialVersionUID = 3546927969739289392
    _context = class com.ibm.wsspi.webcontainer.facade.ServletContextFacade@8a425c2
    _servletNames = class com.ibm.ws.webcontainer.util.EmptyEnumeration@3ce299dd
      serialVersionUID = 3546642126931963953
      _instance = class com.ibm.ws.webcontainer.util.EmptyEnumeration@3ce299dd
    $$$tc$$$ = class com.ibm.websphere.ras.TraceComponent@5a2692f4
      strings[0] = "TraceComponent[com.ibm.websphere.servlet.event.ApplicationEvent,class com.ibm.websphere.servlet.event.ApplicationEvent,[],null,null]"
    serialVersionUID = 5516075349620653480
    source = class com.ibm.ws.webcontainer.osgi.servlet.ServletWrapper@27e34165
  unavailableMessage = null
  unavailableUntil = -1
  isSTM = false
  internalServlet = false
  webAppInvocationCollaborators = null
  platformHelper = class com.ibm.ws.webcontainer.PlatformHelper@602662e1
  webAppNameSpaceCollab = class com.ibm.ws.webcontainer.osgi.collaborator.WebAppNameSpaceCollaboratorImpl@11b0e9b
    cmdai = class com.ibm.ws.threadContext.ComponentMetaDataAccessorImpl@3f2c9cea
      tc = class com.ibm.websphere.ras.TraceComponent@2cee2505
      cmdai = class com.ibm.ws.threadContext.ComponentMetaDataAccessorImpl@3f2c9cea
      threadContext = class com.ibm.ws.threadContext.ThreadContextImpl@61f7a58f
  txCollab = class com.ibm.ws.webcontainer.collaborator.WebAppTransactionCollaborator@682ae61f
    logger = class com.ibm.ws.logging.internal.WsLogger@6ca90288
    CLASS_NAME = "com.ibm.ws.webcontainer.collaborator.WebAppTransactionCollaborator"
  connCollab = class com.ibm.ws.webcontainer.collaborator.ConnectionCollaborator@39615ddd
  suppressServletExceptionLogging = false
  throwExceptionEnum = class java.util.RegularEnumSet@6a83017a
    serialVersionUID = 3411599620347842686
    elements = 256
    elementType = class java.lang.Class@457d18e2
      ANNOTATION = 8192
      ENUM = 16384
      SYNTHETIC = 4096
      cachedConstructor = null
      newInstanceCallerCache = null
      name = "com.ibm.wsspi.webcontainer.collaborator.CollaboratorInvocationEnum"
      allPermDomain = class java.security.ProtectionDomain@7f071bdc
      useCaches = true
      reflectionData = class java.lang.ref.SoftReference@366276b2
      classRedefinedCount = 0
      genericInfo = null
      serialVersionUID = 3206093459760846163
      serialPersistentFields = class java.io.ObjectStreamField[0]
      reflectionFactory = class sun.reflect.ReflectionFactory@1ee3b002
      initted = true
      enumConstants = class com.ibm.wsspi.webcontainer.collaborator.CollaboratorInvocationEnum[9]
      enumConstantDirectory = null
      annotationData = null
      annotationType = null
      classValueMap = null
    universe = class com.ibm.wsspi.webcontainer.collaborator.CollaboratorInvocationEnum[9]
      universe[0] = class com.ibm.wsspi.webcontainer.collaborator.CollaboratorInvocationEnum@53a75547
      universe[1] = class com.ibm.wsspi.webcontainer.collaborator.CollaboratorInvocationEnum@74df19e5
      universe[2] = class com.ibm.wsspi.webcontainer.collaborator.CollaboratorInvocationEnum@c9403fa
      universe[3] = class com.ibm.wsspi.webcontainer.collaborator.CollaboratorInvocationEnum@3511b3b8
      universe[4] = class com.ibm.wsspi.webcontainer.collaborator.CollaboratorInvocationEnum@5c75d530
      universe[5] = class com.ibm.wsspi.webcontainer.collaborator.CollaboratorInvocationEnum@5069ff6a
      universe[6] = class com.ibm.wsspi.webcontainer.collaborator.CollaboratorInvocationEnum@7ccead4e
      universe[7] = class com.ibm.wsspi.webcontainer.collaborator.CollaboratorInvocationEnum@44fa5d1c
      universe[8] = class com.ibm.wsspi.webcontainer.collaborator.CollaboratorInvocationEnum@36d4cce6
    ZERO_LENGTH_ENUM_ARRAY = class java.lang.Enum[0]
    MAX_ARRAY_SIZE = 2147483639
  discernUnavailableServlet = false
  reInitServletonInitUnavailableException = true
  destroyServletonServiceUnavailableException = false
  servlet23 = true
  PARAMS_HEAD_TRACE = class java.lang.Class[2]
    PARAMS_HEAD_TRACE[0] = class java.lang.Class@2bc87940
      ANNOTATION = 8192
      ENUM = 16384
      SYNTHETIC = 4096
      cachedConstructor = null
      newInstanceCallerCache = null
      name = null
      allPermDomain = class java.security.ProtectionDomain@7f071bdc
      useCaches = true
      reflectionData = null
      classRedefinedCount = 0
      genericInfo = null
      serialVersionUID = 3206093459760846163
      serialPersistentFields = class java.io.ObjectStreamField[0]
      reflectionFactory = class sun.reflect.ReflectionFactory@1ee3b002
      initted = true
      enumConstants = null
      enumConstantDirectory = null
      annotationData = null
      annotationType = null
      classValueMap = null
    PARAMS_HEAD_TRACE[1] = class java.lang.Class@1e1c644e
      ANNOTATION = 8192
      ENUM = 16384
      SYNTHETIC = 4096
      cachedConstructor = null
      newInstanceCallerCache = null
      name = null
      allPermDomain = class java.security.ProtectionDomain@7f071bdc
      useCaches = true
      reflectionData = class java.lang.ref.SoftReference@1f9add2d
      classRedefinedCount = 0
      genericInfo = null
      serialVersionUID = 3206093459760846163
      serialPersistentFields = class java.io.ObjectStreamField[0]
      reflectionFactory = class sun.reflect.ReflectionFactory@1ee3b002
      initted = true
      enumConstants = null
      enumConstantDirectory = null
      annotationData = null
      annotationType = null
      classValueMap = null
  defaultHeadMethodInUse = false
  defaultTraceMethodInUse = false
  checkedForDefaultMethods = null
  defaultTraceRequestBehavior = false
  defaultHeadRequestBehavior = false
  useOriginalRequestState = false
  warningStatusSet = false
  config = null

