------Start of DE processing------ = [27.10.21 15:34:09:263 MESZ]
Exception = com.ibm.wsspi.genericbnf.exception.MalformedMessageException
Source = HttpInboundLink.handleNewInformation
probeid = 2
Stack Dump = com.ibm.wsspi.genericbnf.exception.MalformedMessageException: Invalid LF found in token
	at com.ibm.ws.genericbnf.internal.BNFHeadersImpl.findTokenLength(BNFHeadersImpl.java:3053)
	at com.ibm.ws.genericbnf.internal.BNFHeadersImpl.parseTokenExtract(BNFHeadersImpl.java:3463)
	at com.ibm.ws.genericbnf.internal.GenericMessageImpl.parseLine(GenericMessageImpl.java:189)
	at com.ibm.ws.genericbnf.internal.GenericMessageImpl.parseMessage(GenericMessageImpl.java:323)
	at com.ibm.ws.http.channel.internal.HttpBaseMessageImpl.parseMessage(HttpBaseMessageImpl.java:2101)
	at com.ibm.ws.http.channel.internal.HttpServiceContextImpl.parseMessage(HttpServiceContextImpl.java:2525)
	at com.ibm.ws.http.channel.internal.inbound.HttpInboundLink.handleNewInformation(HttpInboundLink.java:321)
	at com.ibm.ws.http.channel.internal.inbound.HttpInboundLink.processRequest(HttpInboundLink.java:273)
	at com.ibm.ws.http.channel.internal.inbound.HttpInboundLink.ready(HttpInboundLink.java:254)
	at com.ibm.ws.tcpchannel.internal.NewConnectionInitialReadCallback.sendToDiscriminators(NewConnectionInitialReadCallback.java:174)
	at com.ibm.ws.tcpchannel.internal.NewConnectionInitialReadCallback.complete(NewConnectionInitialReadCallback.java:83)
	at com.ibm.ws.tcpchannel.internal.WorkQueueManager.requestComplete(WorkQueueManager.java:504)
	at com.ibm.ws.tcpchannel.internal.WorkQueueManager.attemptIO(WorkQueueManager.java:574)
	at com.ibm.ws.tcpchannel.internal.WorkQueueManager.workerRun(WorkQueueManager.java:929)
	at com.ibm.ws.tcpchannel.internal.WorkQueueManager$Worker.run(WorkQueueManager.java:1018)
	at java.util.concurrent.ThreadPoolExecutor.runWorker(ThreadPoolExecutor.java:1149)
	at java.util.concurrent.ThreadPoolExecutor$Worker.run(ThreadPoolExecutor.java:624)
	at java.lang.Thread.run(Thread.java:748)

Dump of callerThis
Object type = com.ibm.ws.http.channel.internal.inbound.HttpInboundLink
  tc = class com.ibm.websphere.ras.TraceComponent@cb0dcd7
    strings[0] = "TraceComponent[com.ibm.ws.http.channel.internal.inbound.HttpInboundLink,class com.ibm.ws.http.channel.internal.inbound.HttpInboundLink,[HTTPChannel],com.ibm.ws.http.channel.internal.resources.httpchannelmessages,null]"
  myInterface = class com.ibm.ws.http.channel.internal.inbound.HttpInboundServiceContextImpl@33020ad1
    strings[0] = "Message parsed: com.ibm.ws.http.channel.internal.HttpRequestMessageImpl@18e39dff"
    strings[1] = "read buffer=PooledWsByteBufferImpl@49de0f63/1 ID=0 java.nio.DirectByteBuffer[pos=180 lim=180 cap=8192] [WsByteBufferPool@72250cf2/8192]"
    strings[2] = "ReadBufferSize=32768"
    strings[3] = "ReadTimeout=60000"
    strings[4] = "WriteTimeout=60000"
    strings[5] = "unparsedDataRemaining=-1"
  myChannel = class com.ibm.ws.http.channel.internal.inbound.HttpInboundChannel@3a0f0c7d
    tc = class com.ibm.websphere.ras.TraceComponent@30b6de19
      strings[0] = "TraceComponent[com.ibm.ws.http.channel.internal.inbound.HttpInboundChannel,class com.ibm.ws.http.channel.internal.inbound.HttpInboundChannel,[HTTPChannel],com.ibm.ws.http.channel.internal.resources.httpchannelmessages,null]"
    STATE_STOPPED = 0
    STATE_STOPPING = 1
    STATE_RUNNING = 2
    myObjectFactory = class com.ibm.ws.http.channel.internal.HttpObjectFactory@18bd0149
      tc = class com.ibm.websphere.ras.TraceComponent@17e8ab23
      SIZE_THREAD = 50
      SIZE_MAIN = 50
      reqPool = class com.ibm.wsspi.channelfw.objectpool.TwoTierObjectPool@260e8af7
      respPool = class com.ibm.wsspi.channelfw.objectpool.TwoTierObjectPool@c697fa
      hdrPool = class com.ibm.wsspi.channelfw.objectpool.TwoTierObjectPool@3a42779b
    channelFactory = class com.ibm.ws.http.channel.internal.inbound.HttpInboundChannelFactory@4cb0b9de
      myConfig = class com.ibm.ws.http.channel.internal.HttpFactoryConfig@5a440041
      appInterface = class java.lang.Class@719e5577
      devInterfaces = class java.lang.Class[1]
      myObjectFactory = class com.ibm.ws.http.channel.internal.HttpObjectFactory@18bd0149
      allowLargeMessage = true
      key = class com.ibm.ws.http.channel.internal.HttpChannelFactory$1@437956ab
      existingChannels = class java.util.HashMap@39c5108d
      commonProperties = class java.util.HashMap@3af3df2f
    myConfig = class com.ibm.ws.http.channel.internal.HttpChannelConfig@6d47856d
      tc = class com.ibm.websphere.ras.TraceComponent@e97aa43
      TIMEOUT_MODIFIER = 1000
      maxPersistRequest = 100
      outgoingHttpVersion = class com.ibm.wsspi.http.channel.values.VersionValues@545da468
      bDirectBuffers = true
      bKeepAliveEnabled = true
      outgoingHdrBuffSize = 1024
      incomingHdrBuffSize = 8192
      incomingBodyBuffSize = 32768
      persistTimeout = 30000
      readTimeout = 60000
      writeTimeout = 60000
      byteCacheSize = 512
      bExtractValue = true
      bBinaryTransport = false
      accessLogger = class java.util.concurrent.atomic.AtomicReference@564fb7c1
      debugLogger = class com.ibm.ws.http.logging.internal.DisabledLogger@322fe99b
      limitFieldSize = 32768
      limitNumHeaders = 500
      limitNumResponses = 10
      limitMessageSize = -1
      bAllowRetries = true
      bServantRegion = false
      bRunningOnZOS = false
      bControlRegion = false
      bHeaderValidation = true
      bJITOnlyReads = false
      bStrictURLFormat = false
      bRemoveServerHeader = false
      baServerHeaderValue = null
      lDateHeaderRange = 1000
      bCookiesConfigureNoCache = true
      headerChangeLimit = -1
      bAutoDecompression = true
      bEnableSmugglingProtection = true
      v0CookieDateRFC1123compat = true
    myState = 2
    config = class com.ibm.ws.channelfw.internal.ChildChannelDataImpl@21135a70
      serialVersionUID = -220865176896833236
      parent = class com.ibm.ws.channelfw.internal.ChannelDataImpl@618b76b7
      name = "HTTP-defaultHttpEndpoint_CFINTERNAL_CHILD_0"
      isInbound = true
    discriminationProcess = class com.ibm.ws.channelfw.internal.discrim.DiscriminationProcessImpl@51d4b052
      tc = class com.ibm.websphere.ras.TraceComponent@3b1d940f
      discriminantClass = class java.lang.Class@cc250f6
      discriminationAlgorithm = class com.ibm.ws.channelfw.internal.discrim.SingleDiscriminatorAlgorithm@380f7fd3
      status = 1
      STARTED = 1
      STOPPED = 2
      indexLock = class java.lang.Object@11d829e6
      masterIndex = 5
      myIndex = 1
      name = "HTTP-defaultHttpEndpoint_CFINTERNAL_CHILD_0"
      discriminators = class com.ibm.ws.channelfw.internal.discrim.DiscriminatorNode@6819547
      discAL = class java.util.ArrayList@185a2081
      channelList = interface com.ibm.wsspi.channelfw.Channel[1]
      changed = true
  myTSC = class com.ibm.ws.tcpchannel.internal.TCPConnLink@d218b64
    strings[0] = "TCPConnLink@220302180: tcpChannel=com.ibm.ws.tcpchannel.internal.NioTCPChannel@60764c4"
    strings[1] = "TCPConnLink@220302180: closed=false"
    strings[2] = "TCPConnLink@220302180: socketIOChannel=com.ibm.ws.tcpchannel.internal.NioSocketIOChannel@28f1d9e"
    strings[3] = "NioSocketIOChannel@42933662: closed=false"
    strings[4] = "NioSocketIOChannel@42933662: processClose=true"
    strings[5] = "NioSocketIOChannel@42933662: checkCancel=false"
    strings[6] = "NioSocketIOChannel@42933662: tcpChannel=com.ibm.ws.tcpchannel.internal.NioTCPChannel@60764c4"
    strings[7] = "NioSocketIOChannel@42933662: socket=Socket[addr=/127.0.0.1,port=1894,localport=9080]"
    strings[8] = "NioSocketIOChannel@42933662: remoteAddr=/127.0.0.1"
    strings[9] = "NioSocketIOChannel@42933662: remotePort=1894"
    strings[10] = "NioSocketIOChannel@42933662: localAddr=/127.0.0.1"
    strings[11] = "NioSocketIOChannel@42933662: localPort=9080"
    strings[12] = "NioSocketIOChannel@42933662: channel=java.nio.channels.SocketChannel[connected local=/127.0.0.1:9080 remote=/127.0.0.1:1894]"
    strings[13] = "TCPConnLink@220302180: numReads=1"
    strings[14] = "TCPConnLink@220302180: numWrites=0"
    strings[15] = "TCPConnLink@220302180: callCompleteLocal=false"
  bPartialParsedRequest = false
  numRequestsProcessed = 0
  filterExceptions = false
  bIsActive = true
  appSides = null
  linkOnDeviceSide = class com.ibm.ws.tcpchannel.internal.TCPConnLink@d218b64
  linkOnApplicationSide = null
  vc = class com.ibm.ws.channelfw.internal.InboundVirtualConnectionImpl@197b37aa
    discStatus = null
    dp = null
    tc = class com.ibm.websphere.ras.TraceComponent@7a4da9be
      strings[0] = "TraceComponent[com.ibm.ws.channelfw.internal.VirtualConnectionImpl,class com.ibm.ws.channelfw.internal.VirtualConnectionImpl,[ChannelFramework],com.ibm.ws.channelfw.internal.resources.ChannelfwMessages,null]"
    ONE_MILLISECOND_IN_NANOSECONDS = 1000000
    stateStore = class java.util.HashMap@74a6272
      serialVersionUID = 362498820763181265
      DEFAULT_INITIAL_CAPACITY = 16
      MAXIMUM_CAPACITY = 1073741824
      DEFAULT_LOAD_FACTOR = 0.75
      TREEIFY_THRESHOLD = 8
      UNTREEIFY_THRESHOLD = 6
      MIN_TREEIFY_CAPACITY = 64
      table = class java.util.HashMap$Node[16]
      entrySet = null
      size = 5
      modCount = 5
      threshold = 12
      loadFactor = 0.75
      keySet = null
      values = null
    READ_PENDING = 4097
    READ_WAITING = 4098
    READ_FINISHING = 4100
    WRITE_PENDING = 4112
    WRITE_WAITING = 4128
    WRITE_FINISHING = 4160
    CLOSE_PENDING = 4352
    IN_USE_MASK = 4096
    IN_USE_MASK_CLEAR_OUT = -4097
    READ_PENDING_CLEAR_OUT = -7
    READ_FINISHING_CLEAR_OUT = -4
    READ_WAITING_CLEAR_OUT = -6
    READ_DONE_CLEAR_OUT = -8
    WRITE_PENDING_CLEAR_OUT = -97
    WRITE_FINISHING_CLEAR_OUT = -49
    WRITE_WAITING_CLEAR_OUT = -81
    WRITE_DONE_CLEAR_OUT = -113
    CLOSE_NOT_ALLOWED_MASK = 341
    FINISH_NOT_ALLOWED_MASK = 256
    READ_NOT_ALLOWED_MASK = 263
    WRITE_NOT_ALLOWED_MASK = 368
    READ_OUTSTANDING = 7
    WRITE_OUTSTANDING = 112
    closeWaiting = false
    currentState = 0
    readOutWithClosePending = false
    writeOutWithClosePending = false
    inetAddressingValid = true
    connDesc = class com.ibm.ws.channelfw.internal.ConnectionDescriptorImpl@474cc356
      remoteHostName = null
      localHostName = null
      remoteHostAddress = null
      localHostAddress = null
      addrLocal = class java.net.Inet4Address@4899512b
      addrRemote = class java.net.Inet4Address@52c6c843
    fileChannelCapable = 2

