------Start of DE processing------ = [04.11.21 20:42:12:395 MEZ]
Exception = org.springframework.web.util.NestedServletException
Source = com.ibm.ws.webcontainer.filter.WebAppFilterChain.doFilter
probeid = 82
Stack Dump = org.springframework.web.util.NestedServletException: Request processing failed; nested exception is org.hibernate.LazyInitializationException: failed to lazily initialize a collection of role: at.erp.light.view.model.Person.emails, could not initialize proxy - no Session
	at org.springframework.web.servlet.FrameworkServlet.processRequest(FrameworkServlet.java:978)
	at org.springframework.web.servlet.FrameworkServlet.doPost(FrameworkServlet.java:868)
	at javax.servlet.http.HttpServlet.service(HttpServlet.java:595)
	at org.springframework.web.servlet.FrameworkServlet.service(FrameworkServlet.java:842)
	at javax.servlet.http.HttpServlet.service(HttpServlet.java:668)
	at com.ibm.ws.webcontainer.servlet.ServletWrapper.service(ServletWrapper.java:1275)
	at com.ibm.ws.webcontainer.servlet.ServletWrapper.handleRequest(ServletWrapper.java:766)
	at com.ibm.ws.webcontainer.servlet.ServletWrapper.handleRequest(ServletWrapper.java:472)
	at com.ibm.ws.webcontainer.filter.WebAppFilterChain.invokeTarget(WebAppFilterChain.java:135)
	at com.ibm.ws.webcontainer.filter.WebAppFilterChain.doFilter(WebAppFilterChain.java:89)
	at at.erp.light.view.filter.SecurityFilter.doFilter(SecurityFilter.java:72)
	at com.ibm.ws.webcontainer.filter.FilterInstanceWrapper.doFilter(FilterInstanceWrapper.java:192)
	at com.ibm.ws.webcontainer.filter.WebAppFilterChain.doFilter(WebAppFilterChain.java:86)
	at com.ibm.ws.webcontainer.filter.WebAppFilterManager.doFilter(WebAppFilterManager.java:975)
	at com.ibm.ws.webcontainer.filter.WebAppFilterManager.invokeFilters(WebAppFilterManager.java:1097)
	at com.ibm.ws.webcontainer.webapp.WebApp.handleRequest(WebApp.java:4797)
	at com.ibm.ws.webcontainer.osgi.DynamicVirtualHost$2.handleRequest(DynamicVirtualHost.java:297)
	at com.ibm.ws.webcontainer.WebContainer.handleRequest(WebContainer.java:981)
	at com.ibm.ws.webcontainer.osgi.DynamicVirtualHost$2.run(DynamicVirtualHost.java:262)
	at com.ibm.ws.http.dispatcher.internal.channel.HttpDispatcherLink$TaskWrapper.run(HttpDispatcherLink.java:938)
	at java.util.concurrent.ThreadPoolExecutor.runWorker(ThreadPoolExecutor.java:1149)
	at java.util.concurrent.ThreadPoolExecutor$Worker.run(ThreadPoolExecutor.java:624)
	at java.lang.Thread.run(Thread.java:748)
Caused by: org.hibernate.LazyInitializationException: failed to lazily initialize a collection of role: at.erp.light.view.model.Person.emails, could not initialize proxy - no Session
	at org.hibernate.collection.internal.AbstractPersistentCollection.throwLazyInitializationException(AbstractPersistentCollection.java:569)
	at org.hibernate.collection.internal.AbstractPersistentCollection.withTemporarySessionIfNeeded(AbstractPersistentCollection.java:188)
	at org.hibernate.collection.internal.AbstractPersistentCollection.initialize(AbstractPersistentCollection.java:548)
	at org.hibernate.collection.internal.AbstractPersistentCollection.read(AbstractPersistentCollection.java:126)
	at org.hibernate.collection.internal.PersistentSet.iterator(PersistentSet.java:180)
	at at.erp.light.view.mapper.PersonMapper.mapToDTO(PersonMapper.java:46)
	at at.erp.light.view.controller.adressmanagement.PersonController.getCurrentUser(PersonController.java:190)
	at sun.reflect.NativeMethodAccessorImpl.invoke0(Native Method)
	at sun.reflect.NativeMethodAccessorImpl.invoke(NativeMethodAccessorImpl.java:62)
	at sun.reflect.DelegatingMethodAccessorImpl.invoke(DelegatingMethodAccessorImpl.java:43)
	at java.lang.reflect.Method.invoke(Method.java:498)
	at org.springframework.web.method.support.InvocableHandlerMethod.invoke(InvocableHandlerMethod.java:215)
	at org.springframework.web.method.support.InvocableHandlerMethod.invokeForRequest(InvocableHandlerMethod.java:132)
	at org.springframework.web.servlet.mvc.method.annotation.ServletInvocableHandlerMethod.invokeAndHandle(ServletInvocableHandlerMethod.java:104)
	at org.springframework.web.servlet.mvc.method.annotation.RequestMappingHandlerAdapter.invokeHandleMethod(RequestMappingHandlerAdapter.java:781)
	at org.springframework.web.servlet.mvc.method.annotation.RequestMappingHandlerAdapter.handleInternal(RequestMappingHandlerAdapter.java:721)
	at org.springframework.web.servlet.mvc.method.AbstractHandlerMethodAdapter.handle(AbstractHandlerMethodAdapter.java:83)
	at org.springframework.web.servlet.DispatcherServlet.doDispatch(DispatcherServlet.java:943)
	at org.springframework.web.servlet.DispatcherServlet.doService(DispatcherServlet.java:877)
	at org.springframework.web.servlet.FrameworkServlet.processRequest(FrameworkServlet.java:966)
	... 22 more

Dump of callerThis
Object type = com.ibm.ws.webcontainer.filter.WebAppFilterChain
  _filters = class java.util.ArrayList@76f684b7
    serialVersionUID = 8683452581122892189
    DEFAULT_CAPACITY = 10
    EMPTY_ELEMENTDATA = class java.lang.Object[0]
    DEFAULTCAPACITY_EMPTY_ELEMENTDATA = class java.lang.Object[0]
    elementData = class java.lang.Object[5]
      elementData[0] = class com.ibm.ws.webcontainer.filter.FilterInstanceWrapper@2ff64300
      elementData[1] = null
      elementData[2] = null
      elementData[3] = null
      elementData[4] = null
    size = 1
    MAX_ARRAY_SIZE = 2147483639
    modCount = 1
    MAX_ARRAY_SIZE = 2147483639
  _currentFilterIndex = 1
  _numberOfFilters = 1
  requestProcessor = class com.ibm.ws.webcontainer.osgi.servlet.ServletWrapper@2606894d
    serialVersionUID = 1
    _mo = class com.ibm.ws.managedobject.internal.ManagedObjectImpl@62bc048d
      serialVersionUID = 2312695316196219051
      object = "<sensitive org.springframework.web.servlet.DispatcherServlet@6bd316ae>"
      $$$tc$$$ = class com.ibm.websphere.ras.TraceComponent@72741fb5
    serialVersionUID = -4479626085298397598
    notifyInvocationListeners = false
    UNINITIALIZED_STATE = -1
    AVAILABLE_STATE = 0
    UNAVAILABLE_STATE = 1
    UNAVAILABLE_PERMANENTLY_STATE = 2
    collabHelper = class com.ibm.ws.webcontainer.osgi.collaborator.CollaboratorHelperImpl@77a91b38
    nServicing = class java.util.concurrent.atomic.AtomicInteger@9b02152
      serialVersionUID = 6214790243416807050
      unsafe = class sun.misc.Unsafe@64e53fee
      valueOffset = 12
      value = 0
      serialVersionUID = -8742448824652078965
    lastAccessTime = 1636054910716
    state = 0
    logger = class com.ibm.ws.logging.internal.WsLogger@2345fc2f
      tc = class com.ibm.websphere.ras.TraceComponent@30c5f6e3
      ivCachedResourceBundleName = "com.ibm.ws.webcontainer.resources.Messages"
      ivCachedResourceBundle = class com.ibm.ws.webcontainer.resources.Messages_de@1c9c0138
      ivComponent = null
      ivOrganization = null
      ivProduct = null
      ivMinimumLocalizationLevelIntValue = 625
      ivGroupName = null
      ivTC = class com.ibm.websphere.ras.TraceComponent@1210b3c
      loggerRegistrationComponent = class java.lang.ThreadLocal@24507406
      emptyHandlers = class java.util.logging.Handler[0]
      offValue = 2147483647
      SYSTEM_LOGGER_RB_NAME = "sun.util.logging.resources.logging"
      SYSTEM_BUNDLE = class java.util.logging.Logger$LoggerBundle@699a2f3b
      NO_RESOURCE_BUNDLE = class java.util.logging.Logger$LoggerBundle@19559a2c
      manager = class com.ibm.ws.kernel.boot.logging.WsLogManager@3e822d44
      name = "com.ibm.ws.webcontainer.servlet"
      handlers = class java.util.concurrent.CopyOnWriteArrayList@25523dd3
      loggerBundle = class java.util.logging.Logger$LoggerBundle@611fad0
      useParentHandlers = true
      filter = null
      anonymous = false
      catalog = class com.ibm.ws.webcontainer.resources.Messages_de@1c9c0138
      catalogName = "com.ibm.ws.webcontainer.resources.Messages"
      catalogLocale = class java.util.Locale@49f7067e
      treeLock = class java.lang.Object@7605c0b2
      parent = class com.ibm.ws.logging.internal.WsLogger@29812686
      kids = null
      levelObject = class java.util.logging.Level@482f1b20
      levelValue = 800
      callersClassLoaderRef = class java.lang.ref.WeakReference@2ed0f362
      isSystemLogger = false
      GLOBAL_LOGGER_NAME = "global"
      global = class java.util.logging.Logger@6142676c
      $assertionsDisabled = true
    CLASS_NAME = "com.ibm.ws.webcontainer.servlet.ServletWrapper"
    nls = class com.ibm.ejs.ras.TraceNLS@31d8ddc4
      resolver = class com.ibm.ws.logging.internal.TraceNLSResolver@384d41cf
      finder = null
      ivBundleName = "com.ibm.ws.webcontainer.resources.Messages"
      caller = class java.lang.Class@b2ac4d6
    servletConfig = class com.ibm.ws.webcontainer.servlet.ServletConfig@44410cbe
      logger = class com.ibm.ws.logging.internal.WsLogger@2345fc2f
      CLASS_NAME = "com.ibm.ws.webcontainer.servlet.ServletConfig"
      nls = class com.ibm.ejs.ras.TraceNLS@6bcac958
      liberty_nls = class com.ibm.ejs.ras.TraceNLS@442cd9a6
      enabled = true
      servletName = "erp-light"
      className = "org.springframework.web.servlet.DispatcherServlet"
      mappings = class java.util.ArrayList@32891eab
      startUpWeight = 1
      DEFAULT_STARTUP = -1
      isCachingEnabled = true
      isStatisticsEnabled = true
      isInternal = false
      metaData = class com.ibm.ws.webcontainer.osgi.metadata.WebComponentMetaDataImpl@5d15d2d6
      singleThreadModelServlet = false
      isJsp = false
      webAppConfig = class com.ibm.ws.webcontainer.osgi.webapp.WebAppConfiguration@1b5506c0
      servletWrapper = class com.ibm.ws.webcontainer.osgi.servlet.ServletWrapper@2606894d
      servletClass = null
      servlet = null
      addedToLoadOnStartup = true
      previousWeight = null
      multipartConfig = null
      multipartConfigBaseLocation = null
      runAsRole = null
      servletSecurityElement = null
      declareRolesAnnotation = null
      logger = class com.ibm.ws.logging.internal.WsLogger@2345fc2f
      CLASS_NAME = "com.ibm.ws.webcontainer.servlet.TargetConfig"
      initParams = null
      fileName = null
      displayName = null
      name = "erp-light"
      description = null
      smallIcon = null
      largeIcon = null
      context = class com.ibm.wsspi.webcontainer.facade.ServletContextFacade@44205416
      className = null
      asyncSupported = false
      _id = "ServletGeneratedId1"
      _attributes = null
      serialVersionUID = 7511545662945734886
      $$$tc$$$ = class com.ibm.websphere.ras.TraceComponent@3807b8f8
    context = class com.ibm.ws.webcontainer.osgi.webapp.WebApp@4ba627c0
    target = class org.springframework.web.servlet.DispatcherServlet@6bd316ae
      MULTIPART_RESOLVER_BEAN_NAME = "multipartResolver"
      LOCALE_RESOLVER_BEAN_NAME = "localeResolver"
      THEME_RESOLVER_BEAN_NAME = "themeResolver"
      HANDLER_MAPPING_BEAN_NAME = "handlerMapping"
      HANDLER_ADAPTER_BEAN_NAME = "handlerAdapter"
      HANDLER_EXCEPTION_RESOLVER_BEAN_NAME = "handlerExceptionResolver"
      REQUEST_TO_VIEW_NAME_TRANSLATOR_BEAN_NAME = "viewNameTranslator"
      VIEW_RESOLVER_BEAN_NAME = "viewResolver"
      FLASH_MAP_MANAGER_BEAN_NAME = "flashMapManager"
      WEB_APPLICATION_CONTEXT_ATTRIBUTE = "org.springframework.web.servlet.DispatcherServlet.CONTEXT"
      LOCALE_RESOLVER_ATTRIBUTE = "org.springframework.web.servlet.DispatcherServlet.LOCALE_RESOLVER"
      THEME_RESOLVER_ATTRIBUTE = "org.springframework.web.servlet.DispatcherServlet.THEME_RESOLVER"
      THEME_SOURCE_ATTRIBUTE = "org.springframework.web.servlet.DispatcherServlet.THEME_SOURCE"
      INPUT_FLASH_MAP_ATTRIBUTE = "org.springframework.web.servlet.DispatcherServlet.INPUT_FLASH_MAP"
      OUTPUT_FLASH_MAP_ATTRIBUTE = "org.springframework.web.servlet.DispatcherServlet.OUTPUT_FLASH_MAP"
      FLASH_MAP_MANAGER_ATTRIBUTE = "org.springframework.web.servlet.DispatcherServlet.FLASH_MAP_MANAGER"
      EXCEPTION_ATTRIBUTE = "org.springframework.web.servlet.DispatcherServlet.EXCEPTION"
      PAGE_NOT_FOUND_LOG_CATEGORY = "org.springframework.web.servlet.PageNotFound"
      DEFAULT_STRATEGIES_PATH = "DispatcherServlet.properties"
      pageNotFoundLogger = class org.apache.commons.logging.impl.Jdk14Logger@63182dd8
      defaultStrategies = class java.util.Properties@25506cab
      detectAllHandlerMappings = true
      detectAllHandlerAdapters = true
      detectAllHandlerExceptionResolvers = true
      detectAllViewResolvers = true
      throwExceptionIfNoHandlerFound = false
      cleanupAfterInclude = true
      multipartResolver = null
      localeResolver = class org.springframework.web.servlet.i18n.AcceptHeaderLocaleResolver@1665eed
      themeResolver = class org.springframework.web.servlet.theme.FixedThemeResolver@c3eb23b
      handlerMappings = class java.util.ArrayList@2eea2889
      handlerAdapters = class java.util.ArrayList@8f93ccb
      handlerExceptionResolvers = class java.util.ArrayList@3b5b8a0f
      viewNameTranslator = class org.springframework.web.servlet.view.DefaultRequestToViewNameTranslator@420d5835
      flashMapManager = class org.springframework.web.servlet.support.SessionFlashMapManager@3d5c9e9d
      viewResolvers = class java.util.ArrayList@7c02f299
      DEFAULT_NAMESPACE_SUFFIX = "-servlet"
      DEFAULT_CONTEXT_CLASS = class java.lang.Class@1b2bdde1
      SERVLET_CONTEXT_PREFIX = "org.springframework.web.servlet.FrameworkServlet.CONTEXT."
      INIT_PARAM_DELIMITERS = ",; 	
"
      responseGetStatusAvailable = true
      contextAttribute = null
      contextClass = class java.lang.Class@1b2bdde1
      contextId = null
      namespace = null
      contextConfigLocation = null
      contextInitializers = class java.util.ArrayList@1b6e14e4
      contextInitializerClasses = null
      publishContext = true
      publishEvents = true
      threadContextInheritable = false
      dispatchOptionsRequest = false
      dispatchTraceRequest = false
      webApplicationContext = class org.springframework.web.context.support.XmlWebApplicationContext@42c77a9
      webApplicationContextInjected = false
      refreshEventReceived = true
      logger = class org.apache.commons.logging.impl.Jdk14Logger@338a3b4c
      requiredProperties = class java.util.HashSet@6a7bf3d6
      environment = class org.springframework.web.context.support.StandardServletEnvironment@106423a
      METHOD_DELETE = "DELETE"
      METHOD_HEAD = "HEAD"
      METHOD_GET = "GET"
      METHOD_OPTIONS = "OPTIONS"
      METHOD_POST = "POST"
      METHOD_PUT = "PUT"
      METHOD_TRACE = "TRACE"
      HEADER_IFMODSINCE = "If-Modified-Since"
      HEADER_LASTMOD = "Last-Modified"
      LSTRING_FILE = "javax.servlet.http.LocalStrings"
      lStrings = class java.util.PropertyResourceBundle@6a24bfca
      config = class com.ibm.ws.webcontainer.servlet.ServletConfig@44410cbe
    cacheWrappers = class java.util.ArrayList@19906c94
      serialVersionUID = 8683452581122892189
      DEFAULT_CAPACITY = 10
      EMPTY_ELEMENTDATA = class java.lang.Object[0]
      DEFAULTCAPACITY_EMPTY_ELEMENTDATA = class java.lang.Object[0]
      elementData = class java.lang.Object[10]
      size = 2
      MAX_ARRAY_SIZE = 2147483639
      modCount = 2
      MAX_ARRAY_SIZE = 2147483639
    targetLoader = class com.ibm.ws.classloading.internal.ThreadContextClassLoader@1293bb5c
    evtSource = class com.ibm.ws.webcontainer.webapp.WebAppEventSource@203a5580
    event = class com.ibm.websphere.servlet.event.ServletEvent@11226445
      serialVersionUID = 3906650803920713522
      _servletName = "erp-light"
      _servletClassName = "org.springframework.web.servlet.DispatcherServlet"
      $$$tc$$$ = class com.ibm.websphere.ras.TraceComponent@2cb45af5
      serialVersionUID = 3546927969739289392
      _context = class com.ibm.wsspi.webcontainer.facade.ServletContextFacade@44205416
      _servletNames = class com.ibm.ws.webcontainer.util.EmptyEnumeration@6472222e
      $$$tc$$$ = class com.ibm.websphere.ras.TraceComponent@2fafb4f8
      serialVersionUID = 5516075349620653480
      source = class com.ibm.ws.webcontainer.osgi.servlet.ServletWrapper@2606894d
    unavailableMessage = null
    unavailableUntil = -1
    isSTM = false
    internalServlet = false
    webAppInvocationCollaborators = null
    platformHelper = class com.ibm.ws.webcontainer.PlatformHelper@6663ad58
    webAppNameSpaceCollab = class com.ibm.ws.webcontainer.osgi.collaborator.WebAppNameSpaceCollaboratorImpl@1ce06899
    txCollab = class com.ibm.ws.webcontainer.collaborator.WebAppTransactionCollaborator@35571ddb
    connCollab = class com.ibm.ws.webcontainer.collaborator.ConnectionCollaborator@2a8b79d6
    suppressServletExceptionLogging = false
    throwExceptionEnum = class java.util.RegularEnumSet@30e554df
      serialVersionUID = 3411599620347842686
      elements = 256
      elementType = class java.lang.Class@5ca3de08
      universe = class com.ibm.wsspi.webcontainer.collaborator.CollaboratorInvocationEnum[9]
      ZERO_LENGTH_ENUM_ARRAY = class java.lang.Enum[0]
      MAX_ARRAY_SIZE = 2147483639
    discernUnavailableServlet = false
    reInitServletonInitUnavailableException = true
    destroyServletonServiceUnavailableException = false
    servlet23 = true
    PARAMS_HEAD_TRACE = class java.lang.Class[2]
      PARAMS_HEAD_TRACE[0] = class java.lang.Class@65678edb
      PARAMS_HEAD_TRACE[1] = class java.lang.Class@6bbb804b
    defaultHeadMethodInUse = false
    defaultTraceMethodInUse = false
    checkedForDefaultMethods = null
    defaultTraceRequestBehavior = false
    defaultHeadRequestBehavior = false
    useOriginalRequestState = false
    warningStatusSet = false
    config = null
  _filtersDefined = true
  logger = class com.ibm.ws.logging.internal.WsLogger@1d415369
    tc = class com.ibm.websphere.ras.TraceComponent@30c5f6e3
      strings[0] = "TraceComponent[com.ibm.ws.logging.internal.WsLogger,class com.ibm.ws.logging.internal.WsLogger,[logging],com.ibm.ws.logging.internal.resources.LoggingMessages,null]"
    ivCachedResourceBundleName = null
    ivCachedResourceBundle = null
    ivComponent = null
    ivOrganization = null
    ivProduct = null
    ivMinimumLocalizationLevelIntValue = 625
    ivGroupName = null
    ivTC = class com.ibm.websphere.ras.TraceComponent@5b4c6a91
      strings[0] = "TraceComponent[com.ibm.ws.webcontainer.filter,class com.ibm.wsspi.webcontainer.logging.LoggerFactory$1,[com.ibm.ws.webcontainer.filter],null,null]"
    loggerRegistrationComponent = class java.lang.ThreadLocal@24507406
      threadLocalHashCode = 696468823
      nextHashCode = class java.util.concurrent.atomic.AtomicInteger@7f1a8d5f
      HASH_INCREMENT = 1640531527
    emptyHandlers = class java.util.logging.Handler[0]
    offValue = 2147483647
    SYSTEM_LOGGER_RB_NAME = "sun.util.logging.resources.logging"
    SYSTEM_BUNDLE = class java.util.logging.Logger$LoggerBundle@699a2f3b
      resourceBundleName = "sun.util.logging.resources.logging"
      userBundle = null
    NO_RESOURCE_BUNDLE = class java.util.logging.Logger$LoggerBundle@19559a2c
      resourceBundleName = null
      userBundle = null
    manager = class com.ibm.ws.kernel.boot.logging.WsLogManager@3e822d44
      CLASS_NAME = "com.ibm.ws.kernel.boot.logging.WsLogManager"
      CONFIGURE_BY_SERVER_PROPERTY_NAME = "java.util.logging.configureByServer"
      CONFIGURE_BY_LOGGING_PROPERTIES_FILE = "java.util.logging.configureByLoggingPropertiesFile"
      configureByServer = true
      configureByLoggingProperties = false
      wsLogger = class java.lang.reflect.Constructor@66a6ab73
      resetEnabled = true
      manager = class com.ibm.ws.kernel.boot.logging.WsLogManager@3e822d44
      props = class java.util.Properties@6b9c1199
      defaultLevel = class java.util.logging.Level@482f1b20
      listenerMap = class java.util.HashMap@7ccc4b97
      systemContext = class java.util.logging.LogManager$SystemLoggerContext@2f628a4e
      userContext = class java.util.logging.LogManager$LoggerContext@67e1608d
      rootLogger = class java.util.logging.LogManager$RootLogger@6c7ab531
      readPrimordialConfiguration = true
      initializedGlobalHandlers = true
      deathImminent = false
      initializedCalled = true
      initializationDone = true
      contextsMap = null
      loggerRefQueue = class java.lang.ref.ReferenceQueue@72f4dbda
      MAX_ITERATIONS = 400
      controlPermission = class java.util.logging.LoggingPermission@49ff1f30
      loggingMXBean = null
      LOGGING_MXBEAN_NAME = "java.util.logging:type=Logging"
      $assertionsDisabled = true
    name = "com.ibm.ws.webcontainer.filter"
    handlers = class java.util.concurrent.CopyOnWriteArrayList@6bda82f0
      serialVersionUID = 8673264195747942595
      lock = class java.util.concurrent.locks.ReentrantLock@50bf392
      array = class java.lang.Object[0]
      UNSAFE = class sun.misc.Unsafe@64e53fee
      lockOffset = 12
    loggerBundle = class java.util.logging.Logger$LoggerBundle@53018b47
      resourceBundleName = "com.ibm.ws.webcontainer.resources.Messages"
      userBundle = null
    useParentHandlers = true
    filter = null
    anonymous = false
    catalog = class com.ibm.ws.webcontainer.resources.Messages_de@6630eff1
      resources = class [Ljava.lang.Object;[330]
      lookup = null
      INITIAL_CACHE_SIZE = 32
      NONEXISTENT_BUNDLE = class java.util.ResourceBundle$1@2be902dd
      cacheList = class java.util.concurrent.ConcurrentHashMap@7d337b1f
      referenceQueue = class java.lang.ref.ReferenceQueue@5c9e07c8
      parent = class com.ibm.ws.webcontainer.resources.Messages@1d99fd2b
      locale = class java.util.Locale@7e05fbaf
      name = "com.ibm.ws.webcontainer.resources.Messages"
      expired = false
      cacheKey = class java.util.ResourceBundle$CacheKey@18888cf3
      keySet = null
      providers = null
      $assertionsDisabled = true
    catalogName = "com.ibm.ws.webcontainer.resources.Messages"
    catalogLocale = class java.util.Locale@49f7067e
      LOCALECACHE = class java.util.Locale$Cache@2c2899e4
      ENGLISH = class java.util.Locale@4504cd4a
      FRENCH = class java.util.Locale@555d9ae
      GERMAN = class java.util.Locale@7e05fbaf
      ITALIAN = class java.util.Locale@4ae74495
      JAPANESE = class java.util.Locale@22681394
      KOREAN = class java.util.Locale@4165e40e
      CHINESE = class java.util.Locale@6a56dd25
      SIMPLIFIED_CHINESE = class java.util.Locale@1ae5ef16
      TRADITIONAL_CHINESE = class java.util.Locale@7873bb6d
      FRANCE = class java.util.Locale@165875f9
      GERMANY = class java.util.Locale@4abb2de2
      ITALY = class java.util.Locale@7f93f6fc
      JAPAN = class java.util.Locale@1a5e82b0
      KOREA = class java.util.Locale@4ffccbbf
      CHINA = class java.util.Locale@1ae5ef16
      PRC = class java.util.Locale@1ae5ef16
      TAIWAN = class java.util.Locale@7873bb6d
      UK = class java.util.Locale@5c3b2b9f
      US = class java.util.Locale@3cff12f2
      CANADA = class java.util.Locale@525a4cdf
      CANADA_FRENCH = class java.util.Locale@7b52d418
      ROOT = class java.util.Locale@7eb07f3e
      PRIVATE_USE_EXTENSION = x
      UNICODE_LOCALE_EXTENSION = u
      serialVersionUID = 9149081749638150636
      DISPLAY_LANGUAGE = 0
      DISPLAY_COUNTRY = 1
      DISPLAY_VARIANT = 2
      DISPLAY_SCRIPT = 3
      baseLocale = class sun.util.locale.BaseLocale@3a9c9a98
      localeExtensions = null
      hashCodeValue = 95426060
      defaultLocale = class java.util.Locale@49f7067e
      defaultDisplayLocale = null
      defaultFormatLocale = class java.util.Locale@49f7067e
      languageTag = "de-AT"
      serialPersistentFields = class java.io.ObjectStreamField[6]
      isoLanguages = null
      isoCountries = null
      $assertionsDisabled = true
    treeLock = class java.lang.Object@7605c0b2
    parent = class com.ibm.ws.logging.internal.WsLogger@29812686
      tc = class com.ibm.websphere.ras.TraceComponent@30c5f6e3
      ivCachedResourceBundleName = "com.ibm.ws.webcontainer.resources.Messages"
      ivCachedResourceBundle = class com.ibm.ws.webcontainer.resources.Messages_de@1c9c0138
      ivComponent = null
      ivOrganization = null
      ivProduct = null
      ivMinimumLocalizationLevelIntValue = 625
      ivGroupName = null
      ivTC = class com.ibm.websphere.ras.TraceComponent@25f1664e
      loggerRegistrationComponent = class java.lang.ThreadLocal@24507406
      emptyHandlers = class java.util.logging.Handler[0]
      offValue = 2147483647
      SYSTEM_LOGGER_RB_NAME = "sun.util.logging.resources.logging"
      SYSTEM_BUNDLE = class java.util.logging.Logger$LoggerBundle@699a2f3b
      NO_RESOURCE_BUNDLE = class java.util.logging.Logger$LoggerBundle@19559a2c
      manager = class com.ibm.ws.kernel.boot.logging.WsLogManager@3e822d44
      name = "com.ibm.ws.webcontainer"
      handlers = class java.util.concurrent.CopyOnWriteArrayList@4862237a
      loggerBundle = class java.util.logging.Logger$LoggerBundle@79d5a3d9
      useParentHandlers = true
      filter = null
      anonymous = false
      catalog = class com.ibm.ws.webcontainer.resources.Messages_de@1c9c0138
      catalogName = "com.ibm.ws.webcontainer.resources.Messages"
      catalogLocale = class java.util.Locale@49f7067e
      treeLock = class java.lang.Object@7605c0b2
      parent = class java.util.logging.Logger@6bed2dc2
      kids = class java.util.ArrayList@17847446
      levelObject = class java.util.logging.Level@482f1b20
      levelValue = 800
      callersClassLoaderRef = class java.lang.ref.WeakReference@4e24ec3f
      isSystemLogger = false
      GLOBAL_LOGGER_NAME = "global"
      global = class java.util.logging.Logger@6142676c
      $assertionsDisabled = true
    kids = null
    levelObject = class java.util.logging.Level@482f1b20
      defaultBundle = "sun.util.logging.resources.logging"
      name = "INFO"
      value = 800
      resourceBundleName = "sun.util.logging.resources.logging"
      localizedLevelName = "INFORMATION"
      cachedLocale = class java.util.Locale@49f7067e
      OFF = class java.util.logging.Level@2a0b38ae
      SEVERE = class java.util.logging.Level@749d2f2d
      WARNING = class java.util.logging.Level@4eaaa90b
      INFO = class java.util.logging.Level@482f1b20
      CONFIG = class java.util.logging.Level@661a9c92
      FINE = class java.util.logging.Level@15a716b7
      FINER = class java.util.logging.Level@85eb769
      FINEST = class java.util.logging.Level@13a7a598
      ALL = class java.util.logging.Level@21eb5572
      serialVersionUID = -8176160795706313070
    levelValue = 800
    callersClassLoaderRef = class java.lang.ref.WeakReference@391a20ad
      referent = class org.eclipse.osgi.internal.loader.EquinoxClassLoader@807a941
      queue = class java.lang.ref.ReferenceQueue$Null@378c743d
      next = null
      discovered = null
      lock = class java.lang.ref.Reference$Lock@59bfe94d
      pending = null
    isSystemLogger = false
    GLOBAL_LOGGER_NAME = "global"
    global = class java.util.logging.Logger@6142676c
      emptyHandlers = class java.util.logging.Handler[0]
      offValue = 2147483647
      SYSTEM_LOGGER_RB_NAME = "sun.util.logging.resources.logging"
      SYSTEM_BUNDLE = class java.util.logging.Logger$LoggerBundle@699a2f3b
      NO_RESOURCE_BUNDLE = class java.util.logging.Logger$LoggerBundle@19559a2c
      manager = class com.ibm.ws.kernel.boot.logging.WsLogManager@3e822d44
      name = "global"
      handlers = class java.util.concurrent.CopyOnWriteArrayList@11affe47
      loggerBundle = class java.util.logging.Logger$LoggerBundle@19559a2c
      useParentHandlers = true
      filter = null
      anonymous = false
      catalog = null
      catalogName = null
      catalogLocale = null
      treeLock = class java.lang.Object@7605c0b2
      parent = class java.util.logging.LogManager$RootLogger@6c7ab531
      kids = null
      levelObject = null
      levelValue = 800
      callersClassLoaderRef = null
      isSystemLogger = true
      GLOBAL_LOGGER_NAME = "global"
      global = class java.util.logging.Logger@6142676c
      $assertionsDisabled = true
    $assertionsDisabled = true
  CLASS_NAME = "com.ibm.ws.webcontainer.filter.WebAppFilterChain"
  webapp = class com.ibm.ws.webcontainer.osgi.webapp.WebApp@4ba627c0
    tc = class com.ibm.websphere.ras.TraceComponent@2247b546
      strings[0] = "TraceComponent[com.ibm.ws.webcontainer.osgi.webapp.WebApp,class com.ibm.ws.webcontainer.osgi.webapp.WebApp,[webcontainer],com.ibm.ws.webcontainer.resources.LShimMessages,null]"
    CLASS_NAME = "com.ibm.ws.webcontainer.osgi.webapp.WebApp"
    metaDataService = class com.ibm.ws.container.service.metadata.internal.MetaDataServiceImpl@61af65be
      applicationMetaDataManager = class com.ibm.ws.container.service.metadata.internal.ApplicationMetaDataManager@1441dea8
      moduleMetaDataManager = class com.ibm.ws.container.service.metadata.internal.ModuleMetaDataManager@2b4ca6a8
      componentMetaDataManager = class com.ibm.ws.container.service.metadata.internal.ComponentMetaDataManager@fd2176c
      methodMetaDataManager = class com.ibm.ws.container.service.metadata.internal.MethodMetaDataManager@41b20ca
      appModuleNameToModuleContainer = class java.util.concurrent.ConcurrentHashMap@1e351a7f
      jeeNameToComponentMetaData = class java.util.concurrent.ConcurrentHashMap@508286f7
      deferredMetaDataFactories = class com.ibm.wsspi.kernel.service.utils.ConcurrentServiceReferenceSet@4ff482fc
      deferredMetaDataInitializers = class com.ibm.wsspi.kernel.service.utils.ConcurrentServiceReferenceMap@12b4f6b8
      serialVersionUID = 5173348198233259673
      $$$tc$$$ = class com.ibm.websphere.ras.TraceComponent@468a0b73
    namespacePopulated = false
    referenceContext = class com.ibm.ws.injectionengine.osgi.internal.OSGiReferenceContextImpl@65c428e
      scopeData = class com.ibm.ws.injectionengine.osgi.internal.OSGiInjectionScopeData@6240c448
      serialVersionUID = -5862502968678606919
      $$$tc$$$ = class com.ibm.websphere.ras.TraceComponent@34f65c54
      CLASS_NAME = "com.ibm.ws.injectionengine.ReferenceContextImpl"
      tc = class com.ibm.ejs.ras.TraceComponent@3bb1afd2
      ivInjectionEngine = class com.ibm.ws.injectionengine.osgi.internal.OSGiInjectionEngineImpl@1aeb00f0
      ivProviders = class java.util.ArrayList@42d06ba1
      ivComponentJavaContext = null
      ivComponentNameSpace = null
      ivJavaColonCompEnvMap = class java.util.LinkedHashMap@e5c1461
      ivEjbContext10 = class java.util.Properties@25561395
      ivResourceRefConfigList = null
      isAlreadyProcessed = true
      ivProcessFailure = null
      ivInjectionTargetMap = class java.util.HashMap@67786b4f
      ivDeclaredInjectionTargets = class java.util.HashMap@26348962
      ivProcessedInjectionClasses = class java.util.HashSet@48a57ed9
      ivProcessedInjectionBindings = class java.util.ArrayList@5d7a16e3
      ivAnyProcessDynamic = false
      ivCheckAppConfig = false
    j2eeNameFactory = class com.ibm.ws.container.service.metadata.internal.J2EENameFactoryImpl@1445b5f0
      serialVersionUID = 3486344295038028821
      $$$tc$$$ = class com.ibm.websphere.ras.TraceComponent@517180fc
    moduleLoader = class com.ibm.ws.classloading.internal.AppClassLoader@11a78d85
      tc = class com.ibm.websphere.ras.TraceComponent@74ae9dc0
      PARENT_FIRST_SEARCH_ORDER = class java.util.Collections$UnmodifiableRandomAccessList@161a8a59
      CLASS_LOADING_TRACE_PREFIX = "com.ibm.ws.class.load."
      DEFAULT_PACKAGE = "default.package"
      perPackageClassLoadingTraceComponents = class java.util.concurrent.ConcurrentHashMap@56674390
      config = class com.ibm.ws.classloading.internal.ClassLoaderConfigurationImpl@afe5b3
      privateLibraries = null
      delegateLoaders = class com.ibm.ws.classloading.internal.util.CompositeIterable@109332ef
      nativeLibraryFiles = class java.util.ArrayList@52992ae6
      transformers = class java.util.ArrayList@3e0e88e6
      apiAccess = class com.ibm.ws.classloading.internal.GatewayClassLoader@1eb1889b
      PROTECTION_DOMAIN = class java.security.ProtectionDomain@2e725adb
      serialVersionUID = -8503176786514635265
      tc = class com.ibm.websphere.ras.TraceComponent@6ac6dcd7
      EMPTY_URL_ARRAY = class java.net.URL[0]
      smartClassPath = class com.ibm.ws.classloading.internal.ContainerClassLoader$SmartClassPathImpl@48fe3672
      nativeLibraryContainers = class java.util.ArrayList@532beb91
      redefiner = class com.ibm.ws.classloading.internal.util.ClassRedefiner@192810aa
      mapCreationQueue = class java.util.concurrent.Executors$FinalizableDelegatedExecutorService@43865f5e
      serialVersionUID = 7561562533729935637
      serialVersionUID = -7411549862368381758
      $$$tc$$$ = class com.ibm.websphere.ras.TraceComponent@1a6ea8dd
      serialVersionUID = 161679851398543548
      $$$tc$$$ = class com.ibm.websphere.ras.TraceComponent@4293d873
      serialVersionUID = 2596921220292114344
      $$$tc$$$ = class com.ibm.websphere.ras.TraceComponent@50f477a6
      initialized = true
      pdcache = class java.util.HashMap@5e708263
      debug = null
      parent = class com.ibm.ws.classloading.internal.GatewayClassLoader@1eb1889b
      parallelLockMap = null
      package2certs = class java.util.Hashtable@318af02b
      nocerts = class java.security.cert.Certificate[0]
      classes = class java.util.Vector@a02c2db
      defaultDomain = class java.security.ProtectionDomain@4f99a1ca
      packages = class java.util.HashMap@15a041c0
      scl = class sun.misc.Launcher$AppClassLoader@18b4aac2
      sclSet = true
      loadedLibraryNames = class java.util.Vector@2504e824
      systemNativeLibraries = class java.util.Vector@11351da3
      nativeLibraries = class java.util.Vector@73cdf0f7
      nativeLibraryContext = class java.util.Stack@6858919a
      usr_paths = class java.lang.String[40]
      sys_paths = class java.lang.String[1]
      assertionLock = class com.ibm.ws.classloading.internal.AppClassLoader@11a78d85
      defaultAssertionStatus = false
      packageAssertionStatus = null
      classAssertionStatus = null
    webAppConfig = class com.ibm.ws.webcontainer.osgi.webapp.WebAppConfiguration@1b5506c0
      webModuleMetaData = class com.ibm.ws.webcontainer.osgi.metadata.WebModuleMetaDataImpl@71ccf65a
      webComponentMetaData = class com.ibm.ws.webcontainer.osgi.metadata.WebComponentMetaDataImpl@5f69169e
      dVirtualHost = class com.ibm.ws.webcontainer.osgi.DynamicVirtualHost@24d298c4
      orderedLibPaths = class java.util.Collections$UnmodifiableRandomAccessList@fc7ff45
      bundleHeaders = null
      cdiEnabled = false
      CLASS_NAME = "com.ibm.ws.webcontainer.webapp.WebAppConfiguration"
      logger = class com.ibm.ws.logging.internal.WsLogger@e659e8c
      tc = class com.ibm.websphere.ras.TraceComponent@d374e92
      nls = class com.ibm.ejs.ras.TraceNLS@3e41233c
      version = 25
      contextRoot = "/ERP-light"
      sessionTimeout = 0
      moduleSessionTimeoutSet = false
      moduleSessionTrackingModeSet = false
      sessionCookieConfig = class com.ibm.ws.session.SessionCookieConfigImpl@eccde66
      hasProgrammaticCookieConfig = false
      sessionDefaultTrackingModeSet = class java.util.RegularEnumSet@6a3178c0
      sessionManagerConfig = class com.ibm.ws.session.SessionManagerConfig@48020af4
      displayName = "ERP-light VIEW"
      description = null
      reloadInterval = 0
      distributable = false
      denyUncoveredHttpMethods = false
      reloadingEnabled = false
      serveServletsByClassnameEnabled = null
      defaultErrorPage = null
      additionalClassPath = null
      fileServingEnabled = null
      directoryBrowsingEnabled = false
      autoRequestEncoding = false
      autoResponseEncoding = false
      autoLoadFilters = false
      requestListeners = null
      requestAttributeListeners = null
      sessionListeners = null
      localeMap = null
      moduleName = "ERP-light-0.0.1-SNAPSHOT"
      j2eeModuleName = "ERP-light-0.0.1-SNAPSHOT.war"
      moduleId = null
      isSyncToThreadEnabled = false
      isSystemApp = false
      ardEnabled = false
      ardDispatchType = null
      listeners = class java.util.ArrayList@7fed980b
      welcomeFileList = class java.util.ArrayList@17ba567e
      servletMappings = class java.util.HashMap@762ccb31
      lastIndexBeforeDeclaredFilters = 0
      filterMappings = class java.util.ArrayList@2e212aaa
      servletInfo = class java.util.HashMap@3d9fd2a5
      filterInfo = class java.util.HashMap@78d37ace
      mimeMappings = class java.util.HashMap@683643a6
      mimeFilters = null
      isMimeFilteringEnabled = false
      theWebGroup = null
      jspAttributes = class java.util.HashMap@4fe55070
      fileServingAttributes = class java.util.HashMap@c2ca9d3
      invokerAttributes = class java.util.HashMap@6fcab792
      contextParams = class java.util.HashMap@35bbe2be
      virtualHost = "default_host"
      exceptionErrorPages = class java.util.HashMap@50b852a9
      codeErrorPages = class java.util.HashMap@39330b5c
      tagLibList = null
      precompileJsps = false
      webApp = class com.ibm.ws.webcontainer.osgi.webapp.WebApp@4ba627c0
      virtualHostList = class java.util.Collections$EmptyList@37f4dcf
      appStartupWeight = 0
      moduleStartupWeight = 0
      metaDataComplete = false
      classesToScan = class java.util.ArrayList@693be10c
      uriFilterMappingInfos = class java.util.ArrayList@7b84db98
      servletFilterMappingInfos = null
      dynamicServletRegistrationMap = null
      applicationName = "ERP-light"
      libBinPathList = null
      webXmlDefinedListeners = class java.util.HashSet@5acc465f
      serviceRefs = class java.util.ArrayList@23a479fc
      resourceRefs = class java.util.ArrayList@1521df05
      resourceRefBindings = class java.util.HashMap@48a49e22
      resourceRefConfigList = null
      resourceEnvRefs = class java.util.ArrayList@70e2c7d7
      resourceEnvRefBindings = class java.util.HashMap@70093bae
      messageDestRefs = class java.util.ArrayList@6bcb0b5d
      messageDestRefBindings = class java.util.HashMap@772cd88
      envEntries = class java.util.ArrayList@61c86ece
      envEntryValues = class java.util.HashMap@58a5fd12
      envEntryBindings = class java.util.HashMap@6b8794b8
      dataSources = class java.util.ArrayList@7a080acd
      dataSourceBindings = class java.util.HashMap@5894b55c
      persistenceUnitRefs = class java.util.ArrayList@2f2e8e31
      persistenceContextRefs = class java.util.ArrayList@785bfd38
      ejbRefs = class java.util.ArrayList@42bfce9c
      ejbLocalRefs = class java.util.ArrayList@3ffcbdc2
      ejbRefBindings = class java.util.HashMap@64f8f30a
      disallowAllFileServingProp = "false"
      disallowServeServletsByClassnameProp = "false"
      disableStaticMappingCache = false
      _id = "WebAppGeneratedId1"
      _attributes = null
      serialVersionUID = 7511545662945734886
      $$$tc$$$ = class com.ibm.websphere.ras.TraceComponent@3807b8f8
    extensionProcessingDisabled = false
    loginProcessor = null
    logoutProcessor = null
    collabHelper = class com.ibm.ws.webcontainer.osgi.collaborator.CollaboratorHelperImpl@77a91b38
      webAppInvCollabs = class java.util.Collections$UnmodifiableSet@60956f26
      securityDomainForApp = null
      logger = class com.ibm.ws.logging.internal.WsLogger@32e724b8
      staticDefaultSecurityCollaborator = class com.ibm.ws.webcontainer.collaborator.WebAppSecurityCollaborator@b1df2aa
      logger = class com.ibm.ws.logging.internal.WsLogger@3dcd5c89
      CLASS_NAME = "com.ibm.wsspi.webcontainer.collaborator.CollaboratorHelper"
      webApp = class com.ibm.ws.webcontainer.osgi.webapp.WebApp@4ba627c0
      securityCollaborator = class com.ibm.ws.webcontainer.collaborator.WebAppSecurityCollaborator@b1df2aa
      nameSpaceCollaborator = class com.ibm.ws.webcontainer.osgi.collaborator.WebAppNameSpaceCollaboratorImpl@1ce06899
      transactionCollaborator = class com.ibm.ws.webcontainer.collaborator.WebAppTransactionCollaborator@35571ddb
      connectionCollaborator = class com.ibm.ws.webcontainer.collaborator.ConnectionCollaborator@2a8b79d6
      allCollabEnum = class java.util.RegularEnumSet@766af849
      servlet_23_or_greater = true
    envObject = class com.ibm.ws.util.WSThreadLocal@5e71ec69
      tc = class com.ibm.ejs.ras.TraceComponent@1fd7e3ad
      count = 5
      index = 1
      SUSPECTED_MISUSAGE_THRESHOLD = 200
      threadLocalHashCode = -516769923
      nextHashCode = class java.util.concurrent.atomic.AtomicInteger@7f1a8d5f
      HASH_INCREMENT = 1640531527
    orderedLibPaths = class java.util.Collections$UnmodifiableRandomAccessList@fc7ff45
      serialVersionUID = -2542308836966382001
      serialVersionUID = -283967356065247728
      list = class java.util.ArrayList@466244ed
      serialVersionUID = 1820017752578914078
      c = class java.util.ArrayList@466244ed
    perm = class com.ibm.websphere.security.WebSphereRuntimePermission@3a036fc8
      serialVersionUID = -3306242789188168337
      $$$tc$$$ = class com.ibm.websphere.ras.TraceComponent@2d4907cb
      serialVersionUID = 6279438298436773498
      wildcard = false
      path = "accessServletContext"
      exitVM = false
      serialVersionUID = -5636570222231596674
      name = "accessServletContext"
    WELCOME_FILE_LIST = "com.ibm.ws.webcontainer.config.WelcomeFileList"
    DIR_BROWSING_MAPPING = "__dirBrowsing__1636054910043"
    FILTER_PROXY_MAPPING = "/__filterProxy__1636054910043"
    logger = class com.ibm.ws.logging.internal.WsLogger@e659e8c
      tc = class com.ibm.websphere.ras.TraceComponent@30c5f6e3
      ivCachedResourceBundleName = "com.ibm.ws.webcontainer.resources.Messages"
      ivCachedResourceBundle = class com.ibm.ws.webcontainer.resources.Messages_de@1c9c0138
      ivComponent = null
      ivOrganization = null
      ivProduct = null
      ivMinimumLocalizationLevelIntValue = 625
      ivGroupName = null
      ivTC = class com.ibm.websphere.ras.TraceComponent@7653f4ee
      loggerRegistrationComponent = class java.lang.ThreadLocal@24507406
      emptyHandlers = class java.util.logging.Handler[0]
      offValue = 2147483647
      SYSTEM_LOGGER_RB_NAME = "sun.util.logging.resources.logging"
      SYSTEM_BUNDLE = class java.util.logging.Logger$LoggerBundle@699a2f3b
      NO_RESOURCE_BUNDLE = class java.util.logging.Logger$LoggerBundle@19559a2c
      manager = class com.ibm.ws.kernel.boot.logging.WsLogManager@3e822d44
      name = "com.ibm.ws.webcontainer.webapp"
      handlers = class java.util.concurrent.CopyOnWriteArrayList@503b77d5
      loggerBundle = class java.util.logging.Logger$LoggerBundle@389095ba
      useParentHandlers = true
      filter = null
      anonymous = false
      catalog = class com.ibm.ws.webcontainer.resources.Messages_de@1c9c0138
      catalogName = "com.ibm.ws.webcontainer.resources.Messages"
      catalogLocale = class java.util.Locale@49f7067e
      treeLock = class java.lang.Object@7605c0b2
      parent = class com.ibm.ws.logging.internal.WsLogger@29812686
      kids = null
      levelObject = class java.util.logging.Level@482f1b20
      levelValue = 800
      callersClassLoaderRef = class java.lang.ref.WeakReference@54cddd7a
      isSystemLogger = false
      GLOBAL_LOGGER_NAME = "global"
      global = class java.util.logging.Logger@6142676c
      $assertionsDisabled = true
    CLASS_NAME = "com.ibm.ws.webcontainer.webapp.WebApp"
    loader = class com.ibm.ws.classloading.internal.ThreadContextClassLoader@1293bb5c
      tc = class com.ibm.websphere.ras.TraceComponent@77bb76aa
      bundle = class java.util.concurrent.atomic.AtomicReference@735f23fe
      key = "WebModule:ERP-light#ERP-light-0.0.1-SNAPSHOT.war"
      refCount = class java.util.concurrent.atomic.AtomicInteger@533b934c
      serialVersionUID = 2718662781678069765
      followOnClassLoaders = class java.util.ArrayList@627fab6a
      serialVersionUID = 5933218255537285806
      $$$tc$$$ = class com.ibm.websphere.ras.TraceComponent@5e29134d
      serialVersionUID = 161679851398543548
      $$$tc$$$ = class com.ibm.websphere.ras.TraceComponent@4293d873
      serialVersionUID = 2596921220292114344
      $$$tc$$$ = class com.ibm.websphere.ras.TraceComponent@50f477a6
      initialized = true
      pdcache = class java.util.HashMap@65c83de3
      debug = null
      parent = class com.ibm.ws.classloading.internal.GatewayClassLoader@3293826c
      parallelLockMap = null
      package2certs = class java.util.Hashtable@6f82b277
      nocerts = class java.security.cert.Certificate[0]
      classes = class java.util.Vector@60acfd38
      defaultDomain = class java.security.ProtectionDomain@7f972ebc
      packages = class java.util.HashMap@5b142388
      scl = class sun.misc.Launcher$AppClassLoader@18b4aac2
      sclSet = true
      loadedLibraryNames = class java.util.Vector@2504e824
      systemNativeLibraries = class java.util.Vector@11351da3
      nativeLibraries = class java.util.Vector@21ff2397
      nativeLibraryContext = class java.util.Stack@6858919a
      usr_paths = class java.lang.String[40]
      sys_paths = class java.lang.String[1]
      assertionLock = class com.ibm.ws.classloading.internal.ThreadContextClassLoader@1293bb5c
      defaultAssertionStatus = false
      packageAssertionStatus = null
      classAssertionStatus = null
    facade = class com.ibm.wsspi.webcontainer.facade.ServletContextFacade@44205416
      context = class com.ibm.ws.webcontainer.osgi.webapp.WebApp@4ba627c0
    features = class java.util.ArrayList@396d7fbb
      serialVersionUID = 8683452581122892189
      DEFAULT_CAPACITY = 10
      EMPTY_ELEMENTDATA = class java.lang.Object[0]
      DEFAULTCAPACITY_EMPTY_ELEMENTDATA = class java.lang.Object[0]
      elementData = class java.lang.Object[0]
      size = 0
      MAX_ARRAY_SIZE = 2147483639
      modCount = 0
      MAX_ARRAY_SIZE = 2147483639
    applicationName = "ERP-light"
    config = class com.ibm.ws.webcontainer.osgi.webapp.WebAppConfiguration@1b5506c0
    securityEnabledForApp = false
    webExtensionProcessor = class com.ibm.ws.webcontainer.osgi.extension.WebExtensionProcessor@622d375
      webApp = class com.ibm.ws.webcontainer.osgi.webapp.WebApp@4ba627c0
      extensionContext = class com.ibm.ws.webcontainer.osgi.webapp.WebApp@4ba627c0
    production = true
    isServlet23 = true
    contextPath = "/ERP-light"
    internalServletList = class [Ljava.lang.String;[2]
      internalServletList[0] = class java.lang.String[2]
      internalServletList[1] = class java.lang.String[2]
    BY_NAME_ONLY = "/_1636054910043_/"
    filterManager = class com.ibm.ws.webcontainer.osgi.filter.WebAppFilterManagerImpl@763d2d67
      _filterWrappers = class java.util.Hashtable@305f98b3
      chainCache = class java.util.Collections$SynchronizedMap@5d0a453e
      forwardChainCache = class java.util.Collections$SynchronizedMap@4de5954d
      includeChainCache = class java.util.Collections$SynchronizedMap@2ab12151
      errorChainCache = class java.util.Collections$SynchronizedMap@66e7aeb4
      _filtersDefined = true
      FMI_MAPPING_SINGLE_SLASH = 0
      FMI_MAPPING_PATH_MATCH = 1
      FMI_MAPPING_EXTENSION_MATCH = 2
      FMI_MAPPING_EXACT_MATCH = 3
      logger = class com.ibm.ws.logging.internal.WsLogger@1d415369
      CLASS_NAME = "com.ibm.ws.webcontainer.filter.WebAppFilterManager"
      nls = class com.ibm.ejs.ras.TraceNLS@69cb34e3
      webAppConfig = class com.ibm.ws.webcontainer.osgi.webapp.WebAppConfiguration@1b5506c0
      webApp = class com.ibm.ws.webcontainer.osgi.webapp.WebApp@4ba627c0
      collabHelper = class com.ibm.ws.webcontainer.osgi.collaborator.CollaboratorHelperImpl@77a91b38
      webAppNameSpaceCollab = class com.ibm.ws.webcontainer.osgi.collaborator.WebAppNameSpaceCollaboratorImpl@1ce06899
      secCollab = class com.ibm.ws.webcontainer.collaborator.WebAppSecurityCollaborator@b1df2aa
      sessionSecurityIntegrationEnabled = true
      assumeFilterSuccessOnSecurityError = false
      useOriginalRequestState = false
      _evtSource = class com.ibm.ws.webcontainer.webapp.WebAppEventSource@203a5580
      defaultComponentMetaData = class com.ibm.ws.webcontainer.osgi.metadata.WebComponentMetaDataImpl@5f69169e
    documentRoot = null
    SERVLET_API_VERSION = "Servlet 2.5"
    disableServletAuditLogging = 0
    serverInfo = "SMF WebContainer"
    sessionCtx = class com.ibm.ws.webcontainer.session.impl.HttpSessionContextImpl@24ff14bc
      methodClassName = "HttpSessionContextImpl"
      _smc = class com.ibm.ws.session.SessionManagerConfig@48020af4
      sessionStoreService = null
      _sap = class com.ibm.ws.session.SessionApplicationParameters@1ec20239
      _coreHttpSessionManager = class com.ibm.ws.session.SessionManager@3e9fcaef
      _coreHttpAppSessionManager = null
      _sam = class com.ibm.ws.webcontainer.session.impl.SessionAffinityManagerImpl@51657788
      isSIPApplication = false
      sessionAttributeListener = false
      sessionListener = true
      mHttpSessionAttributeListeners = class java.util.ArrayList@6329ca7a
      mHttpSessionListeners = class java.util.ArrayList@6df4dfec
      mHttpSessionIdListeners = class java.util.ArrayList@2dfca80f
      mHttpSessionAttributeListenersJ2eeNames = class java.util.ArrayList@57df530f
      mHttpSessionListenersJ2eeNames = class java.util.ArrayList@7a883994
      mHttpSessionIdListenersJ2eeNames = class java.util.ArrayList@31488296
      mLocalHost = null
      _refCount = 1
      currentThreadSacHashtable = null
      methodClassName = "SessionContext"
      ANONYMOUS_USER = "anonymous"
      wasHttpSessionObserver = class com.ibm.ws.session.WasHttpSessionObserver@79bcf860
      wasHttpSessionAttributeObserver = null
      _invalidator = class com.ibm.ws.session.SessionInvalidator@54568b73
      _storer = class com.ibm.ws.session.EOSSessionStorer@6f295cf4
      wasHttpAppSessionObserver = null
      mHttpAppSessionListeners = null
      cmvcInfo = "CMVC Version 1.9 6/24/07 11:12:24"
      _loggedVersion = true
      CREATE_CORE_SESSION_MANAGER = 0
      GET_REQUESTED_SESSION_ID = 1
      GET_IHTTP_SESSION = 2
      SESSION_PRE_INVOKE = 3
      SESSION_POST_INVOKE = 4
      STOP = 5
      STOP_LISTENERS = 6
      IS_VALID = 7
      ENCODE_URL = 8
      SHOULD_ENCODE_URL = 9
      IS_PROTOCOL_SWITCH = 10
      GET_LOCAL_HOST = 11
      ADD_HTTP_SESSION_ATTRIBUTE_LISTENER = 12
      ADD_HTTP_SESSION_LISTENER = 13
      GET_SESSION_AFFINITY_CONTEXT = 14
      CHECK_SECURITY = 15
      INVALIDATE = 16
      CHECK_SESSSIONID_IS_RIGHT_LENGTH = 17
      LOCK_SESSION = 18
      UNLOCK_SESSION = 19
      ADD_HTTP_SESSION_ID_LISTENER = 20
      methodNames = class java.lang.String[21]
    eventSource = class com.ibm.ws.webcontainer.webapp.WebAppEventSource@203a5580
      _invocationListeners = class com.ibm.ws.webcontainer.util.EventListeners@71913dc5
      _servletListeners = class com.ibm.ws.webcontainer.util.EventListeners@19e66412
      _errorListeners = class com.ibm.ws.webcontainer.util.EventListeners@6b6d1945
      _applicationListeners = class com.ibm.ws.webcontainer.util.EventListeners@1403ed84
      _filterInvocationListeners = class com.ibm.ws.webcontainer.util.EventListeners@6c8485d4
      _filterListeners = class com.ibm.ws.webcontainer.util.EventListeners@4668aaa2
      _filterErrorListeners = class com.ibm.ws.webcontainer.util.EventListeners@454c241b
    nls = class com.ibm.ejs.ras.TraceNLS@3456d22d
      resolver = class com.ibm.ws.logging.internal.TraceNLSResolver@384d41cf
      finder = null
      ivBundleName = "com.ibm.ws.webcontainer.resources.Messages"
      caller = class java.lang.Class@5afb22d9
    liberty_nls = class com.ibm.ejs.ras.TraceNLS@68409b5e
      resolver = class com.ibm.ws.logging.internal.TraceNLSResolver@384d41cf
      finder = null
      ivBundleName = "com.ibm.ws.webcontainer.resources.LShimMessages"
      caller = class java.lang.Class@5afb22d9
    error_nls = class com.ibm.ejs.ras.TraceNLS@7789c524
      resolver = class com.ibm.ws.logging.internal.TraceNLSResolver@384d41cf
      finder = null
      ivBundleName = "com.ibm.ws.webcontainer.resources.ErrorPage"
      caller = class java.lang.Class@5afb22d9
    sessionListeners = class java.util.ArrayList@2b0f659d
      serialVersionUID = 8683452581122892189
      DEFAULT_CAPACITY = 10
      EMPTY_ELEMENTDATA = class java.lang.Object[0]
      DEFAULTCAPACITY_EMPTY_ELEMENTDATA = class java.lang.Object[0]
      elementData = class java.lang.Object[10]
      size = 1
      MAX_ARRAY_SIZE = 2147483639
      modCount = 2
      MAX_ARRAY_SIZE = 2147483639
    sessionIdListeners = class java.util.ArrayList@294a0d6b
      serialVersionUID = 8683452581122892189
      DEFAULT_CAPACITY = 10
      EMPTY_ELEMENTDATA = class java.lang.Object[0]
      DEFAULTCAPACITY_EMPTY_ELEMENTDATA = class java.lang.Object[0]
      elementData = class java.lang.Object[0]
      size = 0
      MAX_ARRAY_SIZE = 2147483639
      modCount = 0
      MAX_ARRAY_SIZE = 2147483639
    sessionAttrListeners = class java.util.ArrayList@453cf977
      serialVersionUID = 8683452581122892189
      DEFAULT_CAPACITY = 10
      EMPTY_ELEMENTDATA = class java.lang.Object[0]
      DEFAULTCAPACITY_EMPTY_ELEMENTDATA = class java.lang.Object[0]
      elementData = class java.lang.Object[0]
      size = 0
      MAX_ARRAY_SIZE = 2147483639
      modCount = 1
      MAX_ARRAY_SIZE = 2147483639
    addedSessionListeners = class java.util.ArrayList@7ca5a411
      serialVersionUID = 8683452581122892189
      DEFAULT_CAPACITY = 10
      EMPTY_ELEMENTDATA = class java.lang.Object[0]
      DEFAULTCAPACITY_EMPTY_ELEMENTDATA = class java.lang.Object[0]
      elementData = class java.lang.Object[0]
      size = 0
      MAX_ARRAY_SIZE = 2147483639
      modCount = 0
      MAX_ARRAY_SIZE = 2147483639
    addedSessionAttrListeners = class java.util.ArrayList@2c561595
      serialVersionUID = 8683452581122892189
      DEFAULT_CAPACITY = 10
      EMPTY_ELEMENTDATA = class java.lang.Object[0]
      DEFAULTCAPACITY_EMPTY_ELEMENTDATA = class java.lang.Object[0]
      elementData = class java.lang.Object[0]
      size = 0
      MAX_ARRAY_SIZE = 2147483639
      modCount = 0
      MAX_ARRAY_SIZE = 2147483639
    servletContextListeners = class java.util.ArrayList@550e6421
      serialVersionUID = 8683452581122892189
      DEFAULT_CAPACITY = 10
      EMPTY_ELEMENTDATA = class java.lang.Object[0]
      DEFAULTCAPACITY_EMPTY_ELEMENTDATA = class java.lang.Object[0]
      elementData = class java.lang.Object[10]
      size = 1
      MAX_ARRAY_SIZE = 2147483639
      modCount = 2
      MAX_ARRAY_SIZE = 2147483639
    servletContextLAttrListeners = class java.util.ArrayList@77dbd8b6
      serialVersionUID = 8683452581122892189
      DEFAULT_CAPACITY = 10
      EMPTY_ELEMENTDATA = class java.lang.Object[0]
      DEFAULTCAPACITY_EMPTY_ELEMENTDATA = class java.lang.Object[0]
      elementData = class java.lang.Object[0]
      size = 0
      MAX_ARRAY_SIZE = 2147483639
      modCount = 1
      MAX_ARRAY_SIZE = 2147483639
    servletRequestListeners = class java.util.ArrayList@268f7f70
      serialVersionUID = 8683452581122892189
      DEFAULT_CAPACITY = 10
      EMPTY_ELEMENTDATA = class java.lang.Object[0]
      DEFAULTCAPACITY_EMPTY_ELEMENTDATA = class java.lang.Object[0]
      elementData = class java.lang.Object[0]
      size = 0
      MAX_ARRAY_SIZE = 2147483639
      modCount = 1
      MAX_ARRAY_SIZE = 2147483639
    servletRequestLAttrListeners = class java.util.ArrayList@3ae92c89
      serialVersionUID = 8683452581122892189
      DEFAULT_CAPACITY = 10
      EMPTY_ELEMENTDATA = class java.lang.Object[0]
      DEFAULTCAPACITY_EMPTY_ELEMENTDATA = class java.lang.Object[0]
      elementData = class java.lang.Object[0]
      size = 0
      MAX_ARRAY_SIZE = 2147483639
      modCount = 1
      MAX_ARRAY_SIZE = 2147483639
    prependSlashToResource = false
    destroyed = false
    webAppNameSpaceCollab = class com.ibm.ws.webcontainer.osgi.collaborator.WebAppNameSpaceCollaboratorImpl@1ce06899
      cmdai = class com.ibm.ws.threadContext.ComponentMetaDataAccessorImpl@44505bd3
    txCollab = class com.ibm.ws.webcontainer.collaborator.WebAppTransactionCollaborator@35571ddb
      logger = class com.ibm.ws.logging.internal.WsLogger@32e724b8
      CLASS_NAME = "com.ibm.ws.webcontainer.collaborator.WebAppTransactionCollaborator"
    sessionActivationListeners = class java.util.ArrayList@68fe80fe
      serialVersionUID = 8683452581122892189
      DEFAULT_CAPACITY = 10
      EMPTY_ELEMENTDATA = class java.lang.Object[0]
      DEFAULTCAPACITY_EMPTY_ELEMENTDATA = class java.lang.Object[0]
      elementData = class java.lang.Object[0]
      size = 0
      MAX_ARRAY_SIZE = 2147483639
      modCount = 1
      MAX_ARRAY_SIZE = 2147483639
    sessionBindingListeners = class java.util.ArrayList@1b00640c
      serialVersionUID = 8683452581122892189
      DEFAULT_CAPACITY = 10
      EMPTY_ELEMENTDATA = class java.lang.Object[0]
      DEFAULTCAPACITY_EMPTY_ELEMENTDATA = class java.lang.Object[0]
      elementData = class java.lang.Object[0]
      size = 0
      MAX_ARRAY_SIZE = 2147483639
      modCount = 1
      MAX_ARRAY_SIZE = 2147483639
    scratchdir = null
    jspClassLoaderLimit = 0
    jspClassLoaderExclusionList = null
    jspClassLoadersMap = null
    jspClassLoaderLimitTrackIF = false
    defaultExtProc = null
    directoryBrowsingServlet = null
    cdiContexts = class java.util.concurrent.ConcurrentHashMap@4bb6355
      serialVersionUID = 7249069246763182397
      MAXIMUM_CAPACITY = 1073741824
      DEFAULT_CAPACITY = 16
      MAX_ARRAY_SIZE = 2147483639
      DEFAULT_CONCURRENCY_LEVEL = 16
      LOAD_FACTOR = 0.75
      TREEIFY_THRESHOLD = 8
      UNTREEIFY_THRESHOLD = 6
      MIN_TREEIFY_CAPACITY = 64
      MIN_TRANSFER_STRIDE = 16
      RESIZE_STAMP_BITS = 16
      MAX_RESIZERS = 65535
      RESIZE_STAMP_SHIFT = 16
      MOVED = -1
      TREEBIN = -2
      RESERVED = -3
      HASH_BITS = 2147483647
      NCPU = 4
      serialPersistentFields = class java.io.ObjectStreamField[3]
      table = class java.util.concurrent.ConcurrentHashMap$Node[16]
      nextTable = null
      baseCount = 1
      sizeCtl = 12
      transferIndex = 0
      cellsBusy = 0
      counterCells = null
      keySet = null
      values = null
      entrySet = null
      U = class sun.misc.Unsafe@64e53fee
      SIZECTL = 20
      TRANSFERINDEX = 32
      BASECOUNT = 24
      CELLSBUSY = 36
      CELLVALUE = 144
      ABASE = 16
      ASHIFT = 2
      keySet = null
      values = null
    moduleConfig = class com.ibm.ws.webcontainer.osgi.container.DeployedModule@90f1fdc
      tc = class com.ibm.websphere.ras.TraceComponent@7cbd2a9f
      loader = class com.ibm.ws.classloading.internal.ThreadContextClassLoader@1293bb5c
      webApp = class com.ibm.ws.webcontainer.osgi.webapp.WebApp@4ba627c0
      webAppConfig = class com.ibm.ws.webcontainer.osgi.webapp.WebAppConfiguration@1b5506c0
      contextRootAdded = null
      properContextRoot = "/ERP-light"
      mappingContextRoot = "/ERP-light/*"
      serialVersionUID = -2104814060051592457
      $$$tc$$$ = class com.ibm.websphere.ras.TraceComponent@6a98effa
    extensionFactories = class java.util.ArrayList@156a9773
      serialVersionUID = 8683452581122892189
      DEFAULT_CAPACITY = 10
      EMPTY_ELEMENTDATA = class java.lang.Object[0]
      DEFAULTCAPACITY_EMPTY_ELEMENTDATA = class java.lang.Object[0]
      elementData = class java.lang.Object[10]
      size = 1
      MAX_ARRAY_SIZE = 2147483639
      modCount = 1
      MAX_ARRAY_SIZE = 2147483639
    initialized = true
    lock = class com.ibm.ws.webcontainer.webapp.WebApp$1@3ea0286c
      this$0 = class com.ibm.ws.webcontainer.osgi.webapp.WebApp@4ba627c0
    afterServletContextCreated = false
    redirectContextRoot = false
    errorExceptionTypeFirst = false
    initFilterBeforeServletInit = false
    sortedServletConfigs = class java.util.ArrayList@3609fbee
      serialVersionUID = 8683452581122892189
      DEFAULT_CAPACITY = 10
      EMPTY_ELEMENTDATA = class java.lang.Object[0]
      DEFAULTCAPACITY_EMPTY_ELEMENTDATA = class java.lang.Object[0]
      elementData = class java.lang.Object[10]
      size = 1
      MAX_ARRAY_SIZE = 2147483639
      modCount = 1
      MAX_ARRAY_SIZE = 2147483639
    effectiveMajorVersion = 2
    effectiveMinorVersion = 5
    canAddServletContextListener = true
    withinContextInitOfProgAddListener = false
    webInfLibClassloader = null
    metaInfCache = class com.ibm.ws.webcontainer.webapp.WebApp$2@64b46da1
      this$0 = class com.ibm.ws.webcontainer.osgi.webapp.WebApp@4ba627c0
      serialVersionUID = 3801124242820219131
      head = null
      tail = null
      accessOrder = true
      serialVersionUID = 362498820763181265
      DEFAULT_INITIAL_CAPACITY = 16
      MAXIMUM_CAPACITY = 1073741824
      DEFAULT_LOAD_FACTOR = 0.75
      TREEIFY_THRESHOLD = 8
      UNTREEIFY_THRESHOLD = 6
      MIN_TREEIFY_CAPACITY = 64
      table = null
      entrySet = null
      size = 0
      modCount = 0
      threshold = 32
      loadFactor = 1.0
      keySet = null
      values = null
    useMetaInfCache = true
    SUN_CONFIGURE_LISTENER_CLASSNAME = "com.sun.faces.config.ConfigureListener"
    MYFACES_LIFECYCLE_LISTENER_CLASSNAME = "org.apache.myfaces.webapp.StartupServletContextListener"
    JSF_IMPL_ENABLED_PARAM = "com.ibm.ws.jsf.JSF_IMPL_ENABLED"
    JSF_IMPL_ENABLED_CUSTOM = "Custom"
    JSF_IMPL_ENABLED_NONE = "None"
    staticDocRoot = class com.ibm.ws.webcontainer.util.DocumentRootUtils@11f6107f
      logger = class com.ibm.ws.logging.internal.WsLogger@18bae8f1
      CLASS_NAME = "com.ibm.ws.webcontainer.util.DocumentRootUtils"
      useContentLength = false
      matchedFile = null
      matchedZipFile = null
      matchedEntry = null
      matchedURL = null
      edrRoot = null
      pfedrRoot = null
      ctxt = class com.ibm.ws.webcontainer.osgi.webapp.WebApp@4ba627c0
      baseDir = null
      edr = null
      pfedr = null
      metaInfRes = null
      searchpfEDR = true
      searchEDR = true
      searchMetaInfRes = true
      matchFromEDR = false
      matchFromMetaInfRes = false
      matchIsADirectory = false
      appConfig = class com.ibm.ws.webcontainer.osgi.webapp.WebAppConfiguration@1b5506c0
      attributeType = "staticFile"
      STATIC_FILE = "staticFile"
      JSP = "jsp"
      PFEDR = "preFragmentExtendedDocumentRoot"
      EDR = "extendedDocumentRoot"
    jspDocRoot = class com.ibm.ws.webcontainer.util.DocumentRootUtils@2e2ab965
      logger = class com.ibm.ws.logging.internal.WsLogger@18bae8f1
      CLASS_NAME = "com.ibm.ws.webcontainer.util.DocumentRootUtils"
      useContentLength = false
      matchedFile = null
      matchedZipFile = null
      matchedEntry = null
      matchedURL = null
      edrRoot = null
      pfedrRoot = null
      ctxt = class com.ibm.ws.webcontainer.osgi.webapp.WebApp@4ba627c0
      baseDir = null
      edr = null
      pfedr = null
      metaInfRes = null
      searchpfEDR = true
      searchEDR = true
      searchMetaInfRes = true
      matchFromEDR = false
      matchFromMetaInfRes = false
      matchIsADirectory = false
      appConfig = class com.ibm.ws.webcontainer.osgi.webapp.WebAppConfiguration@1b5506c0
      attributeType = "jsp"
      STATIC_FILE = "staticFile"
      JSP = "jsp"
      PFEDR = "preFragmentExtendedDocumentRoot"
      EDR = "extendedDocumentRoot"
    container = class com.ibm.ws.adaptable.module.internal.AdaptableContainerImpl@5ffb1804
      root = class com.ibm.ws.adaptable.module.internal.AdaptableContainerImpl@5ffb1804
      rootOverlay = class com.ibm.ws.artifact.overlay.internal.DirectoryBasedOverlayContainerImpl@3d460e1e
      factoryHolder = class com.ibm.ws.adaptable.module.internal.AdaptableModuleFactoryImpl@e628c1e
      delegate = class com.ibm.ws.artifact.overlay.internal.DirectoryBasedOverlayContainerImpl@3d460e1e
      notifier = class com.ibm.ws.adaptable.module.internal.NotifierImpl@4177b8f7
      serialVersionUID = -5621513278641113667
      $$$tc$$$ = class com.ibm.websphere.ras.TraceComponent@25529e31
    metaInfResourceFinder = class com.ibm.ws.webcontainer.util.MetaInfResourceFinder@5705e1c5
      jarResourceContainers = class java.util.ArrayList@4f5d54f5
      container = class com.ibm.ws.adaptable.module.internal.AdaptableContainerImpl@5ffb1804
    postConstructMethods = class com.ibm.ws.webcontainer.webapp.WebApp$AnnotatedMethods@d52a1d6
      annotationClass = class java.lang.Class@18323650
      noOpClassNames = class java.util.HashSet@3821f98e
      annotatedMethodNames = class java.util.HashMap@227801f9
      EMPTY_METHODS = class java.lang.reflect.Method[0]
    preDestroyMethods = class com.ibm.ws.webcontainer.webapp.WebApp$AnnotatedMethods@101b47e1
      annotationClass = class java.lang.Class@77458b32
      noOpClassNames = class java.util.HashSet@27307458
      annotatedMethodNames = class java.util.HashMap@705fa143
      EMPTY_METHODS = class java.lang.reflect.Method[0]
    OBJ_EMPTY = class java.lang.Object[0]
    CLASS_EMPTY = class java.lang.Class[0]
    DEFAULT_JSP_EXTENSIONS = class java.util.ArrayList@31cfd875
      serialVersionUID = 8683452581122892189
      DEFAULT_CAPACITY = 10
      EMPTY_ELEMENTDATA = class java.lang.Object[0]
      DEFAULTCAPACITY_EMPTY_ELEMENTDATA = class java.lang.Object[0]
      elementData = class java.lang.Object[10]
      size = 4
      MAX_ARRAY_SIZE = 2147483639
      modCount = 4
      MAX_ARRAY_SIZE = 2147483639
    DO_ACCEPT_PARTIAL = true
    DO_NOT_ACCEPT_PARTIAL = false
    DO_ACCEPT_EXCLUDED = true
    DO_NOT_ACCEPT_EXCLUDED = false
    commands = class java.util.ArrayList@4a55beb8
      serialVersionUID = 8683452581122892189
      DEFAULT_CAPACITY = 10
      EMPTY_ELEMENTDATA = class java.lang.Object[0]
      DEFAULTCAPACITY_EMPTY_ELEMENTDATA = class java.lang.Object[0]
      elementData = class java.lang.Object[3]
      size = 0
      MAX_ARRAY_SIZE = 2147483639
      modCount = 0
      MAX_ARRAY_SIZE = 2147483639
    requestMapper = class com.ibm.wsspi.webcontainer.util.URIMapper@32a665fe
      matcher = class com.ibm.wsspi.webcontainer.util.URIMatcher@7363cb65
    parent = class com.ibm.ws.webcontainer.osgi.webapp.WebGroup@522cdae2
      tc = class com.ibm.websphere.ras.TraceComponent@227d8c78
      logger = class com.ibm.ws.logging.internal.WsLogger@e659e8c
      CLASS_NAME = "com.ibm.ws.webcontainer.webapp.WebGroup"
      sessUrlRewritePrefix = ";jsessionid="
      qMark = "?"
      config = class com.ibm.ws.webcontainer.osgi.webapp.WebGroupConfiguration@2f51f2b3
      webApp = class com.ibm.ws.webcontainer.osgi.webapp.WebApp@4ba627c0
      commands = class java.util.ArrayList@7e49f786
      requestMapper = null
      parent = class com.ibm.ws.webcontainer.osgi.DynamicVirtualHost@24d298c4
      name = "/ERP-light/*"
      isAlive = true
      subElements = class java.util.HashMap@3967dafc
      attributes = null
      config = null
      serialVersionUID = -8271459000149267764
      $$$tc$$$ = class com.ibm.websphere.ras.TraceComponent@7b47cb1d
    name = "ERP-light-0.0.1-SNAPSHOT"
    isAlive = true
    subElements = null
    attributes = class java.util.Collections$SynchronizedMap@78480804
      serialVersionUID = 1978198479659022715
      m = class java.util.HashMap@41e79b08
      mutex = class java.util.Collections$SynchronizedMap@78480804
      keySet = null
      entrySet = class java.util.Collections$SynchronizedSet@5a017916
      values = null
    config = null
    serialVersionUID = -8271459000149267764
    $$$tc$$$ = class com.ibm.websphere.ras.TraceComponent@7b47cb1d
      strings[0] = "TraceComponent[com.ibm.ws.container.AbstractContainer,class com.ibm.ws.container.AbstractContainer,[],null,null]"

