------Start of DE processing------ = [06.10.21 08:43:42:746 MESZ]
Exception = org.springframework.beans.factory.BeanCreationException
Source = com.ibm.ws.webcontainer.servlet.ServletWrapper.init
probeid = 181
Stack Dump = org.springframework.beans.factory.BeanCreationException: Error creating bean with name 'adminController': Injection of autowired dependencies failed; nested exception is org.springframework.beans.factory.BeanCreationException: Could not autowire field: private at.erp.light.view.services.IDataBase at.erp.light.view.controller.administration.AdminController.dataBaseService; nested exception is org.springframework.beans.factory.CannotLoadBeanClassException: Cannot find class [org.springframework.orm.hibernate5.LocalSessionFactoryBean] for bean with name 'sessionFactory' defined in ServletContext resource [/WEB-INF/erp-light-servlet.xml]; nested exception is java.lang.ClassNotFoundException: org.springframework.orm.hibernate5.LocalSessionFactoryBean
	at org.springframework.beans.factory.annotation.AutowiredAnnotationBeanPostProcessor.postProcessPropertyValues(AutowiredAnnotationBeanPostProcessor.java:334)
	at org.springframework.beans.factory.support.AbstractAutowireCapableBeanFactory.populateBean(AbstractAutowireCapableBeanFactory.java:1204)
	at org.springframework.beans.factory.support.AbstractAutowireCapableBeanFactory.doCreateBean(AbstractAutowireCapableBeanFactory.java:538)
	at org.springframework.beans.factory.support.AbstractAutowireCapableBeanFactory.createBean(AbstractAutowireCapableBeanFactory.java:476)
	at org.springframework.beans.factory.support.AbstractBeanFactory$1.getObject(AbstractBeanFactory.java:302)
	at org.springframework.beans.factory.support.DefaultSingletonBeanRegistry.getSingleton(DefaultSingletonBeanRegistry.java:229)
	at org.springframework.beans.factory.support.AbstractBeanFactory.doGetBean(AbstractBeanFactory.java:298)
	at org.springframework.beans.factory.support.AbstractBeanFactory.getBean(AbstractBeanFactory.java:193)
	at org.springframework.beans.factory.support.DefaultListableBeanFactory.preInstantiateSingletons(DefaultListableBeanFactory.java:725)
	at org.springframework.context.support.AbstractApplicationContext.finishBeanFactoryInitialization(AbstractApplicationContext.java:757)
	at org.springframework.context.support.AbstractApplicationContext.refresh(AbstractApplicationContext.java:480)
	at org.springframework.web.servlet.FrameworkServlet.configureAndRefreshWebApplicationContext(FrameworkServlet.java:663)
	at org.springframework.web.servlet.FrameworkServlet.createWebApplicationContext(FrameworkServlet.java:629)
	at org.springframework.web.servlet.FrameworkServlet.createWebApplicationContext(FrameworkServlet.java:677)
	at org.springframework.web.servlet.FrameworkServlet.initWebApplicationContext(FrameworkServlet.java:548)
	at org.springframework.web.servlet.FrameworkServlet.initServletBean(FrameworkServlet.java:489)
	at org.springframework.web.servlet.HttpServletBean.init(HttpServletBean.java:136)
	at javax.servlet.GenericServlet.init(GenericServlet.java:161)
	at com.ibm.ws.webcontainer.servlet.ServletWrapper.init(ServletWrapper.java:329)
	at com.ibm.ws.webcontainer.servlet.ServletWrapper.loadOnStartupCheck(ServletWrapper.java:1411)
	at com.ibm.ws.webcontainer.webapp.WebApp.doLoadOnStartupActions(WebApp.java:1175)
	at com.ibm.ws.webcontainer.webapp.WebApp.commonInitializationFinally(WebApp.java:1143)
	at com.ibm.ws.webcontainer.webapp.WebApp.initialize(WebApp.java:1049)
	at com.ibm.ws.webcontainer.webapp.WebApp.initialize(WebApp.java:6342)
	at com.ibm.ws.webcontainer.osgi.DynamicVirtualHost.startWebApp(DynamicVirtualHost.java:446)
	at com.ibm.ws.webcontainer.osgi.DynamicVirtualHost.startWebApplication(DynamicVirtualHost.java:441)
	at com.ibm.ws.webcontainer.osgi.WebContainer.startWebApplication(WebContainer.java:761)
	at com.ibm.ws.webcontainer.osgi.WebContainer.startModule(WebContainer.java:739)
	at com.ibm.ws.app.manager.web.internal.WebModuleHandlerImpl.deployModule(WebModuleHandlerImpl.java:106)
	at com.ibm.ws.app.manager.module.internal.DeployedAppInfoBase.deployModule(DeployedAppInfoBase.java:538)
	at com.ibm.ws.app.manager.module.internal.DeployedAppInfoBase.deployModules(DeployedAppInfoBase.java:457)
	at com.ibm.ws.app.manager.module.internal.DeployedAppInfoBase.deployApp(DeployedAppInfoBase.java:411)
	at com.ibm.ws.app.manager.war.internal.WARApplicationHandlerImpl.install(WARApplicationHandlerImpl.java:73)
	at com.ibm.ws.app.manager.internal.statemachine.StartAction.execute(StartAction.java:139)
	at com.ibm.ws.app.manager.internal.statemachine.ApplicationStateMachineImpl.enterState(ApplicationStateMachineImpl.java:1166)
	at com.ibm.ws.app.manager.internal.statemachine.ApplicationStateMachineImpl.run(ApplicationStateMachineImpl.java:779)
	at java.util.concurrent.ThreadPoolExecutor.runWorker(ThreadPoolExecutor.java:1149)
	at java.util.concurrent.ThreadPoolExecutor$Worker.run(ThreadPoolExecutor.java:624)
	at java.lang.Thread.run(Thread.java:748)
Caused by: org.springframework.beans.factory.BeanCreationException: Could not autowire field: private at.erp.light.view.services.IDataBase at.erp.light.view.controller.administration.AdminController.dataBaseService; nested exception is org.springframework.beans.factory.CannotLoadBeanClassException: Cannot find class [org.springframework.orm.hibernate5.LocalSessionFactoryBean] for bean with name 'sessionFactory' defined in ServletContext resource [/WEB-INF/erp-light-servlet.xml]; nested exception is java.lang.ClassNotFoundException: org.springframework.orm.hibernate5.LocalSessionFactoryBean
	at org.springframework.beans.factory.annotation.AutowiredAnnotationBeanPostProcessor$AutowiredFieldElement.inject(AutowiredAnnotationBeanPostProcessor.java:555)
	at org.springframework.beans.factory.annotation.InjectionMetadata.inject(InjectionMetadata.java:87)
	at org.springframework.beans.factory.annotation.AutowiredAnnotationBeanPostProcessor.postProcessPropertyValues(AutowiredAnnotationBeanPostProcessor.java:331)
	... 38 more
Caused by: org.springframework.beans.factory.CannotLoadBeanClassException: Cannot find class [org.springframework.orm.hibernate5.LocalSessionFactoryBean] for bean with name 'sessionFactory' defined in ServletContext resource [/WEB-INF/erp-light-servlet.xml]; nested exception is java.lang.ClassNotFoundException: org.springframework.orm.hibernate5.LocalSessionFactoryBean
	at org.springframework.beans.factory.support.AbstractBeanFactory.resolveBeanClass(AbstractBeanFactory.java:1325)
	at org.springframework.beans.factory.support.AbstractAutowireCapableBeanFactory.determineTargetType(AbstractAutowireCapableBeanFactory.java:623)
	at org.springframework.beans.factory.support.AbstractAutowireCapableBeanFactory.predictBeanType(AbstractAutowireCapableBeanFactory.java:592)
	at org.springframework.beans.factory.support.AbstractBeanFactory.isFactoryBean(AbstractBeanFactory.java:1394)
	at org.springframework.beans.factory.support.DefaultListableBeanFactory.doGetBeanNamesForType(DefaultListableBeanFactory.java:404)
	at org.springframework.beans.factory.support.DefaultListableBeanFactory.getBeanNamesForType(DefaultListableBeanFactory.java:381)
	at org.springframework.beans.factory.BeanFactoryUtils.beanNamesForTypeIncludingAncestors(BeanFactoryUtils.java:187)
	at org.springframework.beans.factory.support.DefaultListableBeanFactory.findAutowireCandidates(DefaultListableBeanFactory.java:1066)
	at org.springframework.beans.factory.support.DefaultListableBeanFactory.doResolveDependency(DefaultListableBeanFactory.java:1006)
	at org.springframework.beans.factory.support.DefaultListableBeanFactory.resolveDependency(DefaultListableBeanFactory.java:904)
	at org.springframework.beans.factory.annotation.AutowiredAnnotationBeanPostProcessor$AutowiredFieldElement.inject(AutowiredAnnotationBeanPostProcessor.java:527)
	... 40 more
Caused by: java.lang.ClassNotFoundException: org.springframework.orm.hibernate5.LocalSessionFactoryBean
	at com.ibm.ws.classloading.internal.UnifiedClassLoader.findClass(UnifiedClassLoader.java:118)
	at java.lang.ClassLoader.loadClass(ClassLoader.java:418)
	at com.ibm.ws.classloading.internal.UnifiedClassLoader.loadClass0(UnifiedClassLoader.java:106)
	at com.ibm.ws.classloading.internal.UnifiedClassLoader$Delegation.loadClass(UnifiedClassLoader.java:77)
	at com.ibm.ws.classloading.internal.UnifiedClassLoader.loadClass(UnifiedClassLoader.java:101)
	at com.ibm.ws.classloading.internal.ThreadContextClassLoader.loadClass(ThreadContextClassLoader.java:108)
	at java.lang.ClassLoader.loadClass(ClassLoader.java:351)
	at org.springframework.util.ClassUtils.forName(ClassUtils.java:246)
	at org.springframework.beans.factory.support.AbstractBeanDefinition.resolveBeanClass(AbstractBeanDefinition.java:395)
	at org.springframework.beans.factory.support.AbstractBeanFactory.doResolveBeanClass(AbstractBeanFactory.java:1346)
	at org.springframework.beans.factory.support.AbstractBeanFactory.resolveBeanClass(AbstractBeanFactory.java:1317)
	... 50 more

Dump of callerThis
Object type = com.ibm.ws.webcontainer.osgi.servlet.ServletWrapper
  serialVersionUID = 1
  _mo = class com.ibm.ws.managedobject.internal.ManagedObjectImpl@6c8116a7
    serialVersionUID = 2312695316196219051
    object = "<sensitive org.springframework.web.servlet.DispatcherServlet@18784725>"
    $$$tc$$$ = class com.ibm.websphere.ras.TraceComponent@71c41a5d
      strings[0] = "TraceComponent[com.ibm.ws.managedobject.internal.ManagedObjectImpl,class com.ibm.ws.managedobject.internal.ManagedObjectImpl,[],null,null]"
  serialVersionUID = -4479626085298397598
  notifyInvocationListeners = false
  UNINITIALIZED_STATE = -1
  AVAILABLE_STATE = 0
  UNAVAILABLE_STATE = 1
  UNAVAILABLE_PERMANENTLY_STATE = 2
  collabHelper = class com.ibm.ws.webcontainer.osgi.collaborator.CollaboratorHelperImpl@2dccddc0
    webAppInvCollabs = class java.util.Collections$UnmodifiableSet@6d81b5f2
      serialVersionUID = -9215047833775013803
      serialVersionUID = 1820017752578914078
      c = class java.util.concurrent.CopyOnWriteArraySet@41fcbf96
    securityDomainForApp = null
    logger = class com.ibm.ws.logging.internal.WsLogger@64f6f253
      tc = class com.ibm.websphere.ras.TraceComponent@30c5f6e3
      ivCachedResourceBundleName = null
      ivCachedResourceBundle = null
      ivComponent = null
      ivOrganization = null
      ivProduct = null
      ivMinimumLocalizationLevelIntValue = 625
      ivGroupName = null
      ivTC = class com.ibm.websphere.ras.TraceComponent@41655087
      loggerRegistrationComponent = class java.lang.ThreadLocal@2464352b
      emptyHandlers = class java.util.logging.Handler[0]
      offValue = 2147483647
      SYSTEM_LOGGER_RB_NAME = "sun.util.logging.resources.logging"
      SYSTEM_BUNDLE = class java.util.logging.Logger$LoggerBundle@dbda4ac
      NO_RESOURCE_BUNDLE = class java.util.logging.Logger$LoggerBundle@580b0b0e
      manager = class com.ibm.ws.kernel.boot.logging.WsLogManager@5dc3b049
      name = "com.ibm.ws.webcontainer.collaborator"
      handlers = class java.util.concurrent.CopyOnWriteArrayList@6a18834f
      loggerBundle = class java.util.logging.Logger$LoggerBundle@e1fcefb
      useParentHandlers = true
      filter = null
      anonymous = false
      catalog = class com.ibm.ws.webcontainer.resources.Messages_de@3cebcea
      catalogName = "com.ibm.ws.webcontainer.resources.Messages"
      catalogLocale = class java.util.Locale@1e47a58a
      treeLock = class java.lang.Object@4b0043c4
      parent = class com.ibm.ws.logging.internal.WsLogger@3c40f974
      kids = null
      levelObject = class java.util.logging.Level@52578810
      levelValue = 800
      callersClassLoaderRef = class java.lang.ref.WeakReference@6c50f905
      isSystemLogger = false
      GLOBAL_LOGGER_NAME = "global"
      global = class java.util.logging.Logger@38c87fb1
      $assertionsDisabled = true
    staticDefaultSecurityCollaborator = class com.ibm.ws.webcontainer.collaborator.WebAppSecurityCollaborator@1f383c8b
    logger = class com.ibm.ws.logging.internal.WsLogger@399c0196
      tc = class com.ibm.websphere.ras.TraceComponent@30c5f6e3
      ivCachedResourceBundleName = null
      ivCachedResourceBundle = null
      ivComponent = null
      ivOrganization = null
      ivProduct = null
      ivMinimumLocalizationLevelIntValue = 625
      ivGroupName = null
      ivTC = class com.ibm.websphere.ras.TraceComponent@6dd9d7ca
      loggerRegistrationComponent = class java.lang.ThreadLocal@2464352b
      emptyHandlers = class java.util.logging.Handler[0]
      offValue = 2147483647
      SYSTEM_LOGGER_RB_NAME = "sun.util.logging.resources.logging"
      SYSTEM_BUNDLE = class java.util.logging.Logger$LoggerBundle@dbda4ac
      NO_RESOURCE_BUNDLE = class java.util.logging.Logger$LoggerBundle@580b0b0e
      manager = class com.ibm.ws.kernel.boot.logging.WsLogManager@5dc3b049
      name = "com.ibm.wsspi.webcontainer.collaborator"
      handlers = class java.util.concurrent.CopyOnWriteArrayList@7d253882
      loggerBundle = class java.util.logging.Logger$LoggerBundle@781a7ef4
      useParentHandlers = true
      filter = null
      anonymous = false
      catalog = class com.ibm.ws.webcontainer.resources.Messages_de@3cebcea
      catalogName = "com.ibm.ws.webcontainer.resources.Messages"
      catalogLocale = class java.util.Locale@1e47a58a
      treeLock = class java.lang.Object@4b0043c4
      parent = class java.util.logging.Logger@5221a153
      kids = null
      levelObject = class java.util.logging.Level@52578810
      levelValue = 800
      callersClassLoaderRef = class java.lang.ref.WeakReference@69472bd
      isSystemLogger = false
      GLOBAL_LOGGER_NAME = "global"
      global = class java.util.logging.Logger@38c87fb1
      $assertionsDisabled = true
    CLASS_NAME = "com.ibm.wsspi.webcontainer.collaborator.CollaboratorHelper"
    webApp = class com.ibm.ws.webcontainer.osgi.webapp.WebApp@4e8a413c
    securityCollaborator = class com.ibm.ws.webcontainer.collaborator.WebAppSecurityCollaborator@1f383c8b
    nameSpaceCollaborator = class com.ibm.ws.webcontainer.osgi.collaborator.WebAppNameSpaceCollaboratorImpl@5b722182
    transactionCollaborator = class com.ibm.ws.webcontainer.collaborator.WebAppTransactionCollaborator@74c1050d
    connectionCollaborator = class com.ibm.ws.webcontainer.collaborator.ConnectionCollaborator@4b92abc3
    allCollabEnum = class java.util.RegularEnumSet@6a2b189c
      serialVersionUID = 3411599620347842686
      elements = 511
      elementType = class java.lang.Class@53045aea
      universe = class com.ibm.wsspi.webcontainer.collaborator.CollaboratorInvocationEnum[9]
      ZERO_LENGTH_ENUM_ARRAY = class java.lang.Enum[0]
      MAX_ARRAY_SIZE = 2147483639
    servlet_23_or_greater = true
  nServicing = class java.util.concurrent.atomic.AtomicInteger@1dd4ea2d
    serialVersionUID = 6214790243416807050
    unsafe = class sun.misc.Unsafe@42127a98
      theUnsafe = class sun.misc.Unsafe@42127a98
      INVALID_FIELD_OFFSET = -1
      ARRAY_BOOLEAN_BASE_OFFSET = 16
      ARRAY_BYTE_BASE_OFFSET = 16
      ARRAY_SHORT_BASE_OFFSET = 16
      ARRAY_CHAR_BASE_OFFSET = 16
      ARRAY_INT_BASE_OFFSET = 16
      ARRAY_LONG_BASE_OFFSET = 16
      ARRAY_FLOAT_BASE_OFFSET = 16
      ARRAY_DOUBLE_BASE_OFFSET = 16
      ARRAY_OBJECT_BASE_OFFSET = 16
      ARRAY_BOOLEAN_INDEX_SCALE = 1
      ARRAY_BYTE_INDEX_SCALE = 1
      ARRAY_SHORT_INDEX_SCALE = 2
      ARRAY_CHAR_INDEX_SCALE = 2
      ARRAY_INT_INDEX_SCALE = 4
      ARRAY_LONG_INDEX_SCALE = 8
      ARRAY_FLOAT_INDEX_SCALE = 4
      ARRAY_DOUBLE_INDEX_SCALE = 8
      ARRAY_OBJECT_INDEX_SCALE = 4
      ADDRESS_SIZE = 8
    valueOffset = 12
    value = 0
    serialVersionUID = -8742448824652078965
  lastAccessTime = 1633502621158
  state = -1
  logger = class com.ibm.ws.logging.internal.WsLogger@44102bfb
    tc = class com.ibm.websphere.ras.TraceComponent@30c5f6e3
      strings[0] = "TraceComponent[com.ibm.ws.logging.internal.WsLogger,class com.ibm.ws.logging.internal.WsLogger,[logging],com.ibm.ws.logging.internal.resources.LoggingMessages,null]"
    ivCachedResourceBundleName = null
    ivCachedResourceBundle = null
    ivComponent = null
    ivOrganization = null
    ivProduct = null
    ivMinimumLocalizationLevelIntValue = 625
    ivGroupName = null
    ivTC = class com.ibm.websphere.ras.TraceComponent@12a0bf9f
      strings[0] = "TraceComponent[com.ibm.ws.webcontainer.servlet,class com.ibm.wsspi.webcontainer.logging.LoggerFactory$1,[com.ibm.ws.webcontainer.servlet],null,null]"
    loggerRegistrationComponent = class java.lang.ThreadLocal@2464352b
      threadLocalHashCode = 696468823
      nextHashCode = class java.util.concurrent.atomic.AtomicInteger@2709e9f5
      HASH_INCREMENT = 1640531527
    emptyHandlers = class java.util.logging.Handler[0]
    offValue = 2147483647
    SYSTEM_LOGGER_RB_NAME = "sun.util.logging.resources.logging"
    SYSTEM_BUNDLE = class java.util.logging.Logger$LoggerBundle@dbda4ac
      resourceBundleName = "sun.util.logging.resources.logging"
      userBundle = null
    NO_RESOURCE_BUNDLE = class java.util.logging.Logger$LoggerBundle@580b0b0e
      resourceBundleName = null
      userBundle = null
    manager = class com.ibm.ws.kernel.boot.logging.WsLogManager@5dc3b049
      CLASS_NAME = "com.ibm.ws.kernel.boot.logging.WsLogManager"
      CONFIGURE_BY_SERVER_PROPERTY_NAME = "java.util.logging.configureByServer"
      CONFIGURE_BY_LOGGING_PROPERTIES_FILE = "java.util.logging.configureByLoggingPropertiesFile"
      configureByServer = true
      configureByLoggingProperties = false
      wsLogger = class java.lang.reflect.Constructor@70f0ffc3
      resetEnabled = true
      manager = class com.ibm.ws.kernel.boot.logging.WsLogManager@5dc3b049
      props = class java.util.Properties@1613b3bd
      defaultLevel = class java.util.logging.Level@52578810
      listenerMap = class java.util.HashMap@244d7a09
      systemContext = class java.util.logging.LogManager$SystemLoggerContext@533487a4
      userContext = class java.util.logging.LogManager$LoggerContext@46d48a35
      rootLogger = class java.util.logging.LogManager$RootLogger@497459d9
      readPrimordialConfiguration = true
      initializedGlobalHandlers = true
      deathImminent = false
      initializedCalled = true
      initializationDone = true
      contextsMap = null
      loggerRefQueue = class java.lang.ref.ReferenceQueue@4dd15709
      MAX_ITERATIONS = 400
      controlPermission = class java.util.logging.LoggingPermission@283e188
      loggingMXBean = null
      LOGGING_MXBEAN_NAME = "java.util.logging:type=Logging"
      $assertionsDisabled = true
    name = "com.ibm.ws.webcontainer.servlet"
    handlers = class java.util.concurrent.CopyOnWriteArrayList@3eed6fe1
      serialVersionUID = 8673264195747942595
      lock = class java.util.concurrent.locks.ReentrantLock@6b0be940
      array = class java.lang.Object[0]
      UNSAFE = class sun.misc.Unsafe@42127a98
      lockOffset = 12
    loggerBundle = class java.util.logging.Logger$LoggerBundle@5e152454
      resourceBundleName = "com.ibm.ws.webcontainer.resources.Messages"
      userBundle = null
    useParentHandlers = true
    filter = null
    anonymous = false
    catalog = class com.ibm.ws.webcontainer.resources.Messages_de@5ec617e3
      resources = class [Ljava.lang.Object;[330]
      lookup = class java.util.HashMap@37fb73d
      INITIAL_CACHE_SIZE = 32
      NONEXISTENT_BUNDLE = class java.util.ResourceBundle$1@4abbfb11
      cacheList = class java.util.concurrent.ConcurrentHashMap@3e9301d5
      referenceQueue = class java.lang.ref.ReferenceQueue@402b8f65
      parent = class com.ibm.ws.webcontainer.resources.Messages@3a073fcb
      locale = class java.util.Locale@2f7128e9
      name = "com.ibm.ws.webcontainer.resources.Messages"
      expired = false
      cacheKey = class java.util.ResourceBundle$CacheKey@9ca197b
      keySet = null
      providers = null
      $assertionsDisabled = true
    catalogName = "com.ibm.ws.webcontainer.resources.Messages"
    catalogLocale = class java.util.Locale@1e47a58a
      LOCALECACHE = class java.util.Locale$Cache@4c29bb18
      ENGLISH = class java.util.Locale@6402eb7a
      FRENCH = class java.util.Locale@4949f86b
      GERMAN = class java.util.Locale@2f7128e9
      ITALIAN = class java.util.Locale@3d944d30
      JAPANESE = class java.util.Locale@3ce4c0e1
      KOREAN = class java.util.Locale@4f4eb53c
      CHINESE = class java.util.Locale@4942961e
      SIMPLIFIED_CHINESE = class java.util.Locale@5620bfcb
      TRADITIONAL_CHINESE = class java.util.Locale@4c599e26
      FRANCE = class java.util.Locale@768435c4
      GERMANY = class java.util.Locale@2babbf6c
      ITALY = class java.util.Locale@78268335
      JAPAN = class java.util.Locale@788e8ab9
      KOREA = class java.util.Locale@2f73ba79
      CHINA = class java.util.Locale@5620bfcb
      PRC = class java.util.Locale@5620bfcb
      TAIWAN = class java.util.Locale@4c599e26
      UK = class java.util.Locale@59552024
      US = class java.util.Locale@15262f10
      CANADA = class java.util.Locale@19f1a44f
      CANADA_FRENCH = class java.util.Locale@2b63657a
      ROOT = class java.util.Locale@4113c9c
      PRIVATE_USE_EXTENSION = x
      UNICODE_LOCALE_EXTENSION = u
      serialVersionUID = 9149081749638150636
      DISPLAY_LANGUAGE = 0
      DISPLAY_COUNTRY = 1
      DISPLAY_VARIANT = 2
      DISPLAY_SCRIPT = 3
      baseLocale = class sun.util.locale.BaseLocale@5b472432
      localeExtensions = null
      hashCodeValue = 95426060
      defaultLocale = class java.util.Locale@1e47a58a
      defaultDisplayLocale = null
      defaultFormatLocale = class java.util.Locale@1e47a58a
      languageTag = "de-AT"
      serialPersistentFields = class java.io.ObjectStreamField[6]
      isoLanguages = null
      isoCountries = null
      $assertionsDisabled = true
    treeLock = class java.lang.Object@4b0043c4
    parent = class com.ibm.ws.logging.internal.WsLogger@3c40f974
      tc = class com.ibm.websphere.ras.TraceComponent@30c5f6e3
      ivCachedResourceBundleName = "com.ibm.ws.webcontainer.resources.Messages"
      ivCachedResourceBundle = class com.ibm.ws.webcontainer.resources.Messages_de@5ec617e3
      ivComponent = null
      ivOrganization = null
      ivProduct = null
      ivMinimumLocalizationLevelIntValue = 625
      ivGroupName = null
      ivTC = class com.ibm.websphere.ras.TraceComponent@4375855
      loggerRegistrationComponent = class java.lang.ThreadLocal@2464352b
      emptyHandlers = class java.util.logging.Handler[0]
      offValue = 2147483647
      SYSTEM_LOGGER_RB_NAME = "sun.util.logging.resources.logging"
      SYSTEM_BUNDLE = class java.util.logging.Logger$LoggerBundle@dbda4ac
      NO_RESOURCE_BUNDLE = class java.util.logging.Logger$LoggerBundle@580b0b0e
      manager = class com.ibm.ws.kernel.boot.logging.WsLogManager@5dc3b049
      name = "com.ibm.ws.webcontainer"
      handlers = class java.util.concurrent.CopyOnWriteArrayList@306c27da
      loggerBundle = class java.util.logging.Logger$LoggerBundle@6934e16d
      useParentHandlers = true
      filter = null
      anonymous = false
      catalog = class com.ibm.ws.webcontainer.resources.Messages_de@5ec617e3
      catalogName = "com.ibm.ws.webcontainer.resources.Messages"
      catalogLocale = class java.util.Locale@1e47a58a
      treeLock = class java.lang.Object@4b0043c4
      parent = class java.util.logging.Logger@5221a153
      kids = class java.util.ArrayList@4bec7924
      levelObject = class java.util.logging.Level@52578810
      levelValue = 800
      callersClassLoaderRef = class java.lang.ref.WeakReference@3e7983d6
      isSystemLogger = false
      GLOBAL_LOGGER_NAME = "global"
      global = class java.util.logging.Logger@38c87fb1
      $assertionsDisabled = true
    kids = null
    levelObject = class java.util.logging.Level@52578810
      defaultBundle = "sun.util.logging.resources.logging"
      name = "INFO"
      value = 800
      resourceBundleName = "sun.util.logging.resources.logging"
      localizedLevelName = "INFORMATION"
      cachedLocale = class java.util.Locale@1e47a58a
      OFF = class java.util.logging.Level@906e273
      SEVERE = class java.util.logging.Level@7b13a7b6
      WARNING = class java.util.logging.Level@45deda71
      INFO = class java.util.logging.Level@52578810
      CONFIG = class java.util.logging.Level@38f9fa97
      FINE = class java.util.logging.Level@6528281
      FINER = class java.util.logging.Level@601abbea
      FINEST = class java.util.logging.Level@5324e8ca
      ALL = class java.util.logging.Level@247e8d7b
      serialVersionUID = -8176160795706313070
    levelValue = 800
    callersClassLoaderRef = class java.lang.ref.WeakReference@719f1c25
      referent = class org.eclipse.osgi.internal.loader.EquinoxClassLoader@1ccf9176
      queue = class java.lang.ref.ReferenceQueue$Null@32ad11c6
      next = null
      discovered = null
      lock = class java.lang.ref.Reference$Lock@6306f5dd
      pending = null
    isSystemLogger = false
    GLOBAL_LOGGER_NAME = "global"
    global = class java.util.logging.Logger@38c87fb1
      emptyHandlers = class java.util.logging.Handler[0]
      offValue = 2147483647
      SYSTEM_LOGGER_RB_NAME = "sun.util.logging.resources.logging"
      SYSTEM_BUNDLE = class java.util.logging.Logger$LoggerBundle@dbda4ac
      NO_RESOURCE_BUNDLE = class java.util.logging.Logger$LoggerBundle@580b0b0e
      manager = class com.ibm.ws.kernel.boot.logging.WsLogManager@5dc3b049
      name = "global"
      handlers = class java.util.concurrent.CopyOnWriteArrayList@11dcc9a1
      loggerBundle = class java.util.logging.Logger$LoggerBundle@580b0b0e
      useParentHandlers = true
      filter = null
      anonymous = false
      catalog = null
      catalogName = null
      catalogLocale = null
      treeLock = class java.lang.Object@4b0043c4
      parent = class java.util.logging.LogManager$RootLogger@497459d9
      kids = null
      levelObject = null
      levelValue = 800
      callersClassLoaderRef = null
      isSystemLogger = true
      GLOBAL_LOGGER_NAME = "global"
      global = class java.util.logging.Logger@38c87fb1
      $assertionsDisabled = true
    $assertionsDisabled = true
  CLASS_NAME = "com.ibm.ws.webcontainer.servlet.ServletWrapper"
  nls = class com.ibm.ejs.ras.TraceNLS@6bd0429d
    resolver = class com.ibm.ws.logging.internal.TraceNLSResolver@24701581
      tc = class com.ibm.websphere.ras.TraceComponent@5eb5c224
      DEBUG_TRACE_NLS_PROPERTY = "com.ibm.ejs.ras.debugTraceNLSResolver"
      debugTraceNLSResolver = false
      makeNoise = false
      nullKey = "null"
      svNullBundleName = "Resource Bundle name is null, key = {0}"
      svBundleNotLoaded = "Unable to load ResourceBundle {0}"
      svNullKeyMessage = "Null key passed while using ResourceBundle {0}"
      svMalformedMessage = "No message text associated with key {0} in bundle {1}"
    finder = null
    ivBundleName = "com.ibm.ws.webcontainer.resources.Messages"
    caller = class java.lang.Class@491cde6a
      ANNOTATION = 8192
      ENUM = 16384
      SYNTHETIC = 4096
      cachedConstructor = null
      newInstanceCallerCache = null
      name = null
      allPermDomain = class java.security.ProtectionDomain@41416ddf
      useCaches = true
      reflectionData = class java.lang.ref.SoftReference@33cde6c8
      classRedefinedCount = 0
      genericInfo = null
      serialVersionUID = 3206093459760846163
      serialPersistentFields = class java.io.ObjectStreamField[0]
      reflectionFactory = class sun.reflect.ReflectionFactory@38152393
      initted = true
      enumConstants = null
      enumConstantDirectory = null
      annotationData = class java.lang.Class$AnnotationData@68af4f05
      annotationType = null
      classValueMap = null
  servletConfig = class com.ibm.ws.webcontainer.servlet.ServletConfig@20b9b0fa
    logger = class com.ibm.ws.logging.internal.WsLogger@44102bfb
    CLASS_NAME = "com.ibm.ws.webcontainer.servlet.ServletConfig"
    nls = class com.ibm.ejs.ras.TraceNLS@3eba8f46
      resolver = class com.ibm.ws.logging.internal.TraceNLSResolver@24701581
      finder = null
      ivBundleName = "com.ibm.ws.webcontainer.resources.Messages"
      caller = class java.lang.Class@27522419
    liberty_nls = class com.ibm.ejs.ras.TraceNLS@3b406e95
      resolver = class com.ibm.ws.logging.internal.TraceNLSResolver@24701581
      finder = null
      ivBundleName = "com.ibm.ws.webcontainer.resources.LShimMessages"
      caller = class java.lang.Class@27522419
    enabled = true
    servletName = "erp-light"
    className = "org.springframework.web.servlet.DispatcherServlet"
    mappings = class java.util.ArrayList@52e7ca53
      serialVersionUID = 8683452581122892189
      DEFAULT_CAPACITY = 10
      EMPTY_ELEMENTDATA = class java.lang.Object[0]
      DEFAULTCAPACITY_EMPTY_ELEMENTDATA = class java.lang.Object[0]
      elementData = class java.lang.Object[10]
      size = 1
      MAX_ARRAY_SIZE = 2147483639
      modCount = 1
      MAX_ARRAY_SIZE = 2147483639
    startUpWeight = 1
    DEFAULT_STARTUP = -1
    isCachingEnabled = true
    isStatisticsEnabled = true
    isInternal = false
    metaData = class com.ibm.ws.webcontainer.osgi.metadata.WebComponentMetaDataImpl@6d80ad3
      j2eeName = class com.ibm.ws.container.service.metadata.internal.J2EENameImpl@673006da
      webModuleMetaData = class com.ibm.ws.webcontainer.osgi.metadata.WebModuleMetaDataImpl@295bbeb8
      tc = class com.ibm.websphere.ras.TraceComponent@4c342bbe
      NUM_STATIC_SLOTS = 4
      ID_UNINITIALIZED = -1
      id = 2
      metaDataInterface = class java.lang.Class@1aa19b3f
      staticSlots = class java.lang.Object[4]
      dynamicSlots = null
    singleThreadModelServlet = false
    isJsp = false
    webAppConfig = class com.ibm.ws.webcontainer.osgi.webapp.WebAppConfiguration@6cf275f1
      webModuleMetaData = class com.ibm.ws.webcontainer.osgi.metadata.WebModuleMetaDataImpl@295bbeb8
      webComponentMetaData = class com.ibm.ws.webcontainer.osgi.metadata.WebComponentMetaDataImpl@485207be
      dVirtualHost = class com.ibm.ws.webcontainer.osgi.DynamicVirtualHost@4d8f97bd
      orderedLibPaths = class java.util.Collections$UnmodifiableRandomAccessList@3cb1ae1c
      bundleHeaders = null
      cdiEnabled = false
      CLASS_NAME = "com.ibm.ws.webcontainer.webapp.WebAppConfiguration"
      logger = class com.ibm.ws.logging.internal.WsLogger@6e0f7462
      tc = class com.ibm.websphere.ras.TraceComponent@341d7842
      nls = class com.ibm.ejs.ras.TraceNLS@6b000b10
      version = 25
      contextRoot = "/ERP-light"
      sessionTimeout = 0
      moduleSessionTimeoutSet = false
      moduleSessionTrackingModeSet = false
      sessionCookieConfig = class com.ibm.ws.session.SessionCookieConfigImpl@33b78e39
      hasProgrammaticCookieConfig = false
      sessionDefaultTrackingModeSet = class java.util.RegularEnumSet@2b4c58d
      sessionManagerConfig = class com.ibm.ws.session.SessionManagerConfig@4b66fe56
      displayName = "ERP-light VIEW"
      description = null
      reloadInterval = 0
      distributable = false
      denyUncoveredHttpMethods = false
      reloadingEnabled = false
      serveServletsByClassnameEnabled = null
      defaultErrorPage = null
      additionalClassPath = null
      fileServingEnabled = null
      directoryBrowsingEnabled = null
      autoRequestEncoding = false
      autoResponseEncoding = false
      autoLoadFilters = false
      requestListeners = null
      requestAttributeListeners = null
      sessionListeners = null
      localeMap = null
      moduleName = "ERP-light"
      j2eeModuleName = "ERP-light.war"
      moduleId = null
      isSyncToThreadEnabled = false
      isSystemApp = false
      ardEnabled = false
      ardDispatchType = null
      listeners = class java.util.ArrayList@20d524a1
      welcomeFileList = class java.util.ArrayList@2f9cb0c4
      servletMappings = class java.util.HashMap@ba08017
      lastIndexBeforeDeclaredFilters = 0
      filterMappings = class java.util.ArrayList@77484b7b
      servletInfo = class java.util.HashMap@7eb1891f
      filterInfo = class java.util.HashMap@34611c9d
      mimeMappings = class java.util.HashMap@3b4e823e
      mimeFilters = null
      isMimeFilteringEnabled = false
      theWebGroup = null
      jspAttributes = class java.util.HashMap@ee815bf
      fileServingAttributes = class java.util.HashMap@7c639c0c
      invokerAttributes = class java.util.HashMap@40dae2e9
      contextParams = class java.util.HashMap@f4ac7be
      virtualHost = "default_host"
      exceptionErrorPages = class java.util.HashMap@41417e05
      codeErrorPages = class java.util.HashMap@21a219dd
      tagLibList = null
      precompileJsps = false
      webApp = class com.ibm.ws.webcontainer.osgi.webapp.WebApp@4e8a413c
      virtualHostList = class java.util.Collections$EmptyList@36f86aaa
      appStartupWeight = 0
      moduleStartupWeight = 0
      metaDataComplete = false
      classesToScan = class java.util.ArrayList@6f562cfc
      uriFilterMappingInfos = null
      servletFilterMappingInfos = null
      dynamicServletRegistrationMap = null
      applicationName = "ERP-light"
      libBinPathList = null
      webXmlDefinedListeners = class java.util.HashSet@252dd645
      serviceRefs = class java.util.ArrayList@14f04fcc
      resourceRefs = class java.util.ArrayList@61a8cac2
      resourceRefBindings = class java.util.HashMap@3fc73bc7
      resourceRefConfigList = null
      resourceEnvRefs = class java.util.ArrayList@74135d84
      resourceEnvRefBindings = class java.util.HashMap@628bf2e5
      messageDestRefs = class java.util.ArrayList@4552daac
      messageDestRefBindings = class java.util.HashMap@434dc8c2
      envEntries = class java.util.ArrayList@2d5c4252
      envEntryValues = class java.util.HashMap@107d91c6
      envEntryBindings = class java.util.HashMap@4329bedf
      dataSources = class java.util.ArrayList@6e0f65a0
      dataSourceBindings = class java.util.HashMap@210ef4e1
      persistenceUnitRefs = class java.util.ArrayList@5d81a2a7
      persistenceContextRefs = class java.util.ArrayList@5350308e
      ejbRefs = class java.util.ArrayList@46677d21
      ejbLocalRefs = class java.util.ArrayList@109820f0
      ejbRefBindings = class java.util.HashMap@405c2cde
      disallowAllFileServingProp = null
      disallowServeServletsByClassnameProp = null
      disableStaticMappingCache = false
      _id = "WebAppGeneratedId1"
      _attributes = null
      serialVersionUID = 7511545662945734886
      $$$tc$$$ = class com.ibm.websphere.ras.TraceComponent@3353c4cd
    servletWrapper = class com.ibm.ws.webcontainer.osgi.servlet.ServletWrapper@771dfb61
    servletClass = null
    servlet = null
    addedToLoadOnStartup = true
    previousWeight = null
    multipartConfig = null
    multipartConfigBaseLocation = null
    runAsRole = null
    servletSecurityElement = null
    declareRolesAnnotation = null
    logger = class com.ibm.ws.logging.internal.WsLogger@44102bfb
    CLASS_NAME = "com.ibm.ws.webcontainer.servlet.TargetConfig"
    initParams = null
    fileName = null
    displayName = null
    name = "erp-light"
    description = null
    smallIcon = null
    largeIcon = null
    context = class com.ibm.wsspi.webcontainer.facade.ServletContextFacade@382777b2
      context = class com.ibm.ws.webcontainer.osgi.webapp.WebApp@4e8a413c
    className = null
    asyncSupported = false
    _id = "ServletGeneratedId1"
    _attributes = null
    serialVersionUID = 7511545662945734886
    $$$tc$$$ = class com.ibm.websphere.ras.TraceComponent@3353c4cd
      strings[0] = "TraceComponent[com.ibm.ws.container.BaseConfiguration,class com.ibm.ws.container.BaseConfiguration,[],null,null]"
  context = class com.ibm.ws.webcontainer.osgi.webapp.WebApp@4e8a413c
    tc = class com.ibm.websphere.ras.TraceComponent@17dd0c7
      strings[0] = "TraceComponent[com.ibm.ws.webcontainer.osgi.webapp.WebApp,class com.ibm.ws.webcontainer.osgi.webapp.WebApp,[webcontainer],com.ibm.ws.webcontainer.resources.LShimMessages,null]"
    CLASS_NAME = "com.ibm.ws.webcontainer.osgi.webapp.WebApp"
    metaDataService = class com.ibm.ws.container.service.metadata.internal.MetaDataServiceImpl@4848ba3c
      applicationMetaDataManager = class com.ibm.ws.container.service.metadata.internal.ApplicationMetaDataManager@14c363cc
      moduleMetaDataManager = class com.ibm.ws.container.service.metadata.internal.ModuleMetaDataManager@17332974
      componentMetaDataManager = class com.ibm.ws.container.service.metadata.internal.ComponentMetaDataManager@355066b9
      methodMetaDataManager = class com.ibm.ws.container.service.metadata.internal.MethodMetaDataManager@11747f8a
      appModuleNameToModuleContainer = class java.util.concurrent.ConcurrentHashMap@1e26b36b
      jeeNameToComponentMetaData = class java.util.concurrent.ConcurrentHashMap@10d04152
      deferredMetaDataFactories = class com.ibm.wsspi.kernel.service.utils.ConcurrentServiceReferenceSet@2683985f
      deferredMetaDataInitializers = class com.ibm.wsspi.kernel.service.utils.ConcurrentServiceReferenceMap@14392b2a
      serialVersionUID = 5173348198233259673
      $$$tc$$$ = class com.ibm.websphere.ras.TraceComponent@7e34552f
    namespacePopulated = false
    referenceContext = class com.ibm.ws.injectionengine.osgi.internal.OSGiReferenceContextImpl@317cbd7c
      scopeData = class com.ibm.ws.injectionengine.osgi.internal.OSGiInjectionScopeData@767614e8
      serialVersionUID = -5862502968678606919
      $$$tc$$$ = class com.ibm.websphere.ras.TraceComponent@5a5a394d
      CLASS_NAME = "com.ibm.ws.injectionengine.ReferenceContextImpl"
      tc = class com.ibm.ejs.ras.TraceComponent@4ae16ad8
      ivInjectionEngine = class com.ibm.ws.injectionengine.osgi.internal.OSGiInjectionEngineImpl@202cdafb
      ivProviders = class java.util.ArrayList@1272da2d
      ivComponentJavaContext = null
      ivComponentNameSpace = null
      ivJavaColonCompEnvMap = class java.util.LinkedHashMap@599f4c79
      ivEjbContext10 = class java.util.Properties@58ce977f
      ivResourceRefConfigList = null
      isAlreadyProcessed = true
      ivProcessFailure = null
      ivInjectionTargetMap = class java.util.HashMap@1ef3659f
      ivDeclaredInjectionTargets = class java.util.HashMap@1a5467de
      ivProcessedInjectionClasses = class java.util.HashSet@398b0c69
      ivProcessedInjectionBindings = class java.util.ArrayList@15d20148
      ivAnyProcessDynamic = false
      ivCheckAppConfig = false
    j2eeNameFactory = class com.ibm.ws.container.service.metadata.internal.J2EENameFactoryImpl@1b6cfa4e
      serialVersionUID = 3486344295038028821
      $$$tc$$$ = class com.ibm.websphere.ras.TraceComponent@12e71f11
    moduleLoader = class com.ibm.ws.classloading.internal.AppClassLoader@67a553ca
      tc = class com.ibm.websphere.ras.TraceComponent@3124000c
      PARENT_FIRST_SEARCH_ORDER = class java.util.Collections$UnmodifiableRandomAccessList@35bac2ef
      CLASS_LOADING_TRACE_PREFIX = "com.ibm.ws.class.load."
      DEFAULT_PACKAGE = "default.package"
      perPackageClassLoadingTraceComponents = class java.util.concurrent.ConcurrentHashMap@53e16e3
      config = class com.ibm.ws.classloading.internal.ClassLoaderConfigurationImpl@8949bc1
      privateLibraries = null
      delegateLoaders = class com.ibm.ws.classloading.internal.util.CompositeIterable@42314e62
      nativeLibraryFiles = class java.util.ArrayList@217f5171
      transformers = class java.util.ArrayList@5403c2b3
      apiAccess = class com.ibm.ws.classloading.internal.GatewayClassLoader@785362ff
      PROTECTION_DOMAIN = class java.security.ProtectionDomain@232520cc
      serialVersionUID = -8503176786514635265
      tc = class com.ibm.websphere.ras.TraceComponent@e54a3ea
      EMPTY_URL_ARRAY = class java.net.URL[0]
      smartClassPath = class com.ibm.ws.classloading.internal.ContainerClassLoader$SmartClassPathImpl@306f1241
      nativeLibraryContainers = class java.util.ArrayList@6bc039e4
      redefiner = class com.ibm.ws.classloading.internal.util.ClassRedefiner@219c7875
      mapCreationQueue = class java.util.concurrent.Executors$FinalizableDelegatedExecutorService@71220b3e
      serialVersionUID = 7561562533729935637
      serialVersionUID = -7411549862368381758
      $$$tc$$$ = class com.ibm.websphere.ras.TraceComponent@18b4e5f
      serialVersionUID = 161679851398543548
      $$$tc$$$ = class com.ibm.websphere.ras.TraceComponent@52e714f2
      serialVersionUID = 2596921220292114344
      $$$tc$$$ = class com.ibm.websphere.ras.TraceComponent@31c0ccaf
      initialized = true
      pdcache = class java.util.HashMap@53f2f38e
      debug = null
      parent = class com.ibm.ws.classloading.internal.GatewayClassLoader@785362ff
      parallelLockMap = null
      package2certs = class java.util.Hashtable@116f6655
      nocerts = class java.security.cert.Certificate[0]
      classes = class java.util.Vector@70f5e4bd
      defaultDomain = class java.security.ProtectionDomain@76f60518
      packages = class java.util.HashMap@32dcf6cb
      scl = class sun.misc.Launcher$AppClassLoader@18b4aac2
      sclSet = true
      loadedLibraryNames = class java.util.Vector@70303026
      systemNativeLibraries = class java.util.Vector@4b3afa14
      nativeLibraries = class java.util.Vector@58eb730b
      nativeLibraryContext = class java.util.Stack@75e997bd
      usr_paths = class java.lang.String[40]
      sys_paths = class java.lang.String[1]
      assertionLock = class com.ibm.ws.classloading.internal.AppClassLoader@67a553ca
      defaultAssertionStatus = false
      packageAssertionStatus = null
      classAssertionStatus = null
    webAppConfig = class com.ibm.ws.webcontainer.osgi.webapp.WebAppConfiguration@6cf275f1
    extensionProcessingDisabled = false
    loginProcessor = null
    logoutProcessor = null
    collabHelper = class com.ibm.ws.webcontainer.osgi.collaborator.CollaboratorHelperImpl@2dccddc0
    envObject = class com.ibm.ws.util.WSThreadLocal@21218deb
      tc = class com.ibm.ejs.ras.TraceComponent@75cb496f
      count = 4
      index = 1
      SUSPECTED_MISUSAGE_THRESHOLD = 200
      threadLocalHashCode = -516769923
      nextHashCode = class java.util.concurrent.atomic.AtomicInteger@2709e9f5
      HASH_INCREMENT = 1640531527
    orderedLibPaths = class java.util.Collections$UnmodifiableRandomAccessList@3cb1ae1c
      serialVersionUID = -2542308836966382001
      serialVersionUID = -283967356065247728
      list = class java.util.ArrayList@4e0cbada
      serialVersionUID = 1820017752578914078
      c = class java.util.ArrayList@4e0cbada
    perm = class com.ibm.websphere.security.WebSphereRuntimePermission@4cc695df
      serialVersionUID = -3306242789188168337
      $$$tc$$$ = class com.ibm.websphere.ras.TraceComponent@42432472
      serialVersionUID = 6279438298436773498
      wildcard = false
      path = "accessServletContext"
      exitVM = false
      serialVersionUID = -5636570222231596674
      name = "accessServletContext"
    WELCOME_FILE_LIST = "com.ibm.ws.webcontainer.config.WelcomeFileList"
    DIR_BROWSING_MAPPING = "__dirBrowsing__1633502620382"
    FILTER_PROXY_MAPPING = "/__filterProxy__1633502620382"
    logger = class com.ibm.ws.logging.internal.WsLogger@6e0f7462
      tc = class com.ibm.websphere.ras.TraceComponent@30c5f6e3
      ivCachedResourceBundleName = "com.ibm.ws.webcontainer.resources.Messages"
      ivCachedResourceBundle = class com.ibm.ws.webcontainer.resources.Messages_de@5ec617e3
      ivComponent = null
      ivOrganization = null
      ivProduct = null
      ivMinimumLocalizationLevelIntValue = 625
      ivGroupName = null
      ivTC = class com.ibm.websphere.ras.TraceComponent@1d52f64f
      loggerRegistrationComponent = class java.lang.ThreadLocal@2464352b
      emptyHandlers = class java.util.logging.Handler[0]
      offValue = 2147483647
      SYSTEM_LOGGER_RB_NAME = "sun.util.logging.resources.logging"
      SYSTEM_BUNDLE = class java.util.logging.Logger$LoggerBundle@dbda4ac
      NO_RESOURCE_BUNDLE = class java.util.logging.Logger$LoggerBundle@580b0b0e
      manager = class com.ibm.ws.kernel.boot.logging.WsLogManager@5dc3b049
      name = "com.ibm.ws.webcontainer.webapp"
      handlers = class java.util.concurrent.CopyOnWriteArrayList@24c28edd
      loggerBundle = class java.util.logging.Logger$LoggerBundle@1f3252af
      useParentHandlers = true
      filter = null
      anonymous = false
      catalog = class com.ibm.ws.webcontainer.resources.Messages_de@5ec617e3
      catalogName = "com.ibm.ws.webcontainer.resources.Messages"
      catalogLocale = class java.util.Locale@1e47a58a
      treeLock = class java.lang.Object@4b0043c4
      parent = class com.ibm.ws.logging.internal.WsLogger@3c40f974
      kids = null
      levelObject = class java.util.logging.Level@52578810
      levelValue = 800
      callersClassLoaderRef = class java.lang.ref.WeakReference@51b36b8a
      isSystemLogger = false
      GLOBAL_LOGGER_NAME = "global"
      global = class java.util.logging.Logger@38c87fb1
      $assertionsDisabled = true
    CLASS_NAME = "com.ibm.ws.webcontainer.webapp.WebApp"
    loader = class com.ibm.ws.classloading.internal.ThreadContextClassLoader@1d20c048
    facade = class com.ibm.wsspi.webcontainer.facade.ServletContextFacade@382777b2
    features = class java.util.ArrayList@436cf29d
      serialVersionUID = 8683452581122892189
      DEFAULT_CAPACITY = 10
      EMPTY_ELEMENTDATA = class java.lang.Object[0]
      DEFAULTCAPACITY_EMPTY_ELEMENTDATA = class java.lang.Object[0]
      elementData = class java.lang.Object[0]
      size = 0
      MAX_ARRAY_SIZE = 2147483639
      modCount = 0
      MAX_ARRAY_SIZE = 2147483639
    applicationName = "ERP-light"
    config = class com.ibm.ws.webcontainer.osgi.webapp.WebAppConfiguration@6cf275f1
    securityEnabledForApp = null
    webExtensionProcessor = class com.ibm.ws.webcontainer.osgi.extension.WebExtensionProcessor@721c65a2
      webApp = class com.ibm.ws.webcontainer.osgi.webapp.WebApp@4e8a413c
      extensionContext = class com.ibm.ws.webcontainer.osgi.webapp.WebApp@4e8a413c
    production = true
    isServlet23 = true
    contextPath = "/ERP-light"
    internalServletList = class [Ljava.lang.String;[2]
      internalServletList[0] = class java.lang.String[2]
      internalServletList[1] = class java.lang.String[2]
    BY_NAME_ONLY = "/_1633502620382_/"
    filterManager = null
    documentRoot = null
    SERVLET_API_VERSION = "Servlet 2.5"
    disableServletAuditLogging = 0
    serverInfo = "SMF WebContainer"
    sessionCtx = class com.ibm.ws.webcontainer.session.impl.HttpSessionContextImpl@1f35a714
      methodClassName = "HttpSessionContextImpl"
      _smc = class com.ibm.ws.session.SessionManagerConfig@4b66fe56
      sessionStoreService = null
      _sap = class com.ibm.ws.session.SessionApplicationParameters@60fb4e38
      _coreHttpSessionManager = class com.ibm.ws.session.SessionManager@522a76ec
      _coreHttpAppSessionManager = null
      _sam = class com.ibm.ws.webcontainer.session.impl.SessionAffinityManagerImpl@71c4e28f
      isSIPApplication = false
      sessionAttributeListener = false
      sessionListener = true
      mHttpSessionAttributeListeners = class java.util.ArrayList@262a8c65
      mHttpSessionListeners = class java.util.ArrayList@1c9a8c16
      mHttpSessionIdListeners = class java.util.ArrayList@1d06047f
      mHttpSessionAttributeListenersJ2eeNames = class java.util.ArrayList@4b804dca
      mHttpSessionListenersJ2eeNames = class java.util.ArrayList@39bba97b
      mHttpSessionIdListenersJ2eeNames = class java.util.ArrayList@71896866
      mLocalHost = null
      _refCount = 1
      currentThreadSacHashtable = null
      methodClassName = "SessionContext"
      ANONYMOUS_USER = "anonymous"
      wasHttpSessionObserver = class com.ibm.ws.session.WasHttpSessionObserver@5c81afd4
      wasHttpSessionAttributeObserver = null
      _invalidator = class com.ibm.ws.session.SessionInvalidator@15264793
      _storer = class com.ibm.ws.session.EOSSessionStorer@7132d43d
      wasHttpAppSessionObserver = null
      mHttpAppSessionListeners = null
      cmvcInfo = "CMVC Version 1.9 6/24/07 11:12:24"
      _loggedVersion = true
      CREATE_CORE_SESSION_MANAGER = 0
      GET_REQUESTED_SESSION_ID = 1
      GET_IHTTP_SESSION = 2
      SESSION_PRE_INVOKE = 3
      SESSION_POST_INVOKE = 4
      STOP = 5
      STOP_LISTENERS = 6
      IS_VALID = 7
      ENCODE_URL = 8
      SHOULD_ENCODE_URL = 9
      IS_PROTOCOL_SWITCH = 10
      GET_LOCAL_HOST = 11
      ADD_HTTP_SESSION_ATTRIBUTE_LISTENER = 12
      ADD_HTTP_SESSION_LISTENER = 13
      GET_SESSION_AFFINITY_CONTEXT = 14
      CHECK_SECURITY = 15
      INVALIDATE = 16
      CHECK_SESSSIONID_IS_RIGHT_LENGTH = 17
      LOCK_SESSION = 18
      UNLOCK_SESSION = 19
      ADD_HTTP_SESSION_ID_LISTENER = 20
      methodNames = class java.lang.String[21]
    eventSource = class com.ibm.ws.webcontainer.webapp.WebAppEventSource@1a06b342
    nls = class com.ibm.ejs.ras.TraceNLS@3b695675
      resolver = class com.ibm.ws.logging.internal.TraceNLSResolver@24701581
      finder = null
      ivBundleName = "com.ibm.ws.webcontainer.resources.Messages"
      caller = class java.lang.Class@17f6b3a6
    liberty_nls = class com.ibm.ejs.ras.TraceNLS@2ac915cf
      resolver = class com.ibm.ws.logging.internal.TraceNLSResolver@24701581
      finder = null
      ivBundleName = "com.ibm.ws.webcontainer.resources.LShimMessages"
      caller = class java.lang.Class@17f6b3a6
    error_nls = class com.ibm.ejs.ras.TraceNLS@43de8833
      resolver = class com.ibm.ws.logging.internal.TraceNLSResolver@24701581
      finder = null
      ivBundleName = "com.ibm.ws.webcontainer.resources.ErrorPage"
      caller = class java.lang.Class@17f6b3a6
    sessionListeners = class java.util.ArrayList@71e19a5b
      serialVersionUID = 8683452581122892189
      DEFAULT_CAPACITY = 10
      EMPTY_ELEMENTDATA = class java.lang.Object[0]
      DEFAULTCAPACITY_EMPTY_ELEMENTDATA = class java.lang.Object[0]
      elementData = class java.lang.Object[10]
      size = 1
      MAX_ARRAY_SIZE = 2147483639
      modCount = 2
      MAX_ARRAY_SIZE = 2147483639
    sessionIdListeners = class java.util.ArrayList@4aa0ec
      serialVersionUID = 8683452581122892189
      DEFAULT_CAPACITY = 10
      EMPTY_ELEMENTDATA = class java.lang.Object[0]
      DEFAULTCAPACITY_EMPTY_ELEMENTDATA = class java.lang.Object[0]
      elementData = class java.lang.Object[0]
      size = 0
      MAX_ARRAY_SIZE = 2147483639
      modCount = 0
      MAX_ARRAY_SIZE = 2147483639
    sessionAttrListeners = class java.util.ArrayList@62cfba47
      serialVersionUID = 8683452581122892189
      DEFAULT_CAPACITY = 10
      EMPTY_ELEMENTDATA = class java.lang.Object[0]
      DEFAULTCAPACITY_EMPTY_ELEMENTDATA = class java.lang.Object[0]
      elementData = class java.lang.Object[0]
      size = 0
      MAX_ARRAY_SIZE = 2147483639
      modCount = 1
      MAX_ARRAY_SIZE = 2147483639
    addedSessionListeners = class java.util.ArrayList@5567393d
      serialVersionUID = 8683452581122892189
      DEFAULT_CAPACITY = 10
      EMPTY_ELEMENTDATA = class java.lang.Object[0]
      DEFAULTCAPACITY_EMPTY_ELEMENTDATA = class java.lang.Object[0]
      elementData = class java.lang.Object[0]
      size = 0
      MAX_ARRAY_SIZE = 2147483639
      modCount = 0
      MAX_ARRAY_SIZE = 2147483639
    addedSessionAttrListeners = class java.util.ArrayList@28a94288
      serialVersionUID = 8683452581122892189
      DEFAULT_CAPACITY = 10
      EMPTY_ELEMENTDATA = class java.lang.Object[0]
      DEFAULTCAPACITY_EMPTY_ELEMENTDATA = class java.lang.Object[0]
      elementData = class java.lang.Object[0]
      size = 0
      MAX_ARRAY_SIZE = 2147483639
      modCount = 0
      MAX_ARRAY_SIZE = 2147483639
    servletContextListeners = class java.util.ArrayList@7d31dab1
      serialVersionUID = 8683452581122892189
      DEFAULT_CAPACITY = 10
      EMPTY_ELEMENTDATA = class java.lang.Object[0]
      DEFAULTCAPACITY_EMPTY_ELEMENTDATA = class java.lang.Object[0]
      elementData = class java.lang.Object[10]
      size = 1
      MAX_ARRAY_SIZE = 2147483639
      modCount = 2
      MAX_ARRAY_SIZE = 2147483639
    servletContextLAttrListeners = class java.util.ArrayList@62334ad2
      serialVersionUID = 8683452581122892189
      DEFAULT_CAPACITY = 10
      EMPTY_ELEMENTDATA = class java.lang.Object[0]
      DEFAULTCAPACITY_EMPTY_ELEMENTDATA = class java.lang.Object[0]
      elementData = class java.lang.Object[0]
      size = 0
      MAX_ARRAY_SIZE = 2147483639
      modCount = 1
      MAX_ARRAY_SIZE = 2147483639
    servletRequestListeners = class java.util.ArrayList@ef13978
      serialVersionUID = 8683452581122892189
      DEFAULT_CAPACITY = 10
      EMPTY_ELEMENTDATA = class java.lang.Object[0]
      DEFAULTCAPACITY_EMPTY_ELEMENTDATA = class java.lang.Object[0]
      elementData = class java.lang.Object[0]
      size = 0
      MAX_ARRAY_SIZE = 2147483639
      modCount = 1
      MAX_ARRAY_SIZE = 2147483639
    servletRequestLAttrListeners = class java.util.ArrayList@6cae872c
      serialVersionUID = 8683452581122892189
      DEFAULT_CAPACITY = 10
      EMPTY_ELEMENTDATA = class java.lang.Object[0]
      DEFAULTCAPACITY_EMPTY_ELEMENTDATA = class java.lang.Object[0]
      elementData = class java.lang.Object[0]
      size = 0
      MAX_ARRAY_SIZE = 2147483639
      modCount = 1
      MAX_ARRAY_SIZE = 2147483639
    prependSlashToResource = false
    destroyed = false
    webAppNameSpaceCollab = class com.ibm.ws.webcontainer.osgi.collaborator.WebAppNameSpaceCollaboratorImpl@5b722182
    txCollab = class com.ibm.ws.webcontainer.collaborator.WebAppTransactionCollaborator@74c1050d
    sessionActivationListeners = class java.util.ArrayList@1fb92c5a
      serialVersionUID = 8683452581122892189
      DEFAULT_CAPACITY = 10
      EMPTY_ELEMENTDATA = class java.lang.Object[0]
      DEFAULTCAPACITY_EMPTY_ELEMENTDATA = class java.lang.Object[0]
      elementData = class java.lang.Object[0]
      size = 0
      MAX_ARRAY_SIZE = 2147483639
      modCount = 1
      MAX_ARRAY_SIZE = 2147483639
    sessionBindingListeners = class java.util.ArrayList@672490a5
      serialVersionUID = 8683452581122892189
      DEFAULT_CAPACITY = 10
      EMPTY_ELEMENTDATA = class java.lang.Object[0]
      DEFAULTCAPACITY_EMPTY_ELEMENTDATA = class java.lang.Object[0]
      elementData = class java.lang.Object[0]
      size = 0
      MAX_ARRAY_SIZE = 2147483639
      modCount = 1
      MAX_ARRAY_SIZE = 2147483639
    scratchdir = null
    jspClassLoaderLimit = 0
    jspClassLoaderExclusionList = null
    jspClassLoadersMap = null
    jspClassLoaderLimitTrackIF = false
    defaultExtProc = null
    directoryBrowsingServlet = null
    cdiContexts = class java.util.concurrent.ConcurrentHashMap@60994fc0
      serialVersionUID = 7249069246763182397
      MAXIMUM_CAPACITY = 1073741824
      DEFAULT_CAPACITY = 16
      MAX_ARRAY_SIZE = 2147483639
      DEFAULT_CONCURRENCY_LEVEL = 16
      LOAD_FACTOR = 0.75
      TREEIFY_THRESHOLD = 8
      UNTREEIFY_THRESHOLD = 6
      MIN_TREEIFY_CAPACITY = 64
      MIN_TRANSFER_STRIDE = 16
      RESIZE_STAMP_BITS = 16
      MAX_RESIZERS = 65535
      RESIZE_STAMP_SHIFT = 16
      MOVED = -1
      TREEBIN = -2
      RESERVED = -3
      HASH_BITS = 2147483647
      NCPU = 4
      serialPersistentFields = class java.io.ObjectStreamField[3]
      table = class java.util.concurrent.ConcurrentHashMap$Node[16]
      nextTable = null
      baseCount = 1
      sizeCtl = 12
      transferIndex = 0
      cellsBusy = 0
      counterCells = null
      keySet = null
      values = null
      entrySet = null
      U = class sun.misc.Unsafe@42127a98
      SIZECTL = 20
      TRANSFERINDEX = 32
      BASECOUNT = 24
      CELLSBUSY = 36
      CELLVALUE = 144
      ABASE = 16
      ASHIFT = 2
      keySet = null
      values = null
    moduleConfig = class com.ibm.ws.webcontainer.osgi.container.DeployedModule@78963318
      tc = class com.ibm.websphere.ras.TraceComponent@9d9320e
      loader = class com.ibm.ws.classloading.internal.ThreadContextClassLoader@1d20c048
      webApp = class com.ibm.ws.webcontainer.osgi.webapp.WebApp@4e8a413c
      webAppConfig = class com.ibm.ws.webcontainer.osgi.webapp.WebAppConfiguration@6cf275f1
      contextRootAdded = null
      properContextRoot = "/ERP-light"
      mappingContextRoot = "/ERP-light/*"
      serialVersionUID = -2104814060051592457
      $$$tc$$$ = class com.ibm.websphere.ras.TraceComponent@410f424
    extensionFactories = class java.util.ArrayList@2e9b0bac
      serialVersionUID = 8683452581122892189
      DEFAULT_CAPACITY = 10
      EMPTY_ELEMENTDATA = class java.lang.Object[0]
      DEFAULTCAPACITY_EMPTY_ELEMENTDATA = class java.lang.Object[0]
      elementData = class java.lang.Object[10]
      size = 1
      MAX_ARRAY_SIZE = 2147483639
      modCount = 1
      MAX_ARRAY_SIZE = 2147483639
    initialized = false
    lock = class com.ibm.ws.webcontainer.webapp.WebApp$1@6df91762
      this$0 = class com.ibm.ws.webcontainer.osgi.webapp.WebApp@4e8a413c
    afterServletContextCreated = false
    redirectContextRoot = false
    errorExceptionTypeFirst = false
    initFilterBeforeServletInit = false
    sortedServletConfigs = class java.util.ArrayList@47b4a252
      serialVersionUID = 8683452581122892189
      DEFAULT_CAPACITY = 10
      EMPTY_ELEMENTDATA = class java.lang.Object[0]
      DEFAULTCAPACITY_EMPTY_ELEMENTDATA = class java.lang.Object[0]
      elementData = class java.lang.Object[10]
      size = 1
      MAX_ARRAY_SIZE = 2147483639
      modCount = 1
      MAX_ARRAY_SIZE = 2147483639
    effectiveMajorVersion = 2
    effectiveMinorVersion = 5
    canAddServletContextListener = true
    withinContextInitOfProgAddListener = false
    webInfLibClassloader = null
    metaInfCache = class com.ibm.ws.webcontainer.webapp.WebApp$2@ef3574f
      this$0 = class com.ibm.ws.webcontainer.osgi.webapp.WebApp@4e8a413c
      serialVersionUID = 3801124242820219131
      head = null
      tail = null
      accessOrder = true
      serialVersionUID = 362498820763181265
      DEFAULT_INITIAL_CAPACITY = 16
      MAXIMUM_CAPACITY = 1073741824
      DEFAULT_LOAD_FACTOR = 0.75
      TREEIFY_THRESHOLD = 8
      UNTREEIFY_THRESHOLD = 6
      MIN_TREEIFY_CAPACITY = 64
      table = null
      entrySet = null
      size = 0
      modCount = 0
      threshold = 32
      loadFactor = 1.0
      keySet = null
      values = null
    useMetaInfCache = true
    SUN_CONFIGURE_LISTENER_CLASSNAME = "com.sun.faces.config.ConfigureListener"
    MYFACES_LIFECYCLE_LISTENER_CLASSNAME = "org.apache.myfaces.webapp.StartupServletContextListener"
    JSF_IMPL_ENABLED_PARAM = "com.ibm.ws.jsf.JSF_IMPL_ENABLED"
    JSF_IMPL_ENABLED_CUSTOM = "Custom"
    JSF_IMPL_ENABLED_NONE = "None"
    staticDocRoot = class com.ibm.ws.webcontainer.util.DocumentRootUtils@78c3fb56
      logger = class com.ibm.ws.logging.internal.WsLogger@d6ae0a9
      CLASS_NAME = "com.ibm.ws.webcontainer.util.DocumentRootUtils"
      useContentLength = false
      matchedFile = null
      matchedZipFile = null
      matchedEntry = null
      matchedURL = null
      edrRoot = null
      pfedrRoot = null
      ctxt = class com.ibm.ws.webcontainer.osgi.webapp.WebApp@4e8a413c
      baseDir = null
      edr = null
      pfedr = null
      metaInfRes = null
      searchpfEDR = true
      searchEDR = true
      searchMetaInfRes = true
      matchFromEDR = false
      matchFromMetaInfRes = false
      matchIsADirectory = false
      appConfig = class com.ibm.ws.webcontainer.osgi.webapp.WebAppConfiguration@6cf275f1
      attributeType = "staticFile"
      STATIC_FILE = "staticFile"
      JSP = "jsp"
      PFEDR = "preFragmentExtendedDocumentRoot"
      EDR = "extendedDocumentRoot"
    jspDocRoot = class com.ibm.ws.webcontainer.util.DocumentRootUtils@5da4a12b
      logger = class com.ibm.ws.logging.internal.WsLogger@d6ae0a9
      CLASS_NAME = "com.ibm.ws.webcontainer.util.DocumentRootUtils"
      useContentLength = false
      matchedFile = null
      matchedZipFile = null
      matchedEntry = null
      matchedURL = null
      edrRoot = null
      pfedrRoot = null
      ctxt = class com.ibm.ws.webcontainer.osgi.webapp.WebApp@4e8a413c
      baseDir = null
      edr = null
      pfedr = null
      metaInfRes = null
      searchpfEDR = true
      searchEDR = true
      searchMetaInfRes = true
      matchFromEDR = false
      matchFromMetaInfRes = false
      matchIsADirectory = false
      appConfig = class com.ibm.ws.webcontainer.osgi.webapp.WebAppConfiguration@6cf275f1
      attributeType = "jsp"
      STATIC_FILE = "staticFile"
      JSP = "jsp"
      PFEDR = "preFragmentExtendedDocumentRoot"
      EDR = "extendedDocumentRoot"
    container = class com.ibm.ws.adaptable.module.internal.AdaptableContainerImpl@400dba0a
      root = class com.ibm.ws.adaptable.module.internal.AdaptableContainerImpl@400dba0a
      rootOverlay = class com.ibm.ws.artifact.overlay.internal.DirectoryBasedOverlayContainerImpl@3ee77ba1
      factoryHolder = class com.ibm.ws.adaptable.module.internal.AdaptableModuleFactoryImpl@1f7c9a7f
      delegate = class com.ibm.ws.artifact.overlay.internal.DirectoryBasedOverlayContainerImpl@3ee77ba1
      notifier = class com.ibm.ws.adaptable.module.internal.NotifierImpl@58e13be3
      serialVersionUID = -5621513278641113667
      $$$tc$$$ = class com.ibm.websphere.ras.TraceComponent@877f118
    metaInfResourceFinder = class com.ibm.ws.webcontainer.util.MetaInfResourceFinder@3fe02eff
      jarResourceContainers = class java.util.ArrayList@14eb607c
      container = class com.ibm.ws.adaptable.module.internal.AdaptableContainerImpl@400dba0a
    postConstructMethods = class com.ibm.ws.webcontainer.webapp.WebApp$AnnotatedMethods@2b3d4f63
      annotationClass = class java.lang.Class@77444217
      noOpClassNames = class java.util.HashSet@44cdaf74
      annotatedMethodNames = class java.util.HashMap@39905b79
      EMPTY_METHODS = class java.lang.reflect.Method[0]
    preDestroyMethods = class com.ibm.ws.webcontainer.webapp.WebApp$AnnotatedMethods@4cc30819
      annotationClass = class java.lang.Class@9e3e1f5
      noOpClassNames = class java.util.HashSet@6b7ace81
      annotatedMethodNames = class java.util.HashMap@5b823e21
      EMPTY_METHODS = class java.lang.reflect.Method[0]
    OBJ_EMPTY = class java.lang.Object[0]
    CLASS_EMPTY = class java.lang.Class[0]
    DEFAULT_JSP_EXTENSIONS = class java.util.ArrayList@34965553
      serialVersionUID = 8683452581122892189
      DEFAULT_CAPACITY = 10
      EMPTY_ELEMENTDATA = class java.lang.Object[0]
      DEFAULTCAPACITY_EMPTY_ELEMENTDATA = class java.lang.Object[0]
      elementData = class java.lang.Object[10]
      size = 4
      MAX_ARRAY_SIZE = 2147483639
      modCount = 4
      MAX_ARRAY_SIZE = 2147483639
    DO_ACCEPT_PARTIAL = true
    DO_NOT_ACCEPT_PARTIAL = false
    DO_ACCEPT_EXCLUDED = true
    DO_NOT_ACCEPT_EXCLUDED = false
    commands = class java.util.ArrayList@4b38029b
      serialVersionUID = 8683452581122892189
      DEFAULT_CAPACITY = 10
      EMPTY_ELEMENTDATA = class java.lang.Object[0]
      DEFAULTCAPACITY_EMPTY_ELEMENTDATA = class java.lang.Object[0]
      elementData = class java.lang.Object[3]
      size = 0
      MAX_ARRAY_SIZE = 2147483639
      modCount = 0
      MAX_ARRAY_SIZE = 2147483639
    requestMapper = class com.ibm.wsspi.webcontainer.util.URIMapper@1fef5825
      matcher = class com.ibm.wsspi.webcontainer.util.URIMatcher@2a8f1ba7
    parent = class com.ibm.ws.webcontainer.osgi.webapp.WebGroup@19d5ba46
      tc = class com.ibm.websphere.ras.TraceComponent@7397ffeb
      logger = class com.ibm.ws.logging.internal.WsLogger@6e0f7462
      CLASS_NAME = "com.ibm.ws.webcontainer.webapp.WebGroup"
      sessUrlRewritePrefix = ";jsessionid="
      qMark = "?"
      config = class com.ibm.ws.webcontainer.osgi.webapp.WebGroupConfiguration@1be80a1b
      webApp = class com.ibm.ws.webcontainer.osgi.webapp.WebApp@4e8a413c
      commands = class java.util.ArrayList@391e4b96
      requestMapper = null
      parent = class com.ibm.ws.webcontainer.osgi.DynamicVirtualHost@4d8f97bd
      name = "/ERP-light/*"
      isAlive = true
      subElements = class java.util.HashMap@5b1a5b56
      attributes = null
      config = null
      serialVersionUID = -8271459000149267764
      $$$tc$$$ = class com.ibm.websphere.ras.TraceComponent@6c232332
    name = "ERP-light"
    isAlive = true
    subElements = null
    attributes = class java.util.Collections$SynchronizedMap@60a828e6
      serialVersionUID = 1978198479659022715
      m = class java.util.HashMap@36aa45ff
      mutex = class java.util.Collections$SynchronizedMap@60a828e6
      keySet = null
      entrySet = class java.util.Collections$SynchronizedSet@3da7d2b
      values = null
    config = null
    serialVersionUID = -8271459000149267764
    $$$tc$$$ = class com.ibm.websphere.ras.TraceComponent@6c232332
      strings[0] = "TraceComponent[com.ibm.ws.container.AbstractContainer,class com.ibm.ws.container.AbstractContainer,[],null,null]"
  target = class org.springframework.web.servlet.DispatcherServlet@18784725
    MULTIPART_RESOLVER_BEAN_NAME = "multipartResolver"
    LOCALE_RESOLVER_BEAN_NAME = "localeResolver"
    THEME_RESOLVER_BEAN_NAME = "themeResolver"
    HANDLER_MAPPING_BEAN_NAME = "handlerMapping"
    HANDLER_ADAPTER_BEAN_NAME = "handlerAdapter"
    HANDLER_EXCEPTION_RESOLVER_BEAN_NAME = "handlerExceptionResolver"
    REQUEST_TO_VIEW_NAME_TRANSLATOR_BEAN_NAME = "viewNameTranslator"
    VIEW_RESOLVER_BEAN_NAME = "viewResolver"
    FLASH_MAP_MANAGER_BEAN_NAME = "flashMapManager"
    WEB_APPLICATION_CONTEXT_ATTRIBUTE = "org.springframework.web.servlet.DispatcherServlet.CONTEXT"
    LOCALE_RESOLVER_ATTRIBUTE = "org.springframework.web.servlet.DispatcherServlet.LOCALE_RESOLVER"
    THEME_RESOLVER_ATTRIBUTE = "org.springframework.web.servlet.DispatcherServlet.THEME_RESOLVER"
    THEME_SOURCE_ATTRIBUTE = "org.springframework.web.servlet.DispatcherServlet.THEME_SOURCE"
    INPUT_FLASH_MAP_ATTRIBUTE = "org.springframework.web.servlet.DispatcherServlet.INPUT_FLASH_MAP"
    OUTPUT_FLASH_MAP_ATTRIBUTE = "org.springframework.web.servlet.DispatcherServlet.OUTPUT_FLASH_MAP"
    FLASH_MAP_MANAGER_ATTRIBUTE = "org.springframework.web.servlet.DispatcherServlet.FLASH_MAP_MANAGER"
    EXCEPTION_ATTRIBUTE = "org.springframework.web.servlet.DispatcherServlet.EXCEPTION"
    PAGE_NOT_FOUND_LOG_CATEGORY = "org.springframework.web.servlet.PageNotFound"
    DEFAULT_STRATEGIES_PATH = "DispatcherServlet.properties"
    pageNotFoundLogger = class org.apache.commons.logging.impl.Jdk14Logger@5636aa6
      serialVersionUID = 4784713551416303804
      dummyLevel = class java.util.logging.Level@6528281
      logger = class com.ibm.ws.logging.internal.WsLogger@303f6d7d
      name = "org.springframework.web.servlet.PageNotFound"
    defaultStrategies = class java.util.Properties@3150e7c6
      serialVersionUID = 4112578634029874840
      defaults = null
      hexDigit = {0123456789ABCDEF} /* array length = 16*/
      table = class java.util.Hashtable$Entry[11]
      count = 8
      threshold = 8
      loadFactor = 0.75
      modCount = 8
      serialVersionUID = 1421746759512286392
      MAX_ARRAY_SIZE = 2147483639
      keySet = null
      entrySet = null
      values = null
      KEYS = 0
      VALUES = 1
      ENTRIES = 2
    detectAllHandlerMappings = true
    detectAllHandlerAdapters = true
    detectAllHandlerExceptionResolvers = true
    detectAllViewResolvers = true
    throwExceptionIfNoHandlerFound = false
    cleanupAfterInclude = true
    multipartResolver = null
    localeResolver = null
    themeResolver = null
    handlerMappings = null
    handlerAdapters = null
    handlerExceptionResolvers = null
    viewNameTranslator = null
    flashMapManager = null
    viewResolvers = null
    DEFAULT_NAMESPACE_SUFFIX = "-servlet"
    DEFAULT_CONTEXT_CLASS = class java.lang.Class@24540349
      ANNOTATION = 8192
      ENUM = 16384
      SYNTHETIC = 4096
      cachedConstructor = null
      newInstanceCallerCache = null
      name = "org.springframework.web.context.support.XmlWebApplicationContext"
      allPermDomain = class java.security.ProtectionDomain@41416ddf
      useCaches = true
      reflectionData = class java.lang.ref.SoftReference@4b79dfb8
      classRedefinedCount = 0
      genericInfo = null
      serialVersionUID = 3206093459760846163
      serialPersistentFields = class java.io.ObjectStreamField[0]
      reflectionFactory = class sun.reflect.ReflectionFactory@38152393
      initted = true
      enumConstants = null
      enumConstantDirectory = null
      annotationData = null
      annotationType = null
      classValueMap = null
    SERVLET_CONTEXT_PREFIX = "org.springframework.web.servlet.FrameworkServlet.CONTEXT."
    INIT_PARAM_DELIMITERS = ",; 	
"
    responseGetStatusAvailable = true
    contextAttribute = null
    contextClass = class java.lang.Class@24540349
    contextId = null
    namespace = null
    contextConfigLocation = null
    contextInitializers = class java.util.ArrayList@51ae03d
      serialVersionUID = 8683452581122892189
      DEFAULT_CAPACITY = 10
      EMPTY_ELEMENTDATA = class java.lang.Object[0]
      DEFAULTCAPACITY_EMPTY_ELEMENTDATA = class java.lang.Object[0]
      elementData = class java.lang.Object[0]
      size = 0
      MAX_ARRAY_SIZE = 2147483639
      modCount = 0
      MAX_ARRAY_SIZE = 2147483639
    contextInitializerClasses = null
    publishContext = true
    publishEvents = true
    threadContextInheritable = false
    dispatchOptionsRequest = false
    dispatchTraceRequest = false
    webApplicationContext = null
    webApplicationContextInjected = false
    refreshEventReceived = false
    logger = class org.apache.commons.logging.impl.Jdk14Logger@1b328c62
      serialVersionUID = 4784713551416303804
      dummyLevel = class java.util.logging.Level@6528281
      logger = class com.ibm.ws.logging.internal.WsLogger@4368c556
      name = "org.springframework.web.servlet.DispatcherServlet"
    requiredProperties = class java.util.HashSet@2dea3615
      serialVersionUID = -5024744406713321676
      map = class java.util.HashMap@5f574612
      PRESENT = class java.lang.Object@1dc03ab2
      MAX_ARRAY_SIZE = 2147483639
    environment = class org.springframework.web.context.support.StandardServletEnvironment@29a026aa
      SERVLET_CONTEXT_PROPERTY_SOURCE_NAME = "servletContextInitParams"
      SERVLET_CONFIG_PROPERTY_SOURCE_NAME = "servletConfigInitParams"
      JNDI_PROPERTY_SOURCE_NAME = "jndiProperties"
      SYSTEM_ENVIRONMENT_PROPERTY_SOURCE_NAME = "systemEnvironment"
      SYSTEM_PROPERTIES_PROPERTY_SOURCE_NAME = "systemProperties"
      IGNORE_GETENV_PROPERTY_NAME = "spring.getenv.ignore"
      ACTIVE_PROFILES_PROPERTY_NAME = "spring.profiles.active"
      DEFAULT_PROFILES_PROPERTY_NAME = "spring.profiles.default"
      RESERVED_DEFAULT_PROFILE_NAME = "default"
      logger = class org.apache.commons.logging.impl.Jdk14Logger@47988e2
      activeProfiles = class java.util.LinkedHashSet@215d034a
      defaultProfiles = class java.util.LinkedHashSet@1eba365d
      propertySources = class org.springframework.core.env.MutablePropertySources@298f6e2a
      propertyResolver = class org.springframework.core.env.PropertySourcesPropertyResolver@61f9cd61
    METHOD_DELETE = "DELETE"
    METHOD_HEAD = "HEAD"
    METHOD_GET = "GET"
    METHOD_OPTIONS = "OPTIONS"
    METHOD_POST = "POST"
    METHOD_PUT = "PUT"
    METHOD_TRACE = "TRACE"
    HEADER_IFMODSINCE = "If-Modified-Since"
    HEADER_LASTMOD = "Last-Modified"
    LSTRING_FILE = "javax.servlet.http.LocalStrings"
    lStrings = class java.util.PropertyResourceBundle@7b6920ab
      lookup = class java.util.HashMap@424b2078
      INITIAL_CACHE_SIZE = 32
      NONEXISTENT_BUNDLE = class java.util.ResourceBundle$1@4abbfb11
      cacheList = class java.util.concurrent.ConcurrentHashMap@3e9301d5
      referenceQueue = class java.lang.ref.ReferenceQueue@402b8f65
      parent = null
      locale = class java.util.Locale@4113c9c
      name = "javax.servlet.http.LocalStrings"
      expired = false
      cacheKey = class java.util.ResourceBundle$CacheKey@24e65a78
      keySet = null
      providers = null
      $assertionsDisabled = true
    config = class com.ibm.ws.webcontainer.servlet.ServletConfig@20b9b0fa
  cacheWrappers = null
  targetLoader = class com.ibm.ws.classloading.internal.ThreadContextClassLoader@1d20c048
    tc = class com.ibm.websphere.ras.TraceComponent@29939cc
      strings[0] = "TraceComponent[com.ibm.ws.classloading.internal.ThreadContextClassLoader,class com.ibm.ws.classloading.internal.ThreadContextClassLoader,[ClassLoadingService],com.ibm.ws.classloading.internal.resources.ClassLoadingServiceMessages,null]"
    bundle = class java.util.concurrent.atomic.AtomicReference@e04eacc
      serialVersionUID = -1848883965231344442
      unsafe = class sun.misc.Unsafe@42127a98
      valueOffset = 12
      value = class org.eclipse.osgi.internal.framework.EquinoxBundle@10632177
    key = "WebModule:ERP-light#ERP-light.war"
    refCount = class java.util.concurrent.atomic.AtomicInteger@29f75e8f
      serialVersionUID = 6214790243416807050
      unsafe = class sun.misc.Unsafe@42127a98
      valueOffset = 12
      value = 1
      serialVersionUID = -8742448824652078965
    serialVersionUID = 2718662781678069765
    followOnClassLoaders = class java.util.ArrayList@5ce96d2f
      serialVersionUID = 8683452581122892189
      DEFAULT_CAPACITY = 10
      EMPTY_ELEMENTDATA = class java.lang.Object[0]
      DEFAULTCAPACITY_EMPTY_ELEMENTDATA = class java.lang.Object[0]
      elementData = class java.lang.Object[10]
      size = 1
      MAX_ARRAY_SIZE = 2147483639
      modCount = 1
      MAX_ARRAY_SIZE = 2147483639
    serialVersionUID = 5933218255537285806
    $$$tc$$$ = class com.ibm.websphere.ras.TraceComponent@3d1c2ba
      strings[0] = "TraceComponent[com.ibm.ws.classloading.internal.UnifiedClassLoader,class com.ibm.ws.classloading.internal.UnifiedClassLoader,[ClassLoadingService],com.ibm.ws.classloading.internal.resources.ClassLoadingServiceMessages,null]"
    serialVersionUID = 161679851398543548
    $$$tc$$$ = class com.ibm.websphere.ras.TraceComponent@52e714f2
      strings[0] = "TraceComponent[com.ibm.ws.classloading.internal.LibertyLoader,class com.ibm.ws.classloading.internal.LibertyLoader,[ClassLoadingService],com.ibm.ws.classloading.internal.resources.ClassLoadingServiceMessages,null]"
    serialVersionUID = 2596921220292114344
    $$$tc$$$ = class com.ibm.websphere.ras.TraceComponent@31c0ccaf
      strings[0] = "TraceComponent[com.ibm.ws.classloading.LibertyClassLoader,class com.ibm.ws.classloading.LibertyClassLoader,[ClassLoadingService],com.ibm.ws.classloading.internal.resources.ClassLoadingServiceMessages,null]"
    initialized = true
    pdcache = class java.util.HashMap@3bc6412e
      serialVersionUID = 362498820763181265
      DEFAULT_INITIAL_CAPACITY = 16
      MAXIMUM_CAPACITY = 1073741824
      DEFAULT_LOAD_FACTOR = 0.75
      TREEIFY_THRESHOLD = 8
      UNTREEIFY_THRESHOLD = 6
      MIN_TREEIFY_CAPACITY = 64
      table = null
      entrySet = null
      size = 0
      modCount = 0
      threshold = 16
      loadFactor = 0.75
      keySet = null
      values = null
    debug = null
    parent = class com.ibm.ws.classloading.internal.GatewayClassLoader@68b2b939
      config = class com.ibm.ws.classloading.internal.GatewayConfigurationImpl@75fd4fdb
      wiringMonitor = class com.ibm.ws.classloading.internal.GatewayClassLoader$1@179ae673
      bundle = class org.eclipse.osgi.internal.framework.EquinoxBundle@10632177
      wiring = class org.eclipse.osgi.container.ModuleWiring@50b48296
      bundleLoader = class org.eclipse.osgi.internal.loader.EquinoxClassLoader@4d26b6a9
      resourceProviders = class com.ibm.ws.classloading.internal.CompositeResourceProvider@523abb41
      serialVersionUID = -4256474098847905153
      $$$tc$$$ = class com.ibm.websphere.ras.TraceComponent@4a65e8e5
      parent = class sun.misc.Launcher$AppClassLoader@18b4aac2
      parallelLockMap = null
      package2certs = class java.util.Hashtable@12d3660b
      nocerts = class java.security.cert.Certificate[0]
      classes = class java.util.Vector@6607f6f5
      defaultDomain = class java.security.ProtectionDomain@1e6c9762
      packages = class java.util.HashMap@190bd75d
      scl = class sun.misc.Launcher$AppClassLoader@18b4aac2
      sclSet = true
      loadedLibraryNames = class java.util.Vector@70303026
      systemNativeLibraries = class java.util.Vector@4b3afa14
      nativeLibraries = class java.util.Vector@10610949
      nativeLibraryContext = class java.util.Stack@75e997bd
      usr_paths = class java.lang.String[40]
      sys_paths = class java.lang.String[1]
      assertionLock = class com.ibm.ws.classloading.internal.GatewayClassLoader@68b2b939
      defaultAssertionStatus = false
      packageAssertionStatus = null
      classAssertionStatus = null
    parallelLockMap = null
    package2certs = class java.util.Hashtable@2cd1c36c
      table = class java.util.Hashtable$Entry[11]
      count = 0
      threshold = 8
      loadFactor = 0.75
      modCount = 0
      serialVersionUID = 1421746759512286392
      MAX_ARRAY_SIZE = 2147483639
      keySet = null
      entrySet = null
      values = null
      KEYS = 0
      VALUES = 1
      ENTRIES = 2
    nocerts = class java.security.cert.Certificate[0]
    classes = class java.util.Vector@405f6dd1
      elementData = class java.lang.Object[10]
      elementCount = 0
      capacityIncrement = 0
      serialVersionUID = -2767605614048989439
      MAX_ARRAY_SIZE = 2147483639
      modCount = 0
      MAX_ARRAY_SIZE = 2147483639
    defaultDomain = class java.security.ProtectionDomain@5b1eb6de
      codesource = class java.security.CodeSource@b99b0b5
      classloader = class com.ibm.ws.classloading.internal.ThreadContextClassLoader@1d20c048
      principals = interface java.security.Principal[0]
      permissions = null
      hasAllPerm = false
      staticPermissions = false
      key = class java.security.ProtectionDomain$Key@489d1947
      debug = null
    packages = class java.util.HashMap@525853a2
      serialVersionUID = 362498820763181265
      DEFAULT_INITIAL_CAPACITY = 16
      MAXIMUM_CAPACITY = 1073741824
      DEFAULT_LOAD_FACTOR = 0.75
      TREEIFY_THRESHOLD = 8
      UNTREEIFY_THRESHOLD = 6
      MIN_TREEIFY_CAPACITY = 64
      table = null
      entrySet = null
      size = 0
      modCount = 0
      threshold = 0
      loadFactor = 0.75
      keySet = null
      values = null
    scl = class sun.misc.Launcher$AppClassLoader@18b4aac2
      ucp = class sun.misc.URLClassPath@3faf6f2d
      $assertionsDisabled = true
      ucp = class sun.misc.URLClassPath@3faf6f2d
      acc = class java.security.AccessControlContext@2d67735b
      closeables = class java.util.WeakHashMap@179c47c8
      initialized = true
      pdcache = class java.util.HashMap@4aa15e6a
      debug = null
      parent = class sun.misc.Launcher$ExtClassLoader@6e5e91e4
      parallelLockMap = class java.util.concurrent.ConcurrentHashMap@eb38614
      package2certs = class java.util.concurrent.ConcurrentHashMap@18d8c132
      nocerts = class java.security.cert.Certificate[0]
      classes = class java.util.Vector@6d8f67e6
      defaultDomain = class java.security.ProtectionDomain@2d9d2633
      packages = class java.util.HashMap@3f0c96b2
      scl = class sun.misc.Launcher$AppClassLoader@18b4aac2
      sclSet = true
      loadedLibraryNames = class java.util.Vector@70303026
      systemNativeLibraries = class java.util.Vector@4b3afa14
      nativeLibraries = class java.util.Vector@61030130
      nativeLibraryContext = class java.util.Stack@75e997bd
      usr_paths = class java.lang.String[40]
      sys_paths = class java.lang.String[1]
      assertionLock = class java.lang.Object@7725eaa1
      defaultAssertionStatus = false
      packageAssertionStatus = null
      classAssertionStatus = null
    sclSet = true
    loadedLibraryNames = class java.util.Vector@70303026
      elementData = class java.lang.Object[10]
      elementCount = 7
      capacityIncrement = 0
      serialVersionUID = -2767605614048989439
      MAX_ARRAY_SIZE = 2147483639
      modCount = 7
      MAX_ARRAY_SIZE = 2147483639
    systemNativeLibraries = class java.util.Vector@4b3afa14
      elementData = class java.lang.Object[10]
      elementCount = 5
      capacityIncrement = 0
      serialVersionUID = -2767605614048989439
      MAX_ARRAY_SIZE = 2147483639
      modCount = 5
      MAX_ARRAY_SIZE = 2147483639
    nativeLibraries = class java.util.Vector@65bc0deb
      elementData = class java.lang.Object[10]
      elementCount = 0
      capacityIncrement = 0
      serialVersionUID = -2767605614048989439
      MAX_ARRAY_SIZE = 2147483639
      modCount = 0
      MAX_ARRAY_SIZE = 2147483639
    nativeLibraryContext = class java.util.Stack@75e997bd
      serialVersionUID = 1224463164541339165
      elementData = class java.lang.Object[10]
      elementCount = 0
      capacityIncrement = 0
      serialVersionUID = -2767605614048989439
      MAX_ARRAY_SIZE = 2147483639
      modCount = 14
      MAX_ARRAY_SIZE = 2147483639
    usr_paths = class java.lang.String[40]
      usr_paths[0] = "C:\Program Files\Java\jdk1.8.0_251\jre\bin"
      usr_paths[1] = "C:\WINDOWS\Sun\Java\bin"
      usr_paths[2] = "C:\WINDOWS\system32"
      usr_paths[3] = "C:\WINDOWS"
      usr_paths[4] = "C:/Program Files/Java/jdk1.8.0_251/bin/../jre/bin/server"
      usr_paths[5] = "C:/Program Files/Java/jdk1.8.0_251/bin/../jre/bin"
      usr_paths[6] = "C:/Program Files/Java/jdk1.8.0_251/bin/../jre/lib/amd64"
      usr_paths[7] = "C:\Program Files (x86)\Common Files\Oracle\Java\javapath"
      usr_paths[8] = "C:\ProgramData\Oracle\Java\javapath"
      usr_paths[9] = "C:\Program Files\Java\jdk1.8.0_251\bin"
      usr_paths[10] = "C:\Program Files\Microsoft MPI\Bin\"
      usr_paths[11] = "C:\Windows\system32"
      usr_paths[12] = "C:\Windows"
      usr_paths[13] = "C:\Windows\System32\Wbem"
      usr_paths[14] = "C:\Windows\System32\WindowsPowerShell\v1.0\"
      usr_paths[15] = "C:\Program Files (x86)\NVIDIA Corporation\PhysX\Common"
      usr_paths[16] = "C:\WINDOWS\system32\config\systemprofile\.dnx\bin"
      usr_paths[17] = "C:\Program Files\Microsoft DNX\Dnvm\"
      usr_paths[18] = "C:\Program Files\Microsoft SQL Server\120\Tools\Binn\"
      usr_paths[19] = "C:\Program Files (x86)\Windows Kits\8.1\Windows Performance Toolkit\"
      usr_paths[20] = "C:\Program Files\Git\bin"
      usr_paths[21] = "C:\WINDOWS\system32"
      usr_paths[22] = "C:\WINDOWS"
      usr_paths[23] = "C:\WINDOWS\System32\Wbem"
      usr_paths[24] = "C:\WINDOWS\System32\WindowsPowerShell\v1.0\"
      usr_paths[25] = "C:\Program Files\Intel\WiFi\bin\"
      usr_paths[26] = "C:\Program Files\Common Files\Intel\WirelessCommon\"
      usr_paths[27] = "C:\Program Files\PostgreSQL\10\bin"
      usr_paths[28] = "C:\Program Files\IBM\Bluemix\bin"
      usr_paths[29] = "C:\Program Files\IBM\Bluemix\bin\cfcli"
      usr_paths[30] = "D:\apache-maven-3.5.3\bin\"
      usr_paths[31] = "C:\WINDOWS\System32\OpenSSH\"
      usr_paths[32] = "C:\Program Files\PostgreSQL\9.3\bin\"
      usr_paths[33] = "D:\Android\platform-tools\"
      usr_paths[34] = "C:\Users\Gnter\AppData\Local\Microsoft\WindowsApps"
      usr_paths[35] = "D:\Android\platform-tools\"
      usr_paths[36] = "."
      usr_paths[37] = "D:\eclipse-jee-oxygen-1a-win32-x86_64\eclipse"
      usr_paths[38] = "."
      usr_paths[39] = "."
    sys_paths = class java.lang.String[1]
      sys_paths[0] = "C:\Program Files\Java\jdk1.8.0_251\jre\bin"
    assertionLock = class com.ibm.ws.classloading.internal.ThreadContextClassLoader@1d20c048
    defaultAssertionStatus = false
    packageAssertionStatus = null
    classAssertionStatus = null
  evtSource = class com.ibm.ws.webcontainer.webapp.WebAppEventSource@1a06b342
    _invocationListeners = class com.ibm.ws.webcontainer.util.EventListeners@21420659
      EMPTY_LISTENERS = interface java.util.EventListener[0]
      logger = class com.ibm.ws.logging.internal.WsLogger@d6ae0a9
      CLASS_NAME = "com.ibm.ws.webcontainer.util.EventListeners"
      listeners = interface java.util.EventListener[0]
    _servletListeners = class com.ibm.ws.webcontainer.util.EventListeners@225b6f24
      EMPTY_LISTENERS = interface java.util.EventListener[0]
      logger = class com.ibm.ws.logging.internal.WsLogger@d6ae0a9
      CLASS_NAME = "com.ibm.ws.webcontainer.util.EventListeners"
      listeners = interface java.util.EventListener[0]
    _errorListeners = class com.ibm.ws.webcontainer.util.EventListeners@27d6275c
      EMPTY_LISTENERS = interface java.util.EventListener[0]
      logger = class com.ibm.ws.logging.internal.WsLogger@d6ae0a9
      CLASS_NAME = "com.ibm.ws.webcontainer.util.EventListeners"
      listeners = interface java.util.EventListener[0]
    _applicationListeners = class com.ibm.ws.webcontainer.util.EventListeners@486d94f3
      EMPTY_LISTENERS = interface java.util.EventListener[0]
      logger = class com.ibm.ws.logging.internal.WsLogger@d6ae0a9
      CLASS_NAME = "com.ibm.ws.webcontainer.util.EventListeners"
      listeners = interface java.util.EventListener[0]
    _filterInvocationListeners = class com.ibm.ws.webcontainer.util.EventListeners@79ac2369
      EMPTY_LISTENERS = interface java.util.EventListener[0]
      logger = class com.ibm.ws.logging.internal.WsLogger@d6ae0a9
      CLASS_NAME = "com.ibm.ws.webcontainer.util.EventListeners"
      listeners = interface java.util.EventListener[0]
    _filterListeners = class com.ibm.ws.webcontainer.util.EventListeners@775137
      EMPTY_LISTENERS = interface java.util.EventListener[0]
      logger = class com.ibm.ws.logging.internal.WsLogger@d6ae0a9
      CLASS_NAME = "com.ibm.ws.webcontainer.util.EventListeners"
      listeners = interface java.util.EventListener[0]
    _filterErrorListeners = class com.ibm.ws.webcontainer.util.EventListeners@160d7aa2
      EMPTY_LISTENERS = interface java.util.EventListener[0]
      logger = class com.ibm.ws.logging.internal.WsLogger@d6ae0a9
      CLASS_NAME = "com.ibm.ws.webcontainer.util.EventListeners"
      listeners = interface java.util.EventListener[0]
  event = class com.ibm.websphere.servlet.event.ServletEvent@5f8c0c0a
    serialVersionUID = 3906650803920713522
    _servletName = "erp-light"
    _servletClassName = "org.springframework.web.servlet.DispatcherServlet"
    $$$tc$$$ = class com.ibm.websphere.ras.TraceComponent@35a22e72
      strings[0] = "TraceComponent[com.ibm.websphere.servlet.event.ServletEvent,class com.ibm.websphere.servlet.event.ServletEvent,[],null,null]"
    serialVersionUID = 3546927969739289392
    _context = class com.ibm.wsspi.webcontainer.facade.ServletContextFacade@382777b2
    _servletNames = class com.ibm.ws.webcontainer.util.EmptyEnumeration@5bc5d5d3
      serialVersionUID = 3546642126931963953
      _instance = class com.ibm.ws.webcontainer.util.EmptyEnumeration@5bc5d5d3
    $$$tc$$$ = class com.ibm.websphere.ras.TraceComponent@34b7f59d
      strings[0] = "TraceComponent[com.ibm.websphere.servlet.event.ApplicationEvent,class com.ibm.websphere.servlet.event.ApplicationEvent,[],null,null]"
    serialVersionUID = 5516075349620653480
    source = class com.ibm.ws.webcontainer.osgi.servlet.ServletWrapper@771dfb61
  unavailableMessage = null
  unavailableUntil = -1
  isSTM = false
  internalServlet = false
  webAppInvocationCollaborators = null
  platformHelper = class com.ibm.ws.webcontainer.PlatformHelper@36a179cc
  webAppNameSpaceCollab = class com.ibm.ws.webcontainer.osgi.collaborator.WebAppNameSpaceCollaboratorImpl@5b722182
    cmdai = class com.ibm.ws.threadContext.ComponentMetaDataAccessorImpl@5bc106d5
      tc = class com.ibm.websphere.ras.TraceComponent@4aaaf891
      cmdai = class com.ibm.ws.threadContext.ComponentMetaDataAccessorImpl@5bc106d5
      threadContext = class com.ibm.ws.threadContext.ThreadContextImpl@738a36e3
  txCollab = class com.ibm.ws.webcontainer.collaborator.WebAppTransactionCollaborator@74c1050d
    logger = class com.ibm.ws.logging.internal.WsLogger@64f6f253
    CLASS_NAME = "com.ibm.ws.webcontainer.collaborator.WebAppTransactionCollaborator"
  connCollab = class com.ibm.ws.webcontainer.collaborator.ConnectionCollaborator@4b92abc3
  suppressServletExceptionLogging = false
  throwExceptionEnum = class java.util.RegularEnumSet@76c0d464
    serialVersionUID = 3411599620347842686
    elements = 256
    elementType = class java.lang.Class@53045aea
      ANNOTATION = 8192
      ENUM = 16384
      SYNTHETIC = 4096
      cachedConstructor = null
      newInstanceCallerCache = null
      name = "com.ibm.wsspi.webcontainer.collaborator.CollaboratorInvocationEnum"
      allPermDomain = class java.security.ProtectionDomain@41416ddf
      useCaches = true
      reflectionData = class java.lang.ref.SoftReference@285ddcf4
      classRedefinedCount = 0
      genericInfo = null
      serialVersionUID = 3206093459760846163
      serialPersistentFields = class java.io.ObjectStreamField[0]
      reflectionFactory = class sun.reflect.ReflectionFactory@38152393
      initted = true
      enumConstants = class com.ibm.wsspi.webcontainer.collaborator.CollaboratorInvocationEnum[9]
      enumConstantDirectory = null
      annotationData = null
      annotationType = null
      classValueMap = null
    universe = class com.ibm.wsspi.webcontainer.collaborator.CollaboratorInvocationEnum[9]
      universe[0] = class com.ibm.wsspi.webcontainer.collaborator.CollaboratorInvocationEnum@26b4437c
      universe[1] = class com.ibm.wsspi.webcontainer.collaborator.CollaboratorInvocationEnum@48a79d19
      universe[2] = class com.ibm.wsspi.webcontainer.collaborator.CollaboratorInvocationEnum@137765c3
      universe[3] = class com.ibm.wsspi.webcontainer.collaborator.CollaboratorInvocationEnum@41771629
      universe[4] = class com.ibm.wsspi.webcontainer.collaborator.CollaboratorInvocationEnum@45dc12d8
      universe[5] = class com.ibm.wsspi.webcontainer.collaborator.CollaboratorInvocationEnum@31e7002f
      universe[6] = class com.ibm.wsspi.webcontainer.collaborator.CollaboratorInvocationEnum@191622ad
      universe[7] = class com.ibm.wsspi.webcontainer.collaborator.CollaboratorInvocationEnum@6029a9f8
      universe[8] = class com.ibm.wsspi.webcontainer.collaborator.CollaboratorInvocationEnum@45c63df7
    ZERO_LENGTH_ENUM_ARRAY = class java.lang.Enum[0]
    MAX_ARRAY_SIZE = 2147483639
  discernUnavailableServlet = false
  reInitServletonInitUnavailableException = true
  destroyServletonServiceUnavailableException = false
  servlet23 = true
  PARAMS_HEAD_TRACE = class java.lang.Class[2]
    PARAMS_HEAD_TRACE[0] = class java.lang.Class@73bff0b0
      ANNOTATION = 8192
      ENUM = 16384
      SYNTHETIC = 4096
      cachedConstructor = null
      newInstanceCallerCache = null
      name = null
      allPermDomain = class java.security.ProtectionDomain@41416ddf
      useCaches = true
      reflectionData = null
      classRedefinedCount = 0
      genericInfo = null
      serialVersionUID = 3206093459760846163
      serialPersistentFields = class java.io.ObjectStreamField[0]
      reflectionFactory = class sun.reflect.ReflectionFactory@38152393
      initted = true
      enumConstants = null
      enumConstantDirectory = null
      annotationData = null
      annotationType = null
      classValueMap = null
    PARAMS_HEAD_TRACE[1] = class java.lang.Class@521a4b28
      ANNOTATION = 8192
      ENUM = 16384
      SYNTHETIC = 4096
      cachedConstructor = null
      newInstanceCallerCache = null
      name = null
      allPermDomain = class java.security.ProtectionDomain@41416ddf
      useCaches = true
      reflectionData = class java.lang.ref.SoftReference@16fc638c
      classRedefinedCount = 0
      genericInfo = null
      serialVersionUID = 3206093459760846163
      serialPersistentFields = class java.io.ObjectStreamField[0]
      reflectionFactory = class sun.reflect.ReflectionFactory@38152393
      initted = true
      enumConstants = null
      enumConstantDirectory = null
      annotationData = null
      annotationType = null
      classValueMap = null
  defaultHeadMethodInUse = false
  defaultTraceMethodInUse = false
  checkedForDefaultMethods = null
  defaultTraceRequestBehavior = false
  defaultHeadRequestBehavior = false
  useOriginalRequestState = false
  warningStatusSet = false
  config = null

