------Start of DE processing------ = [04.11.21 20:42:12:395 MEZ]
Exception = org.springframework.web.util.NestedServletException
Source = com.ibm.ws.webcontainer.filter.FilterInstanceWrapper.doFilter
probeid = 144
Stack Dump = org.springframework.web.util.NestedServletException: Request processing failed; nested exception is org.hibernate.LazyInitializationException: failed to lazily initialize a collection of role: at.erp.light.view.model.Person.emails, could not initialize proxy - no Session
	at org.springframework.web.servlet.FrameworkServlet.processRequest(FrameworkServlet.java:978)
	at org.springframework.web.servlet.FrameworkServlet.doPost(FrameworkServlet.java:868)
	at javax.servlet.http.HttpServlet.service(HttpServlet.java:595)
	at org.springframework.web.servlet.FrameworkServlet.service(FrameworkServlet.java:842)
	at javax.servlet.http.HttpServlet.service(HttpServlet.java:668)
	at com.ibm.ws.webcontainer.servlet.ServletWrapper.service(ServletWrapper.java:1275)
	at com.ibm.ws.webcontainer.servlet.ServletWrapper.handleRequest(ServletWrapper.java:766)
	at com.ibm.ws.webcontainer.servlet.ServletWrapper.handleRequest(ServletWrapper.java:472)
	at com.ibm.ws.webcontainer.filter.WebAppFilterChain.invokeTarget(WebAppFilterChain.java:135)
	at com.ibm.ws.webcontainer.filter.WebAppFilterChain.doFilter(WebAppFilterChain.java:89)
	at at.erp.light.view.filter.SecurityFilter.doFilter(SecurityFilter.java:72)
	at com.ibm.ws.webcontainer.filter.FilterInstanceWrapper.doFilter(FilterInstanceWrapper.java:192)
	at com.ibm.ws.webcontainer.filter.WebAppFilterChain.doFilter(WebAppFilterChain.java:86)
	at com.ibm.ws.webcontainer.filter.WebAppFilterManager.doFilter(WebAppFilterManager.java:975)
	at com.ibm.ws.webcontainer.filter.WebAppFilterManager.invokeFilters(WebAppFilterManager.java:1097)
	at com.ibm.ws.webcontainer.webapp.WebApp.handleRequest(WebApp.java:4797)
	at com.ibm.ws.webcontainer.osgi.DynamicVirtualHost$2.handleRequest(DynamicVirtualHost.java:297)
	at com.ibm.ws.webcontainer.WebContainer.handleRequest(WebContainer.java:981)
	at com.ibm.ws.webcontainer.osgi.DynamicVirtualHost$2.run(DynamicVirtualHost.java:262)
	at com.ibm.ws.http.dispatcher.internal.channel.HttpDispatcherLink$TaskWrapper.run(HttpDispatcherLink.java:938)
	at java.util.concurrent.ThreadPoolExecutor.runWorker(ThreadPoolExecutor.java:1149)
	at java.util.concurrent.ThreadPoolExecutor$Worker.run(ThreadPoolExecutor.java:624)
	at java.lang.Thread.run(Thread.java:748)
Caused by: org.hibernate.LazyInitializationException: failed to lazily initialize a collection of role: at.erp.light.view.model.Person.emails, could not initialize proxy - no Session
	at org.hibernate.collection.internal.AbstractPersistentCollection.throwLazyInitializationException(AbstractPersistentCollection.java:569)
	at org.hibernate.collection.internal.AbstractPersistentCollection.withTemporarySessionIfNeeded(AbstractPersistentCollection.java:188)
	at org.hibernate.collection.internal.AbstractPersistentCollection.initialize(AbstractPersistentCollection.java:548)
	at org.hibernate.collection.internal.AbstractPersistentCollection.read(AbstractPersistentCollection.java:126)
	at org.hibernate.collection.internal.PersistentSet.iterator(PersistentSet.java:180)
	at at.erp.light.view.mapper.PersonMapper.mapToDTO(PersonMapper.java:46)
	at at.erp.light.view.controller.adressmanagement.PersonController.getCurrentUser(PersonController.java:190)
	at sun.reflect.NativeMethodAccessorImpl.invoke0(Native Method)
	at sun.reflect.NativeMethodAccessorImpl.invoke(NativeMethodAccessorImpl.java:62)
	at sun.reflect.DelegatingMethodAccessorImpl.invoke(DelegatingMethodAccessorImpl.java:43)
	at java.lang.reflect.Method.invoke(Method.java:498)
	at org.springframework.web.method.support.InvocableHandlerMethod.invoke(InvocableHandlerMethod.java:215)
	at org.springframework.web.method.support.InvocableHandlerMethod.invokeForRequest(InvocableHandlerMethod.java:132)
	at org.springframework.web.servlet.mvc.method.annotation.ServletInvocableHandlerMethod.invokeAndHandle(ServletInvocableHandlerMethod.java:104)
	at org.springframework.web.servlet.mvc.method.annotation.RequestMappingHandlerAdapter.invokeHandleMethod(RequestMappingHandlerAdapter.java:781)
	at org.springframework.web.servlet.mvc.method.annotation.RequestMappingHandlerAdapter.handleInternal(RequestMappingHandlerAdapter.java:721)
	at org.springframework.web.servlet.mvc.method.AbstractHandlerMethodAdapter.handle(AbstractHandlerMethodAdapter.java:83)
	at org.springframework.web.servlet.DispatcherServlet.doDispatch(DispatcherServlet.java:943)
	at org.springframework.web.servlet.DispatcherServlet.doService(DispatcherServlet.java:877)
	at org.springframework.web.servlet.FrameworkServlet.processRequest(FrameworkServlet.java:966)
	... 22 more

Dump of callerThis
Object type = com.ibm.ws.webcontainer.filter.FilterInstanceWrapper
  FILTER_STATE_UNINITIALIZED = 0
  FILTER_STATE_INITIALIZING = 1
  FILTER_STATE_AVAILABLE = 2
  FILTER_STATE_DESTROYING = 3
  FILTER_STATE_DESTROYED = 4
  FILTER_STATE_UNAVAILABLE = 5
  _filterName = "SecurityFilter"
  _filterInstance = class at.erp.light.view.filter.SecurityFilter@760ea550
  _filterState = 2
  nServicing = class java.util.concurrent.atomic.AtomicInteger@4d6ed7d4
    serialVersionUID = 6214790243416807050
    unsafe = class sun.misc.Unsafe@64e53fee
      theUnsafe = class sun.misc.Unsafe@64e53fee
      INVALID_FIELD_OFFSET = -1
      ARRAY_BOOLEAN_BASE_OFFSET = 16
      ARRAY_BYTE_BASE_OFFSET = 16
      ARRAY_SHORT_BASE_OFFSET = 16
      ARRAY_CHAR_BASE_OFFSET = 16
      ARRAY_INT_BASE_OFFSET = 16
      ARRAY_LONG_BASE_OFFSET = 16
      ARRAY_FLOAT_BASE_OFFSET = 16
      ARRAY_DOUBLE_BASE_OFFSET = 16
      ARRAY_OBJECT_BASE_OFFSET = 16
      ARRAY_BOOLEAN_INDEX_SCALE = 1
      ARRAY_BYTE_INDEX_SCALE = 1
      ARRAY_SHORT_INDEX_SCALE = 2
      ARRAY_CHAR_INDEX_SCALE = 2
      ARRAY_INT_INDEX_SCALE = 4
      ARRAY_LONG_INDEX_SCALE = 8
      ARRAY_FLOAT_INDEX_SCALE = 4
      ARRAY_DOUBLE_INDEX_SCALE = 8
      ARRAY_OBJECT_INDEX_SCALE = 4
      ADDRESS_SIZE = 8
    valueOffset = 12
    value = 1
    serialVersionUID = -8742448824652078965
  logger = class com.ibm.ws.logging.internal.WsLogger@1d415369
    tc = class com.ibm.websphere.ras.TraceComponent@30c5f6e3
      strings[0] = "TraceComponent[com.ibm.ws.logging.internal.WsLogger,class com.ibm.ws.logging.internal.WsLogger,[logging],com.ibm.ws.logging.internal.resources.LoggingMessages,null]"
    ivCachedResourceBundleName = null
    ivCachedResourceBundle = null
    ivComponent = null
    ivOrganization = null
    ivProduct = null
    ivMinimumLocalizationLevelIntValue = 625
    ivGroupName = null
    ivTC = class com.ibm.websphere.ras.TraceComponent@5b4c6a91
      strings[0] = "TraceComponent[com.ibm.ws.webcontainer.filter,class com.ibm.wsspi.webcontainer.logging.LoggerFactory$1,[com.ibm.ws.webcontainer.filter],null,null]"
    loggerRegistrationComponent = class java.lang.ThreadLocal@24507406
      threadLocalHashCode = 696468823
      nextHashCode = class java.util.concurrent.atomic.AtomicInteger@7f1a8d5f
      HASH_INCREMENT = 1640531527
    emptyHandlers = class java.util.logging.Handler[0]
    offValue = 2147483647
    SYSTEM_LOGGER_RB_NAME = "sun.util.logging.resources.logging"
    SYSTEM_BUNDLE = class java.util.logging.Logger$LoggerBundle@699a2f3b
      resourceBundleName = "sun.util.logging.resources.logging"
      userBundle = null
    NO_RESOURCE_BUNDLE = class java.util.logging.Logger$LoggerBundle@19559a2c
      resourceBundleName = null
      userBundle = null
    manager = class com.ibm.ws.kernel.boot.logging.WsLogManager@3e822d44
      CLASS_NAME = "com.ibm.ws.kernel.boot.logging.WsLogManager"
      CONFIGURE_BY_SERVER_PROPERTY_NAME = "java.util.logging.configureByServer"
      CONFIGURE_BY_LOGGING_PROPERTIES_FILE = "java.util.logging.configureByLoggingPropertiesFile"
      configureByServer = true
      configureByLoggingProperties = false
      wsLogger = class java.lang.reflect.Constructor@66a6ab73
      resetEnabled = true
      manager = class com.ibm.ws.kernel.boot.logging.WsLogManager@3e822d44
      props = class java.util.Properties@6b9c1199
      defaultLevel = class java.util.logging.Level@482f1b20
      listenerMap = class java.util.HashMap@7ccc4b97
      systemContext = class java.util.logging.LogManager$SystemLoggerContext@2f628a4e
      userContext = class java.util.logging.LogManager$LoggerContext@67e1608d
      rootLogger = class java.util.logging.LogManager$RootLogger@6c7ab531
      readPrimordialConfiguration = true
      initializedGlobalHandlers = true
      deathImminent = false
      initializedCalled = true
      initializationDone = true
      contextsMap = null
      loggerRefQueue = class java.lang.ref.ReferenceQueue@72f4dbda
      MAX_ITERATIONS = 400
      controlPermission = class java.util.logging.LoggingPermission@49ff1f30
      loggingMXBean = null
      LOGGING_MXBEAN_NAME = "java.util.logging:type=Logging"
      $assertionsDisabled = true
    name = "com.ibm.ws.webcontainer.filter"
    handlers = class java.util.concurrent.CopyOnWriteArrayList@6bda82f0
      serialVersionUID = 8673264195747942595
      lock = class java.util.concurrent.locks.ReentrantLock@50bf392
      array = class java.lang.Object[0]
      UNSAFE = class sun.misc.Unsafe@64e53fee
      lockOffset = 12
    loggerBundle = class java.util.logging.Logger$LoggerBundle@53018b47
      resourceBundleName = "com.ibm.ws.webcontainer.resources.Messages"
      userBundle = null
    useParentHandlers = true
    filter = null
    anonymous = false
    catalog = class com.ibm.ws.webcontainer.resources.Messages_de@6630eff1
      resources = class [Ljava.lang.Object;[330]
      lookup = null
      INITIAL_CACHE_SIZE = 32
      NONEXISTENT_BUNDLE = class java.util.ResourceBundle$1@2be902dd
      cacheList = class java.util.concurrent.ConcurrentHashMap@7d337b1f
      referenceQueue = class java.lang.ref.ReferenceQueue@5c9e07c8
      parent = class com.ibm.ws.webcontainer.resources.Messages@1d99fd2b
      locale = class java.util.Locale@7e05fbaf
      name = "com.ibm.ws.webcontainer.resources.Messages"
      expired = false
      cacheKey = class java.util.ResourceBundle$CacheKey@18888cf3
      keySet = null
      providers = null
      $assertionsDisabled = true
    catalogName = "com.ibm.ws.webcontainer.resources.Messages"
    catalogLocale = class java.util.Locale@49f7067e
      LOCALECACHE = class java.util.Locale$Cache@2c2899e4
      ENGLISH = class java.util.Locale@4504cd4a
      FRENCH = class java.util.Locale@555d9ae
      GERMAN = class java.util.Locale@7e05fbaf
      ITALIAN = class java.util.Locale@4ae74495
      JAPANESE = class java.util.Locale@22681394
      KOREAN = class java.util.Locale@4165e40e
      CHINESE = class java.util.Locale@6a56dd25
      SIMPLIFIED_CHINESE = class java.util.Locale@1ae5ef16
      TRADITIONAL_CHINESE = class java.util.Locale@7873bb6d
      FRANCE = class java.util.Locale@165875f9
      GERMANY = class java.util.Locale@4abb2de2
      ITALY = class java.util.Locale@7f93f6fc
      JAPAN = class java.util.Locale@1a5e82b0
      KOREA = class java.util.Locale@4ffccbbf
      CHINA = class java.util.Locale@1ae5ef16
      PRC = class java.util.Locale@1ae5ef16
      TAIWAN = class java.util.Locale@7873bb6d
      UK = class java.util.Locale@5c3b2b9f
      US = class java.util.Locale@3cff12f2
      CANADA = class java.util.Locale@525a4cdf
      CANADA_FRENCH = class java.util.Locale@7b52d418
      ROOT = class java.util.Locale@7eb07f3e
      PRIVATE_USE_EXTENSION = x
      UNICODE_LOCALE_EXTENSION = u
      serialVersionUID = 9149081749638150636
      DISPLAY_LANGUAGE = 0
      DISPLAY_COUNTRY = 1
      DISPLAY_VARIANT = 2
      DISPLAY_SCRIPT = 3
      baseLocale = class sun.util.locale.BaseLocale@3a9c9a98
      localeExtensions = null
      hashCodeValue = 95426060
      defaultLocale = class java.util.Locale@49f7067e
      defaultDisplayLocale = null
      defaultFormatLocale = class java.util.Locale@49f7067e
      languageTag = "de-AT"
      serialPersistentFields = class java.io.ObjectStreamField[6]
      isoLanguages = null
      isoCountries = null
      $assertionsDisabled = true
    treeLock = class java.lang.Object@7605c0b2
    parent = class com.ibm.ws.logging.internal.WsLogger@29812686
      tc = class com.ibm.websphere.ras.TraceComponent@30c5f6e3
      ivCachedResourceBundleName = "com.ibm.ws.webcontainer.resources.Messages"
      ivCachedResourceBundle = class com.ibm.ws.webcontainer.resources.Messages_de@1c9c0138
      ivComponent = null
      ivOrganization = null
      ivProduct = null
      ivMinimumLocalizationLevelIntValue = 625
      ivGroupName = null
      ivTC = class com.ibm.websphere.ras.TraceComponent@25f1664e
      loggerRegistrationComponent = class java.lang.ThreadLocal@24507406
      emptyHandlers = class java.util.logging.Handler[0]
      offValue = 2147483647
      SYSTEM_LOGGER_RB_NAME = "sun.util.logging.resources.logging"
      SYSTEM_BUNDLE = class java.util.logging.Logger$LoggerBundle@699a2f3b
      NO_RESOURCE_BUNDLE = class java.util.logging.Logger$LoggerBundle@19559a2c
      manager = class com.ibm.ws.kernel.boot.logging.WsLogManager@3e822d44
      name = "com.ibm.ws.webcontainer"
      handlers = class java.util.concurrent.CopyOnWriteArrayList@4862237a
      loggerBundle = class java.util.logging.Logger$LoggerBundle@79d5a3d9
      useParentHandlers = true
      filter = null
      anonymous = false
      catalog = class com.ibm.ws.webcontainer.resources.Messages_de@1c9c0138
      catalogName = "com.ibm.ws.webcontainer.resources.Messages"
      catalogLocale = class java.util.Locale@49f7067e
      treeLock = class java.lang.Object@7605c0b2
      parent = class java.util.logging.Logger@6bed2dc2
      kids = class java.util.ArrayList@17847446
      levelObject = class java.util.logging.Level@482f1b20
      levelValue = 800
      callersClassLoaderRef = class java.lang.ref.WeakReference@4e24ec3f
      isSystemLogger = false
      GLOBAL_LOGGER_NAME = "global"
      global = class java.util.logging.Logger@6142676c
      $assertionsDisabled = true
    kids = null
    levelObject = class java.util.logging.Level@482f1b20
      defaultBundle = "sun.util.logging.resources.logging"
      name = "INFO"
      value = 800
      resourceBundleName = "sun.util.logging.resources.logging"
      localizedLevelName = "INFORMATION"
      cachedLocale = class java.util.Locale@49f7067e
      OFF = class java.util.logging.Level@2a0b38ae
      SEVERE = class java.util.logging.Level@749d2f2d
      WARNING = class java.util.logging.Level@4eaaa90b
      INFO = class java.util.logging.Level@482f1b20
      CONFIG = class java.util.logging.Level@661a9c92
      FINE = class java.util.logging.Level@15a716b7
      FINER = class java.util.logging.Level@85eb769
      FINEST = class java.util.logging.Level@13a7a598
      ALL = class java.util.logging.Level@21eb5572
      serialVersionUID = -8176160795706313070
    levelValue = 800
    callersClassLoaderRef = class java.lang.ref.WeakReference@391a20ad
      referent = class org.eclipse.osgi.internal.loader.EquinoxClassLoader@807a941
      queue = class java.lang.ref.ReferenceQueue$Null@378c743d
      next = null
      discovered = null
      lock = class java.lang.ref.Reference$Lock@59bfe94d
      pending = null
    isSystemLogger = false
    GLOBAL_LOGGER_NAME = "global"
    global = class java.util.logging.Logger@6142676c
      emptyHandlers = class java.util.logging.Handler[0]
      offValue = 2147483647
      SYSTEM_LOGGER_RB_NAME = "sun.util.logging.resources.logging"
      SYSTEM_BUNDLE = class java.util.logging.Logger$LoggerBundle@699a2f3b
      NO_RESOURCE_BUNDLE = class java.util.logging.Logger$LoggerBundle@19559a2c
      manager = class com.ibm.ws.kernel.boot.logging.WsLogManager@3e822d44
      name = "global"
      handlers = class java.util.concurrent.CopyOnWriteArrayList@11affe47
      loggerBundle = class java.util.logging.Logger$LoggerBundle@19559a2c
      useParentHandlers = true
      filter = null
      anonymous = false
      catalog = null
      catalogName = null
      catalogLocale = null
      treeLock = class java.lang.Object@7605c0b2
      parent = class java.util.logging.LogManager$RootLogger@6c7ab531
      kids = null
      levelObject = null
      levelValue = 800
      callersClassLoaderRef = null
      isSystemLogger = true
      GLOBAL_LOGGER_NAME = "global"
      global = class java.util.logging.Logger@6142676c
      $assertionsDisabled = true
    $assertionsDisabled = true
  CLASS_NAME = "com.ibm.ws.webcontainer.filter.FilterInstanceWrapper"
  _filterEvent = null
  _filterConfig = class com.ibm.ws.webcontainer.filter.FilterConfig@32fd82
    dispatchMode = null
    filterClassLoader = null
    isInternal = false
    webAppConfig = class com.ibm.ws.webcontainer.osgi.webapp.WebAppConfiguration@1b5506c0
      webModuleMetaData = class com.ibm.ws.webcontainer.osgi.metadata.WebModuleMetaDataImpl@71ccf65a
      webComponentMetaData = class com.ibm.ws.webcontainer.osgi.metadata.WebComponentMetaDataImpl@5f69169e
      dVirtualHost = class com.ibm.ws.webcontainer.osgi.DynamicVirtualHost@24d298c4
      orderedLibPaths = class java.util.Collections$UnmodifiableRandomAccessList@fc7ff45
      bundleHeaders = null
      cdiEnabled = false
      CLASS_NAME = "com.ibm.ws.webcontainer.webapp.WebAppConfiguration"
      logger = class com.ibm.ws.logging.internal.WsLogger@e659e8c
      tc = class com.ibm.websphere.ras.TraceComponent@d374e92
      nls = class com.ibm.ejs.ras.TraceNLS@3e41233c
      version = 25
      contextRoot = "/ERP-light"
      sessionTimeout = 0
      moduleSessionTimeoutSet = false
      moduleSessionTrackingModeSet = false
      sessionCookieConfig = class com.ibm.ws.session.SessionCookieConfigImpl@eccde66
      hasProgrammaticCookieConfig = false
      sessionDefaultTrackingModeSet = class java.util.RegularEnumSet@6a3178c0
      sessionManagerConfig = class com.ibm.ws.session.SessionManagerConfig@48020af4
      displayName = "ERP-light VIEW"
      description = null
      reloadInterval = 0
      distributable = false
      denyUncoveredHttpMethods = false
      reloadingEnabled = false
      serveServletsByClassnameEnabled = null
      defaultErrorPage = null
      additionalClassPath = null
      fileServingEnabled = null
      directoryBrowsingEnabled = false
      autoRequestEncoding = false
      autoResponseEncoding = false
      autoLoadFilters = false
      requestListeners = null
      requestAttributeListeners = null
      sessionListeners = null
      localeMap = null
      moduleName = "ERP-light-0.0.1-SNAPSHOT"
      j2eeModuleName = "ERP-light-0.0.1-SNAPSHOT.war"
      moduleId = null
      isSyncToThreadEnabled = false
      isSystemApp = false
      ardEnabled = false
      ardDispatchType = null
      listeners = class java.util.ArrayList@7fed980b
      welcomeFileList = class java.util.ArrayList@17ba567e
      servletMappings = class java.util.HashMap@762ccb31
      lastIndexBeforeDeclaredFilters = 0
      filterMappings = class java.util.ArrayList@2e212aaa
      servletInfo = class java.util.HashMap@3d9fd2a5
      filterInfo = class java.util.HashMap@78d37ace
      mimeMappings = class java.util.HashMap@683643a6
      mimeFilters = null
      isMimeFilteringEnabled = false
      theWebGroup = null
      jspAttributes = class java.util.HashMap@4fe55070
      fileServingAttributes = class java.util.HashMap@c2ca9d3
      invokerAttributes = class java.util.HashMap@6fcab792
      contextParams = class java.util.HashMap@35bbe2be
      virtualHost = "default_host"
      exceptionErrorPages = class java.util.HashMap@50b852a9
      codeErrorPages = class java.util.HashMap@39330b5c
      tagLibList = null
      precompileJsps = false
      webApp = class com.ibm.ws.webcontainer.osgi.webapp.WebApp@4ba627c0
      virtualHostList = class java.util.Collections$EmptyList@37f4dcf
      appStartupWeight = 0
      moduleStartupWeight = 0
      metaDataComplete = false
      classesToScan = class java.util.ArrayList@693be10c
      uriFilterMappingInfos = class java.util.ArrayList@7b84db98
      servletFilterMappingInfos = null
      dynamicServletRegistrationMap = null
      applicationName = "ERP-light"
      libBinPathList = null
      webXmlDefinedListeners = class java.util.HashSet@5acc465f
      serviceRefs = class java.util.ArrayList@23a479fc
      resourceRefs = class java.util.ArrayList@1521df05
      resourceRefBindings = class java.util.HashMap@48a49e22
      resourceRefConfigList = null
      resourceEnvRefs = class java.util.ArrayList@70e2c7d7
      resourceEnvRefBindings = class java.util.HashMap@70093bae
      messageDestRefs = class java.util.ArrayList@6bcb0b5d
      messageDestRefBindings = class java.util.HashMap@772cd88
      envEntries = class java.util.ArrayList@61c86ece
      envEntryValues = class java.util.HashMap@58a5fd12
      envEntryBindings = class java.util.HashMap@6b8794b8
      dataSources = class java.util.ArrayList@7a080acd
      dataSourceBindings = class java.util.HashMap@5894b55c
      persistenceUnitRefs = class java.util.ArrayList@2f2e8e31
      persistenceContextRefs = class java.util.ArrayList@785bfd38
      ejbRefs = class java.util.ArrayList@42bfce9c
      ejbLocalRefs = class java.util.ArrayList@3ffcbdc2
      ejbRefBindings = class java.util.HashMap@64f8f30a
      disallowAllFileServingProp = "false"
      disallowServeServletsByClassnameProp = "false"
      disableStaticMappingCache = false
      _id = "WebAppGeneratedId1"
      _attributes = null
      serialVersionUID = 7511545662945734886
      $$$tc$$$ = class com.ibm.websphere.ras.TraceComponent@3807b8f8
    filter = null
    filterClass = null
    urlPatternMappings = class java.util.ArrayList@6931d67f
      serialVersionUID = 8683452581122892189
      DEFAULT_CAPACITY = 10
      EMPTY_ELEMENTDATA = class java.lang.Object[0]
      DEFAULTCAPACITY_EMPTY_ELEMENTDATA = class java.lang.Object[0]
      elementData = class java.lang.Object[10]
      size = 2
      MAX_ARRAY_SIZE = 2147483639
      modCount = 2
      MAX_ARRAY_SIZE = 2147483639
    servletNameMappings = null
    nls = class com.ibm.ejs.ras.TraceNLS@7dc5edab
      resolver = class com.ibm.ws.logging.internal.TraceNLSResolver@384d41cf
      finder = null
      ivBundleName = "com.ibm.ws.webcontainer.resources.Messages"
      caller = class java.lang.Class@43c44fa0
    logger = class com.ibm.ws.logging.internal.WsLogger@2345fc2f
      tc = class com.ibm.websphere.ras.TraceComponent@30c5f6e3
      ivCachedResourceBundleName = "com.ibm.ws.webcontainer.resources.Messages"
      ivCachedResourceBundle = class com.ibm.ws.webcontainer.resources.Messages_de@1c9c0138
      ivComponent = null
      ivOrganization = null
      ivProduct = null
      ivMinimumLocalizationLevelIntValue = 625
      ivGroupName = null
      ivTC = class com.ibm.websphere.ras.TraceComponent@1210b3c
      loggerRegistrationComponent = class java.lang.ThreadLocal@24507406
      emptyHandlers = class java.util.logging.Handler[0]
      offValue = 2147483647
      SYSTEM_LOGGER_RB_NAME = "sun.util.logging.resources.logging"
      SYSTEM_BUNDLE = class java.util.logging.Logger$LoggerBundle@699a2f3b
      NO_RESOURCE_BUNDLE = class java.util.logging.Logger$LoggerBundle@19559a2c
      manager = class com.ibm.ws.kernel.boot.logging.WsLogManager@3e822d44
      name = "com.ibm.ws.webcontainer.servlet"
      handlers = class java.util.concurrent.CopyOnWriteArrayList@25523dd3
      loggerBundle = class java.util.logging.Logger$LoggerBundle@611fad0
      useParentHandlers = true
      filter = null
      anonymous = false
      catalog = class com.ibm.ws.webcontainer.resources.Messages_de@1c9c0138
      catalogName = "com.ibm.ws.webcontainer.resources.Messages"
      catalogLocale = class java.util.Locale@49f7067e
      treeLock = class java.lang.Object@7605c0b2
      parent = class com.ibm.ws.logging.internal.WsLogger@29812686
      kids = null
      levelObject = class java.util.logging.Level@482f1b20
      levelValue = 800
      callersClassLoaderRef = class java.lang.ref.WeakReference@2ed0f362
      isSystemLogger = false
      GLOBAL_LOGGER_NAME = "global"
      global = class java.util.logging.Logger@6142676c
      $assertionsDisabled = true
    CLASS_NAME = "com.ibm.ws.webcontainer.servlet.TargetConfig"
    initParams = null
    fileName = null
    displayName = "FilterGeneratedId2"
    name = "SecurityFilter"
    description = null
    smallIcon = null
    largeIcon = null
    context = class com.ibm.wsspi.webcontainer.facade.ServletContextFacade@44205416
      context = class com.ibm.ws.webcontainer.osgi.webapp.WebApp@4ba627c0
    className = "at.erp.light.view.filter.SecurityFilter"
    asyncSupported = false
    _id = "FilterGeneratedId2"
    _attributes = null
    serialVersionUID = 7511545662945734886
    $$$tc$$$ = class com.ibm.websphere.ras.TraceComponent@3807b8f8
      strings[0] = "TraceComponent[com.ibm.ws.container.BaseConfiguration,class com.ibm.ws.container.BaseConfiguration,[],null,null]"
  _eventSource = class com.ibm.ws.webcontainer.webapp.WebAppEventSource@203a5580
    _invocationListeners = class com.ibm.ws.webcontainer.util.EventListeners@71913dc5
      EMPTY_LISTENERS = interface java.util.EventListener[0]
      logger = class com.ibm.ws.logging.internal.WsLogger@18bae8f1
      CLASS_NAME = "com.ibm.ws.webcontainer.util.EventListeners"
      listeners = interface java.util.EventListener[0]
    _servletListeners = class com.ibm.ws.webcontainer.util.EventListeners@19e66412
      EMPTY_LISTENERS = interface java.util.EventListener[0]
      logger = class com.ibm.ws.logging.internal.WsLogger@18bae8f1
      CLASS_NAME = "com.ibm.ws.webcontainer.util.EventListeners"
      listeners = interface java.util.EventListener[0]
    _errorListeners = class com.ibm.ws.webcontainer.util.EventListeners@6b6d1945
      EMPTY_LISTENERS = interface java.util.EventListener[0]
      logger = class com.ibm.ws.logging.internal.WsLogger@18bae8f1
      CLASS_NAME = "com.ibm.ws.webcontainer.util.EventListeners"
      listeners = interface java.util.EventListener[0]
    _applicationListeners = class com.ibm.ws.webcontainer.util.EventListeners@1403ed84
      EMPTY_LISTENERS = interface java.util.EventListener[0]
      logger = class com.ibm.ws.logging.internal.WsLogger@18bae8f1
      CLASS_NAME = "com.ibm.ws.webcontainer.util.EventListeners"
      listeners = interface java.util.EventListener[0]
    _filterInvocationListeners = class com.ibm.ws.webcontainer.util.EventListeners@6c8485d4
      EMPTY_LISTENERS = interface java.util.EventListener[0]
      logger = class com.ibm.ws.logging.internal.WsLogger@18bae8f1
      CLASS_NAME = "com.ibm.ws.webcontainer.util.EventListeners"
      listeners = interface java.util.EventListener[0]
    _filterListeners = class com.ibm.ws.webcontainer.util.EventListeners@4668aaa2
      EMPTY_LISTENERS = interface java.util.EventListener[0]
      logger = class com.ibm.ws.logging.internal.WsLogger@18bae8f1
      CLASS_NAME = "com.ibm.ws.webcontainer.util.EventListeners"
      listeners = interface java.util.EventListener[0]
    _filterErrorListeners = class com.ibm.ws.webcontainer.util.EventListeners@454c241b
      EMPTY_LISTENERS = interface java.util.EventListener[0]
      logger = class com.ibm.ws.logging.internal.WsLogger@18bae8f1
      CLASS_NAME = "com.ibm.ws.webcontainer.util.EventListeners"
      listeners = interface java.util.EventListener[0]
  _managedObject = class com.ibm.ws.managedobject.internal.ManagedObjectImpl@1b51f624
    serialVersionUID = 2312695316196219051
    object = "<sensitive at.erp.light.view.filter.SecurityFilter@760ea550>"
    $$$tc$$$ = class com.ibm.websphere.ras.TraceComponent@72741fb5
      strings[0] = "TraceComponent[com.ibm.ws.managedobject.internal.ManagedObjectImpl,class com.ibm.ws.managedobject.internal.ManagedObjectImpl,[],null,null]"

