Start von ERPLibertyServer (WebSphere Application Server 8.5.5.4/wlp-1.0.7.cl50420141211-1039) auf Java HotSpot(TM) 64-Bit Server VM, Version 1.8.0_251-b08 (de_AT)
[AUDIT   ] CWWKE0001I: Der Server ERPLibertyServer wurde gestartet.
[INFORMATION] CWWKE0002I: Der Kernel wurde nach 2,061 Sekunden gestartet.
[INFORMATION] CWWKF0007I: Die Featureaktualisierung wurde gestartet.
[AUDIT   ] CWWKZ0058I: dropins auf Anwendungen überwachen. 
[INFORMATION] CWWKO0219I: Der TCP-Kanal defaultHttpEndpoint wurde gestartet und ist jetzt für Anforderungen auf dem Host DESKTOP-2DAGKBH  (IPv4: 127.0.0.1) an Port 9080 empfangsbereit.
[INFORMATION] CWWKZ0018I: Die Anwendung ERP-light wird gestartet.
[INFORMATION] CWWKO0219I: Der TCP-Kanal defaultHttpEndpoint-ssl wurde gestartet und ist jetzt für Anforderungen auf dem Host DESKTOP-2DAGKBH  (IPv4: 127.0.0.1) an Port 9443 empfangsbereit.
[INFORMATION] FFDC1015I: Es wurde ein FFDC-Vorfall erstellt: "java.lang.RuntimeException com.ibm.ws.anno.targets.internal.AnnotationTargetsImpl_Targets 530" unter ffdc_22.10.27_20.15.40.0.log
[WARNUNG ] CWWKC0044W: Beim Scannen nach Klassen- und Annotationsdaten ist eine Ausnahme eingetreten. Die Ausnahme war java.lang.RuntimeException
	at org.objectweb.asm.FieldVisitor.visitTypeAnnotation(Unknown Source)
	at [internal classes]
.
[WARNUNG ] CWWKC0044W: Beim Scannen nach Klassen- und Annotationsdaten ist eine Ausnahme eingetreten. Die Ausnahme war java.lang.RuntimeException
	at org.objectweb.asm.MethodVisitor.visitTypeAnnotation(Unknown Source)
	at [internal classes]
.
[WARNUNG ] CWWKC0044W: Beim Scannen nach Klassen- und Annotationsdaten ist eine Ausnahme eingetreten. Die Ausnahme war java.lang.RuntimeException
	at org.objectweb.asm.MethodVisitor.visitTypeAnnotation(Unknown Source)
	at [internal classes]
.
[WARNUNG ] CWWKC0044W: Beim Scannen nach Klassen- und Annotationsdaten ist eine Ausnahme eingetreten. Die Ausnahme war java.lang.RuntimeException
	at org.objectweb.asm.MethodVisitor.visitTypeAnnotation(Unknown Source)
	at [internal classes]
.
[WARNUNG ] CWWKC0044W: Beim Scannen nach Klassen- und Annotationsdaten ist eine Ausnahme eingetreten. Die Ausnahme war java.lang.RuntimeException
	at org.objectweb.asm.MethodVisitor.visitTypeAnnotation(Unknown Source)
	at [internal classes]
.
[WARNUNG ] CWWKC0044W: Beim Scannen nach Klassen- und Annotationsdaten ist eine Ausnahme eingetreten. Die Ausnahme war java.lang.RuntimeException
	at org.objectweb.asm.MethodVisitor.visitTypeAnnotation(Unknown Source)
	at [internal classes]
.
[WARNUNG ] CWWKC0044W: Beim Scannen nach Klassen- und Annotationsdaten ist eine Ausnahme eingetreten. Die Ausnahme war java.lang.RuntimeException
	at org.objectweb.asm.FieldVisitor.visitTypeAnnotation(Unknown Source)
	at [internal classes]
.
[WARNUNG ] CWWKC0044W: Beim Scannen nach Klassen- und Annotationsdaten ist eine Ausnahme eingetreten. Die Ausnahme war java.lang.RuntimeException
	at org.objectweb.asm.ClassVisitor.visitTypeAnnotation(Unknown Source)
	at [internal classes]
.
[WARNUNG ] CWWKC0044W: Beim Scannen nach Klassen- und Annotationsdaten ist eine Ausnahme eingetreten. Die Ausnahme war java.lang.RuntimeException
	at org.objectweb.asm.FieldVisitor.visitTypeAnnotation(Unknown Source)
	at [internal classes]
.
[WARNUNG ] CWWKC0044W: Beim Scannen nach Klassen- und Annotationsdaten ist eine Ausnahme eingetreten. Die Ausnahme war java.lang.RuntimeException
	at org.objectweb.asm.ClassVisitor.visitTypeAnnotation(Unknown Source)
	at [internal classes]
.
[WARNUNG ] CWWKC0044W: Beim Scannen nach Klassen- und Annotationsdaten ist eine Ausnahme eingetreten. Die Ausnahme war java.lang.RuntimeException
	at org.objectweb.asm.MethodVisitor.visitTypeAnnotation(Unknown Source)
	at [internal classes]
.
[WARNUNG ] CWWKC0044W: Beim Scannen nach Klassen- und Annotationsdaten ist eine Ausnahme eingetreten. Die Ausnahme war java.lang.RuntimeException
	at org.objectweb.asm.FieldVisitor.visitTypeAnnotation(Unknown Source)
	at [internal classes]
.
[WARNUNG ] CWWKC0044W: Beim Scannen nach Klassen- und Annotationsdaten ist eine Ausnahme eingetreten. Die Ausnahme war java.lang.RuntimeException
	at org.objectweb.asm.MethodVisitor.visitTypeAnnotation(Unknown Source)
	at [internal classes]
.
[WARNUNG ] CWWKC0044W: Beim Scannen nach Klassen- und Annotationsdaten ist eine Ausnahme eingetreten. Die Ausnahme war java.lang.RuntimeException
	at org.objectweb.asm.FieldVisitor.visitTypeAnnotation(Unknown Source)
	at [internal classes]
.
[WARNUNG ] CWWKC0044W: Beim Scannen nach Klassen- und Annotationsdaten ist eine Ausnahme eingetreten. Die Ausnahme war java.lang.RuntimeException
	at org.objectweb.asm.MethodVisitor.visitTypeAnnotation(Unknown Source)
	at [internal classes]
.
[WARNUNG ] CWWKC0044W: Beim Scannen nach Klassen- und Annotationsdaten ist eine Ausnahme eingetreten. Die Ausnahme war java.lang.RuntimeException
	at org.objectweb.asm.MethodVisitor.visitTypeAnnotation(Unknown Source)
	at [internal classes]
.
[WARNUNG ] CWWKC0044W: Beim Scannen nach Klassen- und Annotationsdaten ist eine Ausnahme eingetreten. Die Ausnahme war java.lang.RuntimeException
	at org.objectweb.asm.ClassVisitor.visitTypeAnnotation(Unknown Source)
	at [internal classes]
.
[WARNUNG ] CWWKC0044W: Beim Scannen nach Klassen- und Annotationsdaten ist eine Ausnahme eingetreten. Die Ausnahme war java.lang.RuntimeException
	at org.objectweb.asm.MethodVisitor.visitTypeAnnotation(Unknown Source)
	at [internal classes]
.
[WARNUNG ] CWWKC0044W: Beim Scannen nach Klassen- und Annotationsdaten ist eine Ausnahme eingetreten. Die Ausnahme war java.lang.RuntimeException
	at org.objectweb.asm.MethodVisitor.visitTypeAnnotation(Unknown Source)
	at [internal classes]
.
[WARNUNG ] CWWKC0044W: Beim Scannen nach Klassen- und Annotationsdaten ist eine Ausnahme eingetreten. Die Ausnahme war java.lang.RuntimeException
	at org.objectweb.asm.MethodVisitor.visitTypeAnnotation(Unknown Source)
	at [internal classes]
.
[WARNUNG ] CWWKC0044W: Beim Scannen nach Klassen- und Annotationsdaten ist eine Ausnahme eingetreten. Die Ausnahme war java.lang.RuntimeException
	at org.objectweb.asm.MethodVisitor.visitTypeAnnotation(Unknown Source)
	at [internal classes]
.
[WARNUNG ] CWWKC0044W: Beim Scannen nach Klassen- und Annotationsdaten ist eine Ausnahme eingetreten. Die Ausnahme war java.lang.RuntimeException
	at org.objectweb.asm.ClassVisitor.visitTypeAnnotation(Unknown Source)
	at [internal classes]
.
[WARNUNG ] CWWKC0044W: Beim Scannen nach Klassen- und Annotationsdaten ist eine Ausnahme eingetreten. Die Ausnahme war java.lang.RuntimeException
	at org.objectweb.asm.MethodVisitor.visitTypeAnnotation(Unknown Source)
	at [internal classes]
.
[WARNUNG ] CWWKC0044W: Beim Scannen nach Klassen- und Annotationsdaten ist eine Ausnahme eingetreten. Die Ausnahme war java.lang.RuntimeException
	at org.objectweb.asm.ClassVisitor.visitTypeAnnotation(Unknown Source)
	at [internal classes]
.
[WARNUNG ] CWWKC0044W: Beim Scannen nach Klassen- und Annotationsdaten ist eine Ausnahme eingetreten. Die Ausnahme war java.lang.RuntimeException
	at org.objectweb.asm.FieldVisitor.visitTypeAnnotation(Unknown Source)
	at [internal classes]
.
[WARNUNG ] CWWKC0044W: Beim Scannen nach Klassen- und Annotationsdaten ist eine Ausnahme eingetreten. Die Ausnahme war java.lang.RuntimeException
	at org.objectweb.asm.FieldVisitor.visitTypeAnnotation(Unknown Source)
	at [internal classes]
.
[WARNUNG ] CWWKC0044W: Beim Scannen nach Klassen- und Annotationsdaten ist eine Ausnahme eingetreten. Die Ausnahme war java.lang.RuntimeException
	at org.objectweb.asm.FieldVisitor.visitTypeAnnotation(Unknown Source)
	at [internal classes]
.
[WARNUNG ] CWWKC0044W: Beim Scannen nach Klassen- und Annotationsdaten ist eine Ausnahme eingetreten. Die Ausnahme war java.lang.RuntimeException
	at org.objectweb.asm.MethodVisitor.visitTypeAnnotation(Unknown Source)
	at [internal classes]
.
[WARNUNG ] CWWKC0044W: Beim Scannen nach Klassen- und Annotationsdaten ist eine Ausnahme eingetreten. Die Ausnahme war java.lang.RuntimeException
	at org.objectweb.asm.ClassVisitor.visitTypeAnnotation(Unknown Source)
	at [internal classes]
.
[WARNUNG ] CWWKC0044W: Beim Scannen nach Klassen- und Annotationsdaten ist eine Ausnahme eingetreten. Die Ausnahme war java.lang.RuntimeException
	at org.objectweb.asm.MethodVisitor.visitTypeAnnotation(Unknown Source)
	at [internal classes]
.
[WARNUNG ] CWWKC0044W: Beim Scannen nach Klassen- und Annotationsdaten ist eine Ausnahme eingetreten. Die Ausnahme war java.lang.RuntimeException
	at org.objectweb.asm.ClassVisitor.visitTypeAnnotation(Unknown Source)
	at [internal classes]
.
[WARNUNG ] CWWKC0044W: Beim Scannen nach Klassen- und Annotationsdaten ist eine Ausnahme eingetreten. Die Ausnahme war java.lang.RuntimeException
	at org.objectweb.asm.FieldVisitor.visitTypeAnnotation(Unknown Source)
	at [internal classes]
.
[WARNUNG ] CWWKC0044W: Beim Scannen nach Klassen- und Annotationsdaten ist eine Ausnahme eingetreten. Die Ausnahme war java.lang.RuntimeException
	at org.objectweb.asm.MethodVisitor.visitTypeAnnotation(Unknown Source)
	at [internal classes]
.
[WARNUNG ] CWWKC0044W: Beim Scannen nach Klassen- und Annotationsdaten ist eine Ausnahme eingetreten. Die Ausnahme war java.lang.RuntimeException
	at org.objectweb.asm.FieldVisitor.visitTypeAnnotation(Unknown Source)
	at [internal classes]
.
[WARNUNG ] CWWKC0044W: Beim Scannen nach Klassen- und Annotationsdaten ist eine Ausnahme eingetreten. Die Ausnahme war java.lang.RuntimeException
	at org.objectweb.asm.FieldVisitor.visitTypeAnnotation(Unknown Source)
	at [internal classes]
.
[WARNUNG ] CWWKC0044W: Beim Scannen nach Klassen- und Annotationsdaten ist eine Ausnahme eingetreten. Die Ausnahme war java.lang.RuntimeException
	at org.objectweb.asm.FieldVisitor.visitTypeAnnotation(Unknown Source)
	at [internal classes]
.
[WARNUNG ] CWWKC0044W: Beim Scannen nach Klassen- und Annotationsdaten ist eine Ausnahme eingetreten. Die Ausnahme war java.lang.RuntimeException
	at org.objectweb.asm.FieldVisitor.visitTypeAnnotation(Unknown Source)
	at [internal classes]
.
[WARNUNG ] CWWKC0044W: Beim Scannen nach Klassen- und Annotationsdaten ist eine Ausnahme eingetreten. Die Ausnahme war java.lang.RuntimeException
	at org.objectweb.asm.FieldVisitor.visitTypeAnnotation(Unknown Source)
	at [internal classes]
.
[WARNUNG ] CWWKC0044W: Beim Scannen nach Klassen- und Annotationsdaten ist eine Ausnahme eingetreten. Die Ausnahme war java.lang.RuntimeException
	at org.objectweb.asm.FieldVisitor.visitTypeAnnotation(Unknown Source)
	at [internal classes]
.
[WARNUNG ] CWWKC0044W: Beim Scannen nach Klassen- und Annotationsdaten ist eine Ausnahme eingetreten. Die Ausnahme war java.lang.RuntimeException
	at org.objectweb.asm.FieldVisitor.visitTypeAnnotation(Unknown Source)
	at [internal classes]
.
[WARNUNG ] CWWKC0044W: Beim Scannen nach Klassen- und Annotationsdaten ist eine Ausnahme eingetreten. Die Ausnahme war java.lang.RuntimeException
	at org.objectweb.asm.FieldVisitor.visitTypeAnnotation(Unknown Source)
	at [internal classes]
.
[WARNUNG ] CWWKC0044W: Beim Scannen nach Klassen- und Annotationsdaten ist eine Ausnahme eingetreten. Die Ausnahme war java.lang.RuntimeException
	at org.objectweb.asm.FieldVisitor.visitTypeAnnotation(Unknown Source)
	at [internal classes]
.
[WARNUNG ] CWWKC0044W: Beim Scannen nach Klassen- und Annotationsdaten ist eine Ausnahme eingetreten. Die Ausnahme war java.lang.RuntimeException
	at org.objectweb.asm.FieldVisitor.visitTypeAnnotation(Unknown Source)
	at [internal classes]
.
[WARNUNG ] CWWKC0044W: Beim Scannen nach Klassen- und Annotationsdaten ist eine Ausnahme eingetreten. Die Ausnahme war java.lang.RuntimeException
	at org.objectweb.asm.FieldVisitor.visitTypeAnnotation(Unknown Source)
	at [internal classes]
.
[WARNUNG ] CWWKC0044W: Beim Scannen nach Klassen- und Annotationsdaten ist eine Ausnahme eingetreten. Die Ausnahme war java.lang.RuntimeException
	at org.objectweb.asm.FieldVisitor.visitTypeAnnotation(Unknown Source)
	at [internal classes]
.
[WARNUNG ] CWWKC0044W: Beim Scannen nach Klassen- und Annotationsdaten ist eine Ausnahme eingetreten. Die Ausnahme war java.lang.RuntimeException
	at org.objectweb.asm.FieldVisitor.visitTypeAnnotation(Unknown Source)
	at [internal classes]
.
[WARNUNG ] CWWKC0044W: Beim Scannen nach Klassen- und Annotationsdaten ist eine Ausnahme eingetreten. Die Ausnahme war java.lang.RuntimeException
	at org.objectweb.asm.MethodVisitor.visitTypeAnnotation(Unknown Source)
	at [internal classes]
.
[WARNUNG ] CWWKC0044W: Beim Scannen nach Klassen- und Annotationsdaten ist eine Ausnahme eingetreten. Die Ausnahme war java.lang.RuntimeException
	at org.objectweb.asm.MethodVisitor.visitTypeAnnotation(Unknown Source)
	at [internal classes]
.
[WARNUNG ] CWWKC0044W: Beim Scannen nach Klassen- und Annotationsdaten ist eine Ausnahme eingetreten. Die Ausnahme war java.lang.RuntimeException
	at org.objectweb.asm.MethodVisitor.visitTypeAnnotation(Unknown Source)
	at [internal classes]
.
[WARNUNG ] CWWKC0044W: Beim Scannen nach Klassen- und Annotationsdaten ist eine Ausnahme eingetreten. Die Ausnahme war java.lang.RuntimeException
	at org.objectweb.asm.MethodVisitor.visitTypeAnnotation(Unknown Source)
	at [internal classes]
.
[WARNUNG ] CWWKC0044W: Beim Scannen nach Klassen- und Annotationsdaten ist eine Ausnahme eingetreten. Die Ausnahme war java.lang.RuntimeException
	at org.objectweb.asm.MethodVisitor.visitTypeAnnotation(Unknown Source)
	at [internal classes]
.
[WARNUNG ] CWWKC0044W: Beim Scannen nach Klassen- und Annotationsdaten ist eine Ausnahme eingetreten. Die Ausnahme war java.lang.RuntimeException
	at org.objectweb.asm.FieldVisitor.visitTypeAnnotation(Unknown Source)
	at [internal classes]
.
[WARNUNG ] CWWKC0044W: Beim Scannen nach Klassen- und Annotationsdaten ist eine Ausnahme eingetreten. Die Ausnahme war java.lang.RuntimeException
	at org.objectweb.asm.MethodVisitor.visitTypeAnnotation(Unknown Source)
	at [internal classes]
.
[WARNUNG ] CWWKC0044W: Beim Scannen nach Klassen- und Annotationsdaten ist eine Ausnahme eingetreten. Die Ausnahme war java.lang.RuntimeException
	at org.objectweb.asm.FieldVisitor.visitTypeAnnotation(Unknown Source)
	at [internal classes]
.
[WARNUNG ] CWWKC0044W: Beim Scannen nach Klassen- und Annotationsdaten ist eine Ausnahme eingetreten. Die Ausnahme war java.lang.RuntimeException
	at org.objectweb.asm.FieldVisitor.visitTypeAnnotation(Unknown Source)
	at [internal classes]
.
[WARNUNG ] CWWKC0044W: Beim Scannen nach Klassen- und Annotationsdaten ist eine Ausnahme eingetreten. Die Ausnahme war java.lang.RuntimeException
	at org.objectweb.asm.FieldVisitor.visitTypeAnnotation(Unknown Source)
	at [internal classes]
.
[WARNUNG ] CWWKC0044W: Beim Scannen nach Klassen- und Annotationsdaten ist eine Ausnahme eingetreten. Die Ausnahme war java.lang.RuntimeException
	at org.objectweb.asm.FieldVisitor.visitTypeAnnotation(Unknown Source)
	at [internal classes]
.
[WARNUNG ] CWWKC0044W: Beim Scannen nach Klassen- und Annotationsdaten ist eine Ausnahme eingetreten. Die Ausnahme war java.lang.RuntimeException
	at org.objectweb.asm.FieldVisitor.visitTypeAnnotation(Unknown Source)
	at [internal classes]
.
[WARNUNG ] CWWKC0044W: Beim Scannen nach Klassen- und Annotationsdaten ist eine Ausnahme eingetreten. Die Ausnahme war java.lang.RuntimeException
	at org.objectweb.asm.FieldVisitor.visitTypeAnnotation(Unknown Source)
	at [internal classes]
.
[WARNUNG ] CWWKC0044W: Beim Scannen nach Klassen- und Annotationsdaten ist eine Ausnahme eingetreten. Die Ausnahme war java.lang.RuntimeException
	at org.objectweb.asm.FieldVisitor.visitTypeAnnotation(Unknown Source)
	at [internal classes]
.
[WARNUNG ] CWWKC0044W: Beim Scannen nach Klassen- und Annotationsdaten ist eine Ausnahme eingetreten. Die Ausnahme war java.lang.RuntimeException
	at org.objectweb.asm.MethodVisitor.visitTypeAnnotation(Unknown Source)
	at [internal classes]
.
[WARNUNG ] CWWKC0044W: Beim Scannen nach Klassen- und Annotationsdaten ist eine Ausnahme eingetreten. Die Ausnahme war java.lang.RuntimeException
	at org.objectweb.asm.FieldVisitor.visitTypeAnnotation(Unknown Source)
	at [internal classes]
.
[WARNUNG ] CWWKC0044W: Beim Scannen nach Klassen- und Annotationsdaten ist eine Ausnahme eingetreten. Die Ausnahme war java.lang.RuntimeException
	at org.objectweb.asm.MethodVisitor.visitTypeAnnotation(Unknown Source)
	at [internal classes]
.
[WARNUNG ] CWWKC0044W: Beim Scannen nach Klassen- und Annotationsdaten ist eine Ausnahme eingetreten. Die Ausnahme war java.lang.RuntimeException
	at org.objectweb.asm.MethodVisitor.visitTypeAnnotation(Unknown Source)
	at [internal classes]
.
[WARNUNG ] CWWKC0044W: Beim Scannen nach Klassen- und Annotationsdaten ist eine Ausnahme eingetreten. Die Ausnahme war java.lang.RuntimeException
	at org.objectweb.asm.FieldVisitor.visitTypeAnnotation(Unknown Source)
	at [internal classes]
.
[WARNUNG ] CWWKC0044W: Beim Scannen nach Klassen- und Annotationsdaten ist eine Ausnahme eingetreten. Die Ausnahme war java.lang.RuntimeException
	at org.objectweb.asm.FieldVisitor.visitTypeAnnotation(Unknown Source)
	at [internal classes]
.
[WARNUNG ] CWWKC0044W: Beim Scannen nach Klassen- und Annotationsdaten ist eine Ausnahme eingetreten. Die Ausnahme war java.lang.RuntimeException
	at org.objectweb.asm.FieldVisitor.visitTypeAnnotation(Unknown Source)
	at [internal classes]
.
[WARNUNG ] CWWKC0044W: Beim Scannen nach Klassen- und Annotationsdaten ist eine Ausnahme eingetreten. Die Ausnahme war java.lang.RuntimeException
	at org.objectweb.asm.FieldVisitor.visitTypeAnnotation(Unknown Source)
	at [internal classes]
.
[WARNUNG ] CWWKC0044W: Beim Scannen nach Klassen- und Annotationsdaten ist eine Ausnahme eingetreten. Die Ausnahme war java.lang.RuntimeException
	at org.objectweb.asm.FieldVisitor.visitTypeAnnotation(Unknown Source)
	at [internal classes]
.
[WARNUNG ] CWWKC0044W: Beim Scannen nach Klassen- und Annotationsdaten ist eine Ausnahme eingetreten. Die Ausnahme war java.lang.RuntimeException
	at org.objectweb.asm.MethodVisitor.visitTypeAnnotation(Unknown Source)
	at [internal classes]
.
[WARNUNG ] CWWKC0044W: Beim Scannen nach Klassen- und Annotationsdaten ist eine Ausnahme eingetreten. Die Ausnahme war java.lang.RuntimeException
	at org.objectweb.asm.MethodVisitor.visitTypeAnnotation(Unknown Source)
	at [internal classes]
.
[WARNUNG ] CWWKC0044W: Beim Scannen nach Klassen- und Annotationsdaten ist eine Ausnahme eingetreten. Die Ausnahme war java.lang.RuntimeException
	at org.objectweb.asm.FieldVisitor.visitTypeAnnotation(Unknown Source)
	at [internal classes]
.
[WARNUNG ] CWWKC0044W: Beim Scannen nach Klassen- und Annotationsdaten ist eine Ausnahme eingetreten. Die Ausnahme war java.lang.RuntimeException
	at org.objectweb.asm.MethodVisitor.visitTypeAnnotation(Unknown Source)
	at [internal classes]
.
[WARNUNG ] CWWKC0044W: Beim Scannen nach Klassen- und Annotationsdaten ist eine Ausnahme eingetreten. Die Ausnahme war java.lang.RuntimeException
	at org.objectweb.asm.FieldVisitor.visitTypeAnnotation(Unknown Source)
	at [internal classes]
.
[WARNUNG ] CWWKC0044W: Beim Scannen nach Klassen- und Annotationsdaten ist eine Ausnahme eingetreten. Die Ausnahme war java.lang.RuntimeException
	at org.objectweb.asm.MethodVisitor.visitTypeAnnotation(Unknown Source)
	at [internal classes]
.
[WARNUNG ] CWWKC0044W: Beim Scannen nach Klassen- und Annotationsdaten ist eine Ausnahme eingetreten. Die Ausnahme war java.lang.RuntimeException
	at org.objectweb.asm.FieldVisitor.visitTypeAnnotation(Unknown Source)
	at [internal classes]
.
[WARNUNG ] CWWKC0044W: Beim Scannen nach Klassen- und Annotationsdaten ist eine Ausnahme eingetreten. Die Ausnahme war java.lang.RuntimeException
	at org.objectweb.asm.MethodVisitor.visitTypeAnnotation(Unknown Source)
	at [internal classes]
.
[WARNUNG ] CWWKC0044W: Beim Scannen nach Klassen- und Annotationsdaten ist eine Ausnahme eingetreten. Die Ausnahme war java.lang.RuntimeException
	at org.objectweb.asm.MethodVisitor.visitTypeAnnotation(Unknown Source)
	at [internal classes]
.
[WARNUNG ] CWWKC0044W: Beim Scannen nach Klassen- und Annotationsdaten ist eine Ausnahme eingetreten. Die Ausnahme war java.lang.RuntimeException
	at org.objectweb.asm.FieldVisitor.visitTypeAnnotation(Unknown Source)
	at [internal classes]
.
[WARNUNG ] CWWKC0044W: Beim Scannen nach Klassen- und Annotationsdaten ist eine Ausnahme eingetreten. Die Ausnahme war java.lang.RuntimeException
	at org.objectweb.asm.MethodVisitor.visitTypeAnnotation(Unknown Source)
	at [internal classes]
.
[WARNUNG ] CWWKC0044W: Beim Scannen nach Klassen- und Annotationsdaten ist eine Ausnahme eingetreten. Die Ausnahme war java.lang.RuntimeException
	at org.objectweb.asm.FieldVisitor.visitTypeAnnotation(Unknown Source)
	at [internal classes]
.
[WARNUNG ] CWWKC0044W: Beim Scannen nach Klassen- und Annotationsdaten ist eine Ausnahme eingetreten. Die Ausnahme war java.lang.RuntimeException
	at org.objectweb.asm.MethodVisitor.visitTypeAnnotation(Unknown Source)
	at [internal classes]
.
[WARNUNG ] CWWKC0044W: Beim Scannen nach Klassen- und Annotationsdaten ist eine Ausnahme eingetreten. Die Ausnahme war java.lang.RuntimeException
	at org.objectweb.asm.MethodVisitor.visitTypeAnnotation(Unknown Source)
	at [internal classes]
.
[WARNUNG ] CWWKC0044W: Beim Scannen nach Klassen- und Annotationsdaten ist eine Ausnahme eingetreten. Die Ausnahme war java.lang.RuntimeException
	at org.objectweb.asm.FieldVisitor.visitTypeAnnotation(Unknown Source)
	at [internal classes]
.
[WARNUNG ] CWWKC0044W: Beim Scannen nach Klassen- und Annotationsdaten ist eine Ausnahme eingetreten. Die Ausnahme war java.lang.RuntimeException
	at org.objectweb.asm.MethodVisitor.visitTypeAnnotation(Unknown Source)
	at [internal classes]
.
[WARNUNG ] CWWKC0044W: Beim Scannen nach Klassen- und Annotationsdaten ist eine Ausnahme eingetreten. Die Ausnahme war java.lang.RuntimeException
	at org.objectweb.asm.FieldVisitor.visitTypeAnnotation(Unknown Source)
	at [internal classes]
.
[WARNUNG ] CWWKC0044W: Beim Scannen nach Klassen- und Annotationsdaten ist eine Ausnahme eingetreten. Die Ausnahme war java.lang.RuntimeException
	at org.objectweb.asm.FieldVisitor.visitTypeAnnotation(Unknown Source)
	at [internal classes]
.
[WARNUNG ] CWWKC0044W: Beim Scannen nach Klassen- und Annotationsdaten ist eine Ausnahme eingetreten. Die Ausnahme war java.lang.RuntimeException
	at org.objectweb.asm.FieldVisitor.visitTypeAnnotation(Unknown Source)
	at [internal classes]
.
[WARNUNG ] CWWKC0044W: Beim Scannen nach Klassen- und Annotationsdaten ist eine Ausnahme eingetreten. Die Ausnahme war java.lang.RuntimeException
	at org.objectweb.asm.MethodVisitor.visitTypeAnnotation(Unknown Source)
	at [internal classes]
.
[WARNUNG ] CWWKC0044W: Beim Scannen nach Klassen- und Annotationsdaten ist eine Ausnahme eingetreten. Die Ausnahme war java.lang.RuntimeException
	at org.objectweb.asm.MethodVisitor.visitTypeAnnotation(Unknown Source)
	at [internal classes]
.
[WARNUNG ] CWWKC0044W: Beim Scannen nach Klassen- und Annotationsdaten ist eine Ausnahme eingetreten. Die Ausnahme war java.lang.RuntimeException
	at org.objectweb.asm.MethodVisitor.visitTypeAnnotation(Unknown Source)
	at [internal classes]
.
[WARNUNG ] CWWKC0044W: Beim Scannen nach Klassen- und Annotationsdaten ist eine Ausnahme eingetreten. Die Ausnahme war java.lang.RuntimeException
	at org.objectweb.asm.MethodVisitor.visitTypeAnnotation(Unknown Source)
	at [internal classes]
.
[WARNUNG ] CWWKC0044W: Beim Scannen nach Klassen- und Annotationsdaten ist eine Ausnahme eingetreten. Die Ausnahme war java.lang.RuntimeException
	at org.objectweb.asm.MethodVisitor.visitTypeAnnotation(Unknown Source)
	at [internal classes]
.
[WARNUNG ] CWWKC0044W: Beim Scannen nach Klassen- und Annotationsdaten ist eine Ausnahme eingetreten. Die Ausnahme war java.lang.RuntimeException
	at org.objectweb.asm.FieldVisitor.visitTypeAnnotation(Unknown Source)
	at [internal classes]
.
[WARNUNG ] CWWKC0044W: Beim Scannen nach Klassen- und Annotationsdaten ist eine Ausnahme eingetreten. Die Ausnahme war java.lang.RuntimeException
	at org.objectweb.asm.MethodVisitor.visitTypeAnnotation(Unknown Source)
	at [internal classes]
.
[WARNUNG ] CWWKC0044W: Beim Scannen nach Klassen- und Annotationsdaten ist eine Ausnahme eingetreten. Die Ausnahme war java.lang.RuntimeException
	at org.objectweb.asm.MethodVisitor.visitTypeAnnotation(Unknown Source)
	at [internal classes]
.
[WARNUNG ] CWWKC0044W: Beim Scannen nach Klassen- und Annotationsdaten ist eine Ausnahme eingetreten. Die Ausnahme war java.lang.RuntimeException
	at org.objectweb.asm.MethodVisitor.visitTypeAnnotation(Unknown Source)
	at [internal classes]
.
[WARNUNG ] CWWKC0044W: Beim Scannen nach Klassen- und Annotationsdaten ist eine Ausnahme eingetreten. Die Ausnahme war java.lang.RuntimeException
	at org.objectweb.asm.MethodVisitor.visitTypeAnnotation(Unknown Source)
	at [internal classes]
.
[WARNUNG ] CWWKC0044W: Beim Scannen nach Klassen- und Annotationsdaten ist eine Ausnahme eingetreten. Die Ausnahme war java.lang.RuntimeException
	at org.objectweb.asm.MethodVisitor.visitTypeAnnotation(Unknown Source)
	at [internal classes]
.
[WARNUNG ] CWWKC0044W: Beim Scannen nach Klassen- und Annotationsdaten ist eine Ausnahme eingetreten. Die Ausnahme war java.lang.RuntimeException
	at org.objectweb.asm.MethodVisitor.visitTypeAnnotation(Unknown Source)
	at [internal classes]
.
[WARNUNG ] CWWKC0044W: Beim Scannen nach Klassen- und Annotationsdaten ist eine Ausnahme eingetreten. Die Ausnahme war java.lang.RuntimeException
	at org.objectweb.asm.MethodVisitor.visitTypeAnnotation(Unknown Source)
	at [internal classes]
.
[WARNUNG ] CWWKC0044W: Beim Scannen nach Klassen- und Annotationsdaten ist eine Ausnahme eingetreten. Die Ausnahme war java.lang.RuntimeException
	at org.objectweb.asm.MethodVisitor.visitTypeAnnotation(Unknown Source)
	at [internal classes]
.
[WARNUNG ] CWWKC0044W: Beim Scannen nach Klassen- und Annotationsdaten ist eine Ausnahme eingetreten. Die Ausnahme war java.lang.RuntimeException
	at org.objectweb.asm.MethodVisitor.visitTypeAnnotation(Unknown Source)
	at [internal classes]
.
[WARNUNG ] CWWKC0044W: Beim Scannen nach Klassen- und Annotationsdaten ist eine Ausnahme eingetreten. Die Ausnahme war java.lang.RuntimeException
	at org.objectweb.asm.MethodVisitor.visitTypeAnnotation(Unknown Source)
	at [internal classes]
.
[WARNUNG ] CWWKC0044W: Beim Scannen nach Klassen- und Annotationsdaten ist eine Ausnahme eingetreten. Die Ausnahme war java.lang.RuntimeException
	at org.objectweb.asm.MethodVisitor.visitTypeAnnotation(Unknown Source)
	at [internal classes]
.
[WARNUNG ] CWWKC0044W: Beim Scannen nach Klassen- und Annotationsdaten ist eine Ausnahme eingetreten. Die Ausnahme war java.lang.RuntimeException
	at org.objectweb.asm.FieldVisitor.visitTypeAnnotation(Unknown Source)
	at [internal classes]
.
[WARNUNG ] CWWKC0044W: Beim Scannen nach Klassen- und Annotationsdaten ist eine Ausnahme eingetreten. Die Ausnahme war java.lang.RuntimeException
	at org.objectweb.asm.FieldVisitor.visitTypeAnnotation(Unknown Source)
	at [internal classes]
.
[WARNUNG ] CWWKC0044W: Beim Scannen nach Klassen- und Annotationsdaten ist eine Ausnahme eingetreten. Die Ausnahme war java.lang.RuntimeException
	at org.objectweb.asm.FieldVisitor.visitTypeAnnotation(Unknown Source)
	at [internal classes]
.
[WARNUNG ] CWWKC0044W: Beim Scannen nach Klassen- und Annotationsdaten ist eine Ausnahme eingetreten. Die Ausnahme war java.lang.RuntimeException
	at org.objectweb.asm.FieldVisitor.visitTypeAnnotation(Unknown Source)
	at [internal classes]
.
[WARNUNG ] CWWKC0044W: Beim Scannen nach Klassen- und Annotationsdaten ist eine Ausnahme eingetreten. Die Ausnahme war java.lang.RuntimeException
	at org.objectweb.asm.MethodVisitor.visitTypeAnnotation(Unknown Source)
	at [internal classes]
.
[WARNUNG ] CWWKC0044W: Beim Scannen nach Klassen- und Annotationsdaten ist eine Ausnahme eingetreten. Die Ausnahme war java.lang.RuntimeException
	at org.objectweb.asm.MethodVisitor.visitTypeAnnotation(Unknown Source)
	at [internal classes]
.
[WARNUNG ] CWWKC0044W: Beim Scannen nach Klassen- und Annotationsdaten ist eine Ausnahme eingetreten. Die Ausnahme war java.lang.RuntimeException
	at org.objectweb.asm.MethodVisitor.visitTypeAnnotation(Unknown Source)
	at [internal classes]
.
[WARNUNG ] CWWKC0044W: Beim Scannen nach Klassen- und Annotationsdaten ist eine Ausnahme eingetreten. Die Ausnahme war java.lang.RuntimeException
	at org.objectweb.asm.FieldVisitor.visitTypeAnnotation(Unknown Source)
	at [internal classes]
.
[WARNUNG ] CWWKC0044W: Beim Scannen nach Klassen- und Annotationsdaten ist eine Ausnahme eingetreten. Die Ausnahme war java.lang.RuntimeException
	at org.objectweb.asm.FieldVisitor.visitTypeAnnotation(Unknown Source)
	at [internal classes]
.
[WARNUNG ] CWWKC0044W: Beim Scannen nach Klassen- und Annotationsdaten ist eine Ausnahme eingetreten. Die Ausnahme war java.lang.RuntimeException
	at org.objectweb.asm.MethodVisitor.visitTypeAnnotation(Unknown Source)
	at [internal classes]
.
[WARNUNG ] CWWKC0044W: Beim Scannen nach Klassen- und Annotationsdaten ist eine Ausnahme eingetreten. Die Ausnahme war java.lang.RuntimeException
	at org.objectweb.asm.FieldVisitor.visitTypeAnnotation(Unknown Source)
	at [internal classes]
.
[WARNUNG ] CWWKC0044W: Beim Scannen nach Klassen- und Annotationsdaten ist eine Ausnahme eingetreten. Die Ausnahme war java.lang.RuntimeException
	at org.objectweb.asm.MethodVisitor.visitTypeAnnotation(Unknown Source)
	at [internal classes]
.
[WARNUNG ] CWWKC0044W: Beim Scannen nach Klassen- und Annotationsdaten ist eine Ausnahme eingetreten. Die Ausnahme war java.lang.RuntimeException
	at org.objectweb.asm.MethodVisitor.visitTypeAnnotation(Unknown Source)
	at [internal classes]
.
[WARNUNG ] CWWKC0044W: Beim Scannen nach Klassen- und Annotationsdaten ist eine Ausnahme eingetreten. Die Ausnahme war java.lang.RuntimeException
	at org.objectweb.asm.MethodVisitor.visitTypeAnnotation(Unknown Source)
	at [internal classes]
.
[WARNUNG ] CWWKC0044W: Beim Scannen nach Klassen- und Annotationsdaten ist eine Ausnahme eingetreten. Die Ausnahme war java.lang.RuntimeException
	at org.objectweb.asm.FieldVisitor.visitTypeAnnotation(Unknown Source)
	at [internal classes]
.
[WARNUNG ] CWWKC0044W: Beim Scannen nach Klassen- und Annotationsdaten ist eine Ausnahme eingetreten. Die Ausnahme war java.lang.RuntimeException
	at org.objectweb.asm.MethodVisitor.visitTypeAnnotation(Unknown Source)
	at [internal classes]
.
[WARNUNG ] CWWKC0044W: Beim Scannen nach Klassen- und Annotationsdaten ist eine Ausnahme eingetreten. Die Ausnahme war java.lang.RuntimeException
	at org.objectweb.asm.FieldVisitor.visitTypeAnnotation(Unknown Source)
	at [internal classes]
.
[WARNUNG ] CWWKC0044W: Beim Scannen nach Klassen- und Annotationsdaten ist eine Ausnahme eingetreten. Die Ausnahme war java.lang.RuntimeException
	at org.objectweb.asm.MethodVisitor.visitTypeAnnotation(Unknown Source)
	at [internal classes]
.
[WARNUNG ] CWWKC0044W: Beim Scannen nach Klassen- und Annotationsdaten ist eine Ausnahme eingetreten. Die Ausnahme war java.lang.RuntimeException
	at org.objectweb.asm.FieldVisitor.visitTypeAnnotation(Unknown Source)
	at [internal classes]
.
[WARNUNG ] CWWKC0044W: Beim Scannen nach Klassen- und Annotationsdaten ist eine Ausnahme eingetreten. Die Ausnahme war java.lang.RuntimeException
	at org.objectweb.asm.MethodVisitor.visitTypeAnnotation(Unknown Source)
	at [internal classes]
.
[WARNUNG ] CWWKC0044W: Beim Scannen nach Klassen- und Annotationsdaten ist eine Ausnahme eingetreten. Die Ausnahme war java.lang.RuntimeException
	at org.objectweb.asm.FieldVisitor.visitTypeAnnotation(Unknown Source)
	at [internal classes]
.
[WARNUNG ] CWWKC0044W: Beim Scannen nach Klassen- und Annotationsdaten ist eine Ausnahme eingetreten. Die Ausnahme war java.lang.RuntimeException
	at org.objectweb.asm.FieldVisitor.visitTypeAnnotation(Unknown Source)
	at [internal classes]
.
[WARNUNG ] CWWKC0044W: Beim Scannen nach Klassen- und Annotationsdaten ist eine Ausnahme eingetreten. Die Ausnahme war java.lang.RuntimeException
	at org.objectweb.asm.FieldVisitor.visitTypeAnnotation(Unknown Source)
	at [internal classes]
.
[WARNUNG ] CWWKC0044W: Beim Scannen nach Klassen- und Annotationsdaten ist eine Ausnahme eingetreten. Die Ausnahme war java.lang.RuntimeException
	at org.objectweb.asm.FieldVisitor.visitTypeAnnotation(Unknown Source)
	at [internal classes]
.
[WARNUNG ] CWWKC0044W: Beim Scannen nach Klassen- und Annotationsdaten ist eine Ausnahme eingetreten. Die Ausnahme war java.lang.RuntimeException
	at org.objectweb.asm.MethodVisitor.visitTypeAnnotation(Unknown Source)
	at [internal classes]
.
[WARNUNG ] CWWKC0044W: Beim Scannen nach Klassen- und Annotationsdaten ist eine Ausnahme eingetreten. Die Ausnahme war java.lang.RuntimeException
	at org.objectweb.asm.FieldVisitor.visitTypeAnnotation(Unknown Source)
	at [internal classes]
.
[WARNUNG ] CWWKC0044W: Beim Scannen nach Klassen- und Annotationsdaten ist eine Ausnahme eingetreten. Die Ausnahme war java.lang.RuntimeException
	at org.objectweb.asm.MethodVisitor.visitTypeAnnotation(Unknown Source)
	at [internal classes]
.
[WARNUNG ] CWWKC0044W: Beim Scannen nach Klassen- und Annotationsdaten ist eine Ausnahme eingetreten. Die Ausnahme war java.lang.RuntimeException
	at org.objectweb.asm.FieldVisitor.visitTypeAnnotation(Unknown Source)
	at [internal classes]
.
[WARNUNG ] CWWKC0044W: Beim Scannen nach Klassen- und Annotationsdaten ist eine Ausnahme eingetreten. Die Ausnahme war java.lang.RuntimeException
	at org.objectweb.asm.MethodVisitor.visitTypeAnnotation(Unknown Source)
	at [internal classes]
.
[WARNUNG ] CWWKC0044W: Beim Scannen nach Klassen- und Annotationsdaten ist eine Ausnahme eingetreten. Die Ausnahme war java.lang.RuntimeException
	at org.objectweb.asm.MethodVisitor.visitTypeAnnotation(Unknown Source)
	at [internal classes]
.
[WARNUNG ] CWWKC0044W: Beim Scannen nach Klassen- und Annotationsdaten ist eine Ausnahme eingetreten. Die Ausnahme war java.lang.RuntimeException
	at org.objectweb.asm.FieldVisitor.visitTypeAnnotation(Unknown Source)
	at [internal classes]
.
[WARNUNG ] CWWKC0044W: Beim Scannen nach Klassen- und Annotationsdaten ist eine Ausnahme eingetreten. Die Ausnahme war java.lang.RuntimeException
	at org.objectweb.asm.FieldVisitor.visitTypeAnnotation(Unknown Source)
	at [internal classes]
.
[WARNUNG ] CWWKC0044W: Beim Scannen nach Klassen- und Annotationsdaten ist eine Ausnahme eingetreten. Die Ausnahme war java.lang.RuntimeException
	at org.objectweb.asm.FieldVisitor.visitTypeAnnotation(Unknown Source)
	at [internal classes]
.
[WARNUNG ] CWWKC0044W: Beim Scannen nach Klassen- und Annotationsdaten ist eine Ausnahme eingetreten. Die Ausnahme war java.lang.RuntimeException
	at org.objectweb.asm.MethodVisitor.visitTypeAnnotation(Unknown Source)
	at [internal classes]
.
[WARNUNG ] CWWKC0044W: Beim Scannen nach Klassen- und Annotationsdaten ist eine Ausnahme eingetreten. Die Ausnahme war java.lang.RuntimeException
	at org.objectweb.asm.FieldVisitor.visitTypeAnnotation(Unknown Source)
	at [internal classes]
.
[WARNUNG ] CWWKC0044W: Beim Scannen nach Klassen- und Annotationsdaten ist eine Ausnahme eingetreten. Die Ausnahme war java.lang.RuntimeException
	at org.objectweb.asm.MethodVisitor.visitTypeAnnotation(Unknown Source)
	at [internal classes]
.
[WARNUNG ] CWWKC0044W: Beim Scannen nach Klassen- und Annotationsdaten ist eine Ausnahme eingetreten. Die Ausnahme war java.lang.RuntimeException
	at org.objectweb.asm.FieldVisitor.visitTypeAnnotation(Unknown Source)
	at [internal classes]
.
[WARNUNG ] CWWKC0044W: Beim Scannen nach Klassen- und Annotationsdaten ist eine Ausnahme eingetreten. Die Ausnahme war java.lang.RuntimeException
	at org.objectweb.asm.MethodVisitor.visitTypeAnnotation(Unknown Source)
	at [internal classes]
.
[WARNUNG ] CWWKC0044W: Beim Scannen nach Klassen- und Annotationsdaten ist eine Ausnahme eingetreten. Die Ausnahme war java.lang.RuntimeException
	at org.objectweb.asm.MethodVisitor.visitTypeAnnotation(Unknown Source)
	at [internal classes]
.
[WARNUNG ] CWWKC0044W: Beim Scannen nach Klassen- und Annotationsdaten ist eine Ausnahme eingetreten. Die Ausnahme war java.lang.RuntimeException
	at org.objectweb.asm.FieldVisitor.visitTypeAnnotation(Unknown Source)
	at [internal classes]
.
[WARNUNG ] CWWKC0044W: Beim Scannen nach Klassen- und Annotationsdaten ist eine Ausnahme eingetreten. Die Ausnahme war java.lang.RuntimeException
	at org.objectweb.asm.FieldVisitor.visitTypeAnnotation(Unknown Source)
	at [internal classes]
.
[WARNUNG ] CWWKC0044W: Beim Scannen nach Klassen- und Annotationsdaten ist eine Ausnahme eingetreten. Die Ausnahme war java.lang.RuntimeException
	at org.objectweb.asm.MethodVisitor.visitTypeAnnotation(Unknown Source)
	at [internal classes]
.
[WARNUNG ] CWWKC0044W: Beim Scannen nach Klassen- und Annotationsdaten ist eine Ausnahme eingetreten. Die Ausnahme war java.lang.RuntimeException
	at org.objectweb.asm.MethodVisitor.visitTypeAnnotation(Unknown Source)
	at [internal classes]
.
[WARNUNG ] CWWKC0044W: Beim Scannen nach Klassen- und Annotationsdaten ist eine Ausnahme eingetreten. Die Ausnahme war java.lang.RuntimeException
	at org.objectweb.asm.MethodVisitor.visitTypeAnnotation(Unknown Source)
	at [internal classes]
.
[WARNUNG ] CWWKC0044W: Beim Scannen nach Klassen- und Annotationsdaten ist eine Ausnahme eingetreten. Die Ausnahme war java.lang.RuntimeException
	at org.objectweb.asm.FieldVisitor.visitTypeAnnotation(Unknown Source)
	at [internal classes]
.
[WARNUNG ] CWWKC0044W: Beim Scannen nach Klassen- und Annotationsdaten ist eine Ausnahme eingetreten. Die Ausnahme war java.lang.RuntimeException
	at org.objectweb.asm.FieldVisitor.visitTypeAnnotation(Unknown Source)
	at [internal classes]
.
[WARNUNG ] CWWKC0044W: Beim Scannen nach Klassen- und Annotationsdaten ist eine Ausnahme eingetreten. Die Ausnahme war java.lang.RuntimeException
	at org.objectweb.asm.MethodVisitor.visitTypeAnnotation(Unknown Source)
	at [internal classes]
.
[WARNUNG ] CWWKC0044W: Beim Scannen nach Klassen- und Annotationsdaten ist eine Ausnahme eingetreten. Die Ausnahme war java.lang.RuntimeException
	at org.objectweb.asm.MethodVisitor.visitTypeAnnotation(Unknown Source)
	at [internal classes]
.
[WARNUNG ] CWWKC0044W: Beim Scannen nach Klassen- und Annotationsdaten ist eine Ausnahme eingetreten. Die Ausnahme war java.lang.RuntimeException
	at org.objectweb.asm.MethodVisitor.visitTypeAnnotation(Unknown Source)
	at [internal classes]
.
[WARNUNG ] CWWKC0044W: Beim Scannen nach Klassen- und Annotationsdaten ist eine Ausnahme eingetreten. Die Ausnahme war java.lang.RuntimeException
	at org.objectweb.asm.ClassVisitor.visitTypeAnnotation(Unknown Source)
	at [internal classes]
.
[WARNUNG ] CWWKC0044W: Beim Scannen nach Klassen- und Annotationsdaten ist eine Ausnahme eingetreten. Die Ausnahme war java.lang.RuntimeException
	at org.objectweb.asm.MethodVisitor.visitTypeAnnotation(Unknown Source)
	at [internal classes]
.
[WARNUNG ] CWWKC0044W: Beim Scannen nach Klassen- und Annotationsdaten ist eine Ausnahme eingetreten. Die Ausnahme war java.lang.RuntimeException
	at org.objectweb.asm.FieldVisitor.visitTypeAnnotation(Unknown Source)
	at [internal classes]
.
[WARNUNG ] CWWKC0044W: Beim Scannen nach Klassen- und Annotationsdaten ist eine Ausnahme eingetreten. Die Ausnahme war java.lang.RuntimeException
	at org.objectweb.asm.FieldVisitor.visitTypeAnnotation(Unknown Source)
	at [internal classes]
.
[WARNUNG ] CWWKC0044W: Beim Scannen nach Klassen- und Annotationsdaten ist eine Ausnahme eingetreten. Die Ausnahme war java.lang.RuntimeException
	at org.objectweb.asm.FieldVisitor.visitTypeAnnotation(Unknown Source)
	at [internal classes]
.
[WARNUNG ] CWWKC0044W: Beim Scannen nach Klassen- und Annotationsdaten ist eine Ausnahme eingetreten. Die Ausnahme war java.lang.RuntimeException
	at org.objectweb.asm.FieldVisitor.visitTypeAnnotation(Unknown Source)
	at [internal classes]
.
[WARNUNG ] CWWKC0044W: Beim Scannen nach Klassen- und Annotationsdaten ist eine Ausnahme eingetreten. Die Ausnahme war java.lang.RuntimeException
	at org.objectweb.asm.MethodVisitor.visitTypeAnnotation(Unknown Source)
	at [internal classes]
.
[WARNUNG ] CWWKC0044W: Beim Scannen nach Klassen- und Annotationsdaten ist eine Ausnahme eingetreten. Die Ausnahme war java.lang.RuntimeException
	at org.objectweb.asm.MethodVisitor.visitTypeAnnotation(Unknown Source)
	at [internal classes]
.
[WARNUNG ] CWWKC0044W: Beim Scannen nach Klassen- und Annotationsdaten ist eine Ausnahme eingetreten. Die Ausnahme war java.lang.RuntimeException
	at org.objectweb.asm.FieldVisitor.visitTypeAnnotation(Unknown Source)
	at [internal classes]
.
[WARNUNG ] CWWKC0044W: Beim Scannen nach Klassen- und Annotationsdaten ist eine Ausnahme eingetreten. Die Ausnahme war java.lang.RuntimeException
	at org.objectweb.asm.ClassVisitor.visitTypeAnnotation(Unknown Source)
	at [internal classes]
.
[WARNUNG ] CWWKC0044W: Beim Scannen nach Klassen- und Annotationsdaten ist eine Ausnahme eingetreten. Die Ausnahme war java.lang.RuntimeException
	at org.objectweb.asm.FieldVisitor.visitTypeAnnotation(Unknown Source)
	at [internal classes]
.
[WARNUNG ] CWWKC0044W: Beim Scannen nach Klassen- und Annotationsdaten ist eine Ausnahme eingetreten. Die Ausnahme war java.lang.RuntimeException
	at org.objectweb.asm.MethodVisitor.visitTypeAnnotation(Unknown Source)
	at [internal classes]
.
[WARNUNG ] CWWKC0044W: Beim Scannen nach Klassen- und Annotationsdaten ist eine Ausnahme eingetreten. Die Ausnahme war java.lang.RuntimeException
	at org.objectweb.asm.FieldVisitor.visitTypeAnnotation(Unknown Source)
	at [internal classes]
.
[WARNUNG ] CWWKC0044W: Beim Scannen nach Klassen- und Annotationsdaten ist eine Ausnahme eingetreten. Die Ausnahme war java.lang.RuntimeException
	at org.objectweb.asm.FieldVisitor.visitTypeAnnotation(Unknown Source)
	at [internal classes]
.
[WARNUNG ] CWWKC0044W: Beim Scannen nach Klassen- und Annotationsdaten ist eine Ausnahme eingetreten. Die Ausnahme war java.lang.RuntimeException
	at org.objectweb.asm.MethodVisitor.visitTypeAnnotation(Unknown Source)
	at [internal classes]
.
[WARNUNG ] CWWKC0044W: Beim Scannen nach Klassen- und Annotationsdaten ist eine Ausnahme eingetreten. Die Ausnahme war java.lang.RuntimeException
	at org.objectweb.asm.FieldVisitor.visitTypeAnnotation(Unknown Source)
	at [internal classes]
.
[WARNUNG ] CWWKC0044W: Beim Scannen nach Klassen- und Annotationsdaten ist eine Ausnahme eingetreten. Die Ausnahme war java.lang.RuntimeException
	at org.objectweb.asm.FieldVisitor.visitTypeAnnotation(Unknown Source)
	at [internal classes]
.
[WARNUNG ] CWWKC0044W: Beim Scannen nach Klassen- und Annotationsdaten ist eine Ausnahme eingetreten. Die Ausnahme war java.lang.RuntimeException
	at org.objectweb.asm.MethodVisitor.visitTypeAnnotation(Unknown Source)
	at [internal classes]
.
[WARNUNG ] CWWKC0044W: Beim Scannen nach Klassen- und Annotationsdaten ist eine Ausnahme eingetreten. Die Ausnahme war java.lang.RuntimeException
	at org.objectweb.asm.FieldVisitor.visitTypeAnnotation(Unknown Source)
	at [internal classes]
.
[INFORMATION] SRVE0169I: Das Webmodul wird geladen: ERP-light VIEW.
[INFORMATION] SRVE0250I: Das Webmodul ERP-light VIEW wurde an default_host gebunden.
[AUDIT   ] CWWKT0016I: Webanwendung verfügbar: (default_host): http://localhost:9080/ERP-light/
[INFORMATION] SESN8501I: Der Sitzungsmanager konnte keine persistente Speicherposition finden. HttpSession-Objekte werden im lokalen Anwendungsserverspeicher gespeichert.
[INFORMATION] SESN0176I: Es wird ein neuer Sitzungskontext für den Anwendungsschlüssel default_host/ERP-light erstellt.
[INFORMATION] SESN0172I: Der Sitzungsmanager verwendet die SecureRandom-Java-Standardimplementierung für die Generierung von Sitzungs-IDs.
[INFORMATION] SRVE0292I: Servletnachricht - [ERP-light-0.0.1-SNAPSHOT]:.No Spring WebApplicationInitializer types detected on classpath
[INFORMATION] SRVE0292I: Servletnachricht - [ERP-light-0.0.1-SNAPSHOT]:.Initializing Spring FrameworkServlet 'erp-light'
[INFORMATION] FrameworkServlet 'erp-light': initialization started
[INFORMATION] Refreshing WebApplicationContext for namespace 'erp-light-servlet': startup date [Thu Oct 27 20:15:46 CEST 2022]; root of context hierarchy
[INFORMATION] Loading XML bean definitions from ServletContext resource [/WEB-INF/erp-light-servlet.xml]
[INFORMATION] MLog clients using java 1.4+ standard logging.
[INFORMATION] Initializing c3p0-0.9.2.1 [built 20-March-2013 10:47:27 +0000; debug? true; trace: 10]
[INFORMATION] HCANN000001: Hibernate Commons Annotations {4.0.2.Final}
[INFORMATION] HHH000412: Hibernate Core {4.2.17.Final}
[INFORMATION] HHH000206: hibernate.properties not found
[INFORMATION] HHH000021: Bytecode provider name : javassist
[INFORMATION] HHH000044: Configuring from URL: wsjar:file:/D:/ERP-VIEW/ERP-light/target/ERP-light-0.0.1-SNAPSHOT.war!/WEB-INF/classes/hibernate.cfg.xml
[INFORMATION] HHH000041: Configured SessionFactory: null
[INFORMATION] Initializing c3p0 pool... com.mchange.v2.c3p0.ComboPooledDataSource [ acquireIncrement -> 1, acquireRetryAttempts -> 30, acquireRetryDelay -> 1000, autoCommitOnClose -> false, automaticTestTable -> null, breakAfterAcquireFailure -> false, checkoutTimeout -> 0, connectionCustomizerClassName -> null, connectionTesterClassName -> com.mchange.v2.c3p0.impl.DefaultConnectionTester, dataSourceName -> z8kfltas7e9umt1iez9dv|599f8658, debugUnreturnedConnectionStackTraces -> false, description -> null, driverClass -> org.postgresql.Driver, factoryClassLocation -> null, forceIgnoreUnresolvedTransactions -> false, identityToken -> z8kfltas7e9umt1iez9dv|599f8658, idleConnectionTestPeriod -> 0, initialPoolSize -> 2, jdbcUrl -> jdbc:postgresql://localhost:5434/erp, maxAdministrativeTaskTime -> 0, maxConnectionAge -> 0, maxIdleTime -> 0, maxIdleTimeExcessConnections -> 0, maxPoolSize -> 2, maxStatements -> 0, maxStatementsPerConnection -> 0, minPoolSize -> 0, numHelperThreads -> 3, preferredTestQuery -> null, properties -> {user=******, password=******}, propertyCycle -> 0, statementCacheNumDeferredCloseThreads -> 0, testConnectionOnCheckin -> false, testConnectionOnCheckout -> false, unreturnedConnectionTimeout -> 0, userOverrides -> {}, usesTraditionalReflectiveProxies -> false ]
[INFORMATION] HHH000400: Using dialect: org.hibernate.dialect.PostgreSQLDialect
[INFORMATION] HHH000424: Disabling contextual LOB creation as createClob() method threw error : java.lang.reflect.InvocationTargetException
[INFORMATION] HHH000399: Using default transaction strategy (direct JDBC transactions)
[INFORMATION] HHH000397: Using ASTQueryTranslatorFactory
[INFORMATION] Mapped "{[/secure/person/reducedData/getAllActive],methods=[],params=[],headers=[],consumes=[],produces=[],custom=[]}" onto public java.util.List<at.erp.light.view.dto.PersonDTO> at.erp.light.view.controller.adressmanagement.PersonController.getAllActivePersonsReducedData()
[INFORMATION] Mapped "{[/secure/person/countActive],methods=[],params=[],headers=[],consumes=[],produces=[],custom=[]}" onto public int at.erp.light.view.controller.adressmanagement.PersonController.getCountActivePersons()
[INFORMATION] Mapped "{[/secure/person/changeCurrentUserPassword],methods=[],params=[],headers=[],consumes=[],produces=[],custom=[]}" onto public at.erp.light.view.state.ControllerMessage at.erp.light.view.controller.adressmanagement.PersonController.changeCurrentUserPassword(javax.servlet.http.HttpServletRequest,at.erp.light.view.controller.adressmanagement.ChangePasswordObject) throws java.io.IOException
[INFORMATION] Mapped "{[/secure/person/getAllActive],methods=[],params=[],headers=[],consumes=[],produces=[],custom=[]}" onto public java.util.List<at.erp.light.view.dto.PersonDTO> at.erp.light.view.controller.adressmanagement.PersonController.getAllActivePersons()
[INFORMATION] Mapped "{[/secure/person/getActive],methods=[],params=[],headers=[],consumes=[],produces=[],custom=[]}" onto public java.util.List<at.erp.light.view.dto.PersonDTO> at.erp.light.view.controller.adressmanagement.PersonController.getAllActivePersons(int,int)
[INFORMATION] Mapped "{[/secure/person/resetPasswordForId/{id}],methods=[],params=[],headers=[],consumes=[],produces=[],custom=[]}" onto public at.erp.light.view.state.ControllerMessage at.erp.light.view.controller.adressmanagement.PersonController.resetPasswordForId(int,javax.servlet.http.HttpServletRequest) throws java.io.IOException,java.security.NoSuchAlgorithmException
[INFORMATION] Mapped "{[/secure/person/deletePersonById/{id}],methods=[],params=[],headers=[],consumes=[],produces=[],custom=[]}" onto public at.erp.light.view.state.ControllerMessage at.erp.light.view.controller.adressmanagement.PersonController.deletePersonById(int,javax.servlet.http.HttpServletRequest)
[INFORMATION] Mapped "{[/secure/person/getAllPersonsAsCSV],methods=[],params=[],headers=[],consumes=[],produces=[],custom=[]}" onto public void at.erp.light.view.controller.adressmanagement.PersonController.downloadCSV(javax.servlet.http.HttpServletRequest,javax.servlet.http.HttpServletResponse) throws java.io.IOException
[INFORMATION] Mapped "{[/secure/person/setPerson],methods=[],params=[],headers=[],consumes=[],produces=[],custom=[]}" onto at.erp.light.view.state.ControllerMessage at.erp.light.view.controller.adressmanagement.PersonController.setPerson(at.erp.light.view.dto.PersonDTO,javax.servlet.http.HttpServletRequest) throws java.security.NoSuchAlgorithmException,java.io.UnsupportedEncodingException
[INFORMATION] Mapped "{[/secure/person/getAll],methods=[],params=[],headers=[],consumes=[],produces=[],custom=[]}" onto public java.util.List<at.erp.light.view.dto.PersonDTO> at.erp.light.view.controller.adressmanagement.PersonController.getAllPersons()
[INFORMATION] Mapped "{[/secure/person/getPersonById/{id}],methods=[],params=[],headers=[],consumes=[],produces=[],custom=[]}" onto public at.erp.light.view.dto.PersonDTO at.erp.light.view.controller.adressmanagement.PersonController.getPersonById(int)
[INFORMATION] Mapped "{[/secure/person/getCurrentUser],methods=[],params=[],headers=[],consumes=[],produces=[],custom=[]}" onto public at.erp.light.view.dto.PersonDTO at.erp.light.view.controller.adressmanagement.PersonController.getCurrentUser(javax.servlet.http.HttpServletRequest,javax.servlet.http.HttpServletResponse)
[INFORMATION] Mapped "{[/secure/person/changeMyData],methods=[],params=[],headers=[],consumes=[],produces=[],custom=[]}" onto at.erp.light.view.state.ControllerMessage at.erp.light.view.controller.adressmanagement.PersonController.changeMyData(at.erp.light.view.dto.PersonDTO,javax.servlet.http.HttpServletRequest)
[INFORMATION] Mapped "{[/logout],methods=[],params=[],headers=[],consumes=[],produces=[],custom=[]}" onto public void at.erp.light.view.controller.authenticate.LogoutController.postListener(javax.servlet.http.HttpServletRequest,javax.servlet.http.HttpServletResponse)
[INFORMATION] Mapped "{[/secure/reports/address/generateAddressReport],methods=[],params=[],headers=[],consumes=[],produces=[],custom=[]}" onto public void at.erp.light.view.controller.reporting.AddressReportController.generateAddressReport(javax.servlet.http.HttpServletRequest,javax.servlet.http.HttpServletResponse) throws java.io.IOException,java.text.ParseException
[INFORMATION] Mapped "{[/secure/reports/address/generateEmailReport],methods=[],params=[],headers=[],consumes=[],produces=[],custom=[]}" onto public void at.erp.light.view.controller.reporting.AddressReportController.generateEmailReport(javax.servlet.http.HttpServletRequest,javax.servlet.http.HttpServletResponse) throws java.io.IOException,java.text.ParseException
[INFORMATION] Mapped "{[/secure/organisation/getAllOrganisations],methods=[],params=[],headers=[],consumes=[],produces=[],custom=[]}" onto public java.util.List<at.erp.light.view.dto.OrganisationDTO> at.erp.light.view.controller.adressmanagement.OrganisationController.getAllOrganisations()
[INFORMATION] Mapped "{[/secure/organisation/getOrganisationById/{id}],methods=[],params=[],headers=[],consumes=[],produces=[],custom=[]}" onto public at.erp.light.view.dto.OrganisationDTO at.erp.light.view.controller.adressmanagement.OrganisationController.getOrganisationById(int)
[INFORMATION] Mapped "{[/secure/organisation/deleteOrganisationById/{id}],methods=[],params=[],headers=[],consumes=[],produces=[],custom=[]}" onto public at.erp.light.view.state.ControllerMessage at.erp.light.view.controller.adressmanagement.OrganisationController.deleteOrganisationById(int,javax.servlet.http.HttpServletRequest)
[INFORMATION] Mapped "{[/secure/organisation/getAllActiveOrganisations],methods=[],params=[],headers=[],consumes=[],produces=[],custom=[]}" onto public java.util.List<at.erp.light.view.dto.OrganisationDTO> at.erp.light.view.controller.adressmanagement.OrganisationController.getAllActiveOrganisations()
[INFORMATION] Mapped "{[/secure/organisation/getAllOrganisationsAsCSV],methods=[],params=[],headers=[],consumes=[],produces=[],custom=[]}" onto public void at.erp.light.view.controller.adressmanagement.OrganisationController.downloadCSV(javax.servlet.http.HttpServletRequest,javax.servlet.http.HttpServletResponse) throws java.io.IOException
[INFORMATION] Mapped "{[/secure/organisation/setOrganisation],methods=[],params=[],headers=[],consumes=[],produces=[],custom=[]}" onto public at.erp.light.view.state.ControllerMessage at.erp.light.view.controller.adressmanagement.OrganisationController.setOrganisation(at.erp.light.view.dto.OrganisationDTO,javax.servlet.http.HttpServletRequest)
[INFORMATION] Mapped "{[/secure/organisation/reducedData/getAllOrganisations],methods=[],params=[],headers=[],consumes=[],produces=[],custom=[]}" onto public java.util.List<at.erp.light.view.dto.OrganisationDTO> at.erp.light.view.controller.adressmanagement.OrganisationController.getAllOrganisationsWithoutContactPersons()
[INFORMATION] Mapped "{[/secure/organisation/reducedData/getAllActiveOrganisations],methods=[],params=[],headers=[],consumes=[],produces=[],custom=[]}" onto public java.util.List<at.erp.light.view.dto.OrganisationDTO> at.erp.light.view.controller.adressmanagement.OrganisationController.getAllActiveOrganisationsWithoutContactPersons()
[INFORMATION] Mapped "{[/authenticate],methods=[],params=[],headers=[],consumes=[],produces=[],custom=[]}" onto public at.erp.light.view.state.ControllerMessage at.erp.light.view.controller.authenticate.LoginController.loginUser(javax.servlet.http.HttpServletRequest,javax.servlet.http.HttpServletResponse,at.erp.light.view.authenticate.Authentication)
[INFORMATION] Mapped "{[/secure/logging/getLatestLogs/{count}],methods=[],params=[],headers=[],consumes=[],produces=[],custom=[]}" onto public java.util.List<at.erp.light.view.dto.LoggingDTO> at.erp.light.view.controller.logging.LoggingController.getLatestLogs(int)
[INFORMATION] Mapped "{[/secure/reports/articles/generateDistributionReportByIncomingDeliveryId/{id}],methods=[],params=[],headers=[],consumes=[],produces=[],custom=[]}" onto public void at.erp.light.view.controller.reporting.ArticleReportController.generateDistributionReport(int,javax.servlet.http.HttpServletRequest,javax.servlet.http.HttpServletResponse) throws java.io.IOException,java.text.ParseException
[INFORMATION] Mapped "{[/secure/reports/articles/generateCSVReport],methods=[],params=[],headers=[],consumes=[],produces=[],custom=[]}" onto public void at.erp.light.view.controller.reporting.ArticleReportController.downloadCSV(javax.servlet.http.HttpServletRequest,javax.servlet.http.HttpServletResponse) throws java.io.IOException,java.text.ParseException
[INFORMATION] Mapped "{[/secure/reports/articles/getSingleData],methods=[],params=[],headers=[],consumes=[],produces=[],custom=[]}" onto public at.erp.light.view.dto.ReportDataDTO at.erp.light.view.controller.reporting.ArticleReportController.getSingleData(at.erp.light.view.controller.reporting.ReportCommand) throws java.io.IOException
[INFORMATION] Mapped "{[/secure/reports/articles/getListData],methods=[],params=[],headers=[],consumes=[],produces=[],custom=[]}" onto public java.util.List<at.erp.light.view.dto.ReportDataDTO> at.erp.light.view.controller.reporting.ArticleReportController.getListData(at.erp.light.view.controller.reporting.ReportCommand) throws java.io.IOException,java.text.ParseException
[INFORMATION] Mapped "{[/secure/reports/articles/generateDistributionReportByOrganisation/{org_id}/{begin}/{end}],methods=[],params=[],headers=[],consumes=[],produces=[],custom=[]}" onto public void at.erp.light.view.controller.reporting.ArticleReportController.generateDistributionReportByOrganisation(int,java.lang.String,java.lang.String,javax.servlet.http.HttpServletRequest,javax.servlet.http.HttpServletResponse) throws java.io.IOException,java.text.ParseException
[INFORMATION] Mapped "{[/secure/articlePUDistribution/updateDistributionList],methods=[],params=[],headers=[],consumes=[],produces=[],custom=[]}" onto public at.erp.light.view.state.ControllerMessage at.erp.light.view.controller.article.DistributionController.updateArticlePUDistributionList(java.util.List<at.erp.light.view.dto.InOutArticlePUDTO>,javax.servlet.http.HttpServletRequest)
[INFORMATION] Mapped "{[/secure/articlePUDistribution/deleteArticleById/{articleId}],methods=[],params=[],headers=[],consumes=[],produces=[],custom=[]}" onto public at.erp.light.view.state.ControllerMessage at.erp.light.view.controller.article.DistributionController.deleteArticleAndDistribution(int,javax.servlet.http.HttpServletRequest)
[INFORMATION] Mapped "{[/secure/articlePUDistribution/getListByArticleId/{articleId}],methods=[],params=[],headers=[],consumes=[],produces=[],custom=[]}" onto public java.util.List<at.erp.light.view.dto.InOutArticlePUDTO> at.erp.light.view.controller.article.DistributionController.getArticlePUDistributionListByArticleId(int)
[INFORMATION] Mapped "{[/secure/userdata],methods=[],params=[],headers=[],consumes=[],produces=[],custom=[]}" onto public java.lang.String at.erp.light.view.controller.authenticate.UserDataController.getUserData(javax.servlet.http.HttpServletRequest,javax.servlet.http.HttpServletResponse)
[INFORMATION] Mapped "{[/secure/getCurrentUsers],methods=[],params=[],headers=[],consumes=[],produces=[],custom=[]}" onto public java.lang.String at.erp.light.view.controller.authenticate.UserDataController.getCurrentUsers()
[INFORMATION] Mapped "{[/secure/generateDummyPersons],methods=[],params=[],headers=[],consumes=[],produces=[],custom=[]}" onto public java.lang.String at.erp.light.view.controller.testing.TestController.generateDummyPersons(int,int)
[INFORMATION] Mapped "{[/secure/generateDummyOrganisations],methods=[],params=[],headers=[],consumes=[],produces=[],custom=[]}" onto public java.lang.String at.erp.light.view.controller.testing.TestController.generateDummyOrganisations(int,int)
[INFORMATION] Mapped "{[/secure/generateDummyWaren],methods=[],params=[],headers=[],consumes=[],produces=[],custom=[]}" onto public java.lang.String at.erp.light.view.controller.testing.TestController.generateDummyWaren(int,int) throws java.lang.Exception
[INFORMATION] Mapped "{[/secure/HashPassword-default],methods=[],params=[],headers=[],consumes=[],produces=[],custom=[]}" onto public java.lang.String at.erp.light.view.controller.testing.TestController.hashPassword()
[INFORMATION] Mapped "{[/secure/admin/getDatabaseSize],methods=[],params=[],headers=[],consumes=[],produces=[],custom=[]}" onto public java.lang.String at.erp.light.view.controller.administration.AdminController.getDatabaseSize()
[INFORMATION] Mapped "{[/secure/category/deleteCategoryById/{id}],methods=[],params=[],headers=[],consumes=[],produces=[],custom=[]}" onto public at.erp.light.view.state.ControllerMessage at.erp.light.view.controller.adressmanagement.CategoryController.deleteCategoryById(int,javax.servlet.http.HttpServletRequest)
[INFORMATION] Mapped "{[/secure/category/getOrganisationsByCategoryId/{id}],methods=[],params=[],headers=[],consumes=[],produces=[],custom=[]}" onto public java.util.List<at.erp.light.view.dto.OrganisationDTO> at.erp.light.view.controller.adressmanagement.CategoryController.getOrganisationsByCategory(int)
[INFORMATION] Mapped "{[/secure/category/getCategoryById/{id}],methods=[],params=[],headers=[],consumes=[],produces=[],custom=[]}" onto public at.erp.light.view.dto.CategoryDTO at.erp.light.view.controller.adressmanagement.CategoryController.getCategoryById(int)
[INFORMATION] Mapped "{[/secure/category/getAllCategories],methods=[],params=[],headers=[],consumes=[],produces=[],custom=[]}" onto public java.util.List<at.erp.light.view.dto.CategoryDTO> at.erp.light.view.controller.adressmanagement.CategoryController.getAllCategories()
[INFORMATION] Mapped "{[/secure/category/setCategory],methods=[],params=[],headers=[],consumes=[],produces=[],custom=[]}" onto public at.erp.light.view.state.ControllerMessage at.erp.light.view.controller.adressmanagement.CategoryController.setCategory(at.erp.light.view.dto.CategoryDTO,javax.servlet.http.HttpServletRequest)
[INFORMATION] Mapped "{[/secure/incomingDelivery/getById/{id}],methods=[],params=[],headers=[],consumes=[],produces=[],custom=[]}" onto public at.erp.light.view.dto.IncomingDeliveryDTO at.erp.light.view.controller.article.DeliveryController.getIncomingDeliveryById(int)
[INFORMATION] Mapped "{[/secure/incomingDelivery/set],methods=[],params=[],headers=[],consumes=[],produces=[],custom=[]}" onto public at.erp.light.view.state.ControllerMessage at.erp.light.view.controller.article.DeliveryController.setIncomingDelivery(at.erp.light.view.dto.IncomingDeliveryDTO,javax.servlet.http.HttpServletRequest)
[INFORMATION] Mapped "{[/secure/incomingDelivery/setArchivedState/{id}/{state}],methods=[],params=[],headers=[],consumes=[],produces=[],custom=[]}" onto public at.erp.light.view.state.ControllerMessage at.erp.light.view.controller.article.DeliveryController.setIncomingDeliveryState(int,int,javax.servlet.http.HttpServletRequest)
[INFORMATION] Mapped "{[/secure/deliveryList/getById/{id}],methods=[],params=[],headers=[],consumes=[],produces=[],custom=[]}" onto public at.erp.light.view.dto.DeliveryListDTO at.erp.light.view.controller.article.DeliveryController.getDeliverListById(int)
[INFORMATION] Mapped "{[/secure/deliveryList/deleteById/{id}],methods=[],params=[],headers=[],consumes=[],produces=[],custom=[]}" onto public at.erp.light.view.state.ControllerMessage at.erp.light.view.controller.article.DeliveryController.deleteDeliveryListById(int,javax.servlet.http.HttpServletRequest)
[INFORMATION] Mapped "{[/secure/outgoingDelivery/setArchivedState/{id}/{state}],methods=[],params=[],headers=[],consumes=[],produces=[],custom=[]}" onto public at.erp.light.view.state.ControllerMessage at.erp.light.view.controller.article.DeliveryController.setOutgoingDeliveryState(int,int,javax.servlet.http.HttpServletRequest)
[INFORMATION] Mapped "{[/secure/outgoingDelivery/set],methods=[],params=[],headers=[],consumes=[],produces=[],custom=[]}" onto public at.erp.light.view.state.ControllerMessage at.erp.light.view.controller.article.DeliveryController.setOutgoingDelivery(at.erp.light.view.dto.OutgoingDeliveryDTO,javax.servlet.http.HttpServletRequest)
[INFORMATION] Mapped "{[/secure/deliveryList/setArchivedState/{id}/{state}],methods=[],params=[],headers=[],consumes=[],produces=[],custom=[]}" onto public at.erp.light.view.state.ControllerMessage at.erp.light.view.controller.article.DeliveryController.setDeliveryListState(int,int,javax.servlet.http.HttpServletRequest)
[INFORMATION] Mapped "{[/secure/incomingDelivery/deleteById/{id}],methods=[],params=[],headers=[],consumes=[],produces=[],custom=[]}" onto public at.erp.light.view.state.ControllerMessage at.erp.light.view.controller.article.DeliveryController.deleteIncomingDeliveryById(int,javax.servlet.http.HttpServletRequest)
[INFORMATION] Mapped "{[/secure/outgoingDelivery/getById/{id}],methods=[],params=[],headers=[],consumes=[],produces=[],custom=[]}" onto public at.erp.light.view.dto.OutgoingDeliveryDTO at.erp.light.view.controller.article.DeliveryController.getOutgoingDeliveryById(int)
[INFORMATION] Mapped "{[/secure/deliveryList/exportAsWord/{id}],methods=[],params=[],headers=[],consumes=[],produces=[],custom=[]}" onto public void at.erp.light.view.controller.article.DeliveryController.generateDeliveryListById(int,javax.servlet.http.HttpServletResponse)
[INFORMATION] Mapped "{[/secure/outgoingDelivery/getAll/{archieved}],methods=[],params=[],headers=[],consumes=[],produces=[],custom=[]}" onto public java.util.List<at.erp.light.view.dto.OutgoingDeliveryDTO> at.erp.light.view.controller.article.DeliveryController.getAllOutgoingDeliveries(int)
[INFORMATION] Mapped "{[/secure/outgoingDelivery/getAll],methods=[],params=[],headers=[],consumes=[],produces=[],custom=[]}" onto public java.util.List<at.erp.light.view.dto.OutgoingDeliveryDTO> at.erp.light.view.controller.article.DeliveryController.getAllOutgoingDeliveries()
[INFORMATION] Mapped "{[/secure/incomingDelivery/getByArticleId/{article_id}],methods=[],params=[],headers=[],consumes=[],produces=[],custom=[]}" onto public at.erp.light.view.dto.IncomingDeliveryDTO at.erp.light.view.controller.article.DeliveryController.getIncomingDeliveryByArticleId(int)
[INFORMATION] Mapped "{[/secure/outgoingDelivery/deleteById/{id}],methods=[],params=[],headers=[],consumes=[],produces=[],custom=[]}" onto public at.erp.light.view.state.ControllerMessage at.erp.light.view.controller.article.DeliveryController.deleteOutgoingDeliveryById(int,javax.servlet.http.HttpServletRequest)
[INFORMATION] Mapped "{[/secure/articles/getAvailableArticles],methods=[],params=[],headers=[],consumes=[],produces=[],custom=[]}" onto public java.util.List<at.erp.light.view.dto.AvailableArticleDTO> at.erp.light.view.controller.article.DeliveryController.getAvailableArticles()
[INFORMATION] Mapped "{[/secure/deliveryList/getAllUnarchived],methods=[],params=[],headers=[],consumes=[],produces=[],custom=[]}" onto public java.util.List<at.erp.light.view.dto.DeliveryListDTO> at.erp.light.view.controller.article.DeliveryController.getAllUnarchivedDeliveryLists()
[INFORMATION] Mapped "{[/secure/deliveryList/getAll],methods=[],params=[],headers=[],consumes=[],produces=[],custom=[]}" onto public java.util.List<at.erp.light.view.dto.DeliveryListDTO> at.erp.light.view.controller.article.DeliveryController.getAllDeliveryLists()
[INFORMATION] Mapped "{[/secure/incomingDelivery/getAll/{archieved}],methods=[],params=[],headers=[],consumes=[],produces=[],custom=[]}" onto public java.util.List<at.erp.light.view.dto.IncomingDeliveryDTO> at.erp.light.view.controller.article.DeliveryController.getAllIncomingDeliveries(int)
[INFORMATION] Mapped "{[/secure/incomingDelivery/getAll],methods=[],params=[],headers=[],consumes=[],produces=[],custom=[]}" onto public java.util.List<at.erp.light.view.dto.IncomingDeliveryDTO> at.erp.light.view.controller.article.DeliveryController.getAllIncomingDeliveries()
[INFORMATION] Mapped "{[/secure/deliveryList/set],methods=[],params=[],headers=[],consumes=[],produces=[],custom=[]}" onto public at.erp.light.view.state.ControllerMessage at.erp.light.view.controller.article.DeliveryController.setDeliveryList(at.erp.light.view.dto.DeliveryListDTO,javax.servlet.http.HttpServletRequest)
[INFORMATION] Mapped "{[/secure/outgoingDelivery/getAllByYearArchieved/{year}],methods=[],params=[],headers=[],consumes=[],produces=[],custom=[]}" onto public java.util.List<at.erp.light.view.dto.OutgoingDeliveryDTO> at.erp.light.view.controller.article.DeliveryController.getArchievedByYearOutgoingDeliveries(int)
[INFORMATION] Mapped "{[/secure/incomingDelivery/getAllByYearArchieved/{year}],methods=[],params=[],headers=[],consumes=[],produces=[],custom=[]}" onto public java.util.List<at.erp.light.view.dto.IncomingDeliveryDTO> at.erp.light.view.controller.article.DeliveryController.getArchievedByYearIncomingDeliveries(int)
[INFORMATION] Mapped "{[/secure/incomingDelivery/getAllUnarchived],methods=[],params=[],headers=[],consumes=[],produces=[],custom=[]}" onto public java.util.List<at.erp.light.view.dto.IncomingDeliveryDTO> at.erp.light.view.controller.article.DeliveryController.getAllunarchivedIncomingDeliveries()
[INFORMATION] Mapped "{[/secure/outgoingDelivery/getAllUnarchived],methods=[],params=[],headers=[],consumes=[],produces=[],custom=[]}" onto public java.util.List<at.erp.light.view.dto.OutgoingDeliveryDTO> at.erp.light.view.controller.article.DeliveryController.getAllUnarchivedOutgoingDeliveries()
[INFORMATION] Mapped "{[/secure/outgoingDelivery/getAllAvailables],methods=[],params=[],headers=[],consumes=[],produces=[],custom=[]}" onto public java.util.List<at.erp.light.view.dto.OutgoingDeliveryDTO> at.erp.light.view.controller.article.DeliveryController.getAllAvailableOutgoingDeliveries()
[INFORMATION] Mapped "{[/secure/incomingDelivery/getByYearAndOrganisation/{org_id}/{begin}/{end}],methods=[],params=[],headers=[],consumes=[],produces=[],custom=[]}" onto public java.util.List<at.erp.light.view.dto.IncomingDeliveryDTO> at.erp.light.view.controller.article.DeliveryController.getByYearAndOrganisationIncomingDeliveries(int,java.lang.String,java.lang.String)
[INFORMATION] Mapped "{[/secure/reporting/runSQLQuery],methods=[],params=[],headers=[],consumes=[],produces=[],custom=[]}" onto public void at.erp.light.view.controller.reporting.GenericReportController.exportCustomQuery(javax.servlet.http.HttpServletRequest,javax.servlet.http.HttpServletResponse)
[INFORMATION] Looking for @ControllerAdvice: WebApplicationContext for namespace 'erp-light-servlet': startup date [Thu Oct 27 20:15:46 CEST 2022]; root of context hierarchy
[INFORMATION] Looking for @ControllerAdvice: WebApplicationContext for namespace 'erp-light-servlet': startup date [Thu Oct 27 20:15:46 CEST 2022]; root of context hierarchy
[INFORMATION] Using DataSource [com.mchange.v2.c3p0.ComboPooledDataSource [ acquireIncrement -> 1, acquireRetryAttempts -> 30, acquireRetryDelay -> 1000, autoCommitOnClose -> false, automaticTestTable -> null, breakAfterAcquireFailure -> false, checkoutTimeout -> 0, connectionCustomizerClassName -> null, connectionTesterClassName -> com.mchange.v2.c3p0.impl.DefaultConnectionTester, dataSourceName -> z8kfltas7e9umt1iez9dv|599f8658, debugUnreturnedConnectionStackTraces -> false, description -> null, driverClass -> org.postgresql.Driver, factoryClassLocation -> null, forceIgnoreUnresolvedTransactions -> false, identityToken -> z8kfltas7e9umt1iez9dv|599f8658, idleConnectionTestPeriod -> 0, initialPoolSize -> 2, jdbcUrl -> jdbc:postgresql://localhost:5434/erp, maxAdministrativeTaskTime -> 0, maxConnectionAge -> 0, maxIdleTime -> 0, maxIdleTimeExcessConnections -> 0, maxPoolSize -> 2, maxStatements -> 0, maxStatementsPerConnection -> 0, minPoolSize -> 0, numHelperThreads -> 3, preferredTestQuery -> null, properties -> {user=******, password=******}, propertyCycle -> 0, statementCacheNumDeferredCloseThreads -> 0, testConnectionOnCheckin -> false, testConnectionOnCheckout -> false, unreturnedConnectionTimeout -> 0, userOverrides -> {}, usesTraditionalReflectiveProxies -> false ]] of Hibernate SessionFactory for HibernateTransactionManager
[INFORMATION] FrameworkServlet 'erp-light': initialization completed in 6036 ms
[INFORMATION] SRVE0242I: [ERP-light] [/ERP-light] [erp-light]: Initialisierung erfolgreich.
[AUDIT   ] CWWKZ0001I: Die Anwendung ERP-light ist nach 24,219 Sekunden gestartet.
[AUDIT   ] CWWKF0012I: Im Server wurden die folgenden Features installiert: [servlet-3.0, jsp-2.2, ssl-1.0, localConnector-1.0].
[INFORMATION] CWWKF0008I: Die Featureaktualisierung wurde in 26,169 Sekunden durchgeführt.
[AUDIT   ] CWWKF0011I: Der Server ERPLibertyServer ist bereit.
[ERROR   ] CWWKO0801E: Die SSL-Verbindung kann nicht initialisiert werden. Der unbefugte Zugriff wurde verweigert, oder die Sicherheitseinstellungen sind abgelaufen. Ausnahme: javax.net.ssl.SSLException: Received fatal alert: certificate_unknown
	at sun.security.ssl.Alerts.getSSLException(Alerts.java:214)
	at sun.security.ssl.SSLEngineImpl.fatal(SSLEngineImpl.java:1666)
	at sun.security.ssl.SSLEngineImpl.fatal(SSLEngineImpl.java:1634)
	at sun.security.ssl.SSLEngineImpl.recvAlert(SSLEngineImpl.java:1800)
	at sun.security.ssl.SSLEngineImpl.readRecord(SSLEngineImpl.java:1089)
	at sun.security.ssl.SSLEngineImpl.readNetRecord(SSLEngineImpl.java:912)
	at sun.security.ssl.SSLEngineImpl.unwrap(SSLEngineImpl.java:782)
	at javax.net.ssl.SSLEngine.unwrap(SSLEngine.java:626)
	at com.ibm.ws.channel.ssl.internal.SSLUtils.handleHandshake(SSLUtils.java:870)
	at [internal classes]

[ERROR   ] CWWKO0801E: Die SSL-Verbindung kann nicht initialisiert werden. Der unbefugte Zugriff wurde verweigert, oder die Sicherheitseinstellungen sind abgelaufen. Ausnahme: javax.net.ssl.SSLException: Received fatal alert: certificate_unknown
	at sun.security.ssl.Alerts.getSSLException(Alerts.java:214)
	at sun.security.ssl.SSLEngineImpl.fatal(SSLEngineImpl.java:1666)
	at sun.security.ssl.SSLEngineImpl.fatal(SSLEngineImpl.java:1634)
	at sun.security.ssl.SSLEngineImpl.recvAlert(SSLEngineImpl.java:1800)
	at sun.security.ssl.SSLEngineImpl.readRecord(SSLEngineImpl.java:1089)
	at sun.security.ssl.SSLEngineImpl.readNetRecord(SSLEngineImpl.java:912)
	at sun.security.ssl.SSLEngineImpl.unwrap(SSLEngineImpl.java:782)
	at javax.net.ssl.SSLEngine.unwrap(SSLEngine.java:626)
	at com.ibm.ws.channel.ssl.internal.SSLUtils.handleHandshake(SSLUtils.java:870)
	at [internal classes]

[INFORMATION] Authenticating user: guenter.weiss@view-salzburg.at
[INFORMATION] Authenticating user: dagmar.niederstaetter@view-salzburg.at
[INFORMATION] Found User: Dagmar Niederstätter Id: 811
[INFORMATION] Login successful.
[INFORMATION] returning current user!
[INFORMATION] returning current user!
[ERROR   ] CWWKO0801E: Die SSL-Verbindung kann nicht initialisiert werden. Der unbefugte Zugriff wurde verweigert, oder die Sicherheitseinstellungen sind abgelaufen. Ausnahme: javax.net.ssl.SSLException: Received fatal alert: certificate_unknown
	at sun.security.ssl.Alerts.getSSLException(Alerts.java:214)
	at sun.security.ssl.SSLEngineImpl.fatal(SSLEngineImpl.java:1666)
	at sun.security.ssl.SSLEngineImpl.fatal(SSLEngineImpl.java:1634)
	at sun.security.ssl.SSLEngineImpl.recvAlert(SSLEngineImpl.java:1800)
	at sun.security.ssl.SSLEngineImpl.readRecord(SSLEngineImpl.java:1089)
	at sun.security.ssl.SSLEngineImpl.readNetRecord(SSLEngineImpl.java:912)
	at sun.security.ssl.SSLEngineImpl.unwrap(SSLEngineImpl.java:782)
	at javax.net.ssl.SSLEngine.unwrap(SSLEngine.java:626)
	at com.ibm.ws.channel.ssl.internal.SSLUtils.handleHandshake(SSLUtils.java:870)
	at [internal classes]

[ERROR   ] CWWKO0801E: Die SSL-Verbindung kann nicht initialisiert werden. Der unbefugte Zugriff wurde verweigert, oder die Sicherheitseinstellungen sind abgelaufen. Ausnahme: javax.net.ssl.SSLException: Received fatal alert: certificate_unknown
	at sun.security.ssl.Alerts.getSSLException(Alerts.java:214)
	at sun.security.ssl.SSLEngineImpl.fatal(SSLEngineImpl.java:1666)
	at sun.security.ssl.SSLEngineImpl.fatal(SSLEngineImpl.java:1634)
	at sun.security.ssl.SSLEngineImpl.recvAlert(SSLEngineImpl.java:1800)
	at sun.security.ssl.SSLEngineImpl.readRecord(SSLEngineImpl.java:1089)
	at sun.security.ssl.SSLEngineImpl.readNetRecord(SSLEngineImpl.java:912)
	at sun.security.ssl.SSLEngineImpl.unwrap(SSLEngineImpl.java:782)
	at javax.net.ssl.SSLEngine.unwrap(SSLEngine.java:626)
	at com.ibm.ws.channel.ssl.internal.SSLUtils.handleHandshake(SSLUtils.java:870)
	at [internal classes]

[ERROR   ] CWWKO0801E: Die SSL-Verbindung kann nicht initialisiert werden. Der unbefugte Zugriff wurde verweigert, oder die Sicherheitseinstellungen sind abgelaufen. Ausnahme: javax.net.ssl.SSLException: Received fatal alert: certificate_unknown
	at sun.security.ssl.Alerts.getSSLException(Alerts.java:214)
	at sun.security.ssl.SSLEngineImpl.fatal(SSLEngineImpl.java:1666)
	at sun.security.ssl.SSLEngineImpl.fatal(SSLEngineImpl.java:1634)
	at sun.security.ssl.SSLEngineImpl.recvAlert(SSLEngineImpl.java:1800)
	at sun.security.ssl.SSLEngineImpl.readRecord(SSLEngineImpl.java:1089)
	at sun.security.ssl.SSLEngineImpl.readNetRecord(SSLEngineImpl.java:912)
	at sun.security.ssl.SSLEngineImpl.unwrap(SSLEngineImpl.java:782)
	at javax.net.ssl.SSLEngine.unwrap(SSLEngine.java:626)
	at com.ibm.ws.channel.ssl.internal.SSLUtils.handleHandshake(SSLUtils.java:870)
	at [internal classes]

[AUDIT   ] CWWKE0055I: Herunterfahren des Servers angefordert am Donnerstag, 27. Oktober 2022 um 20:16. Der Server ERPLibertyServer wird beendet.
[AUDIT   ] CWWKT0017I: Webanwendung entfernt (default_host): http://localhost:9080/ERP-light/
[INFORMATION] SRVE0292I: Servletnachricht - [ERP-light-0.0.1-SNAPSHOT]:.Destroying Spring FrameworkServlet 'erp-light'
[INFORMATION] Closing WebApplicationContext for namespace 'erp-light-servlet': startup date [Thu Oct 27 20:15:46 CEST 2022]; root of context hierarchy
[INFORMATION] SRVE0253I: [ERP-light] [/ERP-light] [erp-light]: Löschen erfolgreich.
[AUDIT   ] CWWKZ0009I: Die Anwendung ERP-light wurde erfolgreich gestoppt.
[INFORMATION] CWWKO0220I: Der TCP-Kanal defaultHttpEndpoint-ssl ist auf Host DESKTOP-2DAGKBH  (IPv4: 127.0.0.1) an Port 9443 nicht mehr für Anforderungen empfangsbereit.
[INFORMATION] CWWKO0220I: Der TCP-Kanal defaultHttpEndpoint ist auf Host DESKTOP-2DAGKBH  (IPv4: 127.0.0.1) an Port 9080 nicht mehr für Anforderungen empfangsbereit.
[AUDIT   ] CWWKE0036I: Der Server ERPLibertyServer wurde nach 1 Minuten, 16,818 Sekunden gestoppt.
Java HotSpot(TM) 64-Bit Server VM warning: ignoring option MaxPermSize=256m; support was removed in 8.0
Please use CMSClassUnloadingEnabled in place of CMSPermGenSweepingEnabled in the future
