------Start of DE processing------ = [08.10.21 09:32:27:436 MESZ]
Exception = org.springframework.web.util.NestedServletException
Source = com.ibm.ws.webcontainer.filter.WebAppFilterChain.doFilter
probeid = 82
Stack Dump = org.springframework.web.util.NestedServletException: Request processing failed; nested exception is org.springframework.transaction.TransactionSystemException: Could not roll back Hibernate transaction; nested exception is org.hibernate.TransactionException: rollback failed
	at org.springframework.web.servlet.FrameworkServlet.processRequest(FrameworkServlet.java:978)
	at org.springframework.web.servlet.FrameworkServlet.doPost(FrameworkServlet.java:868)
	at javax.servlet.http.HttpServlet.service(HttpServlet.java:595)
	at org.springframework.web.servlet.FrameworkServlet.service(FrameworkServlet.java:842)
	at javax.servlet.http.HttpServlet.service(HttpServlet.java:668)
	at com.ibm.ws.webcontainer.servlet.ServletWrapper.service(ServletWrapper.java:1275)
	at com.ibm.ws.webcontainer.servlet.ServletWrapper.handleRequest(ServletWrapper.java:766)
	at com.ibm.ws.webcontainer.servlet.ServletWrapper.handleRequest(ServletWrapper.java:472)
	at com.ibm.ws.webcontainer.filter.WebAppFilterChain.invokeTarget(WebAppFilterChain.java:135)
	at com.ibm.ws.webcontainer.filter.WebAppFilterChain.doFilter(WebAppFilterChain.java:89)
	at at.erp.light.view.filter.SecurityFilter.doFilter(SecurityFilter.java:72)
	at com.ibm.ws.webcontainer.filter.FilterInstanceWrapper.doFilter(FilterInstanceWrapper.java:192)
	at com.ibm.ws.webcontainer.filter.WebAppFilterChain.doFilter(WebAppFilterChain.java:86)
	at com.ibm.ws.webcontainer.filter.WebAppFilterManager.doFilter(WebAppFilterManager.java:975)
	at com.ibm.ws.webcontainer.filter.WebAppFilterManager.invokeFilters(WebAppFilterManager.java:1097)
	at com.ibm.ws.webcontainer.servlet.CacheServletWrapper.handleRequest(CacheServletWrapper.java:81)
	at com.ibm.ws.webcontainer.WebContainer.handleRequest(WebContainer.java:912)
	at com.ibm.ws.webcontainer.osgi.DynamicVirtualHost$2.run(DynamicVirtualHost.java:262)
	at com.ibm.ws.http.dispatcher.internal.channel.HttpDispatcherLink$TaskWrapper.run(HttpDispatcherLink.java:938)
	at java.util.concurrent.ThreadPoolExecutor.runWorker(ThreadPoolExecutor.java:1149)
	at java.util.concurrent.ThreadPoolExecutor$Worker.run(ThreadPoolExecutor.java:624)
	at java.lang.Thread.run(Thread.java:748)
Caused by: org.springframework.transaction.TransactionSystemException: Could not roll back Hibernate transaction; nested exception is org.hibernate.TransactionException: rollback failed
	at org.springframework.orm.hibernate4.HibernateTransactionManager.doRollback(HibernateTransactionManager.java:581)
	at org.springframework.transaction.support.AbstractPlatformTransactionManager.processRollback(AbstractPlatformTransactionManager.java:849)
	at org.springframework.transaction.support.AbstractPlatformTransactionManager.rollback(AbstractPlatformTransactionManager.java:826)
	at org.springframework.transaction.interceptor.TransactionAspectSupport.completeTransactionAfterThrowing(TransactionAspectSupport.java:514)
	at org.springframework.transaction.interceptor.TransactionAspectSupport.invokeWithinTransaction(TransactionAspectSupport.java:270)
	at org.springframework.transaction.interceptor.TransactionInterceptor.invoke(TransactionInterceptor.java:95)
	at org.springframework.aop.framework.ReflectiveMethodInvocation.proceed(ReflectiveMethodInvocation.java:179)
	at org.springframework.aop.framework.JdkDynamicAopProxy.invoke(JdkDynamicAopProxy.java:207)
	at com.sun.proxy.$Proxy40.getAllActivePersons(Unknown Source)
	at at.erp.light.view.controller.adressmanagement.PersonController.getAllActivePersons(PersonController.java:97)
	at sun.reflect.NativeMethodAccessorImpl.invoke0(Native Method)
	at sun.reflect.NativeMethodAccessorImpl.invoke(NativeMethodAccessorImpl.java:62)
	at sun.reflect.DelegatingMethodAccessorImpl.invoke(DelegatingMethodAccessorImpl.java:43)
	at java.lang.reflect.Method.invoke(Method.java:498)
	at org.springframework.web.method.support.InvocableHandlerMethod.invoke(InvocableHandlerMethod.java:215)
	at org.springframework.web.method.support.InvocableHandlerMethod.invokeForRequest(InvocableHandlerMethod.java:132)
	at org.springframework.web.servlet.mvc.method.annotation.ServletInvocableHandlerMethod.invokeAndHandle(ServletInvocableHandlerMethod.java:104)
	at org.springframework.web.servlet.mvc.method.annotation.RequestMappingHandlerAdapter.invokeHandleMethod(RequestMappingHandlerAdapter.java:781)
	at org.springframework.web.servlet.mvc.method.annotation.RequestMappingHandlerAdapter.handleInternal(RequestMappingHandlerAdapter.java:721)
	at org.springframework.web.servlet.mvc.method.AbstractHandlerMethodAdapter.handle(AbstractHandlerMethodAdapter.java:83)
	at org.springframework.web.servlet.DispatcherServlet.doDispatch(DispatcherServlet.java:943)
	at org.springframework.web.servlet.DispatcherServlet.doService(DispatcherServlet.java:877)
	at org.springframework.web.servlet.FrameworkServlet.processRequest(FrameworkServlet.java:966)
	... 21 more
Caused by: org.hibernate.TransactionException: rollback failed
	at org.hibernate.engine.transaction.spi.AbstractTransactionImpl.rollback(AbstractTransactionImpl.java:215)
	at org.springframework.orm.hibernate4.HibernateTransactionManager.doRollback(HibernateTransactionManager.java:578)
	... 43 more
Caused by: org.hibernate.TransactionException: unable to rollback against JDBC connection
	at org.hibernate.engine.transaction.internal.jdbc.JdbcTransaction.doRollback(JdbcTransaction.java:167)
	at org.hibernate.engine.transaction.spi.AbstractTransactionImpl.rollback(AbstractTransactionImpl.java:209)
	... 44 more
Caused by: org.postgresql.util.PSQLException: This connection has been closed.
	at org.postgresql.jdbc.PgConnection.checkClosed(PgConnection.java:880)
	at org.postgresql.jdbc.PgConnection.rollback(PgConnection.java:887)
	at com.mchange.v2.c3p0.impl.NewProxyConnection.rollback(NewProxyConnection.java:860)
	at org.hibernate.engine.transaction.internal.jdbc.JdbcTransaction.doRollback(JdbcTransaction.java:163)
	... 45 more

Dump of callerThis
Object type = com.ibm.ws.webcontainer.filter.WebAppFilterChain
  _filters = class java.util.ArrayList@41d5685b
    serialVersionUID = 8683452581122892189
    DEFAULT_CAPACITY = 10
    EMPTY_ELEMENTDATA = class java.lang.Object[0]
    DEFAULTCAPACITY_EMPTY_ELEMENTDATA = class java.lang.Object[0]
    elementData = class java.lang.Object[5]
      elementData[0] = class com.ibm.ws.webcontainer.filter.FilterInstanceWrapper@18182ba2
      elementData[1] = null
      elementData[2] = null
      elementData[3] = null
      elementData[4] = null
    size = 1
    MAX_ARRAY_SIZE = 2147483639
    modCount = 1
    MAX_ARRAY_SIZE = 2147483639
  _currentFilterIndex = 1
  _numberOfFilters = 1
  requestProcessor = class com.ibm.ws.webcontainer.osgi.servlet.ServletWrapper@14d6589c
    serialVersionUID = 1
    _mo = class com.ibm.ws.managedobject.internal.ManagedObjectImpl@4912a838
      serialVersionUID = 2312695316196219051
      object = "<sensitive org.springframework.web.servlet.DispatcherServlet@44b3ce06>"
      $$$tc$$$ = class com.ibm.websphere.ras.TraceComponent@72b7def2
    serialVersionUID = -4479626085298397598
    notifyInvocationListeners = false
    UNINITIALIZED_STATE = -1
    AVAILABLE_STATE = 0
    UNAVAILABLE_STATE = 1
    UNAVAILABLE_PERMANENTLY_STATE = 2
    collabHelper = class com.ibm.ws.webcontainer.osgi.collaborator.CollaboratorHelperImpl@6c1673db
    nServicing = class java.util.concurrent.atomic.AtomicInteger@3790a771
      serialVersionUID = 6214790243416807050
      unsafe = class sun.misc.Unsafe@6b63ff95
      valueOffset = 12
      value = 0
      serialVersionUID = -8742448824652078965
    lastAccessTime = 1633677861719
    state = 0
    logger = class com.ibm.ws.logging.internal.WsLogger@26ca921e
      tc = class com.ibm.websphere.ras.TraceComponent@13c576c7
      ivCachedResourceBundleName = "com.ibm.ws.webcontainer.resources.Messages"
      ivCachedResourceBundle = class com.ibm.ws.webcontainer.resources.Messages_de@66e61cde
      ivComponent = null
      ivOrganization = null
      ivProduct = null
      ivMinimumLocalizationLevelIntValue = 625
      ivGroupName = null
      ivTC = class com.ibm.websphere.ras.TraceComponent@6c654ac8
      loggerRegistrationComponent = class java.lang.ThreadLocal@39b158df
      emptyHandlers = class java.util.logging.Handler[0]
      offValue = 2147483647
      SYSTEM_LOGGER_RB_NAME = "sun.util.logging.resources.logging"
      SYSTEM_BUNDLE = class java.util.logging.Logger$LoggerBundle@40e62ba0
      NO_RESOURCE_BUNDLE = class java.util.logging.Logger$LoggerBundle@2e72af77
      manager = class com.ibm.ws.kernel.boot.logging.WsLogManager@1d366dc6
      name = "com.ibm.ws.webcontainer.servlet"
      handlers = class java.util.concurrent.CopyOnWriteArrayList@af8d4db
      loggerBundle = class java.util.logging.Logger$LoggerBundle@32936c0f
      useParentHandlers = true
      filter = null
      anonymous = false
      catalog = class com.ibm.ws.webcontainer.resources.Messages_de@66e61cde
      catalogName = "com.ibm.ws.webcontainer.resources.Messages"
      catalogLocale = class java.util.Locale@77afeaab
      treeLock = class java.lang.Object@6f30dfab
      parent = class com.ibm.ws.logging.internal.WsLogger@5257de3d
      kids = null
      levelObject = class java.util.logging.Level@443881c0
      levelValue = 800
      callersClassLoaderRef = class java.lang.ref.WeakReference@5d03d3b9
      isSystemLogger = false
      GLOBAL_LOGGER_NAME = "global"
      global = class java.util.logging.Logger@256e82eb
      $assertionsDisabled = true
    CLASS_NAME = "com.ibm.ws.webcontainer.servlet.ServletWrapper"
    nls = class com.ibm.ejs.ras.TraceNLS@2366aeeb
      resolver = class com.ibm.ws.logging.internal.TraceNLSResolver@7daa955f
      finder = null
      ivBundleName = "com.ibm.ws.webcontainer.resources.Messages"
      caller = class java.lang.Class@6b9f8152
    servletConfig = class com.ibm.ws.webcontainer.servlet.ServletConfig@34e43ec4
      logger = class com.ibm.ws.logging.internal.WsLogger@26ca921e
      CLASS_NAME = "com.ibm.ws.webcontainer.servlet.ServletConfig"
      nls = class com.ibm.ejs.ras.TraceNLS@65a75524
      liberty_nls = class com.ibm.ejs.ras.TraceNLS@18a08fee
      enabled = true
      servletName = "erp-light"
      className = "org.springframework.web.servlet.DispatcherServlet"
      mappings = class java.util.ArrayList@20b6647b
      startUpWeight = 1
      DEFAULT_STARTUP = -1
      isCachingEnabled = true
      isStatisticsEnabled = true
      isInternal = false
      metaData = class com.ibm.ws.webcontainer.osgi.metadata.WebComponentMetaDataImpl@4c6defd2
      singleThreadModelServlet = false
      isJsp = false
      webAppConfig = class com.ibm.ws.webcontainer.osgi.webapp.WebAppConfiguration@3017e089
      servletWrapper = class com.ibm.ws.webcontainer.osgi.servlet.ServletWrapper@14d6589c
      servletClass = null
      servlet = null
      addedToLoadOnStartup = true
      previousWeight = null
      multipartConfig = null
      multipartConfigBaseLocation = null
      runAsRole = null
      servletSecurityElement = null
      declareRolesAnnotation = null
      logger = class com.ibm.ws.logging.internal.WsLogger@26ca921e
      CLASS_NAME = "com.ibm.ws.webcontainer.servlet.TargetConfig"
      initParams = null
      fileName = null
      displayName = null
      name = "erp-light"
      description = null
      smallIcon = null
      largeIcon = null
      context = class com.ibm.wsspi.webcontainer.facade.ServletContextFacade@1bc161ba
      className = null
      asyncSupported = false
      _id = "ServletGeneratedId1"
      _attributes = null
      serialVersionUID = 7511545662945734886
      $$$tc$$$ = class com.ibm.websphere.ras.TraceComponent@3c7c95c5
    context = class com.ibm.ws.webcontainer.osgi.webapp.WebApp@26b04924
    target = class org.springframework.web.servlet.DispatcherServlet@44b3ce06
      MULTIPART_RESOLVER_BEAN_NAME = "multipartResolver"
      LOCALE_RESOLVER_BEAN_NAME = "localeResolver"
      THEME_RESOLVER_BEAN_NAME = "themeResolver"
      HANDLER_MAPPING_BEAN_NAME = "handlerMapping"
      HANDLER_ADAPTER_BEAN_NAME = "handlerAdapter"
      HANDLER_EXCEPTION_RESOLVER_BEAN_NAME = "handlerExceptionResolver"
      REQUEST_TO_VIEW_NAME_TRANSLATOR_BEAN_NAME = "viewNameTranslator"
      VIEW_RESOLVER_BEAN_NAME = "viewResolver"
      FLASH_MAP_MANAGER_BEAN_NAME = "flashMapManager"
      WEB_APPLICATION_CONTEXT_ATTRIBUTE = "org.springframework.web.servlet.DispatcherServlet.CONTEXT"
      LOCALE_RESOLVER_ATTRIBUTE = "org.springframework.web.servlet.DispatcherServlet.LOCALE_RESOLVER"
      THEME_RESOLVER_ATTRIBUTE = "org.springframework.web.servlet.DispatcherServlet.THEME_RESOLVER"
      THEME_SOURCE_ATTRIBUTE = "org.springframework.web.servlet.DispatcherServlet.THEME_SOURCE"
      INPUT_FLASH_MAP_ATTRIBUTE = "org.springframework.web.servlet.DispatcherServlet.INPUT_FLASH_MAP"
      OUTPUT_FLASH_MAP_ATTRIBUTE = "org.springframework.web.servlet.DispatcherServlet.OUTPUT_FLASH_MAP"
      FLASH_MAP_MANAGER_ATTRIBUTE = "org.springframework.web.servlet.DispatcherServlet.FLASH_MAP_MANAGER"
      EXCEPTION_ATTRIBUTE = "org.springframework.web.servlet.DispatcherServlet.EXCEPTION"
      PAGE_NOT_FOUND_LOG_CATEGORY = "org.springframework.web.servlet.PageNotFound"
      DEFAULT_STRATEGIES_PATH = "DispatcherServlet.properties"
      pageNotFoundLogger = class org.apache.commons.logging.impl.Jdk14Logger@3cfdaed5
      defaultStrategies = class java.util.Properties@461237c8
      detectAllHandlerMappings = true
      detectAllHandlerAdapters = true
      detectAllHandlerExceptionResolvers = true
      detectAllViewResolvers = true
      throwExceptionIfNoHandlerFound = false
      cleanupAfterInclude = true
      multipartResolver = null
      localeResolver = class org.springframework.web.servlet.i18n.AcceptHeaderLocaleResolver@15a5776b
      themeResolver = class org.springframework.web.servlet.theme.FixedThemeResolver@34339c08
      handlerMappings = class java.util.ArrayList@65e9075d
      handlerAdapters = class java.util.ArrayList@3292c05f
      handlerExceptionResolvers = class java.util.ArrayList@cb2f749
      viewNameTranslator = class org.springframework.web.servlet.view.DefaultRequestToViewNameTranslator@2449f90b
      flashMapManager = class org.springframework.web.servlet.support.SessionFlashMapManager@937c130
      viewResolvers = class java.util.ArrayList@2d037871
      DEFAULT_NAMESPACE_SUFFIX = "-servlet"
      DEFAULT_CONTEXT_CLASS = class java.lang.Class@6ed3d0d7
      SERVLET_CONTEXT_PREFIX = "org.springframework.web.servlet.FrameworkServlet.CONTEXT."
      INIT_PARAM_DELIMITERS = ",; 	
"
      responseGetStatusAvailable = true
      contextAttribute = null
      contextClass = class java.lang.Class@6ed3d0d7
      contextId = null
      namespace = null
      contextConfigLocation = null
      contextInitializers = class java.util.ArrayList@3690ca27
      contextInitializerClasses = null
      publishContext = true
      publishEvents = true
      threadContextInheritable = false
      dispatchOptionsRequest = false
      dispatchTraceRequest = false
      webApplicationContext = class org.springframework.web.context.support.XmlWebApplicationContext@32256376
      webApplicationContextInjected = false
      refreshEventReceived = true
      logger = class org.apache.commons.logging.impl.Jdk14Logger@5d7afc5f
      requiredProperties = class java.util.HashSet@6a739881
      environment = class org.springframework.web.context.support.StandardServletEnvironment@5c85b54e
      METHOD_DELETE = "DELETE"
      METHOD_HEAD = "HEAD"
      METHOD_GET = "GET"
      METHOD_OPTIONS = "OPTIONS"
      METHOD_POST = "POST"
      METHOD_PUT = "PUT"
      METHOD_TRACE = "TRACE"
      HEADER_IFMODSINCE = "If-Modified-Since"
      HEADER_LASTMOD = "Last-Modified"
      LSTRING_FILE = "javax.servlet.http.LocalStrings"
      lStrings = class java.util.PropertyResourceBundle@6c749d0b
      config = class com.ibm.ws.webcontainer.servlet.ServletConfig@34e43ec4
    cacheWrappers = class java.util.ArrayList@67dac06
      serialVersionUID = 8683452581122892189
      DEFAULT_CAPACITY = 10
      EMPTY_ELEMENTDATA = class java.lang.Object[0]
      DEFAULTCAPACITY_EMPTY_ELEMENTDATA = class java.lang.Object[0]
      elementData = class java.lang.Object[10]
      size = 6
      MAX_ARRAY_SIZE = 2147483639
      modCount = 6
      MAX_ARRAY_SIZE = 2147483639
    targetLoader = class com.ibm.ws.classloading.internal.ThreadContextClassLoader@45e0b253
    evtSource = class com.ibm.ws.webcontainer.webapp.WebAppEventSource@a491ce9
    event = class com.ibm.websphere.servlet.event.ServletEvent@745584b5
      serialVersionUID = 3906650803920713522
      _servletName = "erp-light"
      _servletClassName = "org.springframework.web.servlet.DispatcherServlet"
      $$$tc$$$ = class com.ibm.websphere.ras.TraceComponent@e6bd2ef
      serialVersionUID = 3546927969739289392
      _context = class com.ibm.wsspi.webcontainer.facade.ServletContextFacade@1bc161ba
      _servletNames = class com.ibm.ws.webcontainer.util.EmptyEnumeration@26945125
      $$$tc$$$ = class com.ibm.websphere.ras.TraceComponent@104338df
      serialVersionUID = 5516075349620653480
      source = class com.ibm.ws.webcontainer.osgi.servlet.ServletWrapper@14d6589c
    unavailableMessage = null
    unavailableUntil = -1
    isSTM = false
    internalServlet = false
    webAppInvocationCollaborators = null
    platformHelper = class com.ibm.ws.webcontainer.PlatformHelper@62d27d22
    webAppNameSpaceCollab = class com.ibm.ws.webcontainer.osgi.collaborator.WebAppNameSpaceCollaboratorImpl@63fc761f
    txCollab = class com.ibm.ws.webcontainer.collaborator.WebAppTransactionCollaborator@14a9a656
    connCollab = class com.ibm.ws.webcontainer.collaborator.ConnectionCollaborator@77557da2
    suppressServletExceptionLogging = false
    throwExceptionEnum = class java.util.RegularEnumSet@1c23e2d2
      serialVersionUID = 3411599620347842686
      elements = 256
      elementType = class java.lang.Class@17fb72a8
      universe = class com.ibm.wsspi.webcontainer.collaborator.CollaboratorInvocationEnum[9]
      ZERO_LENGTH_ENUM_ARRAY = class java.lang.Enum[0]
      MAX_ARRAY_SIZE = 2147483639
    discernUnavailableServlet = false
    reInitServletonInitUnavailableException = true
    destroyServletonServiceUnavailableException = false
    servlet23 = true
    PARAMS_HEAD_TRACE = class java.lang.Class[2]
      PARAMS_HEAD_TRACE[0] = class java.lang.Class@3507c01f
      PARAMS_HEAD_TRACE[1] = class java.lang.Class@44801bbc
    defaultHeadMethodInUse = false
    defaultTraceMethodInUse = false
    checkedForDefaultMethods = null
    defaultTraceRequestBehavior = false
    defaultHeadRequestBehavior = false
    useOriginalRequestState = false
    warningStatusSet = false
    config = null
  _filtersDefined = true
  logger = class com.ibm.ws.logging.internal.WsLogger@6ca7d07f
    tc = class com.ibm.websphere.ras.TraceComponent@13c576c7
      strings[0] = "TraceComponent[com.ibm.ws.logging.internal.WsLogger,class com.ibm.ws.logging.internal.WsLogger,[logging],com.ibm.ws.logging.internal.resources.LoggingMessages,null]"
    ivCachedResourceBundleName = null
    ivCachedResourceBundle = null
    ivComponent = null
    ivOrganization = null
    ivProduct = null
    ivMinimumLocalizationLevelIntValue = 625
    ivGroupName = null
    ivTC = class com.ibm.websphere.ras.TraceComponent@3f44c9a0
      strings[0] = "TraceComponent[com.ibm.ws.webcontainer.filter,class com.ibm.wsspi.webcontainer.logging.LoggerFactory$1,[com.ibm.ws.webcontainer.filter],null,null]"
    loggerRegistrationComponent = class java.lang.ThreadLocal@39b158df
      threadLocalHashCode = 696468823
      nextHashCode = class java.util.concurrent.atomic.AtomicInteger@3474d29b
      HASH_INCREMENT = 1640531527
    emptyHandlers = class java.util.logging.Handler[0]
    offValue = 2147483647
    SYSTEM_LOGGER_RB_NAME = "sun.util.logging.resources.logging"
    SYSTEM_BUNDLE = class java.util.logging.Logger$LoggerBundle@40e62ba0
      resourceBundleName = "sun.util.logging.resources.logging"
      userBundle = null
    NO_RESOURCE_BUNDLE = class java.util.logging.Logger$LoggerBundle@2e72af77
      resourceBundleName = null
      userBundle = null
    manager = class com.ibm.ws.kernel.boot.logging.WsLogManager@1d366dc6
      CLASS_NAME = "com.ibm.ws.kernel.boot.logging.WsLogManager"
      CONFIGURE_BY_SERVER_PROPERTY_NAME = "java.util.logging.configureByServer"
      CONFIGURE_BY_LOGGING_PROPERTIES_FILE = "java.util.logging.configureByLoggingPropertiesFile"
      configureByServer = true
      configureByLoggingProperties = false
      wsLogger = class java.lang.reflect.Constructor@fc214e8
      resetEnabled = true
      manager = class com.ibm.ws.kernel.boot.logging.WsLogManager@1d366dc6
      props = class java.util.Properties@721cd5df
      defaultLevel = class java.util.logging.Level@443881c0
      listenerMap = class java.util.HashMap@5e4f0f77
      systemContext = class java.util.logging.LogManager$SystemLoggerContext@41353502
      userContext = class java.util.logging.LogManager$LoggerContext@50d0e24c
      rootLogger = class java.util.logging.LogManager$RootLogger@2cc3c32a
      readPrimordialConfiguration = true
      initializedGlobalHandlers = true
      deathImminent = false
      initializedCalled = true
      initializationDone = true
      contextsMap = null
      loggerRefQueue = class java.lang.ref.ReferenceQueue@447677a4
      MAX_ITERATIONS = 400
      controlPermission = class java.util.logging.LoggingPermission@6264fcea
      loggingMXBean = null
      LOGGING_MXBEAN_NAME = "java.util.logging:type=Logging"
      $assertionsDisabled = true
    name = "com.ibm.ws.webcontainer.filter"
    handlers = class java.util.concurrent.CopyOnWriteArrayList@13a174c9
      serialVersionUID = 8673264195747942595
      lock = class java.util.concurrent.locks.ReentrantLock@33177f8f
      array = class java.lang.Object[0]
      UNSAFE = class sun.misc.Unsafe@6b63ff95
      lockOffset = 12
    loggerBundle = class java.util.logging.Logger$LoggerBundle@62ebf636
      resourceBundleName = "com.ibm.ws.webcontainer.resources.Messages"
      userBundle = null
    useParentHandlers = true
    filter = null
    anonymous = false
    catalog = class com.ibm.ws.webcontainer.resources.Messages_de@59d9e40b
      resources = class [Ljava.lang.Object;[330]
      lookup = null
      INITIAL_CACHE_SIZE = 32
      NONEXISTENT_BUNDLE = class java.util.ResourceBundle$1@4cf20666
      cacheList = class java.util.concurrent.ConcurrentHashMap@36cef4d7
      referenceQueue = class java.lang.ref.ReferenceQueue@7d0bb00
      parent = class com.ibm.ws.webcontainer.resources.Messages@26f4aa29
      locale = class java.util.Locale@43ea0c42
      name = "com.ibm.ws.webcontainer.resources.Messages"
      expired = false
      cacheKey = class java.util.ResourceBundle$CacheKey@7a6949a7
      keySet = null
      providers = null
      $assertionsDisabled = true
    catalogName = "com.ibm.ws.webcontainer.resources.Messages"
    catalogLocale = class java.util.Locale@77afeaab
      LOCALECACHE = class java.util.Locale$Cache@3adb8717
      ENGLISH = class java.util.Locale@64a7337a
      FRENCH = class java.util.Locale@111c7aaf
      GERMAN = class java.util.Locale@43ea0c42
      ITALIAN = class java.util.Locale@25efc817
      JAPANESE = class java.util.Locale@780e1333
      KOREAN = class java.util.Locale@ab5c79f
      CHINESE = class java.util.Locale@19ae4297
      SIMPLIFIED_CHINESE = class java.util.Locale@425a9ec5
      TRADITIONAL_CHINESE = class java.util.Locale@4a458a36
      FRANCE = class java.util.Locale@6ee825de
      GERMANY = class java.util.Locale@539786e
      ITALY = class java.util.Locale@130372ba
      JAPAN = class java.util.Locale@75f15ed6
      KOREA = class java.util.Locale@5a985363
      CHINA = class java.util.Locale@425a9ec5
      PRC = class java.util.Locale@425a9ec5
      TAIWAN = class java.util.Locale@4a458a36
      UK = class java.util.Locale@142caa56
      US = class java.util.Locale@1cb29ccb
      CANADA = class java.util.Locale@63ca7665
      CANADA_FRENCH = class java.util.Locale@7b513234
      ROOT = class java.util.Locale@a5e4912
      PRIVATE_USE_EXTENSION = x
      UNICODE_LOCALE_EXTENSION = u
      serialVersionUID = 9149081749638150636
      DISPLAY_LANGUAGE = 0
      DISPLAY_COUNTRY = 1
      DISPLAY_VARIANT = 2
      DISPLAY_SCRIPT = 3
      baseLocale = class sun.util.locale.BaseLocale@282c856
      localeExtensions = null
      hashCodeValue = 95426060
      defaultLocale = class java.util.Locale@77afeaab
      defaultDisplayLocale = class java.util.Locale@77afeaab
      defaultFormatLocale = class java.util.Locale@77afeaab
      languageTag = "de-AT"
      serialPersistentFields = class java.io.ObjectStreamField[6]
      isoLanguages = null
      isoCountries = null
      $assertionsDisabled = true
    treeLock = class java.lang.Object@6f30dfab
    parent = class com.ibm.ws.logging.internal.WsLogger@5257de3d
      tc = class com.ibm.websphere.ras.TraceComponent@13c576c7
      ivCachedResourceBundleName = "com.ibm.ws.webcontainer.resources.Messages"
      ivCachedResourceBundle = class com.ibm.ws.webcontainer.resources.Messages_de@66e61cde
      ivComponent = null
      ivOrganization = null
      ivProduct = null
      ivMinimumLocalizationLevelIntValue = 625
      ivGroupName = null
      ivTC = class com.ibm.websphere.ras.TraceComponent@2cf66c74
      loggerRegistrationComponent = class java.lang.ThreadLocal@39b158df
      emptyHandlers = class java.util.logging.Handler[0]
      offValue = 2147483647
      SYSTEM_LOGGER_RB_NAME = "sun.util.logging.resources.logging"
      SYSTEM_BUNDLE = class java.util.logging.Logger$LoggerBundle@40e62ba0
      NO_RESOURCE_BUNDLE = class java.util.logging.Logger$LoggerBundle@2e72af77
      manager = class com.ibm.ws.kernel.boot.logging.WsLogManager@1d366dc6
      name = "com.ibm.ws.webcontainer"
      handlers = class java.util.concurrent.CopyOnWriteArrayList@1c654206
      loggerBundle = class java.util.logging.Logger$LoggerBundle@231a2766
      useParentHandlers = true
      filter = null
      anonymous = false
      catalog = class com.ibm.ws.webcontainer.resources.Messages_de@66e61cde
      catalogName = "com.ibm.ws.webcontainer.resources.Messages"
      catalogLocale = class java.util.Locale@77afeaab
      treeLock = class java.lang.Object@6f30dfab
      parent = class java.util.logging.Logger@643ad93a
      kids = class java.util.ArrayList@6c592935
      levelObject = class java.util.logging.Level@443881c0
      levelValue = 800
      callersClassLoaderRef = class java.lang.ref.WeakReference@5a1a23ca
      isSystemLogger = false
      GLOBAL_LOGGER_NAME = "global"
      global = class java.util.logging.Logger@256e82eb
      $assertionsDisabled = true
    kids = null
    levelObject = class java.util.logging.Level@443881c0
      defaultBundle = "sun.util.logging.resources.logging"
      name = "INFO"
      value = 800
      resourceBundleName = "sun.util.logging.resources.logging"
      localizedLevelName = "INFORMATION"
      cachedLocale = class java.util.Locale@77afeaab
      OFF = class java.util.logging.Level@4b2db089
      SEVERE = class java.util.logging.Level@6c041807
      WARNING = class java.util.logging.Level@30d7bb0f
      INFO = class java.util.logging.Level@443881c0
      CONFIG = class java.util.logging.Level@627def92
      FINE = class java.util.logging.Level@44f2b2ac
      FINER = class java.util.logging.Level@87a5e15
      FINEST = class java.util.logging.Level@5f893d6
      ALL = class java.util.logging.Level@874fd84
      serialVersionUID = -8176160795706313070
    levelValue = 800
    callersClassLoaderRef = class java.lang.ref.WeakReference@4ccac15e
      referent = class org.eclipse.osgi.internal.loader.EquinoxClassLoader@6ad80198
      queue = class java.lang.ref.ReferenceQueue$Null@50e5f4aa
      next = null
      discovered = null
      lock = class java.lang.ref.Reference$Lock@4eb98d46
      pending = null
    isSystemLogger = false
    GLOBAL_LOGGER_NAME = "global"
    global = class java.util.logging.Logger@256e82eb
      emptyHandlers = class java.util.logging.Handler[0]
      offValue = 2147483647
      SYSTEM_LOGGER_RB_NAME = "sun.util.logging.resources.logging"
      SYSTEM_BUNDLE = class java.util.logging.Logger$LoggerBundle@40e62ba0
      NO_RESOURCE_BUNDLE = class java.util.logging.Logger$LoggerBundle@2e72af77
      manager = class com.ibm.ws.kernel.boot.logging.WsLogManager@1d366dc6
      name = "global"
      handlers = class java.util.concurrent.CopyOnWriteArrayList@38177c06
      loggerBundle = class java.util.logging.Logger$LoggerBundle@2e72af77
      useParentHandlers = true
      filter = null
      anonymous = false
      catalog = null
      catalogName = null
      catalogLocale = null
      treeLock = class java.lang.Object@6f30dfab
      parent = class java.util.logging.LogManager$RootLogger@2cc3c32a
      kids = null
      levelObject = null
      levelValue = 800
      callersClassLoaderRef = null
      isSystemLogger = true
      GLOBAL_LOGGER_NAME = "global"
      global = class java.util.logging.Logger@256e82eb
      $assertionsDisabled = true
    $assertionsDisabled = true
  CLASS_NAME = "com.ibm.ws.webcontainer.filter.WebAppFilterChain"
  webapp = class com.ibm.ws.webcontainer.osgi.webapp.WebApp@26b04924
    tc = class com.ibm.websphere.ras.TraceComponent@1d178ab6
      strings[0] = "TraceComponent[com.ibm.ws.webcontainer.osgi.webapp.WebApp,class com.ibm.ws.webcontainer.osgi.webapp.WebApp,[webcontainer],com.ibm.ws.webcontainer.resources.LShimMessages,null]"
    CLASS_NAME = "com.ibm.ws.webcontainer.osgi.webapp.WebApp"
    metaDataService = class com.ibm.ws.container.service.metadata.internal.MetaDataServiceImpl@44d5522c
      applicationMetaDataManager = class com.ibm.ws.container.service.metadata.internal.ApplicationMetaDataManager@59c249f4
      moduleMetaDataManager = class com.ibm.ws.container.service.metadata.internal.ModuleMetaDataManager@3922e2f
      componentMetaDataManager = class com.ibm.ws.container.service.metadata.internal.ComponentMetaDataManager@42b56ba8
      methodMetaDataManager = class com.ibm.ws.container.service.metadata.internal.MethodMetaDataManager@6d8226a7
      appModuleNameToModuleContainer = class java.util.concurrent.ConcurrentHashMap@26c45f0a
      jeeNameToComponentMetaData = class java.util.concurrent.ConcurrentHashMap@34b5eeab
      deferredMetaDataFactories = class com.ibm.wsspi.kernel.service.utils.ConcurrentServiceReferenceSet@5db43bbe
      deferredMetaDataInitializers = class com.ibm.wsspi.kernel.service.utils.ConcurrentServiceReferenceMap@21ff99b1
      serialVersionUID = 5173348198233259673
      $$$tc$$$ = class com.ibm.websphere.ras.TraceComponent@5bcae98a
    namespacePopulated = false
    referenceContext = class com.ibm.ws.injectionengine.osgi.internal.OSGiReferenceContextImpl@6beba980
      scopeData = class com.ibm.ws.injectionengine.osgi.internal.OSGiInjectionScopeData@44b992ef
      serialVersionUID = -5862502968678606919
      $$$tc$$$ = class com.ibm.websphere.ras.TraceComponent@5b840801
      CLASS_NAME = "com.ibm.ws.injectionengine.ReferenceContextImpl"
      tc = class com.ibm.ejs.ras.TraceComponent@6a0be9e0
      ivInjectionEngine = class com.ibm.ws.injectionengine.osgi.internal.OSGiInjectionEngineImpl@3fbd7327
      ivProviders = class java.util.ArrayList@34320369
      ivComponentJavaContext = null
      ivComponentNameSpace = null
      ivJavaColonCompEnvMap = class java.util.LinkedHashMap@54ecf5c9
      ivEjbContext10 = class java.util.Properties@9b718e7
      ivResourceRefConfigList = null
      isAlreadyProcessed = true
      ivProcessFailure = null
      ivInjectionTargetMap = class java.util.HashMap@5d4766bd
      ivDeclaredInjectionTargets = class java.util.HashMap@794a0f37
      ivProcessedInjectionClasses = class java.util.HashSet@4a3bff6a
      ivProcessedInjectionBindings = class java.util.ArrayList@7b7aa6ea
      ivAnyProcessDynamic = false
      ivCheckAppConfig = false
    j2eeNameFactory = class com.ibm.ws.container.service.metadata.internal.J2EENameFactoryImpl@6261f092
      serialVersionUID = 3486344295038028821
      $$$tc$$$ = class com.ibm.websphere.ras.TraceComponent@5c70ff48
    moduleLoader = class com.ibm.ws.classloading.internal.AppClassLoader@525c71ca
      tc = class com.ibm.websphere.ras.TraceComponent@6d5c801f
      PARENT_FIRST_SEARCH_ORDER = class java.util.Collections$UnmodifiableRandomAccessList@1070e661
      CLASS_LOADING_TRACE_PREFIX = "com.ibm.ws.class.load."
      DEFAULT_PACKAGE = "default.package"
      perPackageClassLoadingTraceComponents = class java.util.concurrent.ConcurrentHashMap@d149340
      config = class com.ibm.ws.classloading.internal.ClassLoaderConfigurationImpl@72ab66ec
      privateLibraries = null
      delegateLoaders = class com.ibm.ws.classloading.internal.util.CompositeIterable@70fa0642
      nativeLibraryFiles = class java.util.ArrayList@672eb5d2
      transformers = class java.util.ArrayList@4e89a4e4
      apiAccess = class com.ibm.ws.classloading.internal.GatewayClassLoader@27dda066
      PROTECTION_DOMAIN = class java.security.ProtectionDomain@6da7cab1
      serialVersionUID = -8503176786514635265
      tc = class com.ibm.websphere.ras.TraceComponent@25371112
      EMPTY_URL_ARRAY = class java.net.URL[0]
      smartClassPath = class com.ibm.ws.classloading.internal.ContainerClassLoader$SmartClassPathImpl@47d4e56c
      nativeLibraryContainers = class java.util.ArrayList@55464861
      redefiner = class com.ibm.ws.classloading.internal.util.ClassRedefiner@56eb68a9
      mapCreationQueue = class java.util.concurrent.Executors$FinalizableDelegatedExecutorService@50ef2f64
      serialVersionUID = 7561562533729935637
      serialVersionUID = -7411549862368381758
      $$$tc$$$ = class com.ibm.websphere.ras.TraceComponent@ddcb84e
      serialVersionUID = 161679851398543548
      $$$tc$$$ = class com.ibm.websphere.ras.TraceComponent@5f4d44b5
      serialVersionUID = 2596921220292114344
      $$$tc$$$ = class com.ibm.websphere.ras.TraceComponent@15d918f8
      initialized = true
      pdcache = class java.util.HashMap@730c18f9
      debug = null
      parent = class com.ibm.ws.classloading.internal.GatewayClassLoader@27dda066
      parallelLockMap = null
      package2certs = class java.util.Hashtable@413245c7
      nocerts = class java.security.cert.Certificate[0]
      classes = class java.util.Vector@602ce3a
      defaultDomain = class java.security.ProtectionDomain@50a38106
      packages = class java.util.HashMap@43fb903b
      scl = class sun.misc.Launcher$AppClassLoader@18b4aac2
      sclSet = true
      loadedLibraryNames = class java.util.Vector@1034e9fe
      systemNativeLibraries = class java.util.Vector@d786dc
      nativeLibraries = class java.util.Vector@4c308c71
      nativeLibraryContext = class java.util.Stack@5355a784
      usr_paths = class java.lang.String[40]
      sys_paths = class java.lang.String[1]
      assertionLock = class com.ibm.ws.classloading.internal.AppClassLoader@525c71ca
      defaultAssertionStatus = false
      packageAssertionStatus = null
      classAssertionStatus = null
    webAppConfig = class com.ibm.ws.webcontainer.osgi.webapp.WebAppConfiguration@3017e089
      webModuleMetaData = class com.ibm.ws.webcontainer.osgi.metadata.WebModuleMetaDataImpl@44831f02
      webComponentMetaData = class com.ibm.ws.webcontainer.osgi.metadata.WebComponentMetaDataImpl@3e1cb6e6
      dVirtualHost = class com.ibm.ws.webcontainer.osgi.DynamicVirtualHost@56e95c98
      orderedLibPaths = class java.util.Collections$UnmodifiableRandomAccessList@667bbe9
      bundleHeaders = null
      cdiEnabled = false
      CLASS_NAME = "com.ibm.ws.webcontainer.webapp.WebAppConfiguration"
      logger = class com.ibm.ws.logging.internal.WsLogger@69edb65a
      tc = class com.ibm.websphere.ras.TraceComponent@769ce576
      nls = class com.ibm.ejs.ras.TraceNLS@230d0ba4
      version = 25
      contextRoot = "/ERP-light"
      sessionTimeout = 0
      moduleSessionTimeoutSet = false
      moduleSessionTrackingModeSet = false
      sessionCookieConfig = class com.ibm.ws.session.SessionCookieConfigImpl@78fd32a5
      hasProgrammaticCookieConfig = false
      sessionDefaultTrackingModeSet = class java.util.RegularEnumSet@64ecbcbe
      sessionManagerConfig = class com.ibm.ws.session.SessionManagerConfig@48e818ef
      displayName = "ERP-light VIEW"
      description = null
      reloadInterval = 0
      distributable = false
      denyUncoveredHttpMethods = false
      reloadingEnabled = false
      serveServletsByClassnameEnabled = null
      defaultErrorPage = null
      additionalClassPath = null
      fileServingEnabled = null
      directoryBrowsingEnabled = false
      autoRequestEncoding = false
      autoResponseEncoding = false
      autoLoadFilters = false
      requestListeners = null
      requestAttributeListeners = null
      sessionListeners = null
      localeMap = null
      moduleName = "ERP-light"
      j2eeModuleName = "ERP-light.war"
      moduleId = null
      isSyncToThreadEnabled = false
      isSystemApp = false
      ardEnabled = false
      ardDispatchType = null
      listeners = class java.util.ArrayList@3737a7d
      welcomeFileList = class java.util.ArrayList@120a08ac
      servletMappings = class java.util.HashMap@13824f1f
      lastIndexBeforeDeclaredFilters = 0
      filterMappings = class java.util.ArrayList@1b2512e0
      servletInfo = class java.util.HashMap@31d236b
      filterInfo = class java.util.HashMap@411014cc
      mimeMappings = class java.util.HashMap@406b4146
      mimeFilters = null
      isMimeFilteringEnabled = false
      theWebGroup = null
      jspAttributes = class java.util.HashMap@73eae9b9
      fileServingAttributes = class java.util.HashMap@19869ad4
      invokerAttributes = class java.util.HashMap@58715b5c
      contextParams = class java.util.HashMap@420a4065
      virtualHost = "default_host"
      exceptionErrorPages = class java.util.HashMap@6689cebc
      codeErrorPages = class java.util.HashMap@4bf4a883
      tagLibList = null
      precompileJsps = false
      webApp = class com.ibm.ws.webcontainer.osgi.webapp.WebApp@26b04924
      virtualHostList = class java.util.Collections$EmptyList@198db11a
      appStartupWeight = 0
      moduleStartupWeight = 0
      metaDataComplete = false
      classesToScan = class java.util.ArrayList@994c326
      uriFilterMappingInfos = class java.util.ArrayList@21400086
      servletFilterMappingInfos = null
      dynamicServletRegistrationMap = null
      applicationName = "ERP-light"
      libBinPathList = null
      webXmlDefinedListeners = class java.util.HashSet@4f1e149d
      serviceRefs = class java.util.ArrayList@3bef7905
      resourceRefs = class java.util.ArrayList@144d10ad
      resourceRefBindings = class java.util.HashMap@35a87692
      resourceRefConfigList = null
      resourceEnvRefs = class java.util.ArrayList@aad3646
      resourceEnvRefBindings = class java.util.HashMap@4a4a5147
      messageDestRefs = class java.util.ArrayList@367ee8db
      messageDestRefBindings = class java.util.HashMap@40140460
      envEntries = class java.util.ArrayList@23e80522
      envEntryValues = class java.util.HashMap@3b30a871
      envEntryBindings = class java.util.HashMap@7a49a7fc
      dataSources = class java.util.ArrayList@1a1e9bd1
      dataSourceBindings = class java.util.HashMap@79bc4ca5
      persistenceUnitRefs = class java.util.ArrayList@477110c3
      persistenceContextRefs = class java.util.ArrayList@70303996
      ejbRefs = class java.util.ArrayList@1e1ef452
      ejbLocalRefs = class java.util.ArrayList@55c4a50
      ejbRefBindings = class java.util.HashMap@4ae4a530
      disallowAllFileServingProp = "false"
      disallowServeServletsByClassnameProp = "false"
      disableStaticMappingCache = false
      _id = "WebAppGeneratedId1"
      _attributes = null
      serialVersionUID = 7511545662945734886
      $$$tc$$$ = class com.ibm.websphere.ras.TraceComponent@3c7c95c5
    extensionProcessingDisabled = false
    loginProcessor = null
    logoutProcessor = null
    collabHelper = class com.ibm.ws.webcontainer.osgi.collaborator.CollaboratorHelperImpl@6c1673db
      webAppInvCollabs = class java.util.Collections$UnmodifiableSet@3d9c7f39
      securityDomainForApp = null
      logger = class com.ibm.ws.logging.internal.WsLogger@1d24b533
      staticDefaultSecurityCollaborator = class com.ibm.ws.webcontainer.collaborator.WebAppSecurityCollaborator@7f73b10
      logger = class com.ibm.ws.logging.internal.WsLogger@60f7906f
      CLASS_NAME = "com.ibm.wsspi.webcontainer.collaborator.CollaboratorHelper"
      webApp = class com.ibm.ws.webcontainer.osgi.webapp.WebApp@26b04924
      securityCollaborator = class com.ibm.ws.webcontainer.collaborator.WebAppSecurityCollaborator@7f73b10
      nameSpaceCollaborator = class com.ibm.ws.webcontainer.osgi.collaborator.WebAppNameSpaceCollaboratorImpl@63fc761f
      transactionCollaborator = class com.ibm.ws.webcontainer.collaborator.WebAppTransactionCollaborator@14a9a656
      connectionCollaborator = class com.ibm.ws.webcontainer.collaborator.ConnectionCollaborator@77557da2
      allCollabEnum = class java.util.RegularEnumSet@58422c6f
      servlet_23_or_greater = true
    envObject = class com.ibm.ws.util.WSThreadLocal@30385cc9
      tc = class com.ibm.ejs.ras.TraceComponent@9605303
      count = 5
      index = 1
      SUSPECTED_MISUSAGE_THRESHOLD = 200
      threadLocalHashCode = -516769923
      nextHashCode = class java.util.concurrent.atomic.AtomicInteger@3474d29b
      HASH_INCREMENT = 1640531527
    orderedLibPaths = class java.util.Collections$UnmodifiableRandomAccessList@667bbe9
      serialVersionUID = -2542308836966382001
      serialVersionUID = -283967356065247728
      list = class java.util.ArrayList@5f882951
      serialVersionUID = 1820017752578914078
      c = class java.util.ArrayList@5f882951
    perm = class com.ibm.websphere.security.WebSphereRuntimePermission@363a83ed
      serialVersionUID = -3306242789188168337
      $$$tc$$$ = class com.ibm.websphere.ras.TraceComponent@55fa12fc
      serialVersionUID = 6279438298436773498
      wildcard = false
      path = "accessServletContext"
      exitVM = false
      serialVersionUID = -5636570222231596674
      name = "accessServletContext"
    WELCOME_FILE_LIST = "com.ibm.ws.webcontainer.config.WelcomeFileList"
    DIR_BROWSING_MAPPING = "__dirBrowsing__1633677861024"
    FILTER_PROXY_MAPPING = "/__filterProxy__1633677861024"
    logger = class com.ibm.ws.logging.internal.WsLogger@69edb65a
      tc = class com.ibm.websphere.ras.TraceComponent@13c576c7
      ivCachedResourceBundleName = "com.ibm.ws.webcontainer.resources.Messages"
      ivCachedResourceBundle = class com.ibm.ws.webcontainer.resources.Messages_de@66e61cde
      ivComponent = null
      ivOrganization = null
      ivProduct = null
      ivMinimumLocalizationLevelIntValue = 625
      ivGroupName = null
      ivTC = class com.ibm.websphere.ras.TraceComponent@5a62f18d
      loggerRegistrationComponent = class java.lang.ThreadLocal@39b158df
      emptyHandlers = class java.util.logging.Handler[0]
      offValue = 2147483647
      SYSTEM_LOGGER_RB_NAME = "sun.util.logging.resources.logging"
      SYSTEM_BUNDLE = class java.util.logging.Logger$LoggerBundle@40e62ba0
      NO_RESOURCE_BUNDLE = class java.util.logging.Logger$LoggerBundle@2e72af77
      manager = class com.ibm.ws.kernel.boot.logging.WsLogManager@1d366dc6
      name = "com.ibm.ws.webcontainer.webapp"
      handlers = class java.util.concurrent.CopyOnWriteArrayList@10272713
      loggerBundle = class java.util.logging.Logger$LoggerBundle@61f9df9c
      useParentHandlers = true
      filter = null
      anonymous = false
      catalog = class com.ibm.ws.webcontainer.resources.Messages_de@66e61cde
      catalogName = "com.ibm.ws.webcontainer.resources.Messages"
      catalogLocale = class java.util.Locale@77afeaab
      treeLock = class java.lang.Object@6f30dfab
      parent = class com.ibm.ws.logging.internal.WsLogger@5257de3d
      kids = null
      levelObject = class java.util.logging.Level@443881c0
      levelValue = 800
      callersClassLoaderRef = class java.lang.ref.WeakReference@292d8a6d
      isSystemLogger = false
      GLOBAL_LOGGER_NAME = "global"
      global = class java.util.logging.Logger@256e82eb
      $assertionsDisabled = true
    CLASS_NAME = "com.ibm.ws.webcontainer.webapp.WebApp"
    loader = class com.ibm.ws.classloading.internal.ThreadContextClassLoader@45e0b253
      tc = class com.ibm.websphere.ras.TraceComponent@7a29239f
      bundle = class java.util.concurrent.atomic.AtomicReference@1a75882d
      key = "WebModule:ERP-light#ERP-light.war"
      refCount = class java.util.concurrent.atomic.AtomicInteger@432d41d
      serialVersionUID = 2718662781678069765
      followOnClassLoaders = class java.util.ArrayList@5b565b5d
      serialVersionUID = 5933218255537285806
      $$$tc$$$ = class com.ibm.websphere.ras.TraceComponent@2347e14e
      serialVersionUID = 161679851398543548
      $$$tc$$$ = class com.ibm.websphere.ras.TraceComponent@5f4d44b5
      serialVersionUID = 2596921220292114344
      $$$tc$$$ = class com.ibm.websphere.ras.TraceComponent@15d918f8
      initialized = true
      pdcache = class java.util.HashMap@4e733716
      debug = null
      parent = class com.ibm.ws.classloading.internal.GatewayClassLoader@1dab121
      parallelLockMap = null
      package2certs = class java.util.Hashtable@78f1ea15
      nocerts = class java.security.cert.Certificate[0]
      classes = class java.util.Vector@6af15b2a
      defaultDomain = class java.security.ProtectionDomain@314699a
      packages = class java.util.HashMap@54082569
      scl = class sun.misc.Launcher$AppClassLoader@18b4aac2
      sclSet = true
      loadedLibraryNames = class java.util.Vector@1034e9fe
      systemNativeLibraries = class java.util.Vector@d786dc
      nativeLibraries = class java.util.Vector@23dedcbf
      nativeLibraryContext = class java.util.Stack@5355a784
      usr_paths = class java.lang.String[40]
      sys_paths = class java.lang.String[1]
      assertionLock = class com.ibm.ws.classloading.internal.ThreadContextClassLoader@45e0b253
      defaultAssertionStatus = false
      packageAssertionStatus = null
      classAssertionStatus = null
    facade = class com.ibm.wsspi.webcontainer.facade.ServletContextFacade@1bc161ba
      context = class com.ibm.ws.webcontainer.osgi.webapp.WebApp@26b04924
    features = class java.util.ArrayList@204229d8
      serialVersionUID = 8683452581122892189
      DEFAULT_CAPACITY = 10
      EMPTY_ELEMENTDATA = class java.lang.Object[0]
      DEFAULTCAPACITY_EMPTY_ELEMENTDATA = class java.lang.Object[0]
      elementData = class java.lang.Object[0]
      size = 0
      MAX_ARRAY_SIZE = 2147483639
      modCount = 0
      MAX_ARRAY_SIZE = 2147483639
    applicationName = "ERP-light"
    config = class com.ibm.ws.webcontainer.osgi.webapp.WebAppConfiguration@3017e089
    securityEnabledForApp = false
    webExtensionProcessor = class com.ibm.ws.webcontainer.osgi.extension.WebExtensionProcessor@4205e3d6
      webApp = class com.ibm.ws.webcontainer.osgi.webapp.WebApp@26b04924
      extensionContext = class com.ibm.ws.webcontainer.osgi.webapp.WebApp@26b04924
    production = true
    isServlet23 = true
    contextPath = "/ERP-light"
    internalServletList = class [Ljava.lang.String;[2]
      internalServletList[0] = class java.lang.String[2]
      internalServletList[1] = class java.lang.String[2]
    BY_NAME_ONLY = "/_1633677861024_/"
    filterManager = class com.ibm.ws.webcontainer.osgi.filter.WebAppFilterManagerImpl@5602b77a
      _filterWrappers = class java.util.Hashtable@1bdaf40f
      chainCache = class java.util.Collections$SynchronizedMap@3c2deaa6
      forwardChainCache = class java.util.Collections$SynchronizedMap@7e453adb
      includeChainCache = class java.util.Collections$SynchronizedMap@3748f44
      errorChainCache = class java.util.Collections$SynchronizedMap@4fc269a9
      _filtersDefined = true
      FMI_MAPPING_SINGLE_SLASH = 0
      FMI_MAPPING_PATH_MATCH = 1
      FMI_MAPPING_EXTENSION_MATCH = 2
      FMI_MAPPING_EXACT_MATCH = 3
      logger = class com.ibm.ws.logging.internal.WsLogger@6ca7d07f
      CLASS_NAME = "com.ibm.ws.webcontainer.filter.WebAppFilterManager"
      nls = class com.ibm.ejs.ras.TraceNLS@1ce9c22d
      webAppConfig = class com.ibm.ws.webcontainer.osgi.webapp.WebAppConfiguration@3017e089
      webApp = class com.ibm.ws.webcontainer.osgi.webapp.WebApp@26b04924
      collabHelper = class com.ibm.ws.webcontainer.osgi.collaborator.CollaboratorHelperImpl@6c1673db
      webAppNameSpaceCollab = class com.ibm.ws.webcontainer.osgi.collaborator.WebAppNameSpaceCollaboratorImpl@63fc761f
      secCollab = class com.ibm.ws.webcontainer.collaborator.WebAppSecurityCollaborator@7f73b10
      sessionSecurityIntegrationEnabled = true
      assumeFilterSuccessOnSecurityError = false
      useOriginalRequestState = false
      _evtSource = class com.ibm.ws.webcontainer.webapp.WebAppEventSource@a491ce9
      defaultComponentMetaData = class com.ibm.ws.webcontainer.osgi.metadata.WebComponentMetaDataImpl@3e1cb6e6
    documentRoot = null
    SERVLET_API_VERSION = "Servlet 2.5"
    disableServletAuditLogging = 0
    serverInfo = "SMF WebContainer"
    sessionCtx = class com.ibm.ws.webcontainer.session.impl.HttpSessionContextImpl@673f488b
      methodClassName = "HttpSessionContextImpl"
      _smc = class com.ibm.ws.session.SessionManagerConfig@48e818ef
      sessionStoreService = null
      _sap = class com.ibm.ws.session.SessionApplicationParameters@578bcfcd
      _coreHttpSessionManager = class com.ibm.ws.session.SessionManager@44e30cba
      _coreHttpAppSessionManager = null
      _sam = class com.ibm.ws.webcontainer.session.impl.SessionAffinityManagerImpl@70896243
      isSIPApplication = false
      sessionAttributeListener = false
      sessionListener = true
      mHttpSessionAttributeListeners = class java.util.ArrayList@61226ff6
      mHttpSessionListeners = class java.util.ArrayList@685e31b8
      mHttpSessionIdListeners = class java.util.ArrayList@348476d5
      mHttpSessionAttributeListenersJ2eeNames = class java.util.ArrayList@fa4817c
      mHttpSessionListenersJ2eeNames = class java.util.ArrayList@7d8b02a1
      mHttpSessionIdListenersJ2eeNames = class java.util.ArrayList@64412f59
      mLocalHost = null
      _refCount = 1
      currentThreadSacHashtable = null
      methodClassName = "SessionContext"
      ANONYMOUS_USER = "anonymous"
      wasHttpSessionObserver = class com.ibm.ws.session.WasHttpSessionObserver@73e4cfda
      wasHttpSessionAttributeObserver = null
      _invalidator = class com.ibm.ws.session.SessionInvalidator@58601fbb
      _storer = class com.ibm.ws.session.EOSSessionStorer@7ddb901c
      wasHttpAppSessionObserver = null
      mHttpAppSessionListeners = null
      cmvcInfo = "CMVC Version 1.9 6/24/07 11:12:24"
      _loggedVersion = true
      CREATE_CORE_SESSION_MANAGER = 0
      GET_REQUESTED_SESSION_ID = 1
      GET_IHTTP_SESSION = 2
      SESSION_PRE_INVOKE = 3
      SESSION_POST_INVOKE = 4
      STOP = 5
      STOP_LISTENERS = 6
      IS_VALID = 7
      ENCODE_URL = 8
      SHOULD_ENCODE_URL = 9
      IS_PROTOCOL_SWITCH = 10
      GET_LOCAL_HOST = 11
      ADD_HTTP_SESSION_ATTRIBUTE_LISTENER = 12
      ADD_HTTP_SESSION_LISTENER = 13
      GET_SESSION_AFFINITY_CONTEXT = 14
      CHECK_SECURITY = 15
      INVALIDATE = 16
      CHECK_SESSSIONID_IS_RIGHT_LENGTH = 17
      LOCK_SESSION = 18
      UNLOCK_SESSION = 19
      ADD_HTTP_SESSION_ID_LISTENER = 20
      methodNames = class java.lang.String[21]
    eventSource = class com.ibm.ws.webcontainer.webapp.WebAppEventSource@a491ce9
      _invocationListeners = class com.ibm.ws.webcontainer.util.EventListeners@3555c8f5
      _servletListeners = class com.ibm.ws.webcontainer.util.EventListeners@5a77264a
      _errorListeners = class com.ibm.ws.webcontainer.util.EventListeners@2fa04e26
      _applicationListeners = class com.ibm.ws.webcontainer.util.EventListeners@1d1f00bc
      _filterInvocationListeners = class com.ibm.ws.webcontainer.util.EventListeners@696618a
      _filterListeners = class com.ibm.ws.webcontainer.util.EventListeners@65b05264
      _filterErrorListeners = class com.ibm.ws.webcontainer.util.EventListeners@484cf18a
    nls = class com.ibm.ejs.ras.TraceNLS@3a32c488
      resolver = class com.ibm.ws.logging.internal.TraceNLSResolver@7daa955f
      finder = null
      ivBundleName = "com.ibm.ws.webcontainer.resources.Messages"
      caller = class java.lang.Class@19053d1d
    liberty_nls = class com.ibm.ejs.ras.TraceNLS@79480dd3
      resolver = class com.ibm.ws.logging.internal.TraceNLSResolver@7daa955f
      finder = null
      ivBundleName = "com.ibm.ws.webcontainer.resources.LShimMessages"
      caller = class java.lang.Class@19053d1d
    error_nls = class com.ibm.ejs.ras.TraceNLS@642e6961
      resolver = class com.ibm.ws.logging.internal.TraceNLSResolver@7daa955f
      finder = null
      ivBundleName = "com.ibm.ws.webcontainer.resources.ErrorPage"
      caller = class java.lang.Class@19053d1d
    sessionListeners = class java.util.ArrayList@26429f59
      serialVersionUID = 8683452581122892189
      DEFAULT_CAPACITY = 10
      EMPTY_ELEMENTDATA = class java.lang.Object[0]
      DEFAULTCAPACITY_EMPTY_ELEMENTDATA = class java.lang.Object[0]
      elementData = class java.lang.Object[10]
      size = 1
      MAX_ARRAY_SIZE = 2147483639
      modCount = 2
      MAX_ARRAY_SIZE = 2147483639
    sessionIdListeners = class java.util.ArrayList@a78199d
      serialVersionUID = 8683452581122892189
      DEFAULT_CAPACITY = 10
      EMPTY_ELEMENTDATA = class java.lang.Object[0]
      DEFAULTCAPACITY_EMPTY_ELEMENTDATA = class java.lang.Object[0]
      elementData = class java.lang.Object[0]
      size = 0
      MAX_ARRAY_SIZE = 2147483639
      modCount = 0
      MAX_ARRAY_SIZE = 2147483639
    sessionAttrListeners = class java.util.ArrayList@3367bb94
      serialVersionUID = 8683452581122892189
      DEFAULT_CAPACITY = 10
      EMPTY_ELEMENTDATA = class java.lang.Object[0]
      DEFAULTCAPACITY_EMPTY_ELEMENTDATA = class java.lang.Object[0]
      elementData = class java.lang.Object[0]
      size = 0
      MAX_ARRAY_SIZE = 2147483639
      modCount = 1
      MAX_ARRAY_SIZE = 2147483639
    addedSessionListeners = class java.util.ArrayList@2415a9f8
      serialVersionUID = 8683452581122892189
      DEFAULT_CAPACITY = 10
      EMPTY_ELEMENTDATA = class java.lang.Object[0]
      DEFAULTCAPACITY_EMPTY_ELEMENTDATA = class java.lang.Object[0]
      elementData = class java.lang.Object[0]
      size = 0
      MAX_ARRAY_SIZE = 2147483639
      modCount = 0
      MAX_ARRAY_SIZE = 2147483639
    addedSessionAttrListeners = class java.util.ArrayList@161f5274
      serialVersionUID = 8683452581122892189
      DEFAULT_CAPACITY = 10
      EMPTY_ELEMENTDATA = class java.lang.Object[0]
      DEFAULTCAPACITY_EMPTY_ELEMENTDATA = class java.lang.Object[0]
      elementData = class java.lang.Object[0]
      size = 0
      MAX_ARRAY_SIZE = 2147483639
      modCount = 0
      MAX_ARRAY_SIZE = 2147483639
    servletContextListeners = class java.util.ArrayList@5ce115db
      serialVersionUID = 8683452581122892189
      DEFAULT_CAPACITY = 10
      EMPTY_ELEMENTDATA = class java.lang.Object[0]
      DEFAULTCAPACITY_EMPTY_ELEMENTDATA = class java.lang.Object[0]
      elementData = class java.lang.Object[10]
      size = 1
      MAX_ARRAY_SIZE = 2147483639
      modCount = 2
      MAX_ARRAY_SIZE = 2147483639
    servletContextLAttrListeners = class java.util.ArrayList@52d4bec8
      serialVersionUID = 8683452581122892189
      DEFAULT_CAPACITY = 10
      EMPTY_ELEMENTDATA = class java.lang.Object[0]
      DEFAULTCAPACITY_EMPTY_ELEMENTDATA = class java.lang.Object[0]
      elementData = class java.lang.Object[0]
      size = 0
      MAX_ARRAY_SIZE = 2147483639
      modCount = 1
      MAX_ARRAY_SIZE = 2147483639
    servletRequestListeners = class java.util.ArrayList@5b879703
      serialVersionUID = 8683452581122892189
      DEFAULT_CAPACITY = 10
      EMPTY_ELEMENTDATA = class java.lang.Object[0]
      DEFAULTCAPACITY_EMPTY_ELEMENTDATA = class java.lang.Object[0]
      elementData = class java.lang.Object[0]
      size = 0
      MAX_ARRAY_SIZE = 2147483639
      modCount = 1
      MAX_ARRAY_SIZE = 2147483639
    servletRequestLAttrListeners = class java.util.ArrayList@37e7f2f5
      serialVersionUID = 8683452581122892189
      DEFAULT_CAPACITY = 10
      EMPTY_ELEMENTDATA = class java.lang.Object[0]
      DEFAULTCAPACITY_EMPTY_ELEMENTDATA = class java.lang.Object[0]
      elementData = class java.lang.Object[0]
      size = 0
      MAX_ARRAY_SIZE = 2147483639
      modCount = 1
      MAX_ARRAY_SIZE = 2147483639
    prependSlashToResource = false
    destroyed = false
    webAppNameSpaceCollab = class com.ibm.ws.webcontainer.osgi.collaborator.WebAppNameSpaceCollaboratorImpl@63fc761f
      cmdai = class com.ibm.ws.threadContext.ComponentMetaDataAccessorImpl@378e0d22
    txCollab = class com.ibm.ws.webcontainer.collaborator.WebAppTransactionCollaborator@14a9a656
      logger = class com.ibm.ws.logging.internal.WsLogger@1d24b533
      CLASS_NAME = "com.ibm.ws.webcontainer.collaborator.WebAppTransactionCollaborator"
    sessionActivationListeners = class java.util.ArrayList@7371144f
      serialVersionUID = 8683452581122892189
      DEFAULT_CAPACITY = 10
      EMPTY_ELEMENTDATA = class java.lang.Object[0]
      DEFAULTCAPACITY_EMPTY_ELEMENTDATA = class java.lang.Object[0]
      elementData = class java.lang.Object[0]
      size = 0
      MAX_ARRAY_SIZE = 2147483639
      modCount = 1
      MAX_ARRAY_SIZE = 2147483639
    sessionBindingListeners = class java.util.ArrayList@7b09208e
      serialVersionUID = 8683452581122892189
      DEFAULT_CAPACITY = 10
      EMPTY_ELEMENTDATA = class java.lang.Object[0]
      DEFAULTCAPACITY_EMPTY_ELEMENTDATA = class java.lang.Object[0]
      elementData = class java.lang.Object[0]
      size = 0
      MAX_ARRAY_SIZE = 2147483639
      modCount = 1
      MAX_ARRAY_SIZE = 2147483639
    scratchdir = null
    jspClassLoaderLimit = 0
    jspClassLoaderExclusionList = null
    jspClassLoadersMap = null
    jspClassLoaderLimitTrackIF = false
    defaultExtProc = null
    directoryBrowsingServlet = null
    cdiContexts = class java.util.concurrent.ConcurrentHashMap@7bc5fd7e
      serialVersionUID = 7249069246763182397
      MAXIMUM_CAPACITY = 1073741824
      DEFAULT_CAPACITY = 16
      MAX_ARRAY_SIZE = 2147483639
      DEFAULT_CONCURRENCY_LEVEL = 16
      LOAD_FACTOR = 0.75
      TREEIFY_THRESHOLD = 8
      UNTREEIFY_THRESHOLD = 6
      MIN_TREEIFY_CAPACITY = 64
      MIN_TRANSFER_STRIDE = 16
      RESIZE_STAMP_BITS = 16
      MAX_RESIZERS = 65535
      RESIZE_STAMP_SHIFT = 16
      MOVED = -1
      TREEBIN = -2
      RESERVED = -3
      HASH_BITS = 2147483647
      NCPU = 4
      serialPersistentFields = class java.io.ObjectStreamField[3]
      table = class java.util.concurrent.ConcurrentHashMap$Node[16]
      nextTable = null
      baseCount = 1
      sizeCtl = 12
      transferIndex = 0
      cellsBusy = 0
      counterCells = null
      keySet = null
      values = null
      entrySet = null
      U = class sun.misc.Unsafe@6b63ff95
      SIZECTL = 20
      TRANSFERINDEX = 32
      BASECOUNT = 24
      CELLSBUSY = 36
      CELLVALUE = 144
      ABASE = 16
      ASHIFT = 2
      keySet = null
      values = null
    moduleConfig = class com.ibm.ws.webcontainer.osgi.container.DeployedModule@22077f46
      tc = class com.ibm.websphere.ras.TraceComponent@1663d600
      loader = class com.ibm.ws.classloading.internal.ThreadContextClassLoader@45e0b253
      webApp = class com.ibm.ws.webcontainer.osgi.webapp.WebApp@26b04924
      webAppConfig = class com.ibm.ws.webcontainer.osgi.webapp.WebAppConfiguration@3017e089
      contextRootAdded = null
      properContextRoot = "/ERP-light"
      mappingContextRoot = "/ERP-light/*"
      serialVersionUID = -2104814060051592457
      $$$tc$$$ = class com.ibm.websphere.ras.TraceComponent@ab20b89
    extensionFactories = class java.util.ArrayList@59afc425
      serialVersionUID = 8683452581122892189
      DEFAULT_CAPACITY = 10
      EMPTY_ELEMENTDATA = class java.lang.Object[0]
      DEFAULTCAPACITY_EMPTY_ELEMENTDATA = class java.lang.Object[0]
      elementData = class java.lang.Object[10]
      size = 1
      MAX_ARRAY_SIZE = 2147483639
      modCount = 1
      MAX_ARRAY_SIZE = 2147483639
    initialized = true
    lock = class com.ibm.ws.webcontainer.webapp.WebApp$1@6b1092ce
      this$0 = class com.ibm.ws.webcontainer.osgi.webapp.WebApp@26b04924
    afterServletContextCreated = false
    redirectContextRoot = false
    errorExceptionTypeFirst = false
    initFilterBeforeServletInit = false
    sortedServletConfigs = class java.util.ArrayList@3f6aacdf
      serialVersionUID = 8683452581122892189
      DEFAULT_CAPACITY = 10
      EMPTY_ELEMENTDATA = class java.lang.Object[0]
      DEFAULTCAPACITY_EMPTY_ELEMENTDATA = class java.lang.Object[0]
      elementData = class java.lang.Object[10]
      size = 1
      MAX_ARRAY_SIZE = 2147483639
      modCount = 1
      MAX_ARRAY_SIZE = 2147483639
    effectiveMajorVersion = 2
    effectiveMinorVersion = 5
    canAddServletContextListener = true
    withinContextInitOfProgAddListener = false
    webInfLibClassloader = null
    metaInfCache = class com.ibm.ws.webcontainer.webapp.WebApp$2@268e093b
      this$0 = class com.ibm.ws.webcontainer.osgi.webapp.WebApp@26b04924
      serialVersionUID = 3801124242820219131
      head = null
      tail = null
      accessOrder = true
      serialVersionUID = 362498820763181265
      DEFAULT_INITIAL_CAPACITY = 16
      MAXIMUM_CAPACITY = 1073741824
      DEFAULT_LOAD_FACTOR = 0.75
      TREEIFY_THRESHOLD = 8
      UNTREEIFY_THRESHOLD = 6
      MIN_TREEIFY_CAPACITY = 64
      table = null
      entrySet = null
      size = 0
      modCount = 0
      threshold = 32
      loadFactor = 1.0
      keySet = null
      values = null
    useMetaInfCache = true
    SUN_CONFIGURE_LISTENER_CLASSNAME = "com.sun.faces.config.ConfigureListener"
    MYFACES_LIFECYCLE_LISTENER_CLASSNAME = "org.apache.myfaces.webapp.StartupServletContextListener"
    JSF_IMPL_ENABLED_PARAM = "com.ibm.ws.jsf.JSF_IMPL_ENABLED"
    JSF_IMPL_ENABLED_CUSTOM = "Custom"
    JSF_IMPL_ENABLED_NONE = "None"
    staticDocRoot = class com.ibm.ws.webcontainer.util.DocumentRootUtils@1277f23
      logger = class com.ibm.ws.logging.internal.WsLogger@7724b00e
      CLASS_NAME = "com.ibm.ws.webcontainer.util.DocumentRootUtils"
      useContentLength = false
      matchedFile = null
      matchedZipFile = null
      matchedEntry = null
      matchedURL = null
      edrRoot = null
      pfedrRoot = null
      ctxt = class com.ibm.ws.webcontainer.osgi.webapp.WebApp@26b04924
      baseDir = null
      edr = null
      pfedr = null
      metaInfRes = null
      searchpfEDR = true
      searchEDR = true
      searchMetaInfRes = true
      matchFromEDR = false
      matchFromMetaInfRes = false
      matchIsADirectory = false
      appConfig = class com.ibm.ws.webcontainer.osgi.webapp.WebAppConfiguration@3017e089
      attributeType = "staticFile"
      STATIC_FILE = "staticFile"
      JSP = "jsp"
      PFEDR = "preFragmentExtendedDocumentRoot"
      EDR = "extendedDocumentRoot"
    jspDocRoot = class com.ibm.ws.webcontainer.util.DocumentRootUtils@6ece0b2b
      logger = class com.ibm.ws.logging.internal.WsLogger@7724b00e
      CLASS_NAME = "com.ibm.ws.webcontainer.util.DocumentRootUtils"
      useContentLength = false
      matchedFile = null
      matchedZipFile = null
      matchedEntry = null
      matchedURL = null
      edrRoot = null
      pfedrRoot = null
      ctxt = class com.ibm.ws.webcontainer.osgi.webapp.WebApp@26b04924
      baseDir = null
      edr = null
      pfedr = null
      metaInfRes = null
      searchpfEDR = true
      searchEDR = true
      searchMetaInfRes = true
      matchFromEDR = false
      matchFromMetaInfRes = false
      matchIsADirectory = false
      appConfig = class com.ibm.ws.webcontainer.osgi.webapp.WebAppConfiguration@3017e089
      attributeType = "jsp"
      STATIC_FILE = "staticFile"
      JSP = "jsp"
      PFEDR = "preFragmentExtendedDocumentRoot"
      EDR = "extendedDocumentRoot"
    container = class com.ibm.ws.adaptable.module.internal.AdaptableContainerImpl@169c94e6
      root = class com.ibm.ws.adaptable.module.internal.AdaptableContainerImpl@169c94e6
      rootOverlay = class com.ibm.ws.artifact.overlay.internal.DirectoryBasedOverlayContainerImpl@3e1cdc2e
      factoryHolder = class com.ibm.ws.adaptable.module.internal.AdaptableModuleFactoryImpl@42896998
      delegate = class com.ibm.ws.artifact.overlay.internal.DirectoryBasedOverlayContainerImpl@3e1cdc2e
      notifier = class com.ibm.ws.adaptable.module.internal.NotifierImpl@1fe64269
      serialVersionUID = -5621513278641113667
      $$$tc$$$ = class com.ibm.websphere.ras.TraceComponent@1b7c1354
    metaInfResourceFinder = class com.ibm.ws.webcontainer.util.MetaInfResourceFinder@4284e79
      jarResourceContainers = class java.util.ArrayList@3a6a5fbb
      container = class com.ibm.ws.adaptable.module.internal.AdaptableContainerImpl@169c94e6
    postConstructMethods = class com.ibm.ws.webcontainer.webapp.WebApp$AnnotatedMethods@52395816
      annotationClass = class java.lang.Class@142558b6
      noOpClassNames = class java.util.HashSet@486ac678
      annotatedMethodNames = class java.util.HashMap@3a9ca4f2
      EMPTY_METHODS = class java.lang.reflect.Method[0]
    preDestroyMethods = class com.ibm.ws.webcontainer.webapp.WebApp$AnnotatedMethods@685dfb15
      annotationClass = class java.lang.Class@6c9e564d
      noOpClassNames = class java.util.HashSet@3933257c
      annotatedMethodNames = class java.util.HashMap@602f5cc3
      EMPTY_METHODS = class java.lang.reflect.Method[0]
    OBJ_EMPTY = class java.lang.Object[0]
    CLASS_EMPTY = class java.lang.Class[0]
    DEFAULT_JSP_EXTENSIONS = class java.util.ArrayList@76543266
      serialVersionUID = 8683452581122892189
      DEFAULT_CAPACITY = 10
      EMPTY_ELEMENTDATA = class java.lang.Object[0]
      DEFAULTCAPACITY_EMPTY_ELEMENTDATA = class java.lang.Object[0]
      elementData = class java.lang.Object[10]
      size = 4
      MAX_ARRAY_SIZE = 2147483639
      modCount = 4
      MAX_ARRAY_SIZE = 2147483639
    DO_ACCEPT_PARTIAL = true
    DO_NOT_ACCEPT_PARTIAL = false
    DO_ACCEPT_EXCLUDED = true
    DO_NOT_ACCEPT_EXCLUDED = false
    commands = class java.util.ArrayList@28a8f6a4
      serialVersionUID = 8683452581122892189
      DEFAULT_CAPACITY = 10
      EMPTY_ELEMENTDATA = class java.lang.Object[0]
      DEFAULTCAPACITY_EMPTY_ELEMENTDATA = class java.lang.Object[0]
      elementData = class java.lang.Object[3]
      size = 0
      MAX_ARRAY_SIZE = 2147483639
      modCount = 0
      MAX_ARRAY_SIZE = 2147483639
    requestMapper = class com.ibm.wsspi.webcontainer.util.URIMapper@2faa35f7
      matcher = class com.ibm.wsspi.webcontainer.util.URIMatcher@37cc9843
    parent = class com.ibm.ws.webcontainer.osgi.webapp.WebGroup@783af566
      tc = class com.ibm.websphere.ras.TraceComponent@29e5dc69
      logger = class com.ibm.ws.logging.internal.WsLogger@69edb65a
      CLASS_NAME = "com.ibm.ws.webcontainer.webapp.WebGroup"
      sessUrlRewritePrefix = ";jsessionid="
      qMark = "?"
      config = class com.ibm.ws.webcontainer.osgi.webapp.WebGroupConfiguration@7b4fdbc4
      webApp = class com.ibm.ws.webcontainer.osgi.webapp.WebApp@26b04924
      commands = class java.util.ArrayList@405b4f18
      requestMapper = null
      parent = class com.ibm.ws.webcontainer.osgi.DynamicVirtualHost@56e95c98
      name = "/ERP-light/*"
      isAlive = true
      subElements = class java.util.HashMap@54f61b9c
      attributes = null
      config = null
      serialVersionUID = -8271459000149267764
      $$$tc$$$ = class com.ibm.websphere.ras.TraceComponent@6590089e
    name = "ERP-light"
    isAlive = true
    subElements = null
    attributes = class java.util.Collections$SynchronizedMap@68f48bc9
      serialVersionUID = 1978198479659022715
      m = class java.util.HashMap@79e7ec43
      mutex = class java.util.Collections$SynchronizedMap@68f48bc9
      keySet = null
      entrySet = class java.util.Collections$SynchronizedSet@3cdc6ff0
      values = null
    config = null
    serialVersionUID = -8271459000149267764
    $$$tc$$$ = class com.ibm.websphere.ras.TraceComponent@6590089e
      strings[0] = "TraceComponent[com.ibm.ws.container.AbstractContainer,class com.ibm.ws.container.AbstractContainer,[],null,null]"

