------Start of DE processing------ = [08.10.21 08:19:19:519 MESZ]
Exception = com.ibm.wsspi.genericbnf.exception.MalformedMessageException
Source = HttpInboundLink.handleNewInformation
probeid = 2
Stack Dump = com.ibm.wsspi.genericbnf.exception.MalformedMessageException: Invalid LF found in token
	at com.ibm.ws.genericbnf.internal.BNFHeadersImpl.findTokenLength(BNFHeadersImpl.java:3053)
	at com.ibm.ws.genericbnf.internal.BNFHeadersImpl.parseTokenExtract(BNFHeadersImpl.java:3463)
	at com.ibm.ws.genericbnf.internal.GenericMessageImpl.parseLine(GenericMessageImpl.java:189)
	at com.ibm.ws.genericbnf.internal.GenericMessageImpl.parseMessage(GenericMessageImpl.java:323)
	at com.ibm.ws.http.channel.internal.HttpBaseMessageImpl.parseMessage(HttpBaseMessageImpl.java:2101)
	at com.ibm.ws.http.channel.internal.HttpServiceContextImpl.parseMessage(HttpServiceContextImpl.java:2525)
	at com.ibm.ws.http.channel.internal.inbound.HttpInboundLink.handleNewInformation(HttpInboundLink.java:321)
	at com.ibm.ws.http.channel.internal.inbound.HttpInboundLink.processRequest(HttpInboundLink.java:273)
	at com.ibm.ws.http.channel.internal.inbound.HttpInboundLink.ready(HttpInboundLink.java:254)
	at com.ibm.ws.tcpchannel.internal.NewConnectionInitialReadCallback.sendToDiscriminators(NewConnectionInitialReadCallback.java:174)
	at com.ibm.ws.tcpchannel.internal.NewConnectionInitialReadCallback.complete(NewConnectionInitialReadCallback.java:83)
	at com.ibm.ws.tcpchannel.internal.WorkQueueManager.requestComplete(WorkQueueManager.java:504)
	at com.ibm.ws.tcpchannel.internal.WorkQueueManager.attemptIO(WorkQueueManager.java:574)
	at com.ibm.ws.tcpchannel.internal.WorkQueueManager.workerRun(WorkQueueManager.java:929)
	at com.ibm.ws.tcpchannel.internal.WorkQueueManager$Worker.run(WorkQueueManager.java:1018)
	at java.util.concurrent.ThreadPoolExecutor.runWorker(ThreadPoolExecutor.java:1149)
	at java.util.concurrent.ThreadPoolExecutor$Worker.run(ThreadPoolExecutor.java:624)
	at java.lang.Thread.run(Thread.java:748)

Dump of callerThis
Object type = com.ibm.ws.http.channel.internal.inbound.HttpInboundLink
  tc = class com.ibm.websphere.ras.TraceComponent@7b86820b
    strings[0] = "TraceComponent[com.ibm.ws.http.channel.internal.inbound.HttpInboundLink,class com.ibm.ws.http.channel.internal.inbound.HttpInboundLink,[HTTPChannel],com.ibm.ws.http.channel.internal.resources.httpchannelmessages,null]"
  myInterface = class com.ibm.ws.http.channel.internal.inbound.HttpInboundServiceContextImpl@41ae4c22
    strings[0] = "Message parsed: com.ibm.ws.http.channel.internal.HttpRequestMessageImpl@5338b304"
    strings[1] = "read buffer=PooledWsByteBufferImpl@3e183237/1 ID=0 java.nio.DirectByteBuffer[pos=180 lim=180 cap=8192] [WsByteBufferPool@4172db65/8192]"
    strings[2] = "ReadBufferSize=32768"
    strings[3] = "ReadTimeout=60000"
    strings[4] = "WriteTimeout=60000"
    strings[5] = "unparsedDataRemaining=-1"
  myChannel = class com.ibm.ws.http.channel.internal.inbound.HttpInboundChannel@d0ced82
    tc = class com.ibm.websphere.ras.TraceComponent@5bc05af4
      strings[0] = "TraceComponent[com.ibm.ws.http.channel.internal.inbound.HttpInboundChannel,class com.ibm.ws.http.channel.internal.inbound.HttpInboundChannel,[HTTPChannel],com.ibm.ws.http.channel.internal.resources.httpchannelmessages,null]"
    STATE_STOPPED = 0
    STATE_STOPPING = 1
    STATE_RUNNING = 2
    myObjectFactory = class com.ibm.ws.http.channel.internal.HttpObjectFactory@7f14c464
      tc = class com.ibm.websphere.ras.TraceComponent@1d4414ac
      SIZE_THREAD = 50
      SIZE_MAIN = 50
      reqPool = class com.ibm.wsspi.channelfw.objectpool.TwoTierObjectPool@69e9776b
      respPool = class com.ibm.wsspi.channelfw.objectpool.TwoTierObjectPool@5c98fb17
      hdrPool = class com.ibm.wsspi.channelfw.objectpool.TwoTierObjectPool@4dd17773
    channelFactory = class com.ibm.ws.http.channel.internal.inbound.HttpInboundChannelFactory@62c83b
      myConfig = class com.ibm.ws.http.channel.internal.HttpFactoryConfig@5d89e1ae
      appInterface = class java.lang.Class@f3d415a
      devInterfaces = class java.lang.Class[1]
      myObjectFactory = class com.ibm.ws.http.channel.internal.HttpObjectFactory@7f14c464
      allowLargeMessage = true
      key = class com.ibm.ws.http.channel.internal.HttpChannelFactory$1@4cbfc53f
      existingChannels = class java.util.HashMap@5e29d997
      commonProperties = class java.util.HashMap@3bfb7499
    myConfig = class com.ibm.ws.http.channel.internal.HttpChannelConfig@571c82a1
      tc = class com.ibm.websphere.ras.TraceComponent@4ac202e6
      TIMEOUT_MODIFIER = 1000
      maxPersistRequest = 100
      outgoingHttpVersion = class com.ibm.wsspi.http.channel.values.VersionValues@16c4502c
      bDirectBuffers = true
      bKeepAliveEnabled = true
      outgoingHdrBuffSize = 1024
      incomingHdrBuffSize = 8192
      incomingBodyBuffSize = 32768
      persistTimeout = 30000
      readTimeout = 60000
      writeTimeout = 60000
      byteCacheSize = 512
      bExtractValue = true
      bBinaryTransport = false
      accessLogger = class java.util.concurrent.atomic.AtomicReference@6a23a005
      debugLogger = class com.ibm.ws.http.logging.internal.DisabledLogger@91c1fb8
      limitFieldSize = 32768
      limitNumHeaders = 500
      limitNumResponses = 10
      limitMessageSize = -1
      bAllowRetries = true
      bServantRegion = false
      bRunningOnZOS = false
      bControlRegion = false
      bHeaderValidation = true
      bJITOnlyReads = false
      bStrictURLFormat = false
      bRemoveServerHeader = false
      baServerHeaderValue = null
      lDateHeaderRange = 1000
      bCookiesConfigureNoCache = true
      headerChangeLimit = -1
      bAutoDecompression = true
      bEnableSmugglingProtection = true
      v0CookieDateRFC1123compat = true
    myState = 2
    config = class com.ibm.ws.channelfw.internal.ChildChannelDataImpl@29163e47
      serialVersionUID = -220865176896833236
      parent = class com.ibm.ws.channelfw.internal.ChannelDataImpl@fe741d
      name = "HTTP-defaultHttpEndpoint_CFINTERNAL_CHILD_0"
      isInbound = true
    discriminationProcess = class com.ibm.ws.channelfw.internal.discrim.DiscriminationProcessImpl@70f8e8e5
      tc = class com.ibm.websphere.ras.TraceComponent@320776f
      discriminantClass = class java.lang.Class@b695f27
      discriminationAlgorithm = class com.ibm.ws.channelfw.internal.discrim.SingleDiscriminatorAlgorithm@7c3de5c7
      status = 1
      STARTED = 1
      STOPPED = 2
      indexLock = class java.lang.Object@1535c427
      masterIndex = 5
      myIndex = 1
      name = "HTTP-defaultHttpEndpoint_CFINTERNAL_CHILD_0"
      discriminators = class com.ibm.ws.channelfw.internal.discrim.DiscriminatorNode@6b3d5d24
      discAL = class java.util.ArrayList@2a6cb703
      channelList = interface com.ibm.wsspi.channelfw.Channel[1]
      changed = true
  myTSC = class com.ibm.ws.tcpchannel.internal.TCPConnLink@7fd4602
    strings[0] = "TCPConnLink@134039042: tcpChannel=com.ibm.ws.tcpchannel.internal.NioTCPChannel@664dc5d1"
    strings[1] = "TCPConnLink@134039042: closed=false"
    strings[2] = "TCPConnLink@134039042: socketIOChannel=com.ibm.ws.tcpchannel.internal.NioSocketIOChannel@55f74a33"
    strings[3] = "NioSocketIOChannel@1442269747: closed=false"
    strings[4] = "NioSocketIOChannel@1442269747: processClose=true"
    strings[5] = "NioSocketIOChannel@1442269747: checkCancel=false"
    strings[6] = "NioSocketIOChannel@1442269747: tcpChannel=com.ibm.ws.tcpchannel.internal.NioTCPChannel@664dc5d1"
    strings[7] = "NioSocketIOChannel@1442269747: socket=Socket[addr=/127.0.0.1,port=1051,localport=9080]"
    strings[8] = "NioSocketIOChannel@1442269747: remoteAddr=/127.0.0.1"
    strings[9] = "NioSocketIOChannel@1442269747: remotePort=1051"
    strings[10] = "NioSocketIOChannel@1442269747: localAddr=/127.0.0.1"
    strings[11] = "NioSocketIOChannel@1442269747: localPort=9080"
    strings[12] = "NioSocketIOChannel@1442269747: channel=java.nio.channels.SocketChannel[connected local=/127.0.0.1:9080 remote=/127.0.0.1:1051]"
    strings[13] = "TCPConnLink@134039042: numReads=1"
    strings[14] = "TCPConnLink@134039042: numWrites=0"
    strings[15] = "TCPConnLink@134039042: callCompleteLocal=false"
  bPartialParsedRequest = false
  numRequestsProcessed = 0
  filterExceptions = false
  bIsActive = true
  appSides = null
  linkOnDeviceSide = class com.ibm.ws.tcpchannel.internal.TCPConnLink@7fd4602
  linkOnApplicationSide = null
  vc = class com.ibm.ws.channelfw.internal.InboundVirtualConnectionImpl@3932395d
    discStatus = null
    dp = null
    tc = class com.ibm.websphere.ras.TraceComponent@1cecd57a
      strings[0] = "TraceComponent[com.ibm.ws.channelfw.internal.VirtualConnectionImpl,class com.ibm.ws.channelfw.internal.VirtualConnectionImpl,[ChannelFramework],com.ibm.ws.channelfw.internal.resources.ChannelfwMessages,null]"
    ONE_MILLISECOND_IN_NANOSECONDS = 1000000
    stateStore = class java.util.HashMap@7268e584
      serialVersionUID = 362498820763181265
      DEFAULT_INITIAL_CAPACITY = 16
      MAXIMUM_CAPACITY = 1073741824
      DEFAULT_LOAD_FACTOR = 0.75
      TREEIFY_THRESHOLD = 8
      UNTREEIFY_THRESHOLD = 6
      MIN_TREEIFY_CAPACITY = 64
      table = class java.util.HashMap$Node[16]
      entrySet = null
      size = 5
      modCount = 5
      threshold = 12
      loadFactor = 0.75
      keySet = null
      values = null
    READ_PENDING = 4097
    READ_WAITING = 4098
    READ_FINISHING = 4100
    WRITE_PENDING = 4112
    WRITE_WAITING = 4128
    WRITE_FINISHING = 4160
    CLOSE_PENDING = 4352
    IN_USE_MASK = 4096
    IN_USE_MASK_CLEAR_OUT = -4097
    READ_PENDING_CLEAR_OUT = -7
    READ_FINISHING_CLEAR_OUT = -4
    READ_WAITING_CLEAR_OUT = -6
    READ_DONE_CLEAR_OUT = -8
    WRITE_PENDING_CLEAR_OUT = -97
    WRITE_FINISHING_CLEAR_OUT = -49
    WRITE_WAITING_CLEAR_OUT = -81
    WRITE_DONE_CLEAR_OUT = -113
    CLOSE_NOT_ALLOWED_MASK = 341
    FINISH_NOT_ALLOWED_MASK = 256
    READ_NOT_ALLOWED_MASK = 263
    WRITE_NOT_ALLOWED_MASK = 368
    READ_OUTSTANDING = 7
    WRITE_OUTSTANDING = 112
    closeWaiting = false
    currentState = 0
    readOutWithClosePending = false
    writeOutWithClosePending = false
    inetAddressingValid = true
    connDesc = class com.ibm.ws.channelfw.internal.ConnectionDescriptorImpl@1da19f28
      remoteHostName = null
      localHostName = null
      remoteHostAddress = null
      localHostAddress = null
      addrLocal = class java.net.Inet4Address@712633da
      addrRemote = class java.net.Inet4Address@61d3b908
    fileChannelCapable = 2

