------Start of DE processing------ = [04.11.21 20:42:12:526 MEZ]
Exception = org.springframework.web.util.NestedServletException
Source = com.ibm.ws.webcontainer.filter.WebAppFilterManager.invokeFilters
probeid = 1064
Stack Dump = org.springframework.web.util.NestedServletException: Request processing failed; nested exception is org.hibernate.LazyInitializationException: failed to lazily initialize a collection of role: at.erp.light.view.model.Person.emails, could not initialize proxy - no Session
	at org.springframework.web.servlet.FrameworkServlet.processRequest(FrameworkServlet.java:978)
	at org.springframework.web.servlet.FrameworkServlet.doPost(FrameworkServlet.java:868)
	at javax.servlet.http.HttpServlet.service(HttpServlet.java:595)
	at org.springframework.web.servlet.FrameworkServlet.service(FrameworkServlet.java:842)
	at javax.servlet.http.HttpServlet.service(HttpServlet.java:668)
	at com.ibm.ws.webcontainer.servlet.ServletWrapper.service(ServletWrapper.java:1275)
	at com.ibm.ws.webcontainer.servlet.ServletWrapper.handleRequest(ServletWrapper.java:766)
	at com.ibm.ws.webcontainer.servlet.ServletWrapper.handleRequest(ServletWrapper.java:472)
	at com.ibm.ws.webcontainer.filter.WebAppFilterChain.invokeTarget(WebAppFilterChain.java:135)
	at com.ibm.ws.webcontainer.filter.WebAppFilterChain.doFilter(WebAppFilterChain.java:89)
	at at.erp.light.view.filter.SecurityFilter.doFilter(SecurityFilter.java:72)
	at com.ibm.ws.webcontainer.filter.FilterInstanceWrapper.doFilter(FilterInstanceWrapper.java:192)
	at com.ibm.ws.webcontainer.filter.WebAppFilterChain.doFilter(WebAppFilterChain.java:86)
	at com.ibm.ws.webcontainer.filter.WebAppFilterManager.doFilter(WebAppFilterManager.java:975)
	at com.ibm.ws.webcontainer.filter.WebAppFilterManager.invokeFilters(WebAppFilterManager.java:1097)
	at com.ibm.ws.webcontainer.webapp.WebApp.handleRequest(WebApp.java:4797)
	at com.ibm.ws.webcontainer.osgi.DynamicVirtualHost$2.handleRequest(DynamicVirtualHost.java:297)
	at com.ibm.ws.webcontainer.WebContainer.handleRequest(WebContainer.java:981)
	at com.ibm.ws.webcontainer.osgi.DynamicVirtualHost$2.run(DynamicVirtualHost.java:262)
	at com.ibm.ws.http.dispatcher.internal.channel.HttpDispatcherLink$TaskWrapper.run(HttpDispatcherLink.java:938)
	at java.util.concurrent.ThreadPoolExecutor.runWorker(ThreadPoolExecutor.java:1149)
	at java.util.concurrent.ThreadPoolExecutor$Worker.run(ThreadPoolExecutor.java:624)
	at java.lang.Thread.run(Thread.java:748)
Caused by: org.hibernate.LazyInitializationException: failed to lazily initialize a collection of role: at.erp.light.view.model.Person.emails, could not initialize proxy - no Session
	at org.hibernate.collection.internal.AbstractPersistentCollection.throwLazyInitializationException(AbstractPersistentCollection.java:569)
	at org.hibernate.collection.internal.AbstractPersistentCollection.withTemporarySessionIfNeeded(AbstractPersistentCollection.java:188)
	at org.hibernate.collection.internal.AbstractPersistentCollection.initialize(AbstractPersistentCollection.java:548)
	at org.hibernate.collection.internal.AbstractPersistentCollection.read(AbstractPersistentCollection.java:126)
	at org.hibernate.collection.internal.PersistentSet.iterator(PersistentSet.java:180)
	at at.erp.light.view.mapper.PersonMapper.mapToDTO(PersonMapper.java:46)
	at at.erp.light.view.controller.adressmanagement.PersonController.getCurrentUser(PersonController.java:190)
	at sun.reflect.NativeMethodAccessorImpl.invoke0(Native Method)
	at sun.reflect.NativeMethodAccessorImpl.invoke(NativeMethodAccessorImpl.java:62)
	at sun.reflect.DelegatingMethodAccessorImpl.invoke(DelegatingMethodAccessorImpl.java:43)
	at java.lang.reflect.Method.invoke(Method.java:498)
	at org.springframework.web.method.support.InvocableHandlerMethod.invoke(InvocableHandlerMethod.java:215)
	at org.springframework.web.method.support.InvocableHandlerMethod.invokeForRequest(InvocableHandlerMethod.java:132)
	at org.springframework.web.servlet.mvc.method.annotation.ServletInvocableHandlerMethod.invokeAndHandle(ServletInvocableHandlerMethod.java:104)
	at org.springframework.web.servlet.mvc.method.annotation.RequestMappingHandlerAdapter.invokeHandleMethod(RequestMappingHandlerAdapter.java:781)
	at org.springframework.web.servlet.mvc.method.annotation.RequestMappingHandlerAdapter.handleInternal(RequestMappingHandlerAdapter.java:721)
	at org.springframework.web.servlet.mvc.method.AbstractHandlerMethodAdapter.handle(AbstractHandlerMethodAdapter.java:83)
	at org.springframework.web.servlet.DispatcherServlet.doDispatch(DispatcherServlet.java:943)
	at org.springframework.web.servlet.DispatcherServlet.doService(DispatcherServlet.java:877)
	at org.springframework.web.servlet.FrameworkServlet.processRequest(FrameworkServlet.java:966)
	... 22 more

Dump of callerThis
null
