------Start of DE processing------ = [08.10.21 09:32:27:801 MESZ]
Exception = org.springframework.web.util.NestedServletException
Source = com.ibm.ws.webcontainer.filter.FilterInstanceWrapper.doFilter
probeid = 144
Stack Dump = org.springframework.web.util.NestedServletException: Request processing failed; nested exception is org.springframework.transaction.TransactionSystemException: Could not roll back Hibernate transaction; nested exception is org.hibernate.TransactionException: rollback failed
	at org.springframework.web.servlet.FrameworkServlet.processRequest(FrameworkServlet.java:978)
	at org.springframework.web.servlet.FrameworkServlet.doPost(FrameworkServlet.java:868)
	at javax.servlet.http.HttpServlet.service(HttpServlet.java:595)
	at org.springframework.web.servlet.FrameworkServlet.service(FrameworkServlet.java:842)
	at javax.servlet.http.HttpServlet.service(HttpServlet.java:668)
	at com.ibm.ws.webcontainer.servlet.ServletWrapper.service(ServletWrapper.java:1275)
	at com.ibm.ws.webcontainer.servlet.ServletWrapper.handleRequest(ServletWrapper.java:766)
	at com.ibm.ws.webcontainer.servlet.ServletWrapper.handleRequest(ServletWrapper.java:472)
	at com.ibm.ws.webcontainer.filter.WebAppFilterChain.invokeTarget(WebAppFilterChain.java:135)
	at com.ibm.ws.webcontainer.filter.WebAppFilterChain.doFilter(WebAppFilterChain.java:89)
	at at.erp.light.view.filter.SecurityFilter.doFilter(SecurityFilter.java:72)
	at com.ibm.ws.webcontainer.filter.FilterInstanceWrapper.doFilter(FilterInstanceWrapper.java:192)
	at com.ibm.ws.webcontainer.filter.WebAppFilterChain.doFilter(WebAppFilterChain.java:86)
	at com.ibm.ws.webcontainer.filter.WebAppFilterManager.doFilter(WebAppFilterManager.java:975)
	at com.ibm.ws.webcontainer.filter.WebAppFilterManager.invokeFilters(WebAppFilterManager.java:1097)
	at com.ibm.ws.webcontainer.servlet.CacheServletWrapper.handleRequest(CacheServletWrapper.java:81)
	at com.ibm.ws.webcontainer.WebContainer.handleRequest(WebContainer.java:912)
	at com.ibm.ws.webcontainer.osgi.DynamicVirtualHost$2.run(DynamicVirtualHost.java:262)
	at com.ibm.ws.http.dispatcher.internal.channel.HttpDispatcherLink$TaskWrapper.run(HttpDispatcherLink.java:938)
	at java.util.concurrent.ThreadPoolExecutor.runWorker(ThreadPoolExecutor.java:1149)
	at java.util.concurrent.ThreadPoolExecutor$Worker.run(ThreadPoolExecutor.java:624)
	at java.lang.Thread.run(Thread.java:748)
Caused by: org.springframework.transaction.TransactionSystemException: Could not roll back Hibernate transaction; nested exception is org.hibernate.TransactionException: rollback failed
	at org.springframework.orm.hibernate4.HibernateTransactionManager.doRollback(HibernateTransactionManager.java:581)
	at org.springframework.transaction.support.AbstractPlatformTransactionManager.processRollback(AbstractPlatformTransactionManager.java:849)
	at org.springframework.transaction.support.AbstractPlatformTransactionManager.rollback(AbstractPlatformTransactionManager.java:826)
	at org.springframework.transaction.interceptor.TransactionAspectSupport.completeTransactionAfterThrowing(TransactionAspectSupport.java:514)
	at org.springframework.transaction.interceptor.TransactionAspectSupport.invokeWithinTransaction(TransactionAspectSupport.java:270)
	at org.springframework.transaction.interceptor.TransactionInterceptor.invoke(TransactionInterceptor.java:95)
	at org.springframework.aop.framework.ReflectiveMethodInvocation.proceed(ReflectiveMethodInvocation.java:179)
	at org.springframework.aop.framework.JdkDynamicAopProxy.invoke(JdkDynamicAopProxy.java:207)
	at com.sun.proxy.$Proxy40.getAllActivePersons(Unknown Source)
	at at.erp.light.view.controller.adressmanagement.PersonController.getAllActivePersons(PersonController.java:97)
	at sun.reflect.NativeMethodAccessorImpl.invoke0(Native Method)
	at sun.reflect.NativeMethodAccessorImpl.invoke(NativeMethodAccessorImpl.java:62)
	at sun.reflect.DelegatingMethodAccessorImpl.invoke(DelegatingMethodAccessorImpl.java:43)
	at java.lang.reflect.Method.invoke(Method.java:498)
	at org.springframework.web.method.support.InvocableHandlerMethod.invoke(InvocableHandlerMethod.java:215)
	at org.springframework.web.method.support.InvocableHandlerMethod.invokeForRequest(InvocableHandlerMethod.java:132)
	at org.springframework.web.servlet.mvc.method.annotation.ServletInvocableHandlerMethod.invokeAndHandle(ServletInvocableHandlerMethod.java:104)
	at org.springframework.web.servlet.mvc.method.annotation.RequestMappingHandlerAdapter.invokeHandleMethod(RequestMappingHandlerAdapter.java:781)
	at org.springframework.web.servlet.mvc.method.annotation.RequestMappingHandlerAdapter.handleInternal(RequestMappingHandlerAdapter.java:721)
	at org.springframework.web.servlet.mvc.method.AbstractHandlerMethodAdapter.handle(AbstractHandlerMethodAdapter.java:83)
	at org.springframework.web.servlet.DispatcherServlet.doDispatch(DispatcherServlet.java:943)
	at org.springframework.web.servlet.DispatcherServlet.doService(DispatcherServlet.java:877)
	at org.springframework.web.servlet.FrameworkServlet.processRequest(FrameworkServlet.java:966)
	... 21 more
Caused by: org.hibernate.TransactionException: rollback failed
	at org.hibernate.engine.transaction.spi.AbstractTransactionImpl.rollback(AbstractTransactionImpl.java:215)
	at org.springframework.orm.hibernate4.HibernateTransactionManager.doRollback(HibernateTransactionManager.java:578)
	... 43 more
Caused by: org.hibernate.TransactionException: unable to rollback against JDBC connection
	at org.hibernate.engine.transaction.internal.jdbc.JdbcTransaction.doRollback(JdbcTransaction.java:167)
	at org.hibernate.engine.transaction.spi.AbstractTransactionImpl.rollback(AbstractTransactionImpl.java:209)
	... 44 more
Caused by: org.postgresql.util.PSQLException: This connection has been closed.
	at org.postgresql.jdbc.PgConnection.checkClosed(PgConnection.java:880)
	at org.postgresql.jdbc.PgConnection.rollback(PgConnection.java:887)
	at com.mchange.v2.c3p0.impl.NewProxyConnection.rollback(NewProxyConnection.java:860)
	at org.hibernate.engine.transaction.internal.jdbc.JdbcTransaction.doRollback(JdbcTransaction.java:163)
	... 45 more

Dump of callerThis
Object type = com.ibm.ws.webcontainer.filter.FilterInstanceWrapper
  FILTER_STATE_UNINITIALIZED = 0
  FILTER_STATE_INITIALIZING = 1
  FILTER_STATE_AVAILABLE = 2
  FILTER_STATE_DESTROYING = 3
  FILTER_STATE_DESTROYED = 4
  FILTER_STATE_UNAVAILABLE = 5
  _filterName = "SecurityFilter"
  _filterInstance = class at.erp.light.view.filter.SecurityFilter@39a70765
  _filterState = 2
  nServicing = class java.util.concurrent.atomic.AtomicInteger@1ad6f53f
    serialVersionUID = 6214790243416807050
    unsafe = class sun.misc.Unsafe@6b63ff95
      theUnsafe = class sun.misc.Unsafe@6b63ff95
      INVALID_FIELD_OFFSET = -1
      ARRAY_BOOLEAN_BASE_OFFSET = 16
      ARRAY_BYTE_BASE_OFFSET = 16
      ARRAY_SHORT_BASE_OFFSET = 16
      ARRAY_CHAR_BASE_OFFSET = 16
      ARRAY_INT_BASE_OFFSET = 16
      ARRAY_LONG_BASE_OFFSET = 16
      ARRAY_FLOAT_BASE_OFFSET = 16
      ARRAY_DOUBLE_BASE_OFFSET = 16
      ARRAY_OBJECT_BASE_OFFSET = 16
      ARRAY_BOOLEAN_INDEX_SCALE = 1
      ARRAY_BYTE_INDEX_SCALE = 1
      ARRAY_SHORT_INDEX_SCALE = 2
      ARRAY_CHAR_INDEX_SCALE = 2
      ARRAY_INT_INDEX_SCALE = 4
      ARRAY_LONG_INDEX_SCALE = 8
      ARRAY_FLOAT_INDEX_SCALE = 4
      ARRAY_DOUBLE_INDEX_SCALE = 8
      ARRAY_OBJECT_INDEX_SCALE = 4
      ADDRESS_SIZE = 8
    valueOffset = 12
    value = 0
    serialVersionUID = -8742448824652078965
  logger = class com.ibm.ws.logging.internal.WsLogger@6ca7d07f
    tc = class com.ibm.websphere.ras.TraceComponent@13c576c7
      strings[0] = "TraceComponent[com.ibm.ws.logging.internal.WsLogger,class com.ibm.ws.logging.internal.WsLogger,[logging],com.ibm.ws.logging.internal.resources.LoggingMessages,null]"
    ivCachedResourceBundleName = null
    ivCachedResourceBundle = null
    ivComponent = null
    ivOrganization = null
    ivProduct = null
    ivMinimumLocalizationLevelIntValue = 625
    ivGroupName = null
    ivTC = class com.ibm.websphere.ras.TraceComponent@3f44c9a0
      strings[0] = "TraceComponent[com.ibm.ws.webcontainer.filter,class com.ibm.wsspi.webcontainer.logging.LoggerFactory$1,[com.ibm.ws.webcontainer.filter],null,null]"
    loggerRegistrationComponent = class java.lang.ThreadLocal@39b158df
      threadLocalHashCode = 696468823
      nextHashCode = class java.util.concurrent.atomic.AtomicInteger@3474d29b
      HASH_INCREMENT = 1640531527
    emptyHandlers = class java.util.logging.Handler[0]
    offValue = 2147483647
    SYSTEM_LOGGER_RB_NAME = "sun.util.logging.resources.logging"
    SYSTEM_BUNDLE = class java.util.logging.Logger$LoggerBundle@40e62ba0
      resourceBundleName = "sun.util.logging.resources.logging"
      userBundle = null
    NO_RESOURCE_BUNDLE = class java.util.logging.Logger$LoggerBundle@2e72af77
      resourceBundleName = null
      userBundle = null
    manager = class com.ibm.ws.kernel.boot.logging.WsLogManager@1d366dc6
      CLASS_NAME = "com.ibm.ws.kernel.boot.logging.WsLogManager"
      CONFIGURE_BY_SERVER_PROPERTY_NAME = "java.util.logging.configureByServer"
      CONFIGURE_BY_LOGGING_PROPERTIES_FILE = "java.util.logging.configureByLoggingPropertiesFile"
      configureByServer = true
      configureByLoggingProperties = false
      wsLogger = class java.lang.reflect.Constructor@fc214e8
      resetEnabled = true
      manager = class com.ibm.ws.kernel.boot.logging.WsLogManager@1d366dc6
      props = class java.util.Properties@721cd5df
      defaultLevel = class java.util.logging.Level@443881c0
      listenerMap = class java.util.HashMap@5e4f0f77
      systemContext = class java.util.logging.LogManager$SystemLoggerContext@41353502
      userContext = class java.util.logging.LogManager$LoggerContext@50d0e24c
      rootLogger = class java.util.logging.LogManager$RootLogger@2cc3c32a
      readPrimordialConfiguration = true
      initializedGlobalHandlers = true
      deathImminent = false
      initializedCalled = true
      initializationDone = true
      contextsMap = null
      loggerRefQueue = class java.lang.ref.ReferenceQueue@447677a4
      MAX_ITERATIONS = 400
      controlPermission = class java.util.logging.LoggingPermission@6264fcea
      loggingMXBean = null
      LOGGING_MXBEAN_NAME = "java.util.logging:type=Logging"
      $assertionsDisabled = true
    name = "com.ibm.ws.webcontainer.filter"
    handlers = class java.util.concurrent.CopyOnWriteArrayList@13a174c9
      serialVersionUID = 8673264195747942595
      lock = class java.util.concurrent.locks.ReentrantLock@33177f8f
      array = class java.lang.Object[0]
      UNSAFE = class sun.misc.Unsafe@6b63ff95
      lockOffset = 12
    loggerBundle = class java.util.logging.Logger$LoggerBundle@62ebf636
      resourceBundleName = "com.ibm.ws.webcontainer.resources.Messages"
      userBundle = null
    useParentHandlers = true
    filter = null
    anonymous = false
    catalog = class com.ibm.ws.webcontainer.resources.Messages_de@59d9e40b
      resources = class [Ljava.lang.Object;[330]
      lookup = null
      INITIAL_CACHE_SIZE = 32
      NONEXISTENT_BUNDLE = class java.util.ResourceBundle$1@4cf20666
      cacheList = class java.util.concurrent.ConcurrentHashMap@36cef4d7
      referenceQueue = class java.lang.ref.ReferenceQueue@7d0bb00
      parent = class com.ibm.ws.webcontainer.resources.Messages@26f4aa29
      locale = class java.util.Locale@43ea0c42
      name = "com.ibm.ws.webcontainer.resources.Messages"
      expired = false
      cacheKey = class java.util.ResourceBundle$CacheKey@7a6949a7
      keySet = null
      providers = null
      $assertionsDisabled = true
    catalogName = "com.ibm.ws.webcontainer.resources.Messages"
    catalogLocale = class java.util.Locale@77afeaab
      LOCALECACHE = class java.util.Locale$Cache@3adb8717
      ENGLISH = class java.util.Locale@64a7337a
      FRENCH = class java.util.Locale@111c7aaf
      GERMAN = class java.util.Locale@43ea0c42
      ITALIAN = class java.util.Locale@25efc817
      JAPANESE = class java.util.Locale@780e1333
      KOREAN = class java.util.Locale@ab5c79f
      CHINESE = class java.util.Locale@19ae4297
      SIMPLIFIED_CHINESE = class java.util.Locale@425a9ec5
      TRADITIONAL_CHINESE = class java.util.Locale@4a458a36
      FRANCE = class java.util.Locale@6ee825de
      GERMANY = class java.util.Locale@539786e
      ITALY = class java.util.Locale@130372ba
      JAPAN = class java.util.Locale@75f15ed6
      KOREA = class java.util.Locale@5a985363
      CHINA = class java.util.Locale@425a9ec5
      PRC = class java.util.Locale@425a9ec5
      TAIWAN = class java.util.Locale@4a458a36
      UK = class java.util.Locale@142caa56
      US = class java.util.Locale@1cb29ccb
      CANADA = class java.util.Locale@63ca7665
      CANADA_FRENCH = class java.util.Locale@7b513234
      ROOT = class java.util.Locale@a5e4912
      PRIVATE_USE_EXTENSION = x
      UNICODE_LOCALE_EXTENSION = u
      serialVersionUID = 9149081749638150636
      DISPLAY_LANGUAGE = 0
      DISPLAY_COUNTRY = 1
      DISPLAY_VARIANT = 2
      DISPLAY_SCRIPT = 3
      baseLocale = class sun.util.locale.BaseLocale@282c856
      localeExtensions = null
      hashCodeValue = 95426060
      defaultLocale = class java.util.Locale@77afeaab
      defaultDisplayLocale = class java.util.Locale@77afeaab
      defaultFormatLocale = class java.util.Locale@77afeaab
      languageTag = "de-AT"
      serialPersistentFields = class java.io.ObjectStreamField[6]
      isoLanguages = null
      isoCountries = null
      $assertionsDisabled = true
    treeLock = class java.lang.Object@6f30dfab
    parent = class com.ibm.ws.logging.internal.WsLogger@5257de3d
      tc = class com.ibm.websphere.ras.TraceComponent@13c576c7
      ivCachedResourceBundleName = "com.ibm.ws.webcontainer.resources.Messages"
      ivCachedResourceBundle = class com.ibm.ws.webcontainer.resources.Messages_de@66e61cde
      ivComponent = null
      ivOrganization = null
      ivProduct = null
      ivMinimumLocalizationLevelIntValue = 625
      ivGroupName = null
      ivTC = class com.ibm.websphere.ras.TraceComponent@2cf66c74
      loggerRegistrationComponent = class java.lang.ThreadLocal@39b158df
      emptyHandlers = class java.util.logging.Handler[0]
      offValue = 2147483647
      SYSTEM_LOGGER_RB_NAME = "sun.util.logging.resources.logging"
      SYSTEM_BUNDLE = class java.util.logging.Logger$LoggerBundle@40e62ba0
      NO_RESOURCE_BUNDLE = class java.util.logging.Logger$LoggerBundle@2e72af77
      manager = class com.ibm.ws.kernel.boot.logging.WsLogManager@1d366dc6
      name = "com.ibm.ws.webcontainer"
      handlers = class java.util.concurrent.CopyOnWriteArrayList@1c654206
      loggerBundle = class java.util.logging.Logger$LoggerBundle@231a2766
      useParentHandlers = true
      filter = null
      anonymous = false
      catalog = class com.ibm.ws.webcontainer.resources.Messages_de@66e61cde
      catalogName = "com.ibm.ws.webcontainer.resources.Messages"
      catalogLocale = class java.util.Locale@77afeaab
      treeLock = class java.lang.Object@6f30dfab
      parent = class java.util.logging.Logger@643ad93a
      kids = class java.util.ArrayList@6c592935
      levelObject = class java.util.logging.Level@443881c0
      levelValue = 800
      callersClassLoaderRef = class java.lang.ref.WeakReference@5a1a23ca
      isSystemLogger = false
      GLOBAL_LOGGER_NAME = "global"
      global = class java.util.logging.Logger@256e82eb
      $assertionsDisabled = true
    kids = null
    levelObject = class java.util.logging.Level@443881c0
      defaultBundle = "sun.util.logging.resources.logging"
      name = "INFO"
      value = 800
      resourceBundleName = "sun.util.logging.resources.logging"
      localizedLevelName = "INFORMATION"
      cachedLocale = class java.util.Locale@77afeaab
      OFF = class java.util.logging.Level@4b2db089
      SEVERE = class java.util.logging.Level@6c041807
      WARNING = class java.util.logging.Level@30d7bb0f
      INFO = class java.util.logging.Level@443881c0
      CONFIG = class java.util.logging.Level@627def92
      FINE = class java.util.logging.Level@44f2b2ac
      FINER = class java.util.logging.Level@87a5e15
      FINEST = class java.util.logging.Level@5f893d6
      ALL = class java.util.logging.Level@874fd84
      serialVersionUID = -8176160795706313070
    levelValue = 800
    callersClassLoaderRef = class java.lang.ref.WeakReference@4ccac15e
      referent = class org.eclipse.osgi.internal.loader.EquinoxClassLoader@6ad80198
      queue = class java.lang.ref.ReferenceQueue$Null@50e5f4aa
      next = null
      discovered = null
      lock = class java.lang.ref.Reference$Lock@4eb98d46
      pending = null
    isSystemLogger = false
    GLOBAL_LOGGER_NAME = "global"
    global = class java.util.logging.Logger@256e82eb
      emptyHandlers = class java.util.logging.Handler[0]
      offValue = 2147483647
      SYSTEM_LOGGER_RB_NAME = "sun.util.logging.resources.logging"
      SYSTEM_BUNDLE = class java.util.logging.Logger$LoggerBundle@40e62ba0
      NO_RESOURCE_BUNDLE = class java.util.logging.Logger$LoggerBundle@2e72af77
      manager = class com.ibm.ws.kernel.boot.logging.WsLogManager@1d366dc6
      name = "global"
      handlers = class java.util.concurrent.CopyOnWriteArrayList@38177c06
      loggerBundle = class java.util.logging.Logger$LoggerBundle@2e72af77
      useParentHandlers = true
      filter = null
      anonymous = false
      catalog = null
      catalogName = null
      catalogLocale = null
      treeLock = class java.lang.Object@6f30dfab
      parent = class java.util.logging.LogManager$RootLogger@2cc3c32a
      kids = null
      levelObject = null
      levelValue = 800
      callersClassLoaderRef = null
      isSystemLogger = true
      GLOBAL_LOGGER_NAME = "global"
      global = class java.util.logging.Logger@256e82eb
      $assertionsDisabled = true
    $assertionsDisabled = true
  CLASS_NAME = "com.ibm.ws.webcontainer.filter.FilterInstanceWrapper"
  _filterEvent = null
  _filterConfig = class com.ibm.ws.webcontainer.filter.FilterConfig@3851f44e
    dispatchMode = null
    filterClassLoader = null
    isInternal = false
    webAppConfig = class com.ibm.ws.webcontainer.osgi.webapp.WebAppConfiguration@3017e089
      webModuleMetaData = class com.ibm.ws.webcontainer.osgi.metadata.WebModuleMetaDataImpl@44831f02
      webComponentMetaData = class com.ibm.ws.webcontainer.osgi.metadata.WebComponentMetaDataImpl@3e1cb6e6
      dVirtualHost = class com.ibm.ws.webcontainer.osgi.DynamicVirtualHost@56e95c98
      orderedLibPaths = class java.util.Collections$UnmodifiableRandomAccessList@667bbe9
      bundleHeaders = null
      cdiEnabled = false
      CLASS_NAME = "com.ibm.ws.webcontainer.webapp.WebAppConfiguration"
      logger = class com.ibm.ws.logging.internal.WsLogger@69edb65a
      tc = class com.ibm.websphere.ras.TraceComponent@769ce576
      nls = class com.ibm.ejs.ras.TraceNLS@230d0ba4
      version = 25
      contextRoot = "/ERP-light"
      sessionTimeout = 0
      moduleSessionTimeoutSet = false
      moduleSessionTrackingModeSet = false
      sessionCookieConfig = class com.ibm.ws.session.SessionCookieConfigImpl@78fd32a5
      hasProgrammaticCookieConfig = false
      sessionDefaultTrackingModeSet = class java.util.RegularEnumSet@64ecbcbe
      sessionManagerConfig = class com.ibm.ws.session.SessionManagerConfig@48e818ef
      displayName = "ERP-light VIEW"
      description = null
      reloadInterval = 0
      distributable = false
      denyUncoveredHttpMethods = false
      reloadingEnabled = false
      serveServletsByClassnameEnabled = null
      defaultErrorPage = null
      additionalClassPath = null
      fileServingEnabled = null
      directoryBrowsingEnabled = false
      autoRequestEncoding = false
      autoResponseEncoding = false
      autoLoadFilters = false
      requestListeners = null
      requestAttributeListeners = null
      sessionListeners = null
      localeMap = null
      moduleName = "ERP-light"
      j2eeModuleName = "ERP-light.war"
      moduleId = null
      isSyncToThreadEnabled = false
      isSystemApp = false
      ardEnabled = false
      ardDispatchType = null
      listeners = class java.util.ArrayList@3737a7d
      welcomeFileList = class java.util.ArrayList@120a08ac
      servletMappings = class java.util.HashMap@13824f1f
      lastIndexBeforeDeclaredFilters = 0
      filterMappings = class java.util.ArrayList@1b2512e0
      servletInfo = class java.util.HashMap@31d236b
      filterInfo = class java.util.HashMap@411014cc
      mimeMappings = class java.util.HashMap@406b4146
      mimeFilters = null
      isMimeFilteringEnabled = false
      theWebGroup = null
      jspAttributes = class java.util.HashMap@73eae9b9
      fileServingAttributes = class java.util.HashMap@19869ad4
      invokerAttributes = class java.util.HashMap@58715b5c
      contextParams = class java.util.HashMap@420a4065
      virtualHost = "default_host"
      exceptionErrorPages = class java.util.HashMap@6689cebc
      codeErrorPages = class java.util.HashMap@4bf4a883
      tagLibList = null
      precompileJsps = false
      webApp = class com.ibm.ws.webcontainer.osgi.webapp.WebApp@26b04924
      virtualHostList = class java.util.Collections$EmptyList@198db11a
      appStartupWeight = 0
      moduleStartupWeight = 0
      metaDataComplete = false
      classesToScan = class java.util.ArrayList@994c326
      uriFilterMappingInfos = class java.util.ArrayList@21400086
      servletFilterMappingInfos = null
      dynamicServletRegistrationMap = null
      applicationName = "ERP-light"
      libBinPathList = null
      webXmlDefinedListeners = class java.util.HashSet@4f1e149d
      serviceRefs = class java.util.ArrayList@3bef7905
      resourceRefs = class java.util.ArrayList@144d10ad
      resourceRefBindings = class java.util.HashMap@35a87692
      resourceRefConfigList = null
      resourceEnvRefs = class java.util.ArrayList@aad3646
      resourceEnvRefBindings = class java.util.HashMap@4a4a5147
      messageDestRefs = class java.util.ArrayList@367ee8db
      messageDestRefBindings = class java.util.HashMap@40140460
      envEntries = class java.util.ArrayList@23e80522
      envEntryValues = class java.util.HashMap@3b30a871
      envEntryBindings = class java.util.HashMap@7a49a7fc
      dataSources = class java.util.ArrayList@1a1e9bd1
      dataSourceBindings = class java.util.HashMap@79bc4ca5
      persistenceUnitRefs = class java.util.ArrayList@477110c3
      persistenceContextRefs = class java.util.ArrayList@70303996
      ejbRefs = class java.util.ArrayList@1e1ef452
      ejbLocalRefs = class java.util.ArrayList@55c4a50
      ejbRefBindings = class java.util.HashMap@4ae4a530
      disallowAllFileServingProp = "false"
      disallowServeServletsByClassnameProp = "false"
      disableStaticMappingCache = false
      _id = "WebAppGeneratedId1"
      _attributes = null
      serialVersionUID = 7511545662945734886
      $$$tc$$$ = class com.ibm.websphere.ras.TraceComponent@3c7c95c5
    filter = null
    filterClass = null
    urlPatternMappings = class java.util.ArrayList@666be5ba
      serialVersionUID = 8683452581122892189
      DEFAULT_CAPACITY = 10
      EMPTY_ELEMENTDATA = class java.lang.Object[0]
      DEFAULTCAPACITY_EMPTY_ELEMENTDATA = class java.lang.Object[0]
      elementData = class java.lang.Object[10]
      size = 2
      MAX_ARRAY_SIZE = 2147483639
      modCount = 2
      MAX_ARRAY_SIZE = 2147483639
    servletNameMappings = null
    nls = class com.ibm.ejs.ras.TraceNLS@4cafe97c
      resolver = class com.ibm.ws.logging.internal.TraceNLSResolver@7daa955f
      finder = null
      ivBundleName = "com.ibm.ws.webcontainer.resources.Messages"
      caller = class java.lang.Class@6e5ec095
    logger = class com.ibm.ws.logging.internal.WsLogger@26ca921e
      tc = class com.ibm.websphere.ras.TraceComponent@13c576c7
      ivCachedResourceBundleName = "com.ibm.ws.webcontainer.resources.Messages"
      ivCachedResourceBundle = class com.ibm.ws.webcontainer.resources.Messages_de@66e61cde
      ivComponent = null
      ivOrganization = null
      ivProduct = null
      ivMinimumLocalizationLevelIntValue = 625
      ivGroupName = null
      ivTC = class com.ibm.websphere.ras.TraceComponent@6c654ac8
      loggerRegistrationComponent = class java.lang.ThreadLocal@39b158df
      emptyHandlers = class java.util.logging.Handler[0]
      offValue = 2147483647
      SYSTEM_LOGGER_RB_NAME = "sun.util.logging.resources.logging"
      SYSTEM_BUNDLE = class java.util.logging.Logger$LoggerBundle@40e62ba0
      NO_RESOURCE_BUNDLE = class java.util.logging.Logger$LoggerBundle@2e72af77
      manager = class com.ibm.ws.kernel.boot.logging.WsLogManager@1d366dc6
      name = "com.ibm.ws.webcontainer.servlet"
      handlers = class java.util.concurrent.CopyOnWriteArrayList@af8d4db
      loggerBundle = class java.util.logging.Logger$LoggerBundle@32936c0f
      useParentHandlers = true
      filter = null
      anonymous = false
      catalog = class com.ibm.ws.webcontainer.resources.Messages_de@66e61cde
      catalogName = "com.ibm.ws.webcontainer.resources.Messages"
      catalogLocale = class java.util.Locale@77afeaab
      treeLock = class java.lang.Object@6f30dfab
      parent = class com.ibm.ws.logging.internal.WsLogger@5257de3d
      kids = null
      levelObject = class java.util.logging.Level@443881c0
      levelValue = 800
      callersClassLoaderRef = class java.lang.ref.WeakReference@5d03d3b9
      isSystemLogger = false
      GLOBAL_LOGGER_NAME = "global"
      global = class java.util.logging.Logger@256e82eb
      $assertionsDisabled = true
    CLASS_NAME = "com.ibm.ws.webcontainer.servlet.TargetConfig"
    initParams = null
    fileName = null
    displayName = "FilterGeneratedId2"
    name = "SecurityFilter"
    description = null
    smallIcon = null
    largeIcon = null
    context = class com.ibm.wsspi.webcontainer.facade.ServletContextFacade@1bc161ba
      context = class com.ibm.ws.webcontainer.osgi.webapp.WebApp@26b04924
    className = "at.erp.light.view.filter.SecurityFilter"
    asyncSupported = false
    _id = "FilterGeneratedId2"
    _attributes = null
    serialVersionUID = 7511545662945734886
    $$$tc$$$ = class com.ibm.websphere.ras.TraceComponent@3c7c95c5
      strings[0] = "TraceComponent[com.ibm.ws.container.BaseConfiguration,class com.ibm.ws.container.BaseConfiguration,[],null,null]"
  _eventSource = class com.ibm.ws.webcontainer.webapp.WebAppEventSource@a491ce9
    _invocationListeners = class com.ibm.ws.webcontainer.util.EventListeners@3555c8f5
      EMPTY_LISTENERS = interface java.util.EventListener[0]
      logger = class com.ibm.ws.logging.internal.WsLogger@7724b00e
      CLASS_NAME = "com.ibm.ws.webcontainer.util.EventListeners"
      listeners = interface java.util.EventListener[0]
    _servletListeners = class com.ibm.ws.webcontainer.util.EventListeners@5a77264a
      EMPTY_LISTENERS = interface java.util.EventListener[0]
      logger = class com.ibm.ws.logging.internal.WsLogger@7724b00e
      CLASS_NAME = "com.ibm.ws.webcontainer.util.EventListeners"
      listeners = interface java.util.EventListener[0]
    _errorListeners = class com.ibm.ws.webcontainer.util.EventListeners@2fa04e26
      EMPTY_LISTENERS = interface java.util.EventListener[0]
      logger = class com.ibm.ws.logging.internal.WsLogger@7724b00e
      CLASS_NAME = "com.ibm.ws.webcontainer.util.EventListeners"
      listeners = interface java.util.EventListener[0]
    _applicationListeners = class com.ibm.ws.webcontainer.util.EventListeners@1d1f00bc
      EMPTY_LISTENERS = interface java.util.EventListener[0]
      logger = class com.ibm.ws.logging.internal.WsLogger@7724b00e
      CLASS_NAME = "com.ibm.ws.webcontainer.util.EventListeners"
      listeners = interface java.util.EventListener[0]
    _filterInvocationListeners = class com.ibm.ws.webcontainer.util.EventListeners@696618a
      EMPTY_LISTENERS = interface java.util.EventListener[0]
      logger = class com.ibm.ws.logging.internal.WsLogger@7724b00e
      CLASS_NAME = "com.ibm.ws.webcontainer.util.EventListeners"
      listeners = interface java.util.EventListener[0]
    _filterListeners = class com.ibm.ws.webcontainer.util.EventListeners@65b05264
      EMPTY_LISTENERS = interface java.util.EventListener[0]
      logger = class com.ibm.ws.logging.internal.WsLogger@7724b00e
      CLASS_NAME = "com.ibm.ws.webcontainer.util.EventListeners"
      listeners = interface java.util.EventListener[0]
    _filterErrorListeners = class com.ibm.ws.webcontainer.util.EventListeners@484cf18a
      EMPTY_LISTENERS = interface java.util.EventListener[0]
      logger = class com.ibm.ws.logging.internal.WsLogger@7724b00e
      CLASS_NAME = "com.ibm.ws.webcontainer.util.EventListeners"
      listeners = interface java.util.EventListener[0]
  _managedObject = class com.ibm.ws.managedobject.internal.ManagedObjectImpl@512cf25a
    serialVersionUID = 2312695316196219051
    object = "<sensitive at.erp.light.view.filter.SecurityFilter@39a70765>"
    $$$tc$$$ = class com.ibm.websphere.ras.TraceComponent@72b7def2
      strings[0] = "TraceComponent[com.ibm.ws.managedobject.internal.ManagedObjectImpl,class com.ibm.ws.managedobject.internal.ManagedObjectImpl,[],null,null]"

