------Start of DE processing------ = [11.10.21 13:54:10:372 MESZ]
Exception = com.ibm.wsspi.adaptable.module.UnableToAdaptException
Source = com.ibm.ws.webcontainer.osgi.WebContainer
probeid = createModuleMetaData
Stack Dump = com.ibm.wsspi.adaptable.module.UnableToAdaptException: SRVE9964E: Es werden doppelte Namen (spring_web) in den Dateien web-fragment.xml von WEB-INF/lib/spring-web-4.1.1.RELEASE.jar und WEB-INF/lib/spring-web-4.3.30.RELEASE.jar verwenden, obwohl eine relative Sortierung verwendet wird.
	at com.ibm.ws.container.service.config.internal.WebFragmentsInfoImpl.sortWebFragments(WebFragmentsInfoImpl.java:173)
	at com.ibm.ws.container.service.config.internal.WebFragmentsInfoImpl.<init>(WebFragmentsInfoImpl.java:84)
	at com.ibm.ws.container.service.config.internal.WebFragmentsInfoAdapter.adapt(WebFragmentsInfoAdapter.java:54)
	at com.ibm.ws.container.service.config.internal.WebFragmentsInfoAdapter.adapt(WebFragmentsInfoAdapter.java:28)
	at com.ibm.ws.adaptable.module.internal.AdapterFactoryServiceImpl.adapt(AdapterFactoryServiceImpl.java:189)
	at com.ibm.ws.adaptable.module.internal.AdaptableContainerImpl.adapt(AdaptableContainerImpl.java:171)
	at com.ibm.ws.container.service.annotations.internal.WebAnnotationsImpl.getWebFragmentsInfo(WebAnnotationsImpl.java:239)
	at com.ibm.ws.container.service.annotations.internal.WebAnnotationsImpl.getClassSource(WebAnnotationsImpl.java:272)
	at com.ibm.ws.container.service.annotations.internal.WebAnnotationsImpl.getInfoStore(WebAnnotationsImpl.java:393)
	at com.ibm.ws.container.service.annotations.internal.WebAnnotationsImpl.openInfoStore(WebAnnotationsImpl.java:629)
	at com.ibm.ws.webcontainer.osgi.container.config.WebAppConfigurator.configure(WebAppConfigurator.java:377)
	at com.ibm.ws.webcontainer.osgi.container.config.WebAppConfigurationAdapter.adapt(WebAppConfigurationAdapter.java:110)
	at com.ibm.ws.webcontainer.osgi.container.config.WebAppConfigurationAdapter.adapt(WebAppConfigurationAdapter.java:43)
	at com.ibm.ws.adaptable.module.internal.AdapterFactoryServiceImpl.adapt(AdapterFactoryServiceImpl.java:189)
	at com.ibm.ws.adaptable.module.internal.AdaptableContainerImpl.adapt(AdaptableContainerImpl.java:171)
	at com.ibm.ws.webcontainer.osgi.WebContainer.createModuleMetaData(WebContainer.java:659)
	at com.ibm.ws.app.manager.web.internal.WebModuleHandlerImpl.deployModule(WebModuleHandlerImpl.java:77)
	at com.ibm.ws.app.manager.module.internal.DeployedAppInfoBase.deployModule(DeployedAppInfoBase.java:538)
	at com.ibm.ws.app.manager.module.internal.DeployedAppInfoBase.deployModules(DeployedAppInfoBase.java:457)
	at com.ibm.ws.app.manager.module.internal.DeployedAppInfoBase.deployApp(DeployedAppInfoBase.java:411)
	at com.ibm.ws.app.manager.war.internal.WARApplicationHandlerImpl.install(WARApplicationHandlerImpl.java:73)
	at com.ibm.ws.app.manager.internal.statemachine.StartAction.execute(StartAction.java:139)
	at com.ibm.ws.app.manager.internal.statemachine.ApplicationStateMachineImpl.enterState(ApplicationStateMachineImpl.java:1166)
	at com.ibm.ws.app.manager.internal.statemachine.ApplicationStateMachineImpl.run(ApplicationStateMachineImpl.java:779)
	at java.util.concurrent.ThreadPoolExecutor.runWorker(ThreadPoolExecutor.java:1149)
	at java.util.concurrent.ThreadPoolExecutor$Worker.run(ThreadPoolExecutor.java:624)
	at java.lang.Thread.run(Thread.java:748)

Dump of callerThis
Object type = [Ljava.lang.Object;
  Object type[0] = class com.ibm.ws.app.manager.module.internal.WebModuleInfoImpl@7fb5d7e7
    nls = class com.ibm.ejs.ras.TraceNLS@147ba945
      resolver = class com.ibm.ws.logging.internal.TraceNLSResolver@2fff5f76
      finder = null
      ivBundleName = "com.ibm.ws.app.manager.module.internal.resources.Messages"
      caller = class java.lang.Class@4836f62a
    appInfo = class com.ibm.ws.container.service.app.deploy.internal.ApplicationInfoImpl@682646e1
      appName = "ERP-light-0.0.1-SNAPSHOT"
      appMetaData = class com.ibm.ws.container.service.app.deploy.internal.ApplicationMetaDataImpl@2d2c385e
      appContainer = class com.ibm.ws.adaptable.module.internal.AdaptableContainerImpl@3c9aa7ae
      configHelper = class com.ibm.ws.app.manager.module.internal.DeployedAppInfoBase$1@6261a287
      serialVersionUID = 3606492897175139866
      $$$tc$$$ = class com.ibm.websphere.ras.TraceComponent@168a84c6
    moduleName = "ERP-light-0.0.1-SNAPSHOT"
    path = "ERP-light-0.0.1-SNAPSHOT.war"
    contextRoot = "/ERP-light"
    moduleContainer = class com.ibm.ws.adaptable.module.internal.AdaptableContainerImpl@3c9aa7ae
      root = class com.ibm.ws.adaptable.module.internal.AdaptableContainerImpl@3c9aa7ae
      rootOverlay = class com.ibm.ws.artifact.overlay.internal.DirectoryBasedOverlayContainerImpl@565a4ebe
      factoryHolder = class com.ibm.ws.adaptable.module.internal.AdaptableModuleFactoryImpl@385aec3e
      delegate = class com.ibm.ws.artifact.overlay.internal.DirectoryBasedOverlayContainerImpl@565a4ebe
      notifier = class com.ibm.ws.adaptable.module.internal.NotifierImpl@2fecd7e8
      serialVersionUID = -5621513278641113667
      $$$tc$$$ = class com.ibm.websphere.ras.TraceComponent@68cf6c9a
    moduleClassesContainers = class java.util.ArrayList@2ada75ee
      serialVersionUID = 8683452581122892189
      DEFAULT_CAPACITY = 10
      EMPTY_ELEMENTDATA = class java.lang.Object[0]
      DEFAULTCAPACITY_EMPTY_ELEMENTDATA = class java.lang.Object[0]
      elementData = class java.lang.Object[73]
      size = 68
      MAX_ARRAY_SIZE = 2147483639
      modCount = 69
      MAX_ARRAY_SIZE = 2147483639
    classLoaderFactory = class com.ibm.ws.app.manager.war.internal.WARDeployedAppInfo@569d4c2
      CONTEXT_ROOT = "context-root"
      webModuleHandler = class com.ibm.ws.app.manager.web.internal.WebModuleHandlerImpl@176d2172
      webContainerModuleInfo = class com.ibm.ws.app.manager.module.internal.DeployedAppInfoBase$WebModuleContainerInfo@77a53066
      DYNAMIC_IMPORT_PACKAGE_LIST = class java.util.Collections$UnmodifiableRandomAccessList@53b4be55
      serialVersionUID = -4849229296989076524
      $$$tc$$$ = class com.ibm.websphere.ras.TraceComponent@689e872c
      _tc = class com.ibm.websphere.ras.TraceComponent@5d402c61
      applicationInformation = class com.ibm.ws.app.manager.internal.ApplicationInstallInfo@54238393
      location = "D:\ERP-VIEW\ERP-light\target\ERP-light-0.0.1-SNAPSHOT.war"
      appInfo = class com.ibm.ws.container.service.app.deploy.internal.ApplicationInfoImpl@682646e1
      modulesDeployed = class java.util.ArrayList@a5baf71
      starting = true
      started = false
      appInfoFactory = class com.ibm.ws.container.service.app.deploy.internal.ApplicationInfoFactoryImpl@7c6bfe79
      classLoadingService = class com.ibm.ws.classloading.internal.ClassLoadingServiceImpl@ca83b8a
      globalSharedLibrary = class com.ibm.ws.library.internal.SharedLibraryImpl@44df1e97
      futureMonitor = class com.ibm.ws.threading.internal.FutureMonitorImpl@165a3286
      metaDataService = class com.ibm.ws.container.service.metadata.internal.MetaDataServiceImpl@6d02f806
      stateChangeService = class com.ibm.ws.container.service.state.internal.StateChangeServiceImpl@1328115a
      configAdmin = class com.ibm.ws.config.admin.internal.ConfigurationAdminImpl@3093ad70
      libraryConfigHelper = class com.ibm.ws.classloading.ClassLoaderConfigHelper@7daaa483
      isDelegateLast = false
      moduleClassesInfo = class com.ibm.ws.app.manager.module.internal.DeployedAppInfoBase$ModuleClassesInfoProvider@413d3607
      moduleContainerInfos = class java.util.ArrayList@124c5dbb
      initializeInOrder = true
      serialVersionUID = 5020132738048411123
    classLoader = class com.ibm.ws.classloading.internal.AppClassLoader@76926bd2
      tc = class com.ibm.websphere.ras.TraceComponent@19f2b4ac
      PARENT_FIRST_SEARCH_ORDER = class java.util.Collections$UnmodifiableRandomAccessList@5548861d
      CLASS_LOADING_TRACE_PREFIX = "com.ibm.ws.class.load."
      DEFAULT_PACKAGE = "default.package"
      perPackageClassLoadingTraceComponents = class java.util.concurrent.ConcurrentHashMap@6a75127b
      config = class com.ibm.ws.classloading.internal.ClassLoaderConfigurationImpl@40fa2ab8
      privateLibraries = class java.util.Collections$EmptyList@15abc93e
      delegateLoaders = class com.ibm.ws.classloading.internal.util.CompositeIterable@4c2ddf8
      nativeLibraryFiles = class java.util.ArrayList@46e6f1d1
      transformers = class java.util.ArrayList@57d8ac5f
      apiAccess = class com.ibm.ws.classloading.internal.GatewayClassLoader@7eb37c38
      PROTECTION_DOMAIN = class java.security.ProtectionDomain@1c717da3
      serialVersionUID = -8503176786514635265
      tc = class com.ibm.websphere.ras.TraceComponent@574197f7
      EMPTY_URL_ARRAY = class java.net.URL[0]
      smartClassPath = class com.ibm.ws.classloading.internal.ContainerClassLoader$UnreadSmartClassPath@7fd75ea9
      nativeLibraryContainers = class java.util.ArrayList@6dffaf58
      redefiner = class com.ibm.ws.classloading.internal.util.ClassRedefiner@7af45b21
      mapCreationQueue = class java.util.concurrent.Executors$FinalizableDelegatedExecutorService@6b072b9
      serialVersionUID = 7561562533729935637
      serialVersionUID = -7411549862368381758
      $$$tc$$$ = class com.ibm.websphere.ras.TraceComponent@3a90d109
      serialVersionUID = 161679851398543548
      $$$tc$$$ = class com.ibm.websphere.ras.TraceComponent@a1184f4
      serialVersionUID = 2596921220292114344
      $$$tc$$$ = class com.ibm.websphere.ras.TraceComponent@6fa66784
      initialized = true
      pdcache = class java.util.HashMap@e974ee2
      debug = null
      parent = class com.ibm.ws.classloading.internal.GatewayClassLoader@7eb37c38
      parallelLockMap = null
      package2certs = class java.util.Hashtable@778ff836
      nocerts = class java.security.cert.Certificate[0]
      classes = class java.util.Vector@312f5c16
      defaultDomain = class java.security.ProtectionDomain@4a901cc
      packages = class java.util.HashMap@30fdafe5
      scl = class sun.misc.Launcher$AppClassLoader@18b4aac2
      sclSet = true
      loadedLibraryNames = class java.util.Vector@38bbaf84
      systemNativeLibraries = class java.util.Vector@733f8b69
      nativeLibraries = class java.util.Vector@3f5443a3
      nativeLibraryContext = class java.util.Stack@620b512b
      usr_paths = class java.lang.String[40]
      sys_paths = class java.lang.String[1]
      assertionLock = class com.ibm.ws.classloading.internal.AppClassLoader@76926bd2
      defaultAssertionStatus = false
      packageAssertionStatus = null
      classAssertionStatus = null
    moduleMetaData = null
    serialVersionUID = 5291578855004601038
    $$$tc$$$ = class com.ibm.websphere.ras.TraceComponent@2ecd778e
      strings[0] = "TraceComponent[com.ibm.ws.app.manager.module.internal.WebModuleInfoImpl,class com.ibm.ws.app.manager.module.internal.WebModuleInfoImpl,[webcontainer, applications],,null]"
  Object type[1] = class com.ibm.ws.webcontainer.osgi.WebContainer@1e408b73
    tc = class com.ibm.websphere.ras.TraceComponent@18e0e22b
      strings[0] = "TraceComponent[com.ibm.ws.webcontainer.osgi.WebContainer,class com.ibm.ws.webcontainer.osgi.WebContainer,[webcontainer],com.ibm.ws.webcontainer.resources.LShimMessages,null]"
    CLASS_NAME = "com.ibm.ws.webcontainer.osgi.WebContainer"
    initialized = true
    eventService = class com.ibm.ws.event.internal.EventEngineImpl@4c1174ab
      tc = class com.ibm.websphere.ras.TraceComponent@27148b95
      OSGI_EVENT_HANDLER_REFERENCE_NAME = "osgiEventHandler"
      WS_EVENT_HANDLER_REFERENCE_NAME = "wsEventHandler"
      CFG_KEY_REENTRANT_HANDLER_DEFAULT = "reentrant.handler.default"
      CFG_KEY_STAGE_PREFIX = "stage.topics."
      topicCache = class com.ibm.ws.event.internal.TopicBasedCache@5da95ddc
      componentContext = class org.apache.felix.scr.impl.manager.ComponentContextImpl@14339216
      bundleContext = class org.eclipse.osgi.internal.framework.BundleContextImpl@3f8a6d1e
      logService = class com.ibm.ws.logging.internal.osgi.TrLogServiceImpl@153f3ed8
      frameworkEventAdapter = class com.ibm.ws.event.internal.adapter.FrameworkEventAdapter@4cfe50aa
      bundleEventAdapter = class com.ibm.ws.event.internal.adapter.BundleEventAdapter@5baeb354
      serviceEventAdapter = class com.ibm.ws.event.internal.adapter.ServiceEventAdapter@53052915
      executorServiceFactory = class com.ibm.ws.event.internal.WorkStageExecutorServiceFactory@3f200453
      defaultReentrancy = true
      skipSchedule = false
      serialVersionUID = 5726352079311142609
    futureMonitor = class com.ibm.ws.threading.internal.FutureMonitorImpl@165a3286
      _monitor = class java.util.concurrent.ConcurrentLinkedQueue@761c8bd3
      _executor = class com.ibm.ws.threading.internal.ScheduledExecutorImpl@55f6bbd2
      _threadRunning = class java.util.concurrent.atomic.AtomicBoolean@4eaddc41
      _thread = class com.ibm.ws.threading.internal.FutureMonitorImpl$1@7fed1a66
      serialVersionUID = 2765238413969174390
      $$$tc$$$ = class com.ibm.websphere.ras.TraceComponent@12f0d4fc
    classLoadingSRRef = class com.ibm.wsspi.kernel.service.utils.AtomicServiceReference@6fd650a6
      referenceName = "classLoadingService"
      tuple = class java.util.concurrent.atomic.AtomicReference@342805b4
      serialVersionUID = -5840472578638799324
      $$$tc$$$ = class com.ibm.websphere.ras.TraceComponent@5cf52cbb
    sessionHelperSRRef = class com.ibm.wsspi.kernel.service.utils.AtomicServiceReference@24d2565a
      referenceName = "sessionHelper"
      tuple = class java.util.concurrent.atomic.AtomicReference@104b85f1
      serialVersionUID = -5840472578638799324
      $$$tc$$$ = class com.ibm.websphere.ras.TraceComponent@5cf52cbb
    cacheManagerSRRef = class com.ibm.wsspi.kernel.service.utils.AtomicServiceReference@6321da47
      referenceName = "cacheManager"
      tuple = class java.util.concurrent.atomic.AtomicReference@505b559a
      serialVersionUID = -5840472578638799324
      $$$tc$$$ = class com.ibm.websphere.ras.TraceComponent@5cf52cbb
    injectionEngineSRRef = class com.ibm.wsspi.kernel.service.utils.AtomicServiceReference@24a80aa7
      referenceName = "injectionEngine"
      tuple = class java.util.concurrent.atomic.AtomicReference@3394cf61
      serialVersionUID = -5840472578638799324
      $$$tc$$$ = class com.ibm.websphere.ras.TraceComponent@5cf52cbb
    servletContainerInitializers = class com.ibm.wsspi.kernel.service.utils.ConcurrentServiceReferenceSet@79262df4
      referenceName = "servletContainerInitializers"
      contextRef = class java.util.concurrent.atomic.AtomicReference@5f1779cd
      elementMap = class java.util.LinkedHashMap@13b554b9
      elementSet = class java.util.concurrent.ConcurrentSkipListSet@7c2fb9d2
      elementSetUnsorted = false
      serialVersionUID = 756240983881166148
      $$$tc$$$ = class com.ibm.websphere.ras.TraceComponent@4775baa3
    es = class com.ibm.ws.threading.internal.ExecutorServiceImpl@4f70c40c
      JAVA_6 = false
      threadPool = class java.util.concurrent.ThreadPoolExecutor@2552d61b
      threadPoolController = class com.ibm.ws.threading.internal.ThreadPoolController@505b6c92
      controllerPaused = false
      maxThreads = 2147483647
      poolName = "Default Executor"
      serialVersionUID = -6354334274956515940
      $$$tc$$$ = class com.ibm.websphere.ras.TraceComponent@50a5b77d
    locationServiceRef = class java.util.concurrent.atomic.AtomicReference@226edc47
      serialVersionUID = -1848883965231344442
      unsafe = class sun.misc.Unsafe@49ed6e2a
      valueOffset = 12
      value = class com.ibm.ws.kernel.service.location.internal.WsLocationAdminImpl@77c8073f
    transferContextServiceRef = class com.ibm.wsspi.kernel.service.utils.ConcurrentServiceReferenceSet@4677079f
      referenceName = "transferService"
      contextRef = class java.util.concurrent.atomic.AtomicReference@679dffe7
      elementMap = class java.util.LinkedHashMap@2468d759
      elementSet = class java.util.concurrent.ConcurrentSkipListSet@43028ee6
      elementSetUnsorted = false
      serialVersionUID = 756240983881166148
      $$$tc$$$ = class com.ibm.websphere.ras.TraceComponent@4775baa3
    encodingServiceRef = class java.util.concurrent.atomic.AtomicReference@e76cb28
      serialVersionUID = -1848883965231344442
      unsafe = class sun.misc.Unsafe@49ed6e2a
      valueOffset = 12
      value = class com.ibm.ws.http.internal.EncodingUtilsImpl@754d9127
    instance = class java.util.concurrent.atomic.AtomicReference@47ef3e4e
      serialVersionUID = -1848883965231344442
      unsafe = class sun.misc.Unsafe@49ed6e2a
      valueOffset = 12
      value = class com.ibm.ws.webcontainer.osgi.WebContainer@1e408b73
    vhostManager = class com.ibm.ws.webcontainer.osgi.DynamicVirtualHostManager@13b74e10
      tc = class com.ibm.websphere.ras.TraceComponent@72aca948
      hostMap = class java.util.concurrent.ConcurrentHashMap@562e4cc2
      transportMap = class java.util.concurrent.ConcurrentHashMap@5760d016
      locationService = class com.ibm.ws.kernel.service.location.internal.WsLocationAdminImpl@77c8073f
      schedExecutor = class com.ibm.ws.threading.internal.ScheduledExecutorImpl@55f6bbd2
      pluginCfgVhostUris = class java.util.HashMap@719aa5f2
      PLUGIN_CFG = "plugin-cfg.xml"
    metaDataService = class com.ibm.ws.container.service.metadata.internal.MetaDataServiceImpl@6d02f806
      applicationMetaDataManager = class com.ibm.ws.container.service.metadata.internal.ApplicationMetaDataManager@26186e
      moduleMetaDataManager = class com.ibm.ws.container.service.metadata.internal.ModuleMetaDataManager@e071ecf
      componentMetaDataManager = class com.ibm.ws.container.service.metadata.internal.ComponentMetaDataManager@73c8cd4d
      methodMetaDataManager = class com.ibm.ws.container.service.metadata.internal.MethodMetaDataManager@2ff524e8
      appModuleNameToModuleContainer = class java.util.concurrent.ConcurrentHashMap@1fa0bc10
      jeeNameToComponentMetaData = class java.util.concurrent.ConcurrentHashMap@2967284d
      deferredMetaDataFactories = class com.ibm.wsspi.kernel.service.utils.ConcurrentServiceReferenceSet@1cf02a89
      deferredMetaDataInitializers = class com.ibm.wsspi.kernel.service.utils.ConcurrentServiceReferenceMap@1a249f9b
      serialVersionUID = 5173348198233259673
      $$$tc$$$ = class com.ibm.websphere.ras.TraceComponent@60bdf217
    j2eeNameFactory = class com.ibm.ws.container.service.metadata.internal.J2EENameFactoryImpl@55954105
      serialVersionUID = 3486344295038028821
      $$$tc$$$ = class com.ibm.websphere.ras.TraceComponent@6fb42167
    context = class org.apache.felix.scr.impl.manager.ComponentContextImpl@6b3618b7
      m_componentManager = class org.apache.felix.scr.impl.manager.SingleComponentManager@13de29af
      edgeInfos = class org.apache.felix.scr.impl.manager.EdgeInfo[23]
      m_componentInstance = class org.apache.felix.scr.impl.manager.ComponentContextImpl$ComponentInstanceImpl@66337022
      m_usingBundle = null
      m_implementationObject = class com.ibm.ws.webcontainer.osgi.WebContainer@1e408b73
      m_implementationAccessible = true
      accessibleLatch = class java.util.concurrent.CountDownLatch@6257d6da
    contextRoots = class java.util.Collections$SynchronizedSet@42580c0f
      serialVersionUID = 487447009682186044
      serialVersionUID = 3053995032091335093
      c = class java.util.HashSet@7efbf767
      mutex = class java.util.Collections$SynchronizedSet@42580c0f
    pendingContextRoots = class java.util.HashMap@38600e8a
      serialVersionUID = 362498820763181265
      DEFAULT_INITIAL_CAPACITY = 16
      MAXIMUM_CAPACITY = 1073741824
      DEFAULT_LOAD_FACTOR = 0.75
      TREEIFY_THRESHOLD = 8
      UNTREEIFY_THRESHOLD = 6
      MIN_TREEIFY_CAPACITY = 64
      table = null
      entrySet = null
      size = 0
      modCount = 0
      threshold = 0
      loadFactor = 0.75
      keySet = null
      values = null
    deployedModuleMap = class java.util.concurrent.ConcurrentHashMap@4702edea
      serialVersionUID = 7249069246763182397
      MAXIMUM_CAPACITY = 1073741824
      DEFAULT_CAPACITY = 16
      MAX_ARRAY_SIZE = 2147483639
      DEFAULT_CONCURRENCY_LEVEL = 16
      LOAD_FACTOR = 0.75
      TREEIFY_THRESHOLD = 8
      UNTREEIFY_THRESHOLD = 6
      MIN_TREEIFY_CAPACITY = 64
      MIN_TRANSFER_STRIDE = 16
      RESIZE_STAMP_BITS = 16
      MAX_RESIZERS = 65535
      RESIZE_STAMP_SHIFT = 16
      MOVED = -1
      TREEBIN = -2
      RESERVED = -3
      HASH_BITS = 2147483647
      NCPU = 4
      serialPersistentFields = class java.io.ObjectStreamField[3]
      table = null
      nextTable = null
      baseCount = 0
      sizeCtl = 0
      transferIndex = 0
      cellsBusy = 0
      counterCells = null
      keySet = null
      values = null
      entrySet = null
      U = class sun.misc.Unsafe@49ed6e2a
      SIZECTL = 20
      TRANSFERINDEX = 32
      BASECOUNT = 24
      CELLSBUSY = 36
      CELLVALUE = 144
      ABASE = 16
      ASHIFT = 2
      keySet = null
      values = null
    connContextPool = class com.ibm.ws.webcontainer.osgi.srt.internal.SRTConnectionContextPoolImpl@1caab61d
      head = class java.lang.ThreadLocal@32fd7ca1
      serialVersionUID = 200477468174368905
      $$$tc$$$ = class com.ibm.websphere.ras.TraceComponent@64f3014c
    DEFAULT_PORT = "*"
    DEFAULT_VHOST_NAME = "default_host"
    cachedServerInfo = null
    lock = class com.ibm.ws.webcontainer.osgi.WebContainer$1@1e10f9f3
      this$0 = class com.ibm.ws.webcontainer.osgi.WebContainer@1e408b73
    webAppFactory = class com.ibm.ws.webcontainer.osgi.webapp.internal.WebAppFactoryImpl@26bca0e5
      serialVersionUID = -3716872759960139968
      $$$tc$$$ = class com.ibm.websphere.ras.TraceComponent@3928b446
    requestFactory = class com.ibm.ws.webcontainer.osgi.internal.IRequestResponseFactory@76817465
      serialVersionUID = 3920846530314753026
      $$$tc$$$ = class com.ibm.websphere.ras.TraceComponent@1ff9571e
    responseFactory = class com.ibm.ws.webcontainer.osgi.internal.IRequestResponseFactory@76817465
    asyncContextFactory = class com.ibm.ws.webcontainer.async.internal.AsyncContextFactoryImpl@3fd23ef6
      serialVersionUID = 5498724061772383535
      $$$tc$$$ = class com.ibm.websphere.ras.TraceComponent@5c30a625
    DEFAULT_MAX_VERSION = 30
    versionRef = class org.eclipse.osgi.internal.serviceregistry.ServiceReferenceImpl@2614879e
      registration = class org.eclipse.osgi.internal.serviceregistry.ServiceRegistrationImpl@7cf37fd7
    SPEC_LEVEL_UNLOADED = -1
    SPEC_LEVEL_30 = 30
    SPEC_LEVEL_31 = 31
    DEFAULT_SPEC_LEVEL = 30
    loadedContainerSpecLevel = 30
    ISO = "ISO-8859-1"
    encoding = "UTF-8"
    decode = true
    wcconfig = class com.ibm.ws.webcontainer.osgi.WebContainerConfiguration@1833d2a5
      properties = class org.apache.felix.scr.impl.helper.ReadOnlyDictionary@17571b2b
      CFG_KEY_ENFORCE_SEC = "enforce.security"
      logger = class com.ibm.ws.logging.internal.WsLogger@3ecd314d
      CLASS_NAME = "com.ibm.ws.webcontainer.WebContainerConfiguration"
      _localeProps = null
      _jvmProps = null
      enableServletCaching = false
      defaultVirtualHostName = "default_host"
      ardEnabled = false
      ardIncludeTimeout = 0
      poolingDisabled = false
      maximumExpiredEntries = 0
      maximumResponseStoreSize = 0
      useAsyncRunnableWorkManager = false
      asyncRunnableWorkManagerName = null
      numAsyncTimerThreads = 2
      defaultAsyncServletTimeout = 30000
    applicationListeners = class java.util.ArrayList@36b86adb
      serialVersionUID = 8683452581122892189
      DEFAULT_CAPACITY = 10
      EMPTY_ELEMENTDATA = class java.lang.Object[0]
      DEFAULTCAPACITY_EMPTY_ELEMENTDATA = class java.lang.Object[0]
      elementData = class java.lang.Object[0]
      size = 0
      MAX_ARRAY_SIZE = 2147483639
      modCount = 0
      MAX_ARRAY_SIZE = 2147483639
    servletListeners = class java.util.ArrayList@341233e5
      serialVersionUID = 8683452581122892189
      DEFAULT_CAPACITY = 10
      EMPTY_ELEMENTDATA = class java.lang.Object[0]
      DEFAULTCAPACITY_EMPTY_ELEMENTDATA = class java.lang.Object[0]
      elementData = class java.lang.Object[0]
      size = 0
      MAX_ARRAY_SIZE = 2147483639
      modCount = 0
      MAX_ARRAY_SIZE = 2147483639
    servletErrorListeners = class java.util.ArrayList@347ff06e
      serialVersionUID = 8683452581122892189
      DEFAULT_CAPACITY = 10
      EMPTY_ELEMENTDATA = class java.lang.Object[0]
      DEFAULTCAPACITY_EMPTY_ELEMENTDATA = class java.lang.Object[0]
      elementData = class java.lang.Object[0]
      size = 0
      MAX_ARRAY_SIZE = 2147483639
      modCount = 0
      MAX_ARRAY_SIZE = 2147483639
    servletInvocationListeners = class java.util.ArrayList@32dfaabe
      serialVersionUID = 8683452581122892189
      DEFAULT_CAPACITY = 10
      EMPTY_ELEMENTDATA = class java.lang.Object[0]
      DEFAULTCAPACITY_EMPTY_ELEMENTDATA = class java.lang.Object[0]
      elementData = class java.lang.Object[0]
      size = 0
      MAX_ARRAY_SIZE = 2147483639
      modCount = 0
      MAX_ARRAY_SIZE = 2147483639
    filterInvocationListeners = class java.util.ArrayList@47c4f08c
      serialVersionUID = 8683452581122892189
      DEFAULT_CAPACITY = 10
      EMPTY_ELEMENTDATA = class java.lang.Object[0]
      DEFAULTCAPACITY_EMPTY_ELEMENTDATA = class java.lang.Object[0]
      elementData = class java.lang.Object[0]
      size = 0
      MAX_ARRAY_SIZE = 2147483639
      modCount = 0
      MAX_ARRAY_SIZE = 2147483639
    filterErrorListeners = class java.util.ArrayList@626c7e8a
      serialVersionUID = 8683452581122892189
      DEFAULT_CAPACITY = 10
      EMPTY_ELEMENTDATA = class java.lang.Object[0]
      DEFAULTCAPACITY_EMPTY_ELEMENTDATA = class java.lang.Object[0]
      elementData = class java.lang.Object[0]
      size = 0
      MAX_ARRAY_SIZE = 2147483639
      modCount = 0
      MAX_ARRAY_SIZE = 2147483639
    filterListeners = class java.util.ArrayList@295b1e29
      serialVersionUID = 8683452581122892189
      DEFAULT_CAPACITY = 10
      EMPTY_ELEMENTDATA = class java.lang.Object[0]
      DEFAULTCAPACITY_EMPTY_ELEMENTDATA = class java.lang.Object[0]
      elementData = class java.lang.Object[0]
      size = 0
      MAX_ARRAY_SIZE = 2147483639
      modCount = 0
      MAX_ARRAY_SIZE = 2147483639
    servletRequestListeners = class java.util.ArrayList@661ecbe6
      serialVersionUID = 8683452581122892189
      DEFAULT_CAPACITY = 10
      EMPTY_ELEMENTDATA = class java.lang.Object[0]
      DEFAULTCAPACITY_EMPTY_ELEMENTDATA = class java.lang.Object[0]
      elementData = class java.lang.Object[0]
      size = 0
      MAX_ARRAY_SIZE = 2147483639
      modCount = 0
      MAX_ARRAY_SIZE = 2147483639
    servletRequestAttributeListeners = class java.util.ArrayList@6be0739
      serialVersionUID = 8683452581122892189
      DEFAULT_CAPACITY = 10
      EMPTY_ELEMENTDATA = class java.lang.Object[0]
      DEFAULTCAPACITY_EMPTY_ELEMENTDATA = class java.lang.Object[0]
      elementData = class java.lang.Object[0]
      size = 0
      MAX_ARRAY_SIZE = 2147483639
      modCount = 0
      MAX_ARRAY_SIZE = 2147483639
    servletContextListeners = class java.util.ArrayList@7a7b14a
      serialVersionUID = 8683452581122892189
      DEFAULT_CAPACITY = 10
      EMPTY_ELEMENTDATA = class java.lang.Object[0]
      DEFAULTCAPACITY_EMPTY_ELEMENTDATA = class java.lang.Object[0]
      elementData = class java.lang.Object[0]
      size = 0
      MAX_ARRAY_SIZE = 2147483639
      modCount = 0
      MAX_ARRAY_SIZE = 2147483639
    servletContextAttributeListeners = class java.util.ArrayList@76fc5dc1
      serialVersionUID = 8683452581122892189
      DEFAULT_CAPACITY = 10
      EMPTY_ELEMENTDATA = class java.lang.Object[0]
      DEFAULTCAPACITY_EMPTY_ELEMENTDATA = class java.lang.Object[0]
      elementData = class java.lang.Object[0]
      size = 0
      MAX_ARRAY_SIZE = 2147483639
      modCount = 0
      MAX_ARRAY_SIZE = 2147483639
    sessionListeners = class java.util.ArrayList@66ade903
      serialVersionUID = 8683452581122892189
      DEFAULT_CAPACITY = 10
      EMPTY_ELEMENTDATA = class java.lang.Object[0]
      DEFAULTCAPACITY_EMPTY_ELEMENTDATA = class java.lang.Object[0]
      elementData = class java.lang.Object[0]
      size = 0
      MAX_ARRAY_SIZE = 2147483639
      modCount = 0
      MAX_ARRAY_SIZE = 2147483639
    sessionIdListeners = class java.util.ArrayList@10dcad20
      serialVersionUID = 8683452581122892189
      DEFAULT_CAPACITY = 10
      EMPTY_ELEMENTDATA = class java.lang.Object[0]
      DEFAULTCAPACITY_EMPTY_ELEMENTDATA = class java.lang.Object[0]
      elementData = class java.lang.Object[0]
      size = 0
      MAX_ARRAY_SIZE = 2147483639
      modCount = 0
      MAX_ARRAY_SIZE = 2147483639
    sessionAttributeListeners = class java.util.ArrayList@2a4b7390
      serialVersionUID = 8683452581122892189
      DEFAULT_CAPACITY = 10
      EMPTY_ELEMENTDATA = class java.lang.Object[0]
      DEFAULTCAPACITY_EMPTY_ELEMENTDATA = class java.lang.Object[0]
      elementData = class java.lang.Object[0]
      size = 0
      MAX_ARRAY_SIZE = 2147483639
      modCount = 0
      MAX_ARRAY_SIZE = 2147483639
    DEFAULT_HOST = "default_host"
    _initialized = true
    logger = class com.ibm.ws.logging.internal.WsLogger@3ecd314d
      tc = class com.ibm.websphere.ras.TraceComponent@a91f790
      ivCachedResourceBundleName = null
      ivCachedResourceBundle = null
      ivComponent = null
      ivOrganization = null
      ivProduct = null
      ivMinimumLocalizationLevelIntValue = 625
      ivGroupName = null
      ivTC = class com.ibm.websphere.ras.TraceComponent@48e9e7c7
      loggerRegistrationComponent = class java.lang.ThreadLocal@22a76b44
      emptyHandlers = class java.util.logging.Handler[0]
      offValue = 2147483647
      SYSTEM_LOGGER_RB_NAME = "sun.util.logging.resources.logging"
      SYSTEM_BUNDLE = class java.util.logging.Logger$LoggerBundle@147f5e75
      NO_RESOURCE_BUNDLE = class java.util.logging.Logger$LoggerBundle@41ec105f
      manager = class com.ibm.ws.kernel.boot.logging.WsLogManager@5888ae6d
      name = "com.ibm.ws.webcontainer"
      handlers = class java.util.concurrent.CopyOnWriteArrayList@7d58ddc9
      loggerBundle = class java.util.logging.Logger$LoggerBundle@13bab8e1
      useParentHandlers = true
      filter = null
      anonymous = false
      catalog = class com.ibm.ws.webcontainer.resources.Messages_de@32f52c21
      catalogName = "com.ibm.ws.webcontainer.resources.Messages"
      catalogLocale = class java.util.Locale@2f9307d4
      treeLock = class java.lang.Object@141e217a
      parent = class java.util.logging.Logger@5225eea8
      kids = class java.util.ArrayList@49aa54e9
      levelObject = class java.util.logging.Level@7eb057af
      levelValue = 800
      callersClassLoaderRef = class java.lang.ref.WeakReference@1b40acf2
      isSystemLogger = false
      GLOBAL_LOGGER_NAME = "global"
      global = class java.util.logging.Logger@10a618b
      $assertionsDisabled = true
    CLASS_NAME = "com.ibm.ws.webcontainer.internal.WebContainer"
    nls = class com.ibm.ejs.ras.TraceNLS@37213266
      resolver = class com.ibm.ws.logging.internal.TraceNLSResolver@2fff5f76
      finder = null
      ivBundleName = "com.ibm.ws.webcontainer.resources.Messages"
      caller = class java.lang.Class@656cb031
    self = class java.util.concurrent.atomic.AtomicReference@42e13c0f
      serialVersionUID = -1848883965231344442
      unsafe = class sun.misc.Unsafe@49ed6e2a
      valueOffset = 12
      value = class com.ibm.ws.webcontainer.osgi.WebContainer@1e408b73
    _cipherToBit = class java.util.HashMap@33470030
      serialVersionUID = 362498820763181265
      DEFAULT_INITIAL_CAPACITY = 16
      MAXIMUM_CAPACITY = 1073741824
      DEFAULT_LOAD_FACTOR = 0.75
      TREEIFY_THRESHOLD = 8
      UNTREEIFY_THRESHOLD = 6
      MIN_TREEIFY_CAPACITY = 64
      table = null
      entrySet = null
      size = 0
      modCount = 0
      threshold = 0
      loadFactor = 0.75
      keySet = null
      values = null
    cacheKeyStringBuilder = class com.ibm.ws.util.WSThreadLocal@64d7084c
      tc = class com.ibm.ejs.ras.TraceComponent@3c001ecf
      count = 1
      index = 0
      SUSPECTED_MISUSAGE_THRESHOLD = 200
      threadLocalHashCode = 1567541491
      nextHashCode = class java.util.concurrent.atomic.AtomicInteger@22a05510
      HASH_INCREMENT = 1640531527
    listenersInitialized = false
    webConProperties = class java.util.Properties@5adbb4b2
      serialVersionUID = 4112578634029874840
      defaults = null
      hexDigit = {0123456789ABCDEF} /* array length = 16*/
      table = class java.util.Hashtable$Entry[95]
      count = 49
      threshold = 71
      loadFactor = 0.75
      modCount = 52
      serialVersionUID = 1421746759512286392
      MAX_ARRAY_SIZE = 2147483639
      keySet = null
      entrySet = null
      values = null
      KEYS = 0
      VALUES = 1
      ENTRIES = 2
    sessionRegistry = null
    isStopped = false
    readWriteLockForStopping = class java.util.concurrent.locks.ReentrantReadWriteLock@1111eaa2
      serialVersionUID = -6992448646407690164
      readerLock = class java.util.concurrent.locks.ReentrantReadWriteLock$ReadLock@17bfbf63
      writerLock = class java.util.concurrent.locks.ReentrantReadWriteLock$WriteLock@3f9a3e9d
      sync = class java.util.concurrent.locks.ReentrantReadWriteLock$NonfairSync@4fcb0d50
      UNSAFE = class sun.misc.Unsafe@49ed6e2a
      TID_OFFSET = 40
    urlPrefix = ";jsessionid="
    extensionFactories = class java.util.ArrayList@1adc2e30
      serialVersionUID = 8683452581122892189
      DEFAULT_CAPACITY = 10
      EMPTY_ELEMENTDATA = class java.lang.Object[0]
      DEFAULTCAPACITY_EMPTY_ELEMENTDATA = class java.lang.Object[0]
      elementData = class java.lang.Object[10]
      size = 1
      MAX_ARRAY_SIZE = 2147483639
      modCount = 1
      MAX_ARRAY_SIZE = 2147483639
    postInitExtensionFactories = null
    httpResponseListeners = class java.util.ArrayList@4695c04f
      serialVersionUID = 8683452581122892189
      DEFAULT_CAPACITY = 10
      EMPTY_ELEMENTDATA = class java.lang.Object[0]
      DEFAULTCAPACITY_EMPTY_ELEMENTDATA = class java.lang.Object[0]
      elementData = class java.lang.Object[0]
      size = 0
      MAX_ARRAY_SIZE = 2147483639
      modCount = 0
      MAX_ARRAY_SIZE = 2147483639
    servletContainerInitializers = class java.util.ServiceLoader@41ec920b
      PREFIX = "META-INF/services/"
      service = class java.lang.Class@40e06adf
      loader = class org.eclipse.osgi.internal.loader.EquinoxClassLoader@6ffb13b9
      acc = null
      providers = class java.util.LinkedHashMap@150e4062
      lookupIterator = class java.util.ServiceLoader$LazyIterator@1ff330dc
    invocationCacheSize = 500
    decodePlusSign = true
    _cacheMap = class java.util.concurrent.ConcurrentHashMap@5f36246e
      serialVersionUID = 7249069246763182397
      MAXIMUM_CAPACITY = 1073741824
      DEFAULT_CAPACITY = 16
      MAX_ARRAY_SIZE = 2147483639
      DEFAULT_CONCURRENCY_LEVEL = 16
      LOAD_FACTOR = 0.75
      TREEIFY_THRESHOLD = 8
      UNTREEIFY_THRESHOLD = 6
      MIN_TREEIFY_CAPACITY = 64
      MIN_TRANSFER_STRIDE = 16
      RESIZE_STAMP_BITS = 16
      MAX_RESIZERS = 65535
      RESIZE_STAMP_SHIFT = 16
      MOVED = -1
      TREEBIN = -2
      RESERVED = -3
      HASH_BITS = 2147483647
      NCPU = 4
      serialPersistentFields = class java.io.ObjectStreamField[3]
      table = null
      nextTable = null
      baseCount = 0
      sizeCtl = 1024
      transferIndex = 0
      cellsBusy = 0
      counterCells = null
      keySet = null
      values = null
      entrySet = null
      U = class sun.misc.Unsafe@49ed6e2a
      SIZECTL = 20
      TRANSFERINDEX = 32
      BASECOUNT = 24
      CELLSBUSY = 36
      CELLVALUE = 144
      ABASE = 16
      ASHIFT = 2
      keySet = null
      values = null
    _cacheSize = class java.util.concurrent.atomic.AtomicInteger@24e03c16
      serialVersionUID = 6214790243416807050
      unsafe = class sun.misc.Unsafe@49ed6e2a
      valueOffset = 12
      value = 0
      serialVersionUID = -8742448824652078965
    vHostCompatFlag = false
    platformHelper = class com.ibm.ws.webcontainer.PlatformHelper@4c9f077d
    isDefaultTempDir = true
    tempDir = null
    servletCachingInitNeeded = true
    appInstallBegun = false
    commands = class java.util.ArrayList@7bdf42d
      serialVersionUID = 8683452581122892189
      DEFAULT_CAPACITY = 10
      EMPTY_ELEMENTDATA = class java.lang.Object[0]
      DEFAULTCAPACITY_EMPTY_ELEMENTDATA = class java.lang.Object[0]
      elementData = class java.lang.Object[3]
      size = 0
      MAX_ARRAY_SIZE = 2147483639
      modCount = 0
      MAX_ARRAY_SIZE = 2147483639
    requestMapper = class com.ibm.ws.webcontainer.util.VirtualHostContextRootMapper@22187840
      cachedMappers = class java.util.Collections$SynchronizedMap@220f638f
      nls = class com.ibm.ejs.ras.TraceNLS@3eef866
      logger = class com.ibm.ws.logging.internal.WsLogger@2800ad6f
      CLASS_NAME = "com.ibm.ws.webcontainer.util.VirtualHostContextRootMapper"
      CLASSNAME = "com.ibm.ws.util.VirtualHostMapper"
      tc = class com.ibm.ejs.ras.TraceComponent@28339915
      vHostTable = class java.util.concurrent.ConcurrentHashMap@5bda3e12
    parent = null
    name = "Was.webcontainer"
    isAlive = true
    subElements = null
    attributes = null
    config = null
    serialVersionUID = -8271459000149267764
    $$$tc$$$ = class com.ibm.websphere.ras.TraceComponent@2ad37a2a
      strings[0] = "TraceComponent[com.ibm.ws.container.AbstractContainer,class com.ibm.ws.container.AbstractContainer,[],null,null]"

