------Start of DE processing------ = [06.10.21 09:00:31:516 MESZ]
Exception = org.springframework.beans.factory.BeanCreationException
Source = com.ibm.ws.webcontainer.servlet.ServletWrapper.init
probeid = 181
Stack Dump = org.springframework.beans.factory.BeanCreationException: Error creating bean with name 'adminController': Injection of autowired dependencies failed; nested exception is org.springframework.beans.factory.BeanCreationException: Could not autowire field: private at.erp.light.view.services.IDataBase at.erp.light.view.controller.administration.AdminController.dataBaseService; nested exception is org.springframework.beans.factory.CannotLoadBeanClassException: Cannot find class [org.springframework.orm.hibernate5.LocalSessionFactoryBean] for bean with name 'sessionFactory' defined in ServletContext resource [/WEB-INF/erp-light-servlet.xml]; nested exception is java.lang.ClassNotFoundException: org.springframework.orm.hibernate5.LocalSessionFactoryBean
	at org.springframework.beans.factory.annotation.AutowiredAnnotationBeanPostProcessor.postProcessPropertyValues(AutowiredAnnotationBeanPostProcessor.java:334)
	at org.springframework.beans.factory.support.AbstractAutowireCapableBeanFactory.populateBean(AbstractAutowireCapableBeanFactory.java:1204)
	at org.springframework.beans.factory.support.AbstractAutowireCapableBeanFactory.doCreateBean(AbstractAutowireCapableBeanFactory.java:538)
	at org.springframework.beans.factory.support.AbstractAutowireCapableBeanFactory.createBean(AbstractAutowireCapableBeanFactory.java:476)
	at org.springframework.beans.factory.support.AbstractBeanFactory$1.getObject(AbstractBeanFactory.java:302)
	at org.springframework.beans.factory.support.DefaultSingletonBeanRegistry.getSingleton(DefaultSingletonBeanRegistry.java:229)
	at org.springframework.beans.factory.support.AbstractBeanFactory.doGetBean(AbstractBeanFactory.java:298)
	at org.springframework.beans.factory.support.AbstractBeanFactory.getBean(AbstractBeanFactory.java:193)
	at org.springframework.beans.factory.support.DefaultListableBeanFactory.preInstantiateSingletons(DefaultListableBeanFactory.java:725)
	at org.springframework.context.support.AbstractApplicationContext.finishBeanFactoryInitialization(AbstractApplicationContext.java:757)
	at org.springframework.context.support.AbstractApplicationContext.refresh(AbstractApplicationContext.java:480)
	at org.springframework.web.servlet.FrameworkServlet.configureAndRefreshWebApplicationContext(FrameworkServlet.java:663)
	at org.springframework.web.servlet.FrameworkServlet.createWebApplicationContext(FrameworkServlet.java:629)
	at org.springframework.web.servlet.FrameworkServlet.createWebApplicationContext(FrameworkServlet.java:677)
	at org.springframework.web.servlet.FrameworkServlet.initWebApplicationContext(FrameworkServlet.java:548)
	at org.springframework.web.servlet.FrameworkServlet.initServletBean(FrameworkServlet.java:489)
	at org.springframework.web.servlet.HttpServletBean.init(HttpServletBean.java:136)
	at javax.servlet.GenericServlet.init(GenericServlet.java:161)
	at com.ibm.ws.webcontainer.servlet.ServletWrapper.init(ServletWrapper.java:329)
	at com.ibm.ws.webcontainer.servlet.ServletWrapper.loadOnStartupCheck(ServletWrapper.java:1411)
	at com.ibm.ws.webcontainer.webapp.WebApp.doLoadOnStartupActions(WebApp.java:1175)
	at com.ibm.ws.webcontainer.webapp.WebApp.commonInitializationFinally(WebApp.java:1143)
	at com.ibm.ws.webcontainer.webapp.WebApp.initialize(WebApp.java:1049)
	at com.ibm.ws.webcontainer.webapp.WebApp.initialize(WebApp.java:6342)
	at com.ibm.ws.webcontainer.osgi.DynamicVirtualHost.startWebApp(DynamicVirtualHost.java:446)
	at com.ibm.ws.webcontainer.osgi.DynamicVirtualHost.startWebApplication(DynamicVirtualHost.java:441)
	at com.ibm.ws.webcontainer.osgi.WebContainer.startWebApplication(WebContainer.java:761)
	at com.ibm.ws.webcontainer.osgi.WebContainer.startModule(WebContainer.java:739)
	at com.ibm.ws.app.manager.web.internal.WebModuleHandlerImpl.deployModule(WebModuleHandlerImpl.java:106)
	at com.ibm.ws.app.manager.module.internal.DeployedAppInfoBase.deployModule(DeployedAppInfoBase.java:538)
	at com.ibm.ws.app.manager.module.internal.DeployedAppInfoBase.deployModules(DeployedAppInfoBase.java:457)
	at com.ibm.ws.app.manager.module.internal.DeployedAppInfoBase.deployApp(DeployedAppInfoBase.java:411)
	at com.ibm.ws.app.manager.war.internal.WARApplicationHandlerImpl.install(WARApplicationHandlerImpl.java:73)
	at com.ibm.ws.app.manager.internal.statemachine.StartAction.execute(StartAction.java:139)
	at com.ibm.ws.app.manager.internal.statemachine.ApplicationStateMachineImpl.enterState(ApplicationStateMachineImpl.java:1166)
	at com.ibm.ws.app.manager.internal.statemachine.ApplicationStateMachineImpl.run(ApplicationStateMachineImpl.java:779)
	at java.util.concurrent.ThreadPoolExecutor.runWorker(ThreadPoolExecutor.java:1149)
	at java.util.concurrent.ThreadPoolExecutor$Worker.run(ThreadPoolExecutor.java:624)
	at java.lang.Thread.run(Thread.java:748)
Caused by: org.springframework.beans.factory.BeanCreationException: Could not autowire field: private at.erp.light.view.services.IDataBase at.erp.light.view.controller.administration.AdminController.dataBaseService; nested exception is org.springframework.beans.factory.CannotLoadBeanClassException: Cannot find class [org.springframework.orm.hibernate5.LocalSessionFactoryBean] for bean with name 'sessionFactory' defined in ServletContext resource [/WEB-INF/erp-light-servlet.xml]; nested exception is java.lang.ClassNotFoundException: org.springframework.orm.hibernate5.LocalSessionFactoryBean
	at org.springframework.beans.factory.annotation.AutowiredAnnotationBeanPostProcessor$AutowiredFieldElement.inject(AutowiredAnnotationBeanPostProcessor.java:555)
	at org.springframework.beans.factory.annotation.InjectionMetadata.inject(InjectionMetadata.java:87)
	at org.springframework.beans.factory.annotation.AutowiredAnnotationBeanPostProcessor.postProcessPropertyValues(AutowiredAnnotationBeanPostProcessor.java:331)
	... 38 more
Caused by: org.springframework.beans.factory.CannotLoadBeanClassException: Cannot find class [org.springframework.orm.hibernate5.LocalSessionFactoryBean] for bean with name 'sessionFactory' defined in ServletContext resource [/WEB-INF/erp-light-servlet.xml]; nested exception is java.lang.ClassNotFoundException: org.springframework.orm.hibernate5.LocalSessionFactoryBean
	at org.springframework.beans.factory.support.AbstractBeanFactory.resolveBeanClass(AbstractBeanFactory.java:1325)
	at org.springframework.beans.factory.support.AbstractAutowireCapableBeanFactory.determineTargetType(AbstractAutowireCapableBeanFactory.java:623)
	at org.springframework.beans.factory.support.AbstractAutowireCapableBeanFactory.predictBeanType(AbstractAutowireCapableBeanFactory.java:592)
	at org.springframework.beans.factory.support.AbstractBeanFactory.isFactoryBean(AbstractBeanFactory.java:1394)
	at org.springframework.beans.factory.support.DefaultListableBeanFactory.doGetBeanNamesForType(DefaultListableBeanFactory.java:404)
	at org.springframework.beans.factory.support.DefaultListableBeanFactory.getBeanNamesForType(DefaultListableBeanFactory.java:381)
	at org.springframework.beans.factory.BeanFactoryUtils.beanNamesForTypeIncludingAncestors(BeanFactoryUtils.java:187)
	at org.springframework.beans.factory.support.DefaultListableBeanFactory.findAutowireCandidates(DefaultListableBeanFactory.java:1066)
	at org.springframework.beans.factory.support.DefaultListableBeanFactory.doResolveDependency(DefaultListableBeanFactory.java:1006)
	at org.springframework.beans.factory.support.DefaultListableBeanFactory.resolveDependency(DefaultListableBeanFactory.java:904)
	at org.springframework.beans.factory.annotation.AutowiredAnnotationBeanPostProcessor$AutowiredFieldElement.inject(AutowiredAnnotationBeanPostProcessor.java:527)
	... 40 more
Caused by: java.lang.ClassNotFoundException: org.springframework.orm.hibernate5.LocalSessionFactoryBean
	at com.ibm.ws.classloading.internal.UnifiedClassLoader.findClass(UnifiedClassLoader.java:118)
	at java.lang.ClassLoader.loadClass(ClassLoader.java:418)
	at com.ibm.ws.classloading.internal.UnifiedClassLoader.loadClass0(UnifiedClassLoader.java:106)
	at com.ibm.ws.classloading.internal.UnifiedClassLoader$Delegation.loadClass(UnifiedClassLoader.java:77)
	at com.ibm.ws.classloading.internal.UnifiedClassLoader.loadClass(UnifiedClassLoader.java:101)
	at com.ibm.ws.classloading.internal.ThreadContextClassLoader.loadClass(ThreadContextClassLoader.java:108)
	at java.lang.ClassLoader.loadClass(ClassLoader.java:351)
	at org.springframework.util.ClassUtils.forName(ClassUtils.java:246)
	at org.springframework.beans.factory.support.AbstractBeanDefinition.resolveBeanClass(AbstractBeanDefinition.java:395)
	at org.springframework.beans.factory.support.AbstractBeanFactory.doResolveBeanClass(AbstractBeanFactory.java:1346)
	at org.springframework.beans.factory.support.AbstractBeanFactory.resolveBeanClass(AbstractBeanFactory.java:1317)
	... 50 more

Dump of callerThis
Object type = com.ibm.ws.webcontainer.osgi.servlet.ServletWrapper
  serialVersionUID = 1
  _mo = class com.ibm.ws.managedobject.internal.ManagedObjectImpl@3333e380
    serialVersionUID = 2312695316196219051
    object = "<sensitive org.springframework.web.servlet.DispatcherServlet@40fae08b>"
    $$$tc$$$ = class com.ibm.websphere.ras.TraceComponent@21aba10a
      strings[0] = "TraceComponent[com.ibm.ws.managedobject.internal.ManagedObjectImpl,class com.ibm.ws.managedobject.internal.ManagedObjectImpl,[],null,null]"
  serialVersionUID = -4479626085298397598
  notifyInvocationListeners = false
  UNINITIALIZED_STATE = -1
  AVAILABLE_STATE = 0
  UNAVAILABLE_STATE = 1
  UNAVAILABLE_PERMANENTLY_STATE = 2
  collabHelper = class com.ibm.ws.webcontainer.osgi.collaborator.CollaboratorHelperImpl@5c163c6f
    webAppInvCollabs = class java.util.Collections$UnmodifiableSet@72226dab
      serialVersionUID = -9215047833775013803
      serialVersionUID = 1820017752578914078
      c = class java.util.concurrent.CopyOnWriteArraySet@5d3b81cf
    securityDomainForApp = null
    logger = class com.ibm.ws.logging.internal.WsLogger@df63091
    staticDefaultSecurityCollaborator = class com.ibm.ws.webcontainer.collaborator.WebAppSecurityCollaborator@4fa4e9d7
    logger = class com.ibm.ws.logging.internal.WsLogger@4df22814
      tc = class com.ibm.websphere.ras.TraceComponent@30c5f6e3
      ivCachedResourceBundleName = null
      ivCachedResourceBundle = null
      ivComponent = null
      ivOrganization = null
      ivProduct = null
      ivMinimumLocalizationLevelIntValue = 625
      ivGroupName = null
      ivTC = class com.ibm.websphere.ras.TraceComponent@57af80db
      loggerRegistrationComponent = class java.lang.ThreadLocal@77b05630
      emptyHandlers = class java.util.logging.Handler[0]
      offValue = 2147483647
      SYSTEM_LOGGER_RB_NAME = "sun.util.logging.resources.logging"
      SYSTEM_BUNDLE = class java.util.logging.Logger$LoggerBundle@23c4a99d
      NO_RESOURCE_BUNDLE = class java.util.logging.Logger$LoggerBundle@1c2e4d26
      manager = class com.ibm.ws.kernel.boot.logging.WsLogManager@69da9945
      name = "com.ibm.wsspi.webcontainer.collaborator"
      handlers = class java.util.concurrent.CopyOnWriteArrayList@128ffed8
      loggerBundle = class java.util.logging.Logger$LoggerBundle@2714a45a
      useParentHandlers = true
      filter = null
      anonymous = false
      catalog = class com.ibm.ws.webcontainer.resources.Messages_de@13c85499
      catalogName = "com.ibm.ws.webcontainer.resources.Messages"
      catalogLocale = class java.util.Locale@211f442f
      treeLock = class java.lang.Object@7d7e20da
      parent = class java.util.logging.Logger@41c511e7
      kids = null
      levelObject = class java.util.logging.Level@5a50c8b2
      levelValue = 800
      callersClassLoaderRef = class java.lang.ref.WeakReference@466c38e3
      isSystemLogger = false
      GLOBAL_LOGGER_NAME = "global"
      global = class java.util.logging.Logger@dc149e7
      $assertionsDisabled = true
    CLASS_NAME = "com.ibm.wsspi.webcontainer.collaborator.CollaboratorHelper"
    webApp = class com.ibm.ws.webcontainer.osgi.webapp.WebApp@6af56888
    securityCollaborator = class com.ibm.ws.webcontainer.collaborator.WebAppSecurityCollaborator@4fa4e9d7
    nameSpaceCollaborator = class com.ibm.ws.webcontainer.osgi.collaborator.WebAppNameSpaceCollaboratorImpl@43d28d73
    transactionCollaborator = class com.ibm.ws.webcontainer.collaborator.WebAppTransactionCollaborator@9b35da1
    connectionCollaborator = class com.ibm.ws.webcontainer.collaborator.ConnectionCollaborator@11827b66
    allCollabEnum = class java.util.RegularEnumSet@2c5c5b34
      serialVersionUID = 3411599620347842686
      elements = 511
      elementType = class java.lang.Class@35000244
      universe = class com.ibm.wsspi.webcontainer.collaborator.CollaboratorInvocationEnum[9]
      ZERO_LENGTH_ENUM_ARRAY = class java.lang.Enum[0]
      MAX_ARRAY_SIZE = 2147483639
    servlet_23_or_greater = true
  nServicing = class java.util.concurrent.atomic.AtomicInteger@746163a6
    serialVersionUID = 6214790243416807050
    unsafe = class sun.misc.Unsafe@1b44a1a2
      theUnsafe = class sun.misc.Unsafe@1b44a1a2
      INVALID_FIELD_OFFSET = -1
      ARRAY_BOOLEAN_BASE_OFFSET = 16
      ARRAY_BYTE_BASE_OFFSET = 16
      ARRAY_SHORT_BASE_OFFSET = 16
      ARRAY_CHAR_BASE_OFFSET = 16
      ARRAY_INT_BASE_OFFSET = 16
      ARRAY_LONG_BASE_OFFSET = 16
      ARRAY_FLOAT_BASE_OFFSET = 16
      ARRAY_DOUBLE_BASE_OFFSET = 16
      ARRAY_OBJECT_BASE_OFFSET = 16
      ARRAY_BOOLEAN_INDEX_SCALE = 1
      ARRAY_BYTE_INDEX_SCALE = 1
      ARRAY_SHORT_INDEX_SCALE = 2
      ARRAY_CHAR_INDEX_SCALE = 2
      ARRAY_INT_INDEX_SCALE = 4
      ARRAY_LONG_INDEX_SCALE = 8
      ARRAY_FLOAT_INDEX_SCALE = 4
      ARRAY_DOUBLE_INDEX_SCALE = 8
      ARRAY_OBJECT_INDEX_SCALE = 4
      ADDRESS_SIZE = 8
    valueOffset = 12
    value = 0
    serialVersionUID = -8742448824652078965
  lastAccessTime = 1633503630111
  state = -1
  logger = class com.ibm.ws.logging.internal.WsLogger@2a54c66c
    tc = class com.ibm.websphere.ras.TraceComponent@30c5f6e3
      strings[0] = "TraceComponent[com.ibm.ws.logging.internal.WsLogger,class com.ibm.ws.logging.internal.WsLogger,[logging],com.ibm.ws.logging.internal.resources.LoggingMessages,null]"
    ivCachedResourceBundleName = null
    ivCachedResourceBundle = null
    ivComponent = null
    ivOrganization = null
    ivProduct = null
    ivMinimumLocalizationLevelIntValue = 625
    ivGroupName = null
    ivTC = class com.ibm.websphere.ras.TraceComponent@6489a0dd
      strings[0] = "TraceComponent[com.ibm.ws.webcontainer.servlet,class com.ibm.wsspi.webcontainer.logging.LoggerFactory$1,[com.ibm.ws.webcontainer.servlet],null,null]"
    loggerRegistrationComponent = class java.lang.ThreadLocal@77b05630
      threadLocalHashCode = 696468823
      nextHashCode = class java.util.concurrent.atomic.AtomicInteger@6bf8c37b
      HASH_INCREMENT = 1640531527
    emptyHandlers = class java.util.logging.Handler[0]
    offValue = 2147483647
    SYSTEM_LOGGER_RB_NAME = "sun.util.logging.resources.logging"
    SYSTEM_BUNDLE = class java.util.logging.Logger$LoggerBundle@23c4a99d
      resourceBundleName = "sun.util.logging.resources.logging"
      userBundle = null
    NO_RESOURCE_BUNDLE = class java.util.logging.Logger$LoggerBundle@1c2e4d26
      resourceBundleName = null
      userBundle = null
    manager = class com.ibm.ws.kernel.boot.logging.WsLogManager@69da9945
      CLASS_NAME = "com.ibm.ws.kernel.boot.logging.WsLogManager"
      CONFIGURE_BY_SERVER_PROPERTY_NAME = "java.util.logging.configureByServer"
      CONFIGURE_BY_LOGGING_PROPERTIES_FILE = "java.util.logging.configureByLoggingPropertiesFile"
      configureByServer = true
      configureByLoggingProperties = false
      wsLogger = class java.lang.reflect.Constructor@51362763
      resetEnabled = true
      manager = class com.ibm.ws.kernel.boot.logging.WsLogManager@69da9945
      props = class java.util.Properties@261dd2c7
      defaultLevel = class java.util.logging.Level@5a50c8b2
      listenerMap = class java.util.HashMap@550a7246
      systemContext = class java.util.logging.LogManager$SystemLoggerContext@35e75abb
      userContext = class java.util.logging.LogManager$LoggerContext@a8a0677
      rootLogger = class java.util.logging.LogManager$RootLogger@33c0b5b2
      readPrimordialConfiguration = true
      initializedGlobalHandlers = true
      deathImminent = false
      initializedCalled = true
      initializationDone = true
      contextsMap = null
      loggerRefQueue = class java.lang.ref.ReferenceQueue@42c9660b
      MAX_ITERATIONS = 400
      controlPermission = class java.util.logging.LoggingPermission@44d7a456
      loggingMXBean = null
      LOGGING_MXBEAN_NAME = "java.util.logging:type=Logging"
      $assertionsDisabled = true
    name = "com.ibm.ws.webcontainer.servlet"
    handlers = class java.util.concurrent.CopyOnWriteArrayList@7415151b
      serialVersionUID = 8673264195747942595
      lock = class java.util.concurrent.locks.ReentrantLock@29ac63f5
      array = class java.lang.Object[0]
      UNSAFE = class sun.misc.Unsafe@1b44a1a2
      lockOffset = 12
    loggerBundle = class java.util.logging.Logger$LoggerBundle@721bd245
      resourceBundleName = "com.ibm.ws.webcontainer.resources.Messages"
      userBundle = null
    useParentHandlers = true
    filter = null
    anonymous = false
    catalog = class com.ibm.ws.webcontainer.resources.Messages_de@1c32f65d
      resources = class [Ljava.lang.Object;[330]
      lookup = class java.util.HashMap@1fe23c1b
      INITIAL_CACHE_SIZE = 32
      NONEXISTENT_BUNDLE = class java.util.ResourceBundle$1@2b72b343
      cacheList = class java.util.concurrent.ConcurrentHashMap@12abf0f9
      referenceQueue = class java.lang.ref.ReferenceQueue@67741dbd
      parent = class com.ibm.ws.webcontainer.resources.Messages@17a475e2
      locale = class java.util.Locale@7b34cf8c
      name = "com.ibm.ws.webcontainer.resources.Messages"
      expired = false
      cacheKey = class java.util.ResourceBundle$CacheKey@4cd1400a
      keySet = null
      providers = null
      $assertionsDisabled = true
    catalogName = "com.ibm.ws.webcontainer.resources.Messages"
    catalogLocale = class java.util.Locale@211f442f
      LOCALECACHE = class java.util.Locale$Cache@43569826
      ENGLISH = class java.util.Locale@191fa00f
      FRENCH = class java.util.Locale@2f44fbbb
      GERMAN = class java.util.Locale@7b34cf8c
      ITALIAN = class java.util.Locale@c54ff64
      JAPANESE = class java.util.Locale@682f2939
      KOREAN = class java.util.Locale@603e8ea4
      CHINESE = class java.util.Locale@3dab6580
      SIMPLIFIED_CHINESE = class java.util.Locale@162f028e
      TRADITIONAL_CHINESE = class java.util.Locale@7d89793
      FRANCE = class java.util.Locale@13077262
      GERMANY = class java.util.Locale@756682e7
      ITALY = class java.util.Locale@1bb3c5b7
      JAPAN = class java.util.Locale@5814bd5d
      KOREA = class java.util.Locale@7028405f
      CHINA = class java.util.Locale@162f028e
      PRC = class java.util.Locale@162f028e
      TAIWAN = class java.util.Locale@7d89793
      UK = class java.util.Locale@31189507
      US = class java.util.Locale@348360ee
      CANADA = class java.util.Locale@4980dd76
      CANADA_FRENCH = class java.util.Locale@7b1846a1
      ROOT = class java.util.Locale@edd4468
      PRIVATE_USE_EXTENSION = x
      UNICODE_LOCALE_EXTENSION = u
      serialVersionUID = 9149081749638150636
      DISPLAY_LANGUAGE = 0
      DISPLAY_COUNTRY = 1
      DISPLAY_VARIANT = 2
      DISPLAY_SCRIPT = 3
      baseLocale = class sun.util.locale.BaseLocale@21f6c14d
      localeExtensions = null
      hashCodeValue = 95426060
      defaultLocale = class java.util.Locale@211f442f
      defaultDisplayLocale = null
      defaultFormatLocale = class java.util.Locale@211f442f
      languageTag = "de-AT"
      serialPersistentFields = class java.io.ObjectStreamField[6]
      isoLanguages = null
      isoCountries = null
      $assertionsDisabled = true
    treeLock = class java.lang.Object@7d7e20da
    parent = class com.ibm.ws.logging.internal.WsLogger@51db5cca
      tc = class com.ibm.websphere.ras.TraceComponent@30c5f6e3
      ivCachedResourceBundleName = "com.ibm.ws.webcontainer.resources.Messages"
      ivCachedResourceBundle = class com.ibm.ws.webcontainer.resources.Messages_de@1c32f65d
      ivComponent = null
      ivOrganization = null
      ivProduct = null
      ivMinimumLocalizationLevelIntValue = 625
      ivGroupName = null
      ivTC = class com.ibm.websphere.ras.TraceComponent@25f1664e
      loggerRegistrationComponent = class java.lang.ThreadLocal@77b05630
      emptyHandlers = class java.util.logging.Handler[0]
      offValue = 2147483647
      SYSTEM_LOGGER_RB_NAME = "sun.util.logging.resources.logging"
      SYSTEM_BUNDLE = class java.util.logging.Logger$LoggerBundle@23c4a99d
      NO_RESOURCE_BUNDLE = class java.util.logging.Logger$LoggerBundle@1c2e4d26
      manager = class com.ibm.ws.kernel.boot.logging.WsLogManager@69da9945
      name = "com.ibm.ws.webcontainer"
      handlers = class java.util.concurrent.CopyOnWriteArrayList@16c0abdc
      loggerBundle = class java.util.logging.Logger$LoggerBundle@7dbf1634
      useParentHandlers = true
      filter = null
      anonymous = false
      catalog = class com.ibm.ws.webcontainer.resources.Messages_de@1c32f65d
      catalogName = "com.ibm.ws.webcontainer.resources.Messages"
      catalogLocale = class java.util.Locale@211f442f
      treeLock = class java.lang.Object@7d7e20da
      parent = class java.util.logging.Logger@41c511e7
      kids = class java.util.ArrayList@b3c61e1
      levelObject = class java.util.logging.Level@5a50c8b2
      levelValue = 800
      callersClassLoaderRef = class java.lang.ref.WeakReference@1831b511
      isSystemLogger = false
      GLOBAL_LOGGER_NAME = "global"
      global = class java.util.logging.Logger@dc149e7
      $assertionsDisabled = true
    kids = null
    levelObject = class java.util.logging.Level@5a50c8b2
      defaultBundle = "sun.util.logging.resources.logging"
      name = "INFO"
      value = 800
      resourceBundleName = "sun.util.logging.resources.logging"
      localizedLevelName = "INFORMATION"
      cachedLocale = class java.util.Locale@211f442f
      OFF = class java.util.logging.Level@7197ef09
      SEVERE = class java.util.logging.Level@3be814a2
      WARNING = class java.util.logging.Level@710d6e2a
      INFO = class java.util.logging.Level@5a50c8b2
      CONFIG = class java.util.logging.Level@642e9eda
      FINE = class java.util.logging.Level@79c84fee
      FINER = class java.util.logging.Level@2a0fdaf1
      FINEST = class java.util.logging.Level@51398616
      ALL = class java.util.logging.Level@4b5fde25
      serialVersionUID = -8176160795706313070
    levelValue = 800
    callersClassLoaderRef = class java.lang.ref.WeakReference@135c1eb
      referent = class org.eclipse.osgi.internal.loader.EquinoxClassLoader@807a941
      queue = class java.lang.ref.ReferenceQueue$Null@76044e38
      next = null
      discovered = null
      lock = class java.lang.ref.Reference$Lock@72770859
      pending = null
    isSystemLogger = false
    GLOBAL_LOGGER_NAME = "global"
    global = class java.util.logging.Logger@dc149e7
      emptyHandlers = class java.util.logging.Handler[0]
      offValue = 2147483647
      SYSTEM_LOGGER_RB_NAME = "sun.util.logging.resources.logging"
      SYSTEM_BUNDLE = class java.util.logging.Logger$LoggerBundle@23c4a99d
      NO_RESOURCE_BUNDLE = class java.util.logging.Logger$LoggerBundle@1c2e4d26
      manager = class com.ibm.ws.kernel.boot.logging.WsLogManager@69da9945
      name = "global"
      handlers = class java.util.concurrent.CopyOnWriteArrayList@3f8ca3e0
      loggerBundle = class java.util.logging.Logger$LoggerBundle@1c2e4d26
      useParentHandlers = true
      filter = null
      anonymous = false
      catalog = null
      catalogName = null
      catalogLocale = null
      treeLock = class java.lang.Object@7d7e20da
      parent = class java.util.logging.LogManager$RootLogger@33c0b5b2
      kids = null
      levelObject = null
      levelValue = 800
      callersClassLoaderRef = null
      isSystemLogger = true
      GLOBAL_LOGGER_NAME = "global"
      global = class java.util.logging.Logger@dc149e7
      $assertionsDisabled = true
    $assertionsDisabled = true
  CLASS_NAME = "com.ibm.ws.webcontainer.servlet.ServletWrapper"
  nls = class com.ibm.ejs.ras.TraceNLS@756e38b6
    resolver = class com.ibm.ws.logging.internal.TraceNLSResolver@5abe24bd
      tc = class com.ibm.websphere.ras.TraceComponent@5eb5c224
      DEBUG_TRACE_NLS_PROPERTY = "com.ibm.ejs.ras.debugTraceNLSResolver"
      debugTraceNLSResolver = false
      makeNoise = false
      nullKey = "null"
      svNullBundleName = "Resource Bundle name is null, key = {0}"
      svBundleNotLoaded = "Unable to load ResourceBundle {0}"
      svNullKeyMessage = "Null key passed while using ResourceBundle {0}"
      svMalformedMessage = "No message text associated with key {0} in bundle {1}"
    finder = null
    ivBundleName = "com.ibm.ws.webcontainer.resources.Messages"
    caller = class java.lang.Class@7015ee0e
      ANNOTATION = 8192
      ENUM = 16384
      SYNTHETIC = 4096
      cachedConstructor = null
      newInstanceCallerCache = null
      name = null
      allPermDomain = class java.security.ProtectionDomain@741e6846
      useCaches = true
      reflectionData = class java.lang.ref.SoftReference@2019793c
      classRedefinedCount = 0
      genericInfo = null
      serialVersionUID = 3206093459760846163
      serialPersistentFields = class java.io.ObjectStreamField[0]
      reflectionFactory = class sun.reflect.ReflectionFactory@3bfb0891
      initted = true
      enumConstants = null
      enumConstantDirectory = null
      annotationData = class java.lang.Class$AnnotationData@6d0c0aee
      annotationType = null
      classValueMap = null
  servletConfig = class com.ibm.ws.webcontainer.servlet.ServletConfig@18f68730
    logger = class com.ibm.ws.logging.internal.WsLogger@2a54c66c
    CLASS_NAME = "com.ibm.ws.webcontainer.servlet.ServletConfig"
    nls = class com.ibm.ejs.ras.TraceNLS@76fe5ea3
      resolver = class com.ibm.ws.logging.internal.TraceNLSResolver@5abe24bd
      finder = null
      ivBundleName = "com.ibm.ws.webcontainer.resources.Messages"
      caller = class java.lang.Class@5366d8e7
    liberty_nls = class com.ibm.ejs.ras.TraceNLS@3df760c5
      resolver = class com.ibm.ws.logging.internal.TraceNLSResolver@5abe24bd
      finder = null
      ivBundleName = "com.ibm.ws.webcontainer.resources.LShimMessages"
      caller = class java.lang.Class@5366d8e7
    enabled = true
    servletName = "erp-light"
    className = "org.springframework.web.servlet.DispatcherServlet"
    mappings = class java.util.ArrayList@79b743fb
      serialVersionUID = 8683452581122892189
      DEFAULT_CAPACITY = 10
      EMPTY_ELEMENTDATA = class java.lang.Object[0]
      DEFAULTCAPACITY_EMPTY_ELEMENTDATA = class java.lang.Object[0]
      elementData = class java.lang.Object[10]
      size = 1
      MAX_ARRAY_SIZE = 2147483639
      modCount = 1
      MAX_ARRAY_SIZE = 2147483639
    startUpWeight = 1
    DEFAULT_STARTUP = -1
    isCachingEnabled = true
    isStatisticsEnabled = true
    isInternal = false
    metaData = class com.ibm.ws.webcontainer.osgi.metadata.WebComponentMetaDataImpl@3b2d1136
      j2eeName = class com.ibm.ws.container.service.metadata.internal.J2EENameImpl@94e8d43
      webModuleMetaData = class com.ibm.ws.webcontainer.osgi.metadata.WebModuleMetaDataImpl@44cdf449
      tc = class com.ibm.websphere.ras.TraceComponent@2d9df46a
      NUM_STATIC_SLOTS = 4
      ID_UNINITIALIZED = -1
      id = 2
      metaDataInterface = class java.lang.Class@760414b4
      staticSlots = class java.lang.Object[4]
      dynamicSlots = null
    singleThreadModelServlet = false
    isJsp = false
    webAppConfig = class com.ibm.ws.webcontainer.osgi.webapp.WebAppConfiguration@3f225bb6
      webModuleMetaData = class com.ibm.ws.webcontainer.osgi.metadata.WebModuleMetaDataImpl@44cdf449
      webComponentMetaData = class com.ibm.ws.webcontainer.osgi.metadata.WebComponentMetaDataImpl@6a6d4cf1
      dVirtualHost = class com.ibm.ws.webcontainer.osgi.DynamicVirtualHost@62ac6f09
      orderedLibPaths = class java.util.Collections$UnmodifiableRandomAccessList@7b19af05
      bundleHeaders = null
      cdiEnabled = false
      CLASS_NAME = "com.ibm.ws.webcontainer.webapp.WebAppConfiguration"
      logger = class com.ibm.ws.logging.internal.WsLogger@18f28af5
      tc = class com.ibm.websphere.ras.TraceComponent@211fdc9f
      nls = class com.ibm.ejs.ras.TraceNLS@7fa0f06
      version = 25
      contextRoot = "/ERP-light"
      sessionTimeout = 0
      moduleSessionTimeoutSet = false
      moduleSessionTrackingModeSet = false
      sessionCookieConfig = class com.ibm.ws.session.SessionCookieConfigImpl@63059730
      hasProgrammaticCookieConfig = false
      sessionDefaultTrackingModeSet = class java.util.RegularEnumSet@630f4565
      sessionManagerConfig = class com.ibm.ws.session.SessionManagerConfig@5b35fff
      displayName = "ERP-light VIEW"
      description = null
      reloadInterval = 0
      distributable = false
      denyUncoveredHttpMethods = false
      reloadingEnabled = false
      serveServletsByClassnameEnabled = null
      defaultErrorPage = null
      additionalClassPath = null
      fileServingEnabled = null
      directoryBrowsingEnabled = null
      autoRequestEncoding = false
      autoResponseEncoding = false
      autoLoadFilters = false
      requestListeners = null
      requestAttributeListeners = null
      sessionListeners = null
      localeMap = null
      moduleName = "ERP-light"
      j2eeModuleName = "ERP-light.war"
      moduleId = null
      isSyncToThreadEnabled = false
      isSystemApp = false
      ardEnabled = false
      ardDispatchType = null
      listeners = class java.util.ArrayList@5266f270
      welcomeFileList = class java.util.ArrayList@1d15431b
      servletMappings = class java.util.HashMap@4a809b1
      lastIndexBeforeDeclaredFilters = 0
      filterMappings = class java.util.ArrayList@1bfbf27c
      servletInfo = class java.util.HashMap@7eeb6601
      filterInfo = class java.util.HashMap@4951ff5c
      mimeMappings = class java.util.HashMap@d708246
      mimeFilters = null
      isMimeFilteringEnabled = false
      theWebGroup = null
      jspAttributes = class java.util.HashMap@495cf986
      fileServingAttributes = class java.util.HashMap@6ca245c2
      invokerAttributes = class java.util.HashMap@2a4ffc15
      contextParams = class java.util.HashMap@23a429a8
      virtualHost = "default_host"
      exceptionErrorPages = class java.util.HashMap@d9a6493
      codeErrorPages = class java.util.HashMap@7368bcb7
      tagLibList = null
      precompileJsps = false
      webApp = class com.ibm.ws.webcontainer.osgi.webapp.WebApp@6af56888
      virtualHostList = class java.util.Collections$EmptyList@2692499b
      appStartupWeight = 0
      moduleStartupWeight = 0
      metaDataComplete = false
      classesToScan = class java.util.ArrayList@24f9cd88
      uriFilterMappingInfos = null
      servletFilterMappingInfos = null
      dynamicServletRegistrationMap = null
      applicationName = "ERP-light"
      libBinPathList = null
      webXmlDefinedListeners = class java.util.HashSet@7a999b78
      serviceRefs = class java.util.ArrayList@4c221d98
      resourceRefs = class java.util.ArrayList@78485b16
      resourceRefBindings = class java.util.HashMap@12b75c1a
      resourceRefConfigList = null
      resourceEnvRefs = class java.util.ArrayList@2443576f
      resourceEnvRefBindings = class java.util.HashMap@78d140a2
      messageDestRefs = class java.util.ArrayList@42fb3445
      messageDestRefBindings = class java.util.HashMap@6a84f78c
      envEntries = class java.util.ArrayList@54423d9c
      envEntryValues = class java.util.HashMap@2664a3e6
      envEntryBindings = class java.util.HashMap@3d26e273
      dataSources = class java.util.ArrayList@70d34acc
      dataSourceBindings = class java.util.HashMap@35b82797
      persistenceUnitRefs = class java.util.ArrayList@36c0c955
      persistenceContextRefs = class java.util.ArrayList@3cff8084
      ejbRefs = class java.util.ArrayList@561028fd
      ejbLocalRefs = class java.util.ArrayList@22603937
      ejbRefBindings = class java.util.HashMap@12dac64f
      disallowAllFileServingProp = null
      disallowServeServletsByClassnameProp = null
      disableStaticMappingCache = false
      _id = "WebAppGeneratedId1"
      _attributes = null
      serialVersionUID = 7511545662945734886
      $$$tc$$$ = class com.ibm.websphere.ras.TraceComponent@43771ada
    servletWrapper = class com.ibm.ws.webcontainer.osgi.servlet.ServletWrapper@4c69a0c6
    servletClass = null
    servlet = null
    addedToLoadOnStartup = true
    previousWeight = null
    multipartConfig = null
    multipartConfigBaseLocation = null
    runAsRole = null
    servletSecurityElement = null
    declareRolesAnnotation = null
    logger = class com.ibm.ws.logging.internal.WsLogger@2a54c66c
    CLASS_NAME = "com.ibm.ws.webcontainer.servlet.TargetConfig"
    initParams = null
    fileName = null
    displayName = null
    name = "erp-light"
    description = null
    smallIcon = null
    largeIcon = null
    context = class com.ibm.wsspi.webcontainer.facade.ServletContextFacade@7a3ec195
      context = class com.ibm.ws.webcontainer.osgi.webapp.WebApp@6af56888
    className = null
    asyncSupported = false
    _id = "ServletGeneratedId1"
    _attributes = null
    serialVersionUID = 7511545662945734886
    $$$tc$$$ = class com.ibm.websphere.ras.TraceComponent@43771ada
      strings[0] = "TraceComponent[com.ibm.ws.container.BaseConfiguration,class com.ibm.ws.container.BaseConfiguration,[],null,null]"
  context = class com.ibm.ws.webcontainer.osgi.webapp.WebApp@6af56888
    tc = class com.ibm.websphere.ras.TraceComponent@523bf58a
      strings[0] = "TraceComponent[com.ibm.ws.webcontainer.osgi.webapp.WebApp,class com.ibm.ws.webcontainer.osgi.webapp.WebApp,[webcontainer],com.ibm.ws.webcontainer.resources.LShimMessages,null]"
    CLASS_NAME = "com.ibm.ws.webcontainer.osgi.webapp.WebApp"
    metaDataService = class com.ibm.ws.container.service.metadata.internal.MetaDataServiceImpl@5b164d7
      applicationMetaDataManager = class com.ibm.ws.container.service.metadata.internal.ApplicationMetaDataManager@6a32a4ef
      moduleMetaDataManager = class com.ibm.ws.container.service.metadata.internal.ModuleMetaDataManager@cd6955a
      componentMetaDataManager = class com.ibm.ws.container.service.metadata.internal.ComponentMetaDataManager@d21a8b5
      methodMetaDataManager = class com.ibm.ws.container.service.metadata.internal.MethodMetaDataManager@5ead421f
      appModuleNameToModuleContainer = class java.util.concurrent.ConcurrentHashMap@21c790f9
      jeeNameToComponentMetaData = class java.util.concurrent.ConcurrentHashMap@1983bdde
      deferredMetaDataFactories = class com.ibm.wsspi.kernel.service.utils.ConcurrentServiceReferenceSet@19e7ca5b
      deferredMetaDataInitializers = class com.ibm.wsspi.kernel.service.utils.ConcurrentServiceReferenceMap@2deedec2
      serialVersionUID = 5173348198233259673
      $$$tc$$$ = class com.ibm.websphere.ras.TraceComponent@468a0b73
    namespacePopulated = false
    referenceContext = class com.ibm.ws.injectionengine.osgi.internal.OSGiReferenceContextImpl@544eb101
      scopeData = class com.ibm.ws.injectionengine.osgi.internal.OSGiInjectionScopeData@1e2ef625
      serialVersionUID = -5862502968678606919
      $$$tc$$$ = class com.ibm.websphere.ras.TraceComponent@194b4993
      CLASS_NAME = "com.ibm.ws.injectionengine.ReferenceContextImpl"
      tc = class com.ibm.ejs.ras.TraceComponent@7f623889
      ivInjectionEngine = class com.ibm.ws.injectionengine.osgi.internal.OSGiInjectionEngineImpl@12b9bc01
      ivProviders = class java.util.ArrayList@309b846a
      ivComponentJavaContext = null
      ivComponentNameSpace = null
      ivJavaColonCompEnvMap = class java.util.LinkedHashMap@1e5a90b0
      ivEjbContext10 = class java.util.Properties@7501c1fc
      ivResourceRefConfigList = null
      isAlreadyProcessed = true
      ivProcessFailure = null
      ivInjectionTargetMap = class java.util.HashMap@2a0732e9
      ivDeclaredInjectionTargets = class java.util.HashMap@46d34b17
      ivProcessedInjectionClasses = class java.util.HashSet@c469c6d
      ivProcessedInjectionBindings = class java.util.ArrayList@77b3a238
      ivAnyProcessDynamic = false
      ivCheckAppConfig = false
    j2eeNameFactory = class com.ibm.ws.container.service.metadata.internal.J2EENameFactoryImpl@59df5efd
      serialVersionUID = 3486344295038028821
      $$$tc$$$ = class com.ibm.websphere.ras.TraceComponent@517180fc
    moduleLoader = class com.ibm.ws.classloading.internal.AppClassLoader@7d839701
      tc = class com.ibm.websphere.ras.TraceComponent@37cde25e
      PARENT_FIRST_SEARCH_ORDER = class java.util.Collections$UnmodifiableRandomAccessList@10fb6b42
      CLASS_LOADING_TRACE_PREFIX = "com.ibm.ws.class.load."
      DEFAULT_PACKAGE = "default.package"
      perPackageClassLoadingTraceComponents = class java.util.concurrent.ConcurrentHashMap@45b3912e
      config = class com.ibm.ws.classloading.internal.ClassLoaderConfigurationImpl@2fbe4296
      privateLibraries = null
      delegateLoaders = class com.ibm.ws.classloading.internal.util.CompositeIterable@2f0af01
      nativeLibraryFiles = class java.util.ArrayList@499a7566
      transformers = class java.util.ArrayList@10f9b79a
      apiAccess = class com.ibm.ws.classloading.internal.GatewayClassLoader@5ccc432a
      PROTECTION_DOMAIN = class java.security.ProtectionDomain@37a5aa79
      serialVersionUID = -8503176786514635265
      tc = class com.ibm.websphere.ras.TraceComponent@27bafbef
      EMPTY_URL_ARRAY = class java.net.URL[0]
      smartClassPath = class com.ibm.ws.classloading.internal.ContainerClassLoader$SmartClassPathImpl@4a01cbe6
      nativeLibraryContainers = class java.util.ArrayList@502ab685
      redefiner = class com.ibm.ws.classloading.internal.util.ClassRedefiner@d329e7d
      mapCreationQueue = class java.util.concurrent.Executors$FinalizableDelegatedExecutorService@37698bcf
      serialVersionUID = 7561562533729935637
      serialVersionUID = -7411549862368381758
      $$$tc$$$ = class com.ibm.websphere.ras.TraceComponent@dd42933
      serialVersionUID = 161679851398543548
      $$$tc$$$ = class com.ibm.websphere.ras.TraceComponent@18dba40
      serialVersionUID = 2596921220292114344
      $$$tc$$$ = class com.ibm.websphere.ras.TraceComponent@3fe67b85
      initialized = true
      pdcache = class java.util.HashMap@76e8264a
      debug = null
      parent = class com.ibm.ws.classloading.internal.GatewayClassLoader@5ccc432a
      parallelLockMap = null
      package2certs = class java.util.Hashtable@6fb08f9c
      nocerts = class java.security.cert.Certificate[0]
      classes = class java.util.Vector@147c4656
      defaultDomain = class java.security.ProtectionDomain@7ea42626
      packages = class java.util.HashMap@49c995ce
      scl = class sun.misc.Launcher$AppClassLoader@18b4aac2
      sclSet = true
      loadedLibraryNames = class java.util.Vector@66c0f5b2
      systemNativeLibraries = class java.util.Vector@69533a8a
      nativeLibraries = class java.util.Vector@22ee3f04
      nativeLibraryContext = class java.util.Stack@6c151bb4
      usr_paths = class java.lang.String[40]
      sys_paths = class java.lang.String[1]
      assertionLock = class com.ibm.ws.classloading.internal.AppClassLoader@7d839701
      defaultAssertionStatus = false
      packageAssertionStatus = null
      classAssertionStatus = null
    webAppConfig = class com.ibm.ws.webcontainer.osgi.webapp.WebAppConfiguration@3f225bb6
    extensionProcessingDisabled = false
    loginProcessor = null
    logoutProcessor = null
    collabHelper = class com.ibm.ws.webcontainer.osgi.collaborator.CollaboratorHelperImpl@5c163c6f
    envObject = class com.ibm.ws.util.WSThreadLocal@18d04a3d
      tc = class com.ibm.ejs.ras.TraceComponent@1fd7e3ad
      count = 4
      index = 1
      SUSPECTED_MISUSAGE_THRESHOLD = 200
      threadLocalHashCode = -516769923
      nextHashCode = class java.util.concurrent.atomic.AtomicInteger@6bf8c37b
      HASH_INCREMENT = 1640531527
    orderedLibPaths = class java.util.Collections$UnmodifiableRandomAccessList@7b19af05
      serialVersionUID = -2542308836966382001
      serialVersionUID = -283967356065247728
      list = class java.util.ArrayList@beaac56
      serialVersionUID = 1820017752578914078
      c = class java.util.ArrayList@beaac56
    perm = class com.ibm.websphere.security.WebSphereRuntimePermission@677c1ecd
      serialVersionUID = -3306242789188168337
      $$$tc$$$ = class com.ibm.websphere.ras.TraceComponent@4aaa0c2c
      serialVersionUID = 6279438298436773498
      wildcard = false
      path = "accessServletContext"
      exitVM = false
      serialVersionUID = -5636570222231596674
      name = "accessServletContext"
    WELCOME_FILE_LIST = "com.ibm.ws.webcontainer.config.WelcomeFileList"
    DIR_BROWSING_MAPPING = "__dirBrowsing__1633503629393"
    FILTER_PROXY_MAPPING = "/__filterProxy__1633503629393"
    logger = class com.ibm.ws.logging.internal.WsLogger@18f28af5
      tc = class com.ibm.websphere.ras.TraceComponent@30c5f6e3
      ivCachedResourceBundleName = "com.ibm.ws.webcontainer.resources.Messages"
      ivCachedResourceBundle = class com.ibm.ws.webcontainer.resources.Messages_de@1c32f65d
      ivComponent = null
      ivOrganization = null
      ivProduct = null
      ivMinimumLocalizationLevelIntValue = 625
      ivGroupName = null
      ivTC = class com.ibm.websphere.ras.TraceComponent@694c7c21
      loggerRegistrationComponent = class java.lang.ThreadLocal@77b05630
      emptyHandlers = class java.util.logging.Handler[0]
      offValue = 2147483647
      SYSTEM_LOGGER_RB_NAME = "sun.util.logging.resources.logging"
      SYSTEM_BUNDLE = class java.util.logging.Logger$LoggerBundle@23c4a99d
      NO_RESOURCE_BUNDLE = class java.util.logging.Logger$LoggerBundle@1c2e4d26
      manager = class com.ibm.ws.kernel.boot.logging.WsLogManager@69da9945
      name = "com.ibm.ws.webcontainer.webapp"
      handlers = class java.util.concurrent.CopyOnWriteArrayList@764f6ba2
      loggerBundle = class java.util.logging.Logger$LoggerBundle@27a30e02
      useParentHandlers = true
      filter = null
      anonymous = false
      catalog = class com.ibm.ws.webcontainer.resources.Messages_de@1c32f65d
      catalogName = "com.ibm.ws.webcontainer.resources.Messages"
      catalogLocale = class java.util.Locale@211f442f
      treeLock = class java.lang.Object@7d7e20da
      parent = class com.ibm.ws.logging.internal.WsLogger@51db5cca
      kids = null
      levelObject = class java.util.logging.Level@5a50c8b2
      levelValue = 800
      callersClassLoaderRef = class java.lang.ref.WeakReference@2c08e38b
      isSystemLogger = false
      GLOBAL_LOGGER_NAME = "global"
      global = class java.util.logging.Logger@dc149e7
      $assertionsDisabled = true
    CLASS_NAME = "com.ibm.ws.webcontainer.webapp.WebApp"
    loader = class com.ibm.ws.classloading.internal.ThreadContextClassLoader@56145ffb
    facade = class com.ibm.wsspi.webcontainer.facade.ServletContextFacade@7a3ec195
    features = class java.util.ArrayList@2e9ba74
      serialVersionUID = 8683452581122892189
      DEFAULT_CAPACITY = 10
      EMPTY_ELEMENTDATA = class java.lang.Object[0]
      DEFAULTCAPACITY_EMPTY_ELEMENTDATA = class java.lang.Object[0]
      elementData = class java.lang.Object[0]
      size = 0
      MAX_ARRAY_SIZE = 2147483639
      modCount = 0
      MAX_ARRAY_SIZE = 2147483639
    applicationName = "ERP-light"
    config = class com.ibm.ws.webcontainer.osgi.webapp.WebAppConfiguration@3f225bb6
    securityEnabledForApp = null
    webExtensionProcessor = class com.ibm.ws.webcontainer.osgi.extension.WebExtensionProcessor@343e5cab
      webApp = class com.ibm.ws.webcontainer.osgi.webapp.WebApp@6af56888
      extensionContext = class com.ibm.ws.webcontainer.osgi.webapp.WebApp@6af56888
    production = true
    isServlet23 = true
    contextPath = "/ERP-light"
    internalServletList = class [Ljava.lang.String;[2]
      internalServletList[0] = class java.lang.String[2]
      internalServletList[1] = class java.lang.String[2]
    BY_NAME_ONLY = "/_1633503629394_/"
    filterManager = null
    documentRoot = null
    SERVLET_API_VERSION = "Servlet 2.5"
    disableServletAuditLogging = 0
    serverInfo = "SMF WebContainer"
    sessionCtx = class com.ibm.ws.webcontainer.session.impl.HttpSessionContextImpl@3f9a3726
      methodClassName = "HttpSessionContextImpl"
      _smc = class com.ibm.ws.session.SessionManagerConfig@5b35fff
      sessionStoreService = null
      _sap = class com.ibm.ws.session.SessionApplicationParameters@a66d68c
      _coreHttpSessionManager = class com.ibm.ws.session.SessionManager@79548568
      _coreHttpAppSessionManager = null
      _sam = class com.ibm.ws.webcontainer.session.impl.SessionAffinityManagerImpl@187eb41e
      isSIPApplication = false
      sessionAttributeListener = false
      sessionListener = true
      mHttpSessionAttributeListeners = class java.util.ArrayList@85e1e99
      mHttpSessionListeners = class java.util.ArrayList@34b06ba8
      mHttpSessionIdListeners = class java.util.ArrayList@6912c793
      mHttpSessionAttributeListenersJ2eeNames = class java.util.ArrayList@42150eb
      mHttpSessionListenersJ2eeNames = class java.util.ArrayList@7cf33c20
      mHttpSessionIdListenersJ2eeNames = class java.util.ArrayList@4b29e53d
      mLocalHost = null
      _refCount = 1
      currentThreadSacHashtable = null
      methodClassName = "SessionContext"
      ANONYMOUS_USER = "anonymous"
      wasHttpSessionObserver = class com.ibm.ws.session.WasHttpSessionObserver@34f88d94
      wasHttpSessionAttributeObserver = null
      _invalidator = class com.ibm.ws.session.SessionInvalidator@3ad025e8
      _storer = class com.ibm.ws.session.EOSSessionStorer@5fa71cae
      wasHttpAppSessionObserver = null
      mHttpAppSessionListeners = null
      cmvcInfo = "CMVC Version 1.9 6/24/07 11:12:24"
      _loggedVersion = true
      CREATE_CORE_SESSION_MANAGER = 0
      GET_REQUESTED_SESSION_ID = 1
      GET_IHTTP_SESSION = 2
      SESSION_PRE_INVOKE = 3
      SESSION_POST_INVOKE = 4
      STOP = 5
      STOP_LISTENERS = 6
      IS_VALID = 7
      ENCODE_URL = 8
      SHOULD_ENCODE_URL = 9
      IS_PROTOCOL_SWITCH = 10
      GET_LOCAL_HOST = 11
      ADD_HTTP_SESSION_ATTRIBUTE_LISTENER = 12
      ADD_HTTP_SESSION_LISTENER = 13
      GET_SESSION_AFFINITY_CONTEXT = 14
      CHECK_SECURITY = 15
      INVALIDATE = 16
      CHECK_SESSSIONID_IS_RIGHT_LENGTH = 17
      LOCK_SESSION = 18
      UNLOCK_SESSION = 19
      ADD_HTTP_SESSION_ID_LISTENER = 20
      methodNames = class java.lang.String[21]
    eventSource = class com.ibm.ws.webcontainer.webapp.WebAppEventSource@67f5abdb
    nls = class com.ibm.ejs.ras.TraceNLS@70ef10bb
      resolver = class com.ibm.ws.logging.internal.TraceNLSResolver@5abe24bd
      finder = null
      ivBundleName = "com.ibm.ws.webcontainer.resources.Messages"
      caller = class java.lang.Class@3fb8193e
    liberty_nls = class com.ibm.ejs.ras.TraceNLS@3672c109
      resolver = class com.ibm.ws.logging.internal.TraceNLSResolver@5abe24bd
      finder = null
      ivBundleName = "com.ibm.ws.webcontainer.resources.LShimMessages"
      caller = class java.lang.Class@3fb8193e
    error_nls = class com.ibm.ejs.ras.TraceNLS@185b4e5e
      resolver = class com.ibm.ws.logging.internal.TraceNLSResolver@5abe24bd
      finder = null
      ivBundleName = "com.ibm.ws.webcontainer.resources.ErrorPage"
      caller = class java.lang.Class@3fb8193e
    sessionListeners = class java.util.ArrayList@76967974
      serialVersionUID = 8683452581122892189
      DEFAULT_CAPACITY = 10
      EMPTY_ELEMENTDATA = class java.lang.Object[0]
      DEFAULTCAPACITY_EMPTY_ELEMENTDATA = class java.lang.Object[0]
      elementData = class java.lang.Object[10]
      size = 1
      MAX_ARRAY_SIZE = 2147483639
      modCount = 2
      MAX_ARRAY_SIZE = 2147483639
    sessionIdListeners = class java.util.ArrayList@7ef4d5d5
      serialVersionUID = 8683452581122892189
      DEFAULT_CAPACITY = 10
      EMPTY_ELEMENTDATA = class java.lang.Object[0]
      DEFAULTCAPACITY_EMPTY_ELEMENTDATA = class java.lang.Object[0]
      elementData = class java.lang.Object[0]
      size = 0
      MAX_ARRAY_SIZE = 2147483639
      modCount = 0
      MAX_ARRAY_SIZE = 2147483639
    sessionAttrListeners = class java.util.ArrayList@5e2e298b
      serialVersionUID = 8683452581122892189
      DEFAULT_CAPACITY = 10
      EMPTY_ELEMENTDATA = class java.lang.Object[0]
      DEFAULTCAPACITY_EMPTY_ELEMENTDATA = class java.lang.Object[0]
      elementData = class java.lang.Object[0]
      size = 0
      MAX_ARRAY_SIZE = 2147483639
      modCount = 1
      MAX_ARRAY_SIZE = 2147483639
    addedSessionListeners = class java.util.ArrayList@1c45a5ae
      serialVersionUID = 8683452581122892189
      DEFAULT_CAPACITY = 10
      EMPTY_ELEMENTDATA = class java.lang.Object[0]
      DEFAULTCAPACITY_EMPTY_ELEMENTDATA = class java.lang.Object[0]
      elementData = class java.lang.Object[0]
      size = 0
      MAX_ARRAY_SIZE = 2147483639
      modCount = 0
      MAX_ARRAY_SIZE = 2147483639
    addedSessionAttrListeners = class java.util.ArrayList@59dd328b
      serialVersionUID = 8683452581122892189
      DEFAULT_CAPACITY = 10
      EMPTY_ELEMENTDATA = class java.lang.Object[0]
      DEFAULTCAPACITY_EMPTY_ELEMENTDATA = class java.lang.Object[0]
      elementData = class java.lang.Object[0]
      size = 0
      MAX_ARRAY_SIZE = 2147483639
      modCount = 0
      MAX_ARRAY_SIZE = 2147483639
    servletContextListeners = class java.util.ArrayList@15f1e18
      serialVersionUID = 8683452581122892189
      DEFAULT_CAPACITY = 10
      EMPTY_ELEMENTDATA = class java.lang.Object[0]
      DEFAULTCAPACITY_EMPTY_ELEMENTDATA = class java.lang.Object[0]
      elementData = class java.lang.Object[10]
      size = 1
      MAX_ARRAY_SIZE = 2147483639
      modCount = 2
      MAX_ARRAY_SIZE = 2147483639
    servletContextLAttrListeners = class java.util.ArrayList@2e921dc9
      serialVersionUID = 8683452581122892189
      DEFAULT_CAPACITY = 10
      EMPTY_ELEMENTDATA = class java.lang.Object[0]
      DEFAULTCAPACITY_EMPTY_ELEMENTDATA = class java.lang.Object[0]
      elementData = class java.lang.Object[0]
      size = 0
      MAX_ARRAY_SIZE = 2147483639
      modCount = 1
      MAX_ARRAY_SIZE = 2147483639
    servletRequestListeners = class java.util.ArrayList@1f4ba560
      serialVersionUID = 8683452581122892189
      DEFAULT_CAPACITY = 10
      EMPTY_ELEMENTDATA = class java.lang.Object[0]
      DEFAULTCAPACITY_EMPTY_ELEMENTDATA = class java.lang.Object[0]
      elementData = class java.lang.Object[0]
      size = 0
      MAX_ARRAY_SIZE = 2147483639
      modCount = 1
      MAX_ARRAY_SIZE = 2147483639
    servletRequestLAttrListeners = class java.util.ArrayList@2fb29568
      serialVersionUID = 8683452581122892189
      DEFAULT_CAPACITY = 10
      EMPTY_ELEMENTDATA = class java.lang.Object[0]
      DEFAULTCAPACITY_EMPTY_ELEMENTDATA = class java.lang.Object[0]
      elementData = class java.lang.Object[0]
      size = 0
      MAX_ARRAY_SIZE = 2147483639
      modCount = 1
      MAX_ARRAY_SIZE = 2147483639
    prependSlashToResource = false
    destroyed = false
    webAppNameSpaceCollab = class com.ibm.ws.webcontainer.osgi.collaborator.WebAppNameSpaceCollaboratorImpl@43d28d73
    txCollab = class com.ibm.ws.webcontainer.collaborator.WebAppTransactionCollaborator@9b35da1
    sessionActivationListeners = class java.util.ArrayList@5664e158
      serialVersionUID = 8683452581122892189
      DEFAULT_CAPACITY = 10
      EMPTY_ELEMENTDATA = class java.lang.Object[0]
      DEFAULTCAPACITY_EMPTY_ELEMENTDATA = class java.lang.Object[0]
      elementData = class java.lang.Object[0]
      size = 0
      MAX_ARRAY_SIZE = 2147483639
      modCount = 1
      MAX_ARRAY_SIZE = 2147483639
    sessionBindingListeners = class java.util.ArrayList@68a6c208
      serialVersionUID = 8683452581122892189
      DEFAULT_CAPACITY = 10
      EMPTY_ELEMENTDATA = class java.lang.Object[0]
      DEFAULTCAPACITY_EMPTY_ELEMENTDATA = class java.lang.Object[0]
      elementData = class java.lang.Object[0]
      size = 0
      MAX_ARRAY_SIZE = 2147483639
      modCount = 1
      MAX_ARRAY_SIZE = 2147483639
    scratchdir = null
    jspClassLoaderLimit = 0
    jspClassLoaderExclusionList = null
    jspClassLoadersMap = null
    jspClassLoaderLimitTrackIF = false
    defaultExtProc = null
    directoryBrowsingServlet = null
    cdiContexts = class java.util.concurrent.ConcurrentHashMap@2a041ad9
      serialVersionUID = 7249069246763182397
      MAXIMUM_CAPACITY = 1073741824
      DEFAULT_CAPACITY = 16
      MAX_ARRAY_SIZE = 2147483639
      DEFAULT_CONCURRENCY_LEVEL = 16
      LOAD_FACTOR = 0.75
      TREEIFY_THRESHOLD = 8
      UNTREEIFY_THRESHOLD = 6
      MIN_TREEIFY_CAPACITY = 64
      MIN_TRANSFER_STRIDE = 16
      RESIZE_STAMP_BITS = 16
      MAX_RESIZERS = 65535
      RESIZE_STAMP_SHIFT = 16
      MOVED = -1
      TREEBIN = -2
      RESERVED = -3
      HASH_BITS = 2147483647
      NCPU = 4
      serialPersistentFields = class java.io.ObjectStreamField[3]
      table = class java.util.concurrent.ConcurrentHashMap$Node[16]
      nextTable = null
      baseCount = 1
      sizeCtl = 12
      transferIndex = 0
      cellsBusy = 0
      counterCells = null
      keySet = null
      values = null
      entrySet = null
      U = class sun.misc.Unsafe@1b44a1a2
      SIZECTL = 20
      TRANSFERINDEX = 32
      BASECOUNT = 24
      CELLSBUSY = 36
      CELLVALUE = 144
      ABASE = 16
      ASHIFT = 2
      keySet = null
      values = null
    moduleConfig = class com.ibm.ws.webcontainer.osgi.container.DeployedModule@11a6d324
      tc = class com.ibm.websphere.ras.TraceComponent@2b269674
      loader = class com.ibm.ws.classloading.internal.ThreadContextClassLoader@56145ffb
      webApp = class com.ibm.ws.webcontainer.osgi.webapp.WebApp@6af56888
      webAppConfig = class com.ibm.ws.webcontainer.osgi.webapp.WebAppConfiguration@3f225bb6
      contextRootAdded = null
      properContextRoot = "/ERP-light"
      mappingContextRoot = "/ERP-light/*"
      serialVersionUID = -2104814060051592457
      $$$tc$$$ = class com.ibm.websphere.ras.TraceComponent@1f15dbee
    extensionFactories = class java.util.ArrayList@60b98e69
      serialVersionUID = 8683452581122892189
      DEFAULT_CAPACITY = 10
      EMPTY_ELEMENTDATA = class java.lang.Object[0]
      DEFAULTCAPACITY_EMPTY_ELEMENTDATA = class java.lang.Object[0]
      elementData = class java.lang.Object[10]
      size = 1
      MAX_ARRAY_SIZE = 2147483639
      modCount = 1
      MAX_ARRAY_SIZE = 2147483639
    initialized = false
    lock = class com.ibm.ws.webcontainer.webapp.WebApp$1@3ed1a6f4
      this$0 = class com.ibm.ws.webcontainer.osgi.webapp.WebApp@6af56888
    afterServletContextCreated = false
    redirectContextRoot = false
    errorExceptionTypeFirst = false
    initFilterBeforeServletInit = false
    sortedServletConfigs = class java.util.ArrayList@3409a125
      serialVersionUID = 8683452581122892189
      DEFAULT_CAPACITY = 10
      EMPTY_ELEMENTDATA = class java.lang.Object[0]
      DEFAULTCAPACITY_EMPTY_ELEMENTDATA = class java.lang.Object[0]
      elementData = class java.lang.Object[10]
      size = 1
      MAX_ARRAY_SIZE = 2147483639
      modCount = 1
      MAX_ARRAY_SIZE = 2147483639
    effectiveMajorVersion = 2
    effectiveMinorVersion = 5
    canAddServletContextListener = true
    withinContextInitOfProgAddListener = false
    webInfLibClassloader = null
    metaInfCache = class com.ibm.ws.webcontainer.webapp.WebApp$2@13916b73
      this$0 = class com.ibm.ws.webcontainer.osgi.webapp.WebApp@6af56888
      serialVersionUID = 3801124242820219131
      head = null
      tail = null
      accessOrder = true
      serialVersionUID = 362498820763181265
      DEFAULT_INITIAL_CAPACITY = 16
      MAXIMUM_CAPACITY = 1073741824
      DEFAULT_LOAD_FACTOR = 0.75
      TREEIFY_THRESHOLD = 8
      UNTREEIFY_THRESHOLD = 6
      MIN_TREEIFY_CAPACITY = 64
      table = null
      entrySet = null
      size = 0
      modCount = 0
      threshold = 32
      loadFactor = 1.0
      keySet = null
      values = null
    useMetaInfCache = true
    SUN_CONFIGURE_LISTENER_CLASSNAME = "com.sun.faces.config.ConfigureListener"
    MYFACES_LIFECYCLE_LISTENER_CLASSNAME = "org.apache.myfaces.webapp.StartupServletContextListener"
    JSF_IMPL_ENABLED_PARAM = "com.ibm.ws.jsf.JSF_IMPL_ENABLED"
    JSF_IMPL_ENABLED_CUSTOM = "Custom"
    JSF_IMPL_ENABLED_NONE = "None"
    staticDocRoot = class com.ibm.ws.webcontainer.util.DocumentRootUtils@3f7775ae
      logger = class com.ibm.ws.logging.internal.WsLogger@74196efc
      CLASS_NAME = "com.ibm.ws.webcontainer.util.DocumentRootUtils"
      useContentLength = false
      matchedFile = null
      matchedZipFile = null
      matchedEntry = null
      matchedURL = null
      edrRoot = null
      pfedrRoot = null
      ctxt = class com.ibm.ws.webcontainer.osgi.webapp.WebApp@6af56888
      baseDir = null
      edr = null
      pfedr = null
      metaInfRes = null
      searchpfEDR = true
      searchEDR = true
      searchMetaInfRes = true
      matchFromEDR = false
      matchFromMetaInfRes = false
      matchIsADirectory = false
      appConfig = class com.ibm.ws.webcontainer.osgi.webapp.WebAppConfiguration@3f225bb6
      attributeType = "staticFile"
      STATIC_FILE = "staticFile"
      JSP = "jsp"
      PFEDR = "preFragmentExtendedDocumentRoot"
      EDR = "extendedDocumentRoot"
    jspDocRoot = class com.ibm.ws.webcontainer.util.DocumentRootUtils@c2282b2
      logger = class com.ibm.ws.logging.internal.WsLogger@74196efc
      CLASS_NAME = "com.ibm.ws.webcontainer.util.DocumentRootUtils"
      useContentLength = false
      matchedFile = null
      matchedZipFile = null
      matchedEntry = null
      matchedURL = null
      edrRoot = null
      pfedrRoot = null
      ctxt = class com.ibm.ws.webcontainer.osgi.webapp.WebApp@6af56888
      baseDir = null
      edr = null
      pfedr = null
      metaInfRes = null
      searchpfEDR = true
      searchEDR = true
      searchMetaInfRes = true
      matchFromEDR = false
      matchFromMetaInfRes = false
      matchIsADirectory = false
      appConfig = class com.ibm.ws.webcontainer.osgi.webapp.WebAppConfiguration@3f225bb6
      attributeType = "jsp"
      STATIC_FILE = "staticFile"
      JSP = "jsp"
      PFEDR = "preFragmentExtendedDocumentRoot"
      EDR = "extendedDocumentRoot"
    container = class com.ibm.ws.adaptable.module.internal.AdaptableContainerImpl@321cdf3c
      root = class com.ibm.ws.adaptable.module.internal.AdaptableContainerImpl@321cdf3c
      rootOverlay = class com.ibm.ws.artifact.overlay.internal.DirectoryBasedOverlayContainerImpl@3f9708fa
      factoryHolder = class com.ibm.ws.adaptable.module.internal.AdaptableModuleFactoryImpl@524bd162
      delegate = class com.ibm.ws.artifact.overlay.internal.DirectoryBasedOverlayContainerImpl@3f9708fa
      notifier = class com.ibm.ws.adaptable.module.internal.NotifierImpl@3f2d52d
      serialVersionUID = -5621513278641113667
      $$$tc$$$ = class com.ibm.websphere.ras.TraceComponent@60d34da5
    metaInfResourceFinder = class com.ibm.ws.webcontainer.util.MetaInfResourceFinder@755b0a9a
      jarResourceContainers = class java.util.ArrayList@10833752
      container = class com.ibm.ws.adaptable.module.internal.AdaptableContainerImpl@321cdf3c
    postConstructMethods = class com.ibm.ws.webcontainer.webapp.WebApp$AnnotatedMethods@6d893db1
      annotationClass = class java.lang.Class@3d6e5dc4
      noOpClassNames = class java.util.HashSet@335c5dc9
      annotatedMethodNames = class java.util.HashMap@24370e46
      EMPTY_METHODS = class java.lang.reflect.Method[0]
    preDestroyMethods = class com.ibm.ws.webcontainer.webapp.WebApp$AnnotatedMethods@6957efab
      annotationClass = class java.lang.Class@25897a5c
      noOpClassNames = class java.util.HashSet@78863bd7
      annotatedMethodNames = class java.util.HashMap@5f0abf04
      EMPTY_METHODS = class java.lang.reflect.Method[0]
    OBJ_EMPTY = class java.lang.Object[0]
    CLASS_EMPTY = class java.lang.Class[0]
    DEFAULT_JSP_EXTENSIONS = class java.util.ArrayList@7178c721
      serialVersionUID = 8683452581122892189
      DEFAULT_CAPACITY = 10
      EMPTY_ELEMENTDATA = class java.lang.Object[0]
      DEFAULTCAPACITY_EMPTY_ELEMENTDATA = class java.lang.Object[0]
      elementData = class java.lang.Object[10]
      size = 4
      MAX_ARRAY_SIZE = 2147483639
      modCount = 4
      MAX_ARRAY_SIZE = 2147483639
    DO_ACCEPT_PARTIAL = true
    DO_NOT_ACCEPT_PARTIAL = false
    DO_ACCEPT_EXCLUDED = true
    DO_NOT_ACCEPT_EXCLUDED = false
    commands = class java.util.ArrayList@789ad6d1
      serialVersionUID = 8683452581122892189
      DEFAULT_CAPACITY = 10
      EMPTY_ELEMENTDATA = class java.lang.Object[0]
      DEFAULTCAPACITY_EMPTY_ELEMENTDATA = class java.lang.Object[0]
      elementData = class java.lang.Object[3]
      size = 0
      MAX_ARRAY_SIZE = 2147483639
      modCount = 0
      MAX_ARRAY_SIZE = 2147483639
    requestMapper = class com.ibm.wsspi.webcontainer.util.URIMapper@2e6654de
      matcher = class com.ibm.wsspi.webcontainer.util.URIMatcher@705e9894
    parent = class com.ibm.ws.webcontainer.osgi.webapp.WebGroup@1990dffc
      tc = class com.ibm.websphere.ras.TraceComponent@35004739
      logger = class com.ibm.ws.logging.internal.WsLogger@18f28af5
      CLASS_NAME = "com.ibm.ws.webcontainer.webapp.WebGroup"
      sessUrlRewritePrefix = ";jsessionid="
      qMark = "?"
      config = class com.ibm.ws.webcontainer.osgi.webapp.WebGroupConfiguration@54a6a681
      webApp = class com.ibm.ws.webcontainer.osgi.webapp.WebApp@6af56888
      commands = class java.util.ArrayList@403e4009
      requestMapper = null
      parent = class com.ibm.ws.webcontainer.osgi.DynamicVirtualHost@62ac6f09
      name = "/ERP-light/*"
      isAlive = true
      subElements = class java.util.HashMap@3dd9b715
      attributes = null
      config = null
      serialVersionUID = -8271459000149267764
      $$$tc$$$ = class com.ibm.websphere.ras.TraceComponent@7b47cb1d
    name = "ERP-light"
    isAlive = true
    subElements = null
    attributes = class java.util.Collections$SynchronizedMap@3ba6f8d7
      serialVersionUID = 1978198479659022715
      m = class java.util.HashMap@392872c8
      mutex = class java.util.Collections$SynchronizedMap@3ba6f8d7
      keySet = null
      entrySet = class java.util.Collections$SynchronizedSet@37248312
      values = null
    config = null
    serialVersionUID = -8271459000149267764
    $$$tc$$$ = class com.ibm.websphere.ras.TraceComponent@7b47cb1d
      strings[0] = "TraceComponent[com.ibm.ws.container.AbstractContainer,class com.ibm.ws.container.AbstractContainer,[],null,null]"
  target = class org.springframework.web.servlet.DispatcherServlet@40fae08b
    MULTIPART_RESOLVER_BEAN_NAME = "multipartResolver"
    LOCALE_RESOLVER_BEAN_NAME = "localeResolver"
    THEME_RESOLVER_BEAN_NAME = "themeResolver"
    HANDLER_MAPPING_BEAN_NAME = "handlerMapping"
    HANDLER_ADAPTER_BEAN_NAME = "handlerAdapter"
    HANDLER_EXCEPTION_RESOLVER_BEAN_NAME = "handlerExceptionResolver"
    REQUEST_TO_VIEW_NAME_TRANSLATOR_BEAN_NAME = "viewNameTranslator"
    VIEW_RESOLVER_BEAN_NAME = "viewResolver"
    FLASH_MAP_MANAGER_BEAN_NAME = "flashMapManager"
    WEB_APPLICATION_CONTEXT_ATTRIBUTE = "org.springframework.web.servlet.DispatcherServlet.CONTEXT"
    LOCALE_RESOLVER_ATTRIBUTE = "org.springframework.web.servlet.DispatcherServlet.LOCALE_RESOLVER"
    THEME_RESOLVER_ATTRIBUTE = "org.springframework.web.servlet.DispatcherServlet.THEME_RESOLVER"
    THEME_SOURCE_ATTRIBUTE = "org.springframework.web.servlet.DispatcherServlet.THEME_SOURCE"
    INPUT_FLASH_MAP_ATTRIBUTE = "org.springframework.web.servlet.DispatcherServlet.INPUT_FLASH_MAP"
    OUTPUT_FLASH_MAP_ATTRIBUTE = "org.springframework.web.servlet.DispatcherServlet.OUTPUT_FLASH_MAP"
    FLASH_MAP_MANAGER_ATTRIBUTE = "org.springframework.web.servlet.DispatcherServlet.FLASH_MAP_MANAGER"
    EXCEPTION_ATTRIBUTE = "org.springframework.web.servlet.DispatcherServlet.EXCEPTION"
    PAGE_NOT_FOUND_LOG_CATEGORY = "org.springframework.web.servlet.PageNotFound"
    DEFAULT_STRATEGIES_PATH = "DispatcherServlet.properties"
    pageNotFoundLogger = class org.apache.commons.logging.impl.Jdk14Logger@7dae9e6d
      serialVersionUID = 4784713551416303804
      dummyLevel = class java.util.logging.Level@79c84fee
      logger = class com.ibm.ws.logging.internal.WsLogger@77260b80
      name = "org.springframework.web.servlet.PageNotFound"
    defaultStrategies = class java.util.Properties@3922e2d7
      serialVersionUID = 4112578634029874840
      defaults = null
      hexDigit = {0123456789ABCDEF} /* array length = 16*/
      table = class java.util.Hashtable$Entry[11]
      count = 8
      threshold = 8
      loadFactor = 0.75
      modCount = 8
      serialVersionUID = 1421746759512286392
      MAX_ARRAY_SIZE = 2147483639
      keySet = null
      entrySet = null
      values = null
      KEYS = 0
      VALUES = 1
      ENTRIES = 2
    detectAllHandlerMappings = true
    detectAllHandlerAdapters = true
    detectAllHandlerExceptionResolvers = true
    detectAllViewResolvers = true
    throwExceptionIfNoHandlerFound = false
    cleanupAfterInclude = true
    multipartResolver = null
    localeResolver = null
    themeResolver = null
    handlerMappings = null
    handlerAdapters = null
    handlerExceptionResolvers = null
    viewNameTranslator = null
    flashMapManager = null
    viewResolvers = null
    DEFAULT_NAMESPACE_SUFFIX = "-servlet"
    DEFAULT_CONTEXT_CLASS = class java.lang.Class@7c098d14
      ANNOTATION = 8192
      ENUM = 16384
      SYNTHETIC = 4096
      cachedConstructor = null
      newInstanceCallerCache = null
      name = "org.springframework.web.context.support.XmlWebApplicationContext"
      allPermDomain = class java.security.ProtectionDomain@741e6846
      useCaches = true
      reflectionData = class java.lang.ref.SoftReference@60d1e48e
      classRedefinedCount = 0
      genericInfo = null
      serialVersionUID = 3206093459760846163
      serialPersistentFields = class java.io.ObjectStreamField[0]
      reflectionFactory = class sun.reflect.ReflectionFactory@3bfb0891
      initted = true
      enumConstants = null
      enumConstantDirectory = null
      annotationData = null
      annotationType = null
      classValueMap = null
    SERVLET_CONTEXT_PREFIX = "org.springframework.web.servlet.FrameworkServlet.CONTEXT."
    INIT_PARAM_DELIMITERS = ",; 	
"
    responseGetStatusAvailable = true
    contextAttribute = null
    contextClass = class java.lang.Class@7c098d14
    contextId = null
    namespace = null
    contextConfigLocation = null
    contextInitializers = class java.util.ArrayList@76f89bd5
      serialVersionUID = 8683452581122892189
      DEFAULT_CAPACITY = 10
      EMPTY_ELEMENTDATA = class java.lang.Object[0]
      DEFAULTCAPACITY_EMPTY_ELEMENTDATA = class java.lang.Object[0]
      elementData = class java.lang.Object[0]
      size = 0
      MAX_ARRAY_SIZE = 2147483639
      modCount = 0
      MAX_ARRAY_SIZE = 2147483639
    contextInitializerClasses = null
    publishContext = true
    publishEvents = true
    threadContextInheritable = false
    dispatchOptionsRequest = false
    dispatchTraceRequest = false
    webApplicationContext = null
    webApplicationContextInjected = false
    refreshEventReceived = false
    logger = class org.apache.commons.logging.impl.Jdk14Logger@7fac3e91
      serialVersionUID = 4784713551416303804
      dummyLevel = class java.util.logging.Level@79c84fee
      logger = class com.ibm.ws.logging.internal.WsLogger@8818121
      name = "org.springframework.web.servlet.DispatcherServlet"
    requiredProperties = class java.util.HashSet@51b65fe9
      serialVersionUID = -5024744406713321676
      map = class java.util.HashMap@7a64ba
      PRESENT = class java.lang.Object@209319ff
      MAX_ARRAY_SIZE = 2147483639
    environment = class org.springframework.web.context.support.StandardServletEnvironment@61e719e6
      SERVLET_CONTEXT_PROPERTY_SOURCE_NAME = "servletContextInitParams"
      SERVLET_CONFIG_PROPERTY_SOURCE_NAME = "servletConfigInitParams"
      JNDI_PROPERTY_SOURCE_NAME = "jndiProperties"
      SYSTEM_ENVIRONMENT_PROPERTY_SOURCE_NAME = "systemEnvironment"
      SYSTEM_PROPERTIES_PROPERTY_SOURCE_NAME = "systemProperties"
      IGNORE_GETENV_PROPERTY_NAME = "spring.getenv.ignore"
      ACTIVE_PROFILES_PROPERTY_NAME = "spring.profiles.active"
      DEFAULT_PROFILES_PROPERTY_NAME = "spring.profiles.default"
      RESERVED_DEFAULT_PROFILE_NAME = "default"
      logger = class org.apache.commons.logging.impl.Jdk14Logger@18f8192e
      activeProfiles = class java.util.LinkedHashSet@53f49e92
      defaultProfiles = class java.util.LinkedHashSet@75f4a0a2
      propertySources = class org.springframework.core.env.MutablePropertySources@1bd2e3f9
      propertyResolver = class org.springframework.core.env.PropertySourcesPropertyResolver@433bb8c4
    METHOD_DELETE = "DELETE"
    METHOD_HEAD = "HEAD"
    METHOD_GET = "GET"
    METHOD_OPTIONS = "OPTIONS"
    METHOD_POST = "POST"
    METHOD_PUT = "PUT"
    METHOD_TRACE = "TRACE"
    HEADER_IFMODSINCE = "If-Modified-Since"
    HEADER_LASTMOD = "Last-Modified"
    LSTRING_FILE = "javax.servlet.http.LocalStrings"
    lStrings = class java.util.PropertyResourceBundle@5373003c
      lookup = class java.util.HashMap@7280e554
      INITIAL_CACHE_SIZE = 32
      NONEXISTENT_BUNDLE = class java.util.ResourceBundle$1@2b72b343
      cacheList = class java.util.concurrent.ConcurrentHashMap@12abf0f9
      referenceQueue = class java.lang.ref.ReferenceQueue@67741dbd
      parent = null
      locale = class java.util.Locale@edd4468
      name = "javax.servlet.http.LocalStrings"
      expired = false
      cacheKey = class java.util.ResourceBundle$CacheKey@26d09a16
      keySet = null
      providers = null
      $assertionsDisabled = true
    config = class com.ibm.ws.webcontainer.servlet.ServletConfig@18f68730
  cacheWrappers = null
  targetLoader = class com.ibm.ws.classloading.internal.ThreadContextClassLoader@56145ffb
    tc = class com.ibm.websphere.ras.TraceComponent@45e22770
      strings[0] = "TraceComponent[com.ibm.ws.classloading.internal.ThreadContextClassLoader,class com.ibm.ws.classloading.internal.ThreadContextClassLoader,[ClassLoadingService],com.ibm.ws.classloading.internal.resources.ClassLoadingServiceMessages,null]"
    bundle = class java.util.concurrent.atomic.AtomicReference@755a535
      serialVersionUID = -1848883965231344442
      unsafe = class sun.misc.Unsafe@1b44a1a2
      valueOffset = 12
      value = class org.eclipse.osgi.internal.framework.EquinoxBundle@fe373d8
    key = "WebModule:ERP-light#ERP-light.war"
    refCount = class java.util.concurrent.atomic.AtomicInteger@765c71b3
      serialVersionUID = 6214790243416807050
      unsafe = class sun.misc.Unsafe@1b44a1a2
      valueOffset = 12
      value = 1
      serialVersionUID = -8742448824652078965
    serialVersionUID = 2718662781678069765
    followOnClassLoaders = class java.util.ArrayList@22562e93
      serialVersionUID = 8683452581122892189
      DEFAULT_CAPACITY = 10
      EMPTY_ELEMENTDATA = class java.lang.Object[0]
      DEFAULTCAPACITY_EMPTY_ELEMENTDATA = class java.lang.Object[0]
      elementData = class java.lang.Object[10]
      size = 1
      MAX_ARRAY_SIZE = 2147483639
      modCount = 1
      MAX_ARRAY_SIZE = 2147483639
    serialVersionUID = 5933218255537285806
    $$$tc$$$ = class com.ibm.websphere.ras.TraceComponent@620ad1a1
      strings[0] = "TraceComponent[com.ibm.ws.classloading.internal.UnifiedClassLoader,class com.ibm.ws.classloading.internal.UnifiedClassLoader,[ClassLoadingService],com.ibm.ws.classloading.internal.resources.ClassLoadingServiceMessages,null]"
    serialVersionUID = 161679851398543548
    $$$tc$$$ = class com.ibm.websphere.ras.TraceComponent@18dba40
      strings[0] = "TraceComponent[com.ibm.ws.classloading.internal.LibertyLoader,class com.ibm.ws.classloading.internal.LibertyLoader,[ClassLoadingService],com.ibm.ws.classloading.internal.resources.ClassLoadingServiceMessages,null]"
    serialVersionUID = 2596921220292114344
    $$$tc$$$ = class com.ibm.websphere.ras.TraceComponent@3fe67b85
      strings[0] = "TraceComponent[com.ibm.ws.classloading.LibertyClassLoader,class com.ibm.ws.classloading.LibertyClassLoader,[ClassLoadingService],com.ibm.ws.classloading.internal.resources.ClassLoadingServiceMessages,null]"
    initialized = true
    pdcache = class java.util.HashMap@73078039
      serialVersionUID = 362498820763181265
      DEFAULT_INITIAL_CAPACITY = 16
      MAXIMUM_CAPACITY = 1073741824
      DEFAULT_LOAD_FACTOR = 0.75
      TREEIFY_THRESHOLD = 8
      UNTREEIFY_THRESHOLD = 6
      MIN_TREEIFY_CAPACITY = 64
      table = null
      entrySet = null
      size = 0
      modCount = 0
      threshold = 16
      loadFactor = 0.75
      keySet = null
      values = null
    debug = null
    parent = class com.ibm.ws.classloading.internal.GatewayClassLoader@23aefc36
      config = class com.ibm.ws.classloading.internal.GatewayConfigurationImpl@62c77877
      wiringMonitor = class com.ibm.ws.classloading.internal.GatewayClassLoader$1@3c01e310
      bundle = class org.eclipse.osgi.internal.framework.EquinoxBundle@fe373d8
      wiring = class org.eclipse.osgi.container.ModuleWiring@317f8d5b
      bundleLoader = class org.eclipse.osgi.internal.loader.EquinoxClassLoader@4e39d04d
      resourceProviders = class com.ibm.ws.classloading.internal.CompositeResourceProvider@17640d3d
      serialVersionUID = -4256474098847905153
      $$$tc$$$ = class com.ibm.websphere.ras.TraceComponent@5d362081
      parent = class sun.misc.Launcher$AppClassLoader@18b4aac2
      parallelLockMap = null
      package2certs = class java.util.Hashtable@244e65a2
      nocerts = class java.security.cert.Certificate[0]
      classes = class java.util.Vector@69163125
      defaultDomain = class java.security.ProtectionDomain@69ad2ff2
      packages = class java.util.HashMap@5e17da1f
      scl = class sun.misc.Launcher$AppClassLoader@18b4aac2
      sclSet = true
      loadedLibraryNames = class java.util.Vector@66c0f5b2
      systemNativeLibraries = class java.util.Vector@69533a8a
      nativeLibraries = class java.util.Vector@9a3c70a
      nativeLibraryContext = class java.util.Stack@6c151bb4
      usr_paths = class java.lang.String[40]
      sys_paths = class java.lang.String[1]
      assertionLock = class com.ibm.ws.classloading.internal.GatewayClassLoader@23aefc36
      defaultAssertionStatus = false
      packageAssertionStatus = null
      classAssertionStatus = null
    parallelLockMap = null
    package2certs = class java.util.Hashtable@60b60a7c
      table = class java.util.Hashtable$Entry[11]
      count = 0
      threshold = 8
      loadFactor = 0.75
      modCount = 0
      serialVersionUID = 1421746759512286392
      MAX_ARRAY_SIZE = 2147483639
      keySet = null
      entrySet = null
      values = null
      KEYS = 0
      VALUES = 1
      ENTRIES = 2
    nocerts = class java.security.cert.Certificate[0]
    classes = class java.util.Vector@2a1a7bf
      elementData = class java.lang.Object[10]
      elementCount = 0
      capacityIncrement = 0
      serialVersionUID = -2767605614048989439
      MAX_ARRAY_SIZE = 2147483639
      modCount = 0
      MAX_ARRAY_SIZE = 2147483639
    defaultDomain = class java.security.ProtectionDomain@793cadac
      codesource = class java.security.CodeSource@5637c3a9
      classloader = class com.ibm.ws.classloading.internal.ThreadContextClassLoader@56145ffb
      principals = interface java.security.Principal[0]
      permissions = null
      hasAllPerm = false
      staticPermissions = false
      key = class java.security.ProtectionDomain$Key@2c7baeb5
      debug = null
    packages = class java.util.HashMap@36f5ecfa
      serialVersionUID = 362498820763181265
      DEFAULT_INITIAL_CAPACITY = 16
      MAXIMUM_CAPACITY = 1073741824
      DEFAULT_LOAD_FACTOR = 0.75
      TREEIFY_THRESHOLD = 8
      UNTREEIFY_THRESHOLD = 6
      MIN_TREEIFY_CAPACITY = 64
      table = null
      entrySet = null
      size = 0
      modCount = 0
      threshold = 0
      loadFactor = 0.75
      keySet = null
      values = null
    scl = class sun.misc.Launcher$AppClassLoader@18b4aac2
      ucp = class sun.misc.URLClassPath@3f48be43
      $assertionsDisabled = true
      ucp = class sun.misc.URLClassPath@3f48be43
      acc = class java.security.AccessControlContext@2ce786ab
      closeables = class java.util.WeakHashMap@707bb035
      initialized = true
      pdcache = class java.util.HashMap@548388d8
      debug = null
      parent = class sun.misc.Launcher$ExtClassLoader@6e5e91e4
      parallelLockMap = class java.util.concurrent.ConcurrentHashMap@2ec38ead
      package2certs = class java.util.concurrent.ConcurrentHashMap@3e018700
      nocerts = class java.security.cert.Certificate[0]
      classes = class java.util.Vector@13d662ed
      defaultDomain = class java.security.ProtectionDomain@5bdbed07
      packages = class java.util.HashMap@695fa637
      scl = class sun.misc.Launcher$AppClassLoader@18b4aac2
      sclSet = true
      loadedLibraryNames = class java.util.Vector@66c0f5b2
      systemNativeLibraries = class java.util.Vector@69533a8a
      nativeLibraries = class java.util.Vector@5b54059b
      nativeLibraryContext = class java.util.Stack@6c151bb4
      usr_paths = class java.lang.String[40]
      sys_paths = class java.lang.String[1]
      assertionLock = class java.lang.Object@7b35d516
      defaultAssertionStatus = false
      packageAssertionStatus = null
      classAssertionStatus = null
    sclSet = true
    loadedLibraryNames = class java.util.Vector@66c0f5b2
      elementData = class java.lang.Object[10]
      elementCount = 7
      capacityIncrement = 0
      serialVersionUID = -2767605614048989439
      MAX_ARRAY_SIZE = 2147483639
      modCount = 7
      MAX_ARRAY_SIZE = 2147483639
    systemNativeLibraries = class java.util.Vector@69533a8a
      elementData = class java.lang.Object[10]
      elementCount = 5
      capacityIncrement = 0
      serialVersionUID = -2767605614048989439
      MAX_ARRAY_SIZE = 2147483639
      modCount = 5
      MAX_ARRAY_SIZE = 2147483639
    nativeLibraries = class java.util.Vector@759eabc1
      elementData = class java.lang.Object[10]
      elementCount = 0
      capacityIncrement = 0
      serialVersionUID = -2767605614048989439
      MAX_ARRAY_SIZE = 2147483639
      modCount = 0
      MAX_ARRAY_SIZE = 2147483639
    nativeLibraryContext = class java.util.Stack@6c151bb4
      serialVersionUID = 1224463164541339165
      elementData = class java.lang.Object[10]
      elementCount = 0
      capacityIncrement = 0
      serialVersionUID = -2767605614048989439
      MAX_ARRAY_SIZE = 2147483639
      modCount = 14
      MAX_ARRAY_SIZE = 2147483639
    usr_paths = class java.lang.String[40]
      usr_paths[0] = "C:\Program Files\Java\jdk1.8.0_251\jre\bin"
      usr_paths[1] = "C:\WINDOWS\Sun\Java\bin"
      usr_paths[2] = "C:\WINDOWS\system32"
      usr_paths[3] = "C:\WINDOWS"
      usr_paths[4] = "C:/Program Files/Java/jdk1.8.0_251/bin/../jre/bin/server"
      usr_paths[5] = "C:/Program Files/Java/jdk1.8.0_251/bin/../jre/bin"
      usr_paths[6] = "C:/Program Files/Java/jdk1.8.0_251/bin/../jre/lib/amd64"
      usr_paths[7] = "C:\Program Files (x86)\Common Files\Oracle\Java\javapath"
      usr_paths[8] = "C:\ProgramData\Oracle\Java\javapath"
      usr_paths[9] = "C:\Program Files\Java\jdk1.8.0_251\bin"
      usr_paths[10] = "C:\Program Files\Microsoft MPI\Bin\"
      usr_paths[11] = "C:\Windows\system32"
      usr_paths[12] = "C:\Windows"
      usr_paths[13] = "C:\Windows\System32\Wbem"
      usr_paths[14] = "C:\Windows\System32\WindowsPowerShell\v1.0\"
      usr_paths[15] = "C:\Program Files (x86)\NVIDIA Corporation\PhysX\Common"
      usr_paths[16] = "C:\WINDOWS\system32\config\systemprofile\.dnx\bin"
      usr_paths[17] = "C:\Program Files\Microsoft DNX\Dnvm\"
      usr_paths[18] = "C:\Program Files\Microsoft SQL Server\120\Tools\Binn\"
      usr_paths[19] = "C:\Program Files (x86)\Windows Kits\8.1\Windows Performance Toolkit\"
      usr_paths[20] = "C:\Program Files\Git\bin"
      usr_paths[21] = "C:\WINDOWS\system32"
      usr_paths[22] = "C:\WINDOWS"
      usr_paths[23] = "C:\WINDOWS\System32\Wbem"
      usr_paths[24] = "C:\WINDOWS\System32\WindowsPowerShell\v1.0\"
      usr_paths[25] = "C:\Program Files\Intel\WiFi\bin\"
      usr_paths[26] = "C:\Program Files\Common Files\Intel\WirelessCommon\"
      usr_paths[27] = "C:\Program Files\PostgreSQL\10\bin"
      usr_paths[28] = "C:\Program Files\IBM\Bluemix\bin"
      usr_paths[29] = "C:\Program Files\IBM\Bluemix\bin\cfcli"
      usr_paths[30] = "D:\apache-maven-3.5.3\bin\"
      usr_paths[31] = "C:\WINDOWS\System32\OpenSSH\"
      usr_paths[32] = "C:\Program Files\PostgreSQL\9.3\bin\"
      usr_paths[33] = "D:\Android\platform-tools\"
      usr_paths[34] = "C:\Users\Gnter\AppData\Local\Microsoft\WindowsApps"
      usr_paths[35] = "D:\Android\platform-tools\"
      usr_paths[36] = "."
      usr_paths[37] = "D:\eclipse-jee-oxygen-1a-win32-x86_64\eclipse"
      usr_paths[38] = "."
      usr_paths[39] = "."
    sys_paths = class java.lang.String[1]
      sys_paths[0] = "C:\Program Files\Java\jdk1.8.0_251\jre\bin"
    assertionLock = class com.ibm.ws.classloading.internal.ThreadContextClassLoader@56145ffb
    defaultAssertionStatus = false
    packageAssertionStatus = null
    classAssertionStatus = null
  evtSource = class com.ibm.ws.webcontainer.webapp.WebAppEventSource@67f5abdb
    _invocationListeners = class com.ibm.ws.webcontainer.util.EventListeners@1276bc60
      EMPTY_LISTENERS = interface java.util.EventListener[0]
      logger = class com.ibm.ws.logging.internal.WsLogger@74196efc
      CLASS_NAME = "com.ibm.ws.webcontainer.util.EventListeners"
      listeners = interface java.util.EventListener[0]
    _servletListeners = class com.ibm.ws.webcontainer.util.EventListeners@1ec8e5d2
      EMPTY_LISTENERS = interface java.util.EventListener[0]
      logger = class com.ibm.ws.logging.internal.WsLogger@74196efc
      CLASS_NAME = "com.ibm.ws.webcontainer.util.EventListeners"
      listeners = interface java.util.EventListener[0]
    _errorListeners = class com.ibm.ws.webcontainer.util.EventListeners@793c86ad
      EMPTY_LISTENERS = interface java.util.EventListener[0]
      logger = class com.ibm.ws.logging.internal.WsLogger@74196efc
      CLASS_NAME = "com.ibm.ws.webcontainer.util.EventListeners"
      listeners = interface java.util.EventListener[0]
    _applicationListeners = class com.ibm.ws.webcontainer.util.EventListeners@232c8179
      EMPTY_LISTENERS = interface java.util.EventListener[0]
      logger = class com.ibm.ws.logging.internal.WsLogger@74196efc
      CLASS_NAME = "com.ibm.ws.webcontainer.util.EventListeners"
      listeners = interface java.util.EventListener[0]
    _filterInvocationListeners = class com.ibm.ws.webcontainer.util.EventListeners@41eacc0
      EMPTY_LISTENERS = interface java.util.EventListener[0]
      logger = class com.ibm.ws.logging.internal.WsLogger@74196efc
      CLASS_NAME = "com.ibm.ws.webcontainer.util.EventListeners"
      listeners = interface java.util.EventListener[0]
    _filterListeners = class com.ibm.ws.webcontainer.util.EventListeners@5d212fe4
      EMPTY_LISTENERS = interface java.util.EventListener[0]
      logger = class com.ibm.ws.logging.internal.WsLogger@74196efc
      CLASS_NAME = "com.ibm.ws.webcontainer.util.EventListeners"
      listeners = interface java.util.EventListener[0]
    _filterErrorListeners = class com.ibm.ws.webcontainer.util.EventListeners@4035c303
      EMPTY_LISTENERS = interface java.util.EventListener[0]
      logger = class com.ibm.ws.logging.internal.WsLogger@74196efc
      CLASS_NAME = "com.ibm.ws.webcontainer.util.EventListeners"
      listeners = interface java.util.EventListener[0]
  event = class com.ibm.websphere.servlet.event.ServletEvent@6b1e66ef
    serialVersionUID = 3906650803920713522
    _servletName = "erp-light"
    _servletClassName = "org.springframework.web.servlet.DispatcherServlet"
    $$$tc$$$ = class com.ibm.websphere.ras.TraceComponent@199be816
      strings[0] = "TraceComponent[com.ibm.websphere.servlet.event.ServletEvent,class com.ibm.websphere.servlet.event.ServletEvent,[],null,null]"
    serialVersionUID = 3546927969739289392
    _context = class com.ibm.wsspi.webcontainer.facade.ServletContextFacade@7a3ec195
    _servletNames = class com.ibm.ws.webcontainer.util.EmptyEnumeration@77eeb731
      serialVersionUID = 3546642126931963953
      _instance = class com.ibm.ws.webcontainer.util.EmptyEnumeration@77eeb731
    $$$tc$$$ = class com.ibm.websphere.ras.TraceComponent@1045195d
      strings[0] = "TraceComponent[com.ibm.websphere.servlet.event.ApplicationEvent,class com.ibm.websphere.servlet.event.ApplicationEvent,[],null,null]"
    serialVersionUID = 5516075349620653480
    source = class com.ibm.ws.webcontainer.osgi.servlet.ServletWrapper@4c69a0c6
  unavailableMessage = null
  unavailableUntil = -1
  isSTM = false
  internalServlet = false
  webAppInvocationCollaborators = null
  platformHelper = class com.ibm.ws.webcontainer.PlatformHelper@6fb158b2
  webAppNameSpaceCollab = class com.ibm.ws.webcontainer.osgi.collaborator.WebAppNameSpaceCollaboratorImpl@43d28d73
    cmdai = class com.ibm.ws.threadContext.ComponentMetaDataAccessorImpl@326b7c68
      tc = class com.ibm.websphere.ras.TraceComponent@3819e4b7
      cmdai = class com.ibm.ws.threadContext.ComponentMetaDataAccessorImpl@326b7c68
      threadContext = class com.ibm.ws.threadContext.ThreadContextImpl@64edf9a4
  txCollab = class com.ibm.ws.webcontainer.collaborator.WebAppTransactionCollaborator@9b35da1
    logger = class com.ibm.ws.logging.internal.WsLogger@df63091
      tc = class com.ibm.websphere.ras.TraceComponent@30c5f6e3
      ivCachedResourceBundleName = null
      ivCachedResourceBundle = null
      ivComponent = null
      ivOrganization = null
      ivProduct = null
      ivMinimumLocalizationLevelIntValue = 625
      ivGroupName = null
      ivTC = class com.ibm.websphere.ras.TraceComponent@2e2b168f
      loggerRegistrationComponent = class java.lang.ThreadLocal@77b05630
      emptyHandlers = class java.util.logging.Handler[0]
      offValue = 2147483647
      SYSTEM_LOGGER_RB_NAME = "sun.util.logging.resources.logging"
      SYSTEM_BUNDLE = class java.util.logging.Logger$LoggerBundle@23c4a99d
      NO_RESOURCE_BUNDLE = class java.util.logging.Logger$LoggerBundle@1c2e4d26
      manager = class com.ibm.ws.kernel.boot.logging.WsLogManager@69da9945
      name = "com.ibm.ws.webcontainer.collaborator"
      handlers = class java.util.concurrent.CopyOnWriteArrayList@3033c3de
      loggerBundle = class java.util.logging.Logger$LoggerBundle@34daf54b
      useParentHandlers = true
      filter = null
      anonymous = false
      catalog = class com.ibm.ws.webcontainer.resources.Messages_de@13c85499
      catalogName = "com.ibm.ws.webcontainer.resources.Messages"
      catalogLocale = class java.util.Locale@211f442f
      treeLock = class java.lang.Object@7d7e20da
      parent = class com.ibm.ws.logging.internal.WsLogger@51db5cca
      kids = null
      levelObject = class java.util.logging.Level@5a50c8b2
      levelValue = 800
      callersClassLoaderRef = class java.lang.ref.WeakReference@488b90ec
      isSystemLogger = false
      GLOBAL_LOGGER_NAME = "global"
      global = class java.util.logging.Logger@dc149e7
      $assertionsDisabled = true
    CLASS_NAME = "com.ibm.ws.webcontainer.collaborator.WebAppTransactionCollaborator"
  connCollab = class com.ibm.ws.webcontainer.collaborator.ConnectionCollaborator@11827b66
  suppressServletExceptionLogging = false
  throwExceptionEnum = class java.util.RegularEnumSet@7493d52c
    serialVersionUID = 3411599620347842686
    elements = 256
    elementType = class java.lang.Class@35000244
      ANNOTATION = 8192
      ENUM = 16384
      SYNTHETIC = 4096
      cachedConstructor = null
      newInstanceCallerCache = null
      name = "com.ibm.wsspi.webcontainer.collaborator.CollaboratorInvocationEnum"
      allPermDomain = class java.security.ProtectionDomain@741e6846
      useCaches = true
      reflectionData = class java.lang.ref.SoftReference@6a9329b
      classRedefinedCount = 0
      genericInfo = null
      serialVersionUID = 3206093459760846163
      serialPersistentFields = class java.io.ObjectStreamField[0]
      reflectionFactory = class sun.reflect.ReflectionFactory@3bfb0891
      initted = true
      enumConstants = class com.ibm.wsspi.webcontainer.collaborator.CollaboratorInvocationEnum[9]
      enumConstantDirectory = null
      annotationData = null
      annotationType = null
      classValueMap = null
    universe = class com.ibm.wsspi.webcontainer.collaborator.CollaboratorInvocationEnum[9]
      universe[0] = class com.ibm.wsspi.webcontainer.collaborator.CollaboratorInvocationEnum@5c06502b
      universe[1] = class com.ibm.wsspi.webcontainer.collaborator.CollaboratorInvocationEnum@3ec8b2b3
      universe[2] = class com.ibm.wsspi.webcontainer.collaborator.CollaboratorInvocationEnum@6fab12b6
      universe[3] = class com.ibm.wsspi.webcontainer.collaborator.CollaboratorInvocationEnum@73f2743b
      universe[4] = class com.ibm.wsspi.webcontainer.collaborator.CollaboratorInvocationEnum@1d1be566
      universe[5] = class com.ibm.wsspi.webcontainer.collaborator.CollaboratorInvocationEnum@663d815c
      universe[6] = class com.ibm.wsspi.webcontainer.collaborator.CollaboratorInvocationEnum@51b4018f
      universe[7] = class com.ibm.wsspi.webcontainer.collaborator.CollaboratorInvocationEnum@3187f42e
      universe[8] = class com.ibm.wsspi.webcontainer.collaborator.CollaboratorInvocationEnum@73f517ad
    ZERO_LENGTH_ENUM_ARRAY = class java.lang.Enum[0]
    MAX_ARRAY_SIZE = 2147483639
  discernUnavailableServlet = false
  reInitServletonInitUnavailableException = true
  destroyServletonServiceUnavailableException = false
  servlet23 = true
  PARAMS_HEAD_TRACE = class java.lang.Class[2]
    PARAMS_HEAD_TRACE[0] = class java.lang.Class@6483db23
      ANNOTATION = 8192
      ENUM = 16384
      SYNTHETIC = 4096
      cachedConstructor = null
      newInstanceCallerCache = null
      name = null
      allPermDomain = class java.security.ProtectionDomain@741e6846
      useCaches = true
      reflectionData = null
      classRedefinedCount = 0
      genericInfo = null
      serialVersionUID = 3206093459760846163
      serialPersistentFields = class java.io.ObjectStreamField[0]
      reflectionFactory = class sun.reflect.ReflectionFactory@3bfb0891
      initted = true
      enumConstants = null
      enumConstantDirectory = null
      annotationData = null
      annotationType = null
      classValueMap = null
    PARAMS_HEAD_TRACE[1] = class java.lang.Class@bf379b9
      ANNOTATION = 8192
      ENUM = 16384
      SYNTHETIC = 4096
      cachedConstructor = null
      newInstanceCallerCache = null
      name = null
      allPermDomain = class java.security.ProtectionDomain@741e6846
      useCaches = true
      reflectionData = class java.lang.ref.SoftReference@66b696ea
      classRedefinedCount = 0
      genericInfo = null
      serialVersionUID = 3206093459760846163
      serialPersistentFields = class java.io.ObjectStreamField[0]
      reflectionFactory = class sun.reflect.ReflectionFactory@3bfb0891
      initted = true
      enumConstants = null
      enumConstantDirectory = null
      annotationData = null
      annotationType = null
      classValueMap = null
  defaultHeadMethodInUse = false
  defaultTraceMethodInUse = false
  checkedForDefaultMethods = null
  defaultTraceRequestBehavior = false
  defaultHeadRequestBehavior = false
  useOriginalRequestState = false
  warningStatusSet = false
  config = null

