------Start of DE processing------ = [17.12.23 22:38:28:683 MEZ]
Exception = javax.servlet.ServletException
Source = com.ibm.ws.webcontainer.filter.WebAppFilterChain.doFilter
probeid = 82
Stack Dump = javax.servlet.ServletException: SRVE0207E: Es wurde eine nicht abgefangene Initialisierungsausnahme vom Servlet erstellt.
	at com.ibm.ws.webcontainer.servlet.ServletWrapper.init(ServletWrapper.java:398)
	at com.ibm.ws.webcontainer.servlet.ServletWrapper.handleRequest(ServletWrapper.java:621)
	at com.ibm.ws.webcontainer.servlet.ServletWrapper.handleRequest(ServletWrapper.java:472)
	at com.ibm.ws.webcontainer.filter.WebAppFilterChain.invokeTarget(WebAppFilterChain.java:135)
	at com.ibm.ws.webcontainer.filter.WebAppFilterChain.doFilter(WebAppFilterChain.java:74)
	at com.ibm.ws.webcontainer.filter.WebAppFilterManager.doFilter(WebAppFilterManager.java:975)
	at com.ibm.ws.webcontainer.filter.WebAppFilterManager.invokeFilters(WebAppFilterManager.java:1097)
	at com.ibm.ws.webcontainer.webapp.WebApp.handleRequest(WebApp.java:4797)
	at com.ibm.ws.webcontainer.osgi.DynamicVirtualHost$2.handleRequest(DynamicVirtualHost.java:297)
	at com.ibm.ws.webcontainer.WebContainer.handleRequest(WebContainer.java:981)
	at com.ibm.ws.webcontainer.osgi.DynamicVirtualHost$2.run(DynamicVirtualHost.java:262)
	at com.ibm.ws.http.dispatcher.internal.channel.HttpDispatcherLink$TaskWrapper.run(HttpDispatcherLink.java:938)
	at java.util.concurrent.ThreadPoolExecutor.runWorker(Unknown Source)
	at java.util.concurrent.ThreadPoolExecutor$Worker.run(Unknown Source)
	at java.lang.Thread.run(Unknown Source)
Caused by: org.springframework.beans.factory.BeanCreationException: Error creating bean with name 'adminController': Injection of autowired dependencies failed; nested exception is org.springframework.beans.factory.BeanCreationException: Could not autowire field: private at.erp.light.view.services.IDataBase at.erp.light.view.controller.administration.AdminController.dataBaseService; nested exception is org.springframework.beans.factory.BeanCreationException: Error creating bean with name 'dataBaseService' defined in ServletContext resource [/WEB-INF/erp-light-servlet.xml]: Cannot resolve reference to bean 'sessionFactory' while setting constructor argument; nested exception is org.springframework.beans.factory.BeanCreationException: Error creating bean with name 'sessionFactory' defined in ServletContext resource [/WEB-INF/erp-light-servlet.xml]: Invocation of init method failed; nested exception is java.io.FileNotFoundException: class path resource [hibernate.cfg.xml] cannot be resolved to URL because it does not exist
	at org.springframework.beans.factory.annotation.AutowiredAnnotationBeanPostProcessor.postProcessPropertyValues(AutowiredAnnotationBeanPostProcessor.java:334)
	at org.springframework.beans.factory.support.AbstractAutowireCapableBeanFactory.populateBean(AbstractAutowireCapableBeanFactory.java:1204)
	at org.springframework.beans.factory.support.AbstractAutowireCapableBeanFactory.doCreateBean(AbstractAutowireCapableBeanFactory.java:538)
	at org.springframework.beans.factory.support.AbstractAutowireCapableBeanFactory.createBean(AbstractAutowireCapableBeanFactory.java:476)
	at org.springframework.beans.factory.support.AbstractBeanFactory$1.getObject(AbstractBeanFactory.java:302)
	at org.springframework.beans.factory.support.DefaultSingletonBeanRegistry.getSingleton(DefaultSingletonBeanRegistry.java:229)
	at org.springframework.beans.factory.support.AbstractBeanFactory.doGetBean(AbstractBeanFactory.java:298)
	at org.springframework.beans.factory.support.AbstractBeanFactory.getBean(AbstractBeanFactory.java:193)
	at org.springframework.beans.factory.support.DefaultListableBeanFactory.preInstantiateSingletons(DefaultListableBeanFactory.java:725)
	at org.springframework.context.support.AbstractApplicationContext.finishBeanFactoryInitialization(AbstractApplicationContext.java:757)
	at org.springframework.context.support.AbstractApplicationContext.refresh(AbstractApplicationContext.java:480)
	at org.springframework.web.servlet.FrameworkServlet.configureAndRefreshWebApplicationContext(FrameworkServlet.java:663)
	at org.springframework.web.servlet.FrameworkServlet.createWebApplicationContext(FrameworkServlet.java:629)
	at org.springframework.web.servlet.FrameworkServlet.createWebApplicationContext(FrameworkServlet.java:677)
	at org.springframework.web.servlet.FrameworkServlet.initWebApplicationContext(FrameworkServlet.java:548)
	at org.springframework.web.servlet.FrameworkServlet.initServletBean(FrameworkServlet.java:489)
	at org.springframework.web.servlet.HttpServletBean.init(HttpServletBean.java:136)
	at javax.servlet.GenericServlet.init(GenericServlet.java:161)
	at com.ibm.ws.webcontainer.servlet.ServletWrapper.init(ServletWrapper.java:329)
	... 14 more
Caused by: org.springframework.beans.factory.BeanCreationException: Could not autowire field: private at.erp.light.view.services.IDataBase at.erp.light.view.controller.administration.AdminController.dataBaseService; nested exception is org.springframework.beans.factory.BeanCreationException: Error creating bean with name 'dataBaseService' defined in ServletContext resource [/WEB-INF/erp-light-servlet.xml]: Cannot resolve reference to bean 'sessionFactory' while setting constructor argument; nested exception is org.springframework.beans.factory.BeanCreationException: Error creating bean with name 'sessionFactory' defined in ServletContext resource [/WEB-INF/erp-light-servlet.xml]: Invocation of init method failed; nested exception is java.io.FileNotFoundException: class path resource [hibernate.cfg.xml] cannot be resolved to URL because it does not exist
	at org.springframework.beans.factory.annotation.AutowiredAnnotationBeanPostProcessor$AutowiredFieldElement.inject(AutowiredAnnotationBeanPostProcessor.java:555)
	at org.springframework.beans.factory.annotation.InjectionMetadata.inject(InjectionMetadata.java:87)
	at org.springframework.beans.factory.annotation.AutowiredAnnotationBeanPostProcessor.postProcessPropertyValues(AutowiredAnnotationBeanPostProcessor.java:331)
	... 32 more
Caused by: org.springframework.beans.factory.BeanCreationException: Error creating bean with name 'dataBaseService' defined in ServletContext resource [/WEB-INF/erp-light-servlet.xml]: Cannot resolve reference to bean 'sessionFactory' while setting constructor argument; nested exception is org.springframework.beans.factory.BeanCreationException: Error creating bean with name 'sessionFactory' defined in ServletContext resource [/WEB-INF/erp-light-servlet.xml]: Invocation of init method failed; nested exception is java.io.FileNotFoundException: class path resource [hibernate.cfg.xml] cannot be resolved to URL because it does not exist
	at org.springframework.beans.factory.support.BeanDefinitionValueResolver.resolveReference(BeanDefinitionValueResolver.java:336)
	at org.springframework.beans.factory.support.BeanDefinitionValueResolver.resolveValueIfNecessary(BeanDefinitionValueResolver.java:108)
	at org.springframework.beans.factory.support.ConstructorResolver.resolveConstructorArguments(ConstructorResolver.java:650)
	at org.springframework.beans.factory.support.ConstructorResolver.autowireConstructor(ConstructorResolver.java:140)
	at org.springframework.beans.factory.support.AbstractAutowireCapableBeanFactory.autowireConstructor(AbstractAutowireCapableBeanFactory.java:1133)
	at org.springframework.beans.factory.support.AbstractAutowireCapableBeanFactory.createBeanInstance(AbstractAutowireCapableBeanFactory.java:1036)
	at org.springframework.beans.factory.support.AbstractAutowireCapableBeanFactory.doCreateBean(AbstractAutowireCapableBeanFactory.java:505)
	at org.springframework.beans.factory.support.AbstractAutowireCapableBeanFactory.createBean(AbstractAutowireCapableBeanFactory.java:476)
	at org.springframework.beans.factory.support.AbstractBeanFactory$1.getObject(AbstractBeanFactory.java:302)
	at org.springframework.beans.factory.support.DefaultSingletonBeanRegistry.getSingleton(DefaultSingletonBeanRegistry.java:229)
	at org.springframework.beans.factory.support.AbstractBeanFactory.doGetBean(AbstractBeanFactory.java:298)
	at org.springframework.beans.factory.support.AbstractBeanFactory.getBean(AbstractBeanFactory.java:193)
	at org.springframework.beans.factory.support.DefaultListableBeanFactory.findAutowireCandidates(DefaultListableBeanFactory.java:1081)
	at org.springframework.beans.factory.support.DefaultListableBeanFactory.doResolveDependency(DefaultListableBeanFactory.java:1006)
	at org.springframework.beans.factory.support.DefaultListableBeanFactory.resolveDependency(DefaultListableBeanFactory.java:904)
	at org.springframework.beans.factory.annotation.AutowiredAnnotationBeanPostProcessor$AutowiredFieldElement.inject(AutowiredAnnotationBeanPostProcessor.java:527)
	... 34 more
Caused by: org.springframework.beans.factory.BeanCreationException: Error creating bean with name 'sessionFactory' defined in ServletContext resource [/WEB-INF/erp-light-servlet.xml]: Invocation of init method failed; nested exception is java.io.FileNotFoundException: class path resource [hibernate.cfg.xml] cannot be resolved to URL because it does not exist
	at org.springframework.beans.factory.support.AbstractAutowireCapableBeanFactory.initializeBean(AbstractAutowireCapableBeanFactory.java:1568)
	at org.springframework.beans.factory.support.AbstractAutowireCapableBeanFactory.doCreateBean(AbstractAutowireCapableBeanFactory.java:540)
	at org.springframework.beans.factory.support.AbstractAutowireCapableBeanFactory.createBean(AbstractAutowireCapableBeanFactory.java:476)
	at org.springframework.beans.factory.support.AbstractBeanFactory$1.getObject(AbstractBeanFactory.java:302)
	at org.springframework.beans.factory.support.DefaultSingletonBeanRegistry.getSingleton(DefaultSingletonBeanRegistry.java:229)
	at org.springframework.beans.factory.support.AbstractBeanFactory.doGetBean(AbstractBeanFactory.java:298)
	at org.springframework.beans.factory.support.AbstractBeanFactory.getBean(AbstractBeanFactory.java:193)
	at org.springframework.beans.factory.support.BeanDefinitionValueResolver.resolveReference(BeanDefinitionValueResolver.java:328)
	... 49 more
Caused by: java.io.FileNotFoundException: class path resource [hibernate.cfg.xml] cannot be resolved to URL because it does not exist
	at org.springframework.core.io.ClassPathResource.getURL(ClassPathResource.java:187)
	at org.springframework.orm.hibernate4.LocalSessionFactoryBean.afterPropertiesSet(LocalSessionFactoryBean.java:347)
	at org.springframework.beans.factory.support.AbstractAutowireCapableBeanFactory.invokeInitMethods(AbstractAutowireCapableBeanFactory.java:1627)
	at org.springframework.beans.factory.support.AbstractAutowireCapableBeanFactory.initializeBean(AbstractAutowireCapableBeanFactory.java:1564)
	... 56 more

Dump of callerThis
Object type = com.ibm.ws.webcontainer.filter.WebAppFilterChain
  _filters = class java.util.ArrayList@1700c1dc
    serialVersionUID = 8683452581122892189
    DEFAULT_CAPACITY = 10
    EMPTY_ELEMENTDATA = class java.lang.Object[0]
    DEFAULTCAPACITY_EMPTY_ELEMENTDATA = class java.lang.Object[0]
    elementData = class java.lang.Object[5]
      elementData[0] = null
      elementData[1] = null
      elementData[2] = null
      elementData[3] = null
      elementData[4] = null
    size = 0
    MAX_ARRAY_SIZE = 2147483639
    modCount = 0
    MAX_ARRAY_SIZE = 2147483639
  _currentFilterIndex = -1
  _numberOfFilters = 0
  requestProcessor = class com.ibm.ws.webcontainer.osgi.servlet.ServletWrapper@6ae5d3fd
    serialVersionUID = 1
    _mo = class com.ibm.ws.managedobject.internal.ManagedObjectImpl@65565aad
      serialVersionUID = 2312695316196219051
      object = "<sensitive org.springframework.web.servlet.DispatcherServlet@2ab9115>"
      $$$tc$$$ = class com.ibm.websphere.ras.TraceComponent@654e16ed
    serialVersionUID = -4479626085298397598
    notifyInvocationListeners = false
    UNINITIALIZED_STATE = -1
    AVAILABLE_STATE = 0
    UNAVAILABLE_STATE = 1
    UNAVAILABLE_PERMANENTLY_STATE = 2
    collabHelper = class com.ibm.ws.webcontainer.osgi.collaborator.CollaboratorHelperImpl@27e5f7ca
    nServicing = class java.util.concurrent.atomic.AtomicInteger@17d94390
      serialVersionUID = 6214790243416807050
      unsafe = class sun.misc.Unsafe@2d665e45
      valueOffset = 12
      value = 0
      serialVersionUID = -8742448824652078965
    lastAccessTime = 1702849095316
    state = -1
    logger = class com.ibm.ws.logging.internal.WsLogger@1194a171
      tc = class com.ibm.websphere.ras.TraceComponent@5291646c
      ivCachedResourceBundleName = "com.ibm.ws.webcontainer.resources.Messages"
      ivCachedResourceBundle = class com.ibm.ws.webcontainer.resources.Messages_de@271dcb98
      ivComponent = null
      ivOrganization = null
      ivProduct = null
      ivMinimumLocalizationLevelIntValue = 625
      ivGroupName = null
      ivTC = class com.ibm.websphere.ras.TraceComponent@b6fab8
      loggerRegistrationComponent = class java.lang.ThreadLocal@5fca1572
      emptyHandlers = class java.util.logging.Handler[0]
      offValue = 2147483647
      SYSTEM_LOGGER_RB_NAME = "sun.util.logging.resources.logging"
      SYSTEM_BUNDLE = class java.util.logging.Logger$LoggerBundle@10578ddd
      NO_RESOURCE_BUNDLE = class java.util.logging.Logger$LoggerBundle@43b85909
      manager = class com.ibm.ws.kernel.boot.logging.WsLogManager@4c56b589
      name = "com.ibm.ws.webcontainer.servlet"
      handlers = class java.util.concurrent.CopyOnWriteArrayList@a79e3aa
      loggerBundle = class java.util.logging.Logger$LoggerBundle@26ecae5d
      useParentHandlers = true
      filter = null
      anonymous = false
      catalog = class com.ibm.ws.webcontainer.resources.Messages_de@271dcb98
      catalogName = "com.ibm.ws.webcontainer.resources.Messages"
      catalogLocale = class java.util.Locale@5e9ed80f
      treeLock = class java.lang.Object@1bbf14c5
      parent = class com.ibm.ws.logging.internal.WsLogger@5862dfa9
      kids = null
      levelObject = class java.util.logging.Level@116a8e36
      levelValue = 800
      callersClassLoaderRef = class java.lang.ref.WeakReference@391c62b4
      isSystemLogger = false
      GLOBAL_LOGGER_NAME = "global"
      global = class java.util.logging.Logger@5a66506e
      $assertionsDisabled = true
    CLASS_NAME = "com.ibm.ws.webcontainer.servlet.ServletWrapper"
    nls = class com.ibm.ejs.ras.TraceNLS@6b9d8040
      resolver = class com.ibm.ws.logging.internal.TraceNLSResolver@4e5de0c7
      finder = null
      ivBundleName = "com.ibm.ws.webcontainer.resources.Messages"
      caller = class java.lang.Class@70b15843
    servletConfig = class com.ibm.ws.webcontainer.servlet.ServletConfig@63ce615e
      logger = class com.ibm.ws.logging.internal.WsLogger@1194a171
      CLASS_NAME = "com.ibm.ws.webcontainer.servlet.ServletConfig"
      nls = class com.ibm.ejs.ras.TraceNLS@4efadae0
      liberty_nls = class com.ibm.ejs.ras.TraceNLS@15da33fa
      enabled = true
      servletName = "erp-light"
      className = "org.springframework.web.servlet.DispatcherServlet"
      mappings = class java.util.ArrayList@47a3d707
      startUpWeight = 1
      DEFAULT_STARTUP = -1
      isCachingEnabled = true
      isStatisticsEnabled = true
      isInternal = false
      metaData = class com.ibm.ws.webcontainer.osgi.metadata.WebComponentMetaDataImpl@5ad26d11
      singleThreadModelServlet = false
      isJsp = false
      webAppConfig = class com.ibm.ws.webcontainer.osgi.webapp.WebAppConfiguration@421db9b8
      servletWrapper = class com.ibm.ws.webcontainer.osgi.servlet.ServletWrapper@6ae5d3fd
      servletClass = null
      servlet = null
      addedToLoadOnStartup = true
      previousWeight = null
      multipartConfig = null
      multipartConfigBaseLocation = null
      runAsRole = null
      servletSecurityElement = null
      declareRolesAnnotation = null
      logger = class com.ibm.ws.logging.internal.WsLogger@1194a171
      CLASS_NAME = "com.ibm.ws.webcontainer.servlet.TargetConfig"
      initParams = null
      fileName = null
      displayName = null
      name = "erp-light"
      description = null
      smallIcon = null
      largeIcon = null
      context = class com.ibm.wsspi.webcontainer.facade.ServletContextFacade@7f17caaa
      className = null
      asyncSupported = false
      _id = "ServletGeneratedId1"
      _attributes = null
      serialVersionUID = 7511545662945734886
      $$$tc$$$ = class com.ibm.websphere.ras.TraceComponent@4bd6fef9
    context = class com.ibm.ws.webcontainer.osgi.webapp.WebApp@687452b6
    target = class org.springframework.web.servlet.DispatcherServlet@2ab9115
      MULTIPART_RESOLVER_BEAN_NAME = "multipartResolver"
      LOCALE_RESOLVER_BEAN_NAME = "localeResolver"
      THEME_RESOLVER_BEAN_NAME = "themeResolver"
      HANDLER_MAPPING_BEAN_NAME = "handlerMapping"
      HANDLER_ADAPTER_BEAN_NAME = "handlerAdapter"
      HANDLER_EXCEPTION_RESOLVER_BEAN_NAME = "handlerExceptionResolver"
      REQUEST_TO_VIEW_NAME_TRANSLATOR_BEAN_NAME = "viewNameTranslator"
      VIEW_RESOLVER_BEAN_NAME = "viewResolver"
      FLASH_MAP_MANAGER_BEAN_NAME = "flashMapManager"
      WEB_APPLICATION_CONTEXT_ATTRIBUTE = "org.springframework.web.servlet.DispatcherServlet.CONTEXT"
      LOCALE_RESOLVER_ATTRIBUTE = "org.springframework.web.servlet.DispatcherServlet.LOCALE_RESOLVER"
      THEME_RESOLVER_ATTRIBUTE = "org.springframework.web.servlet.DispatcherServlet.THEME_RESOLVER"
      THEME_SOURCE_ATTRIBUTE = "org.springframework.web.servlet.DispatcherServlet.THEME_SOURCE"
      INPUT_FLASH_MAP_ATTRIBUTE = "org.springframework.web.servlet.DispatcherServlet.INPUT_FLASH_MAP"
      OUTPUT_FLASH_MAP_ATTRIBUTE = "org.springframework.web.servlet.DispatcherServlet.OUTPUT_FLASH_MAP"
      FLASH_MAP_MANAGER_ATTRIBUTE = "org.springframework.web.servlet.DispatcherServlet.FLASH_MAP_MANAGER"
      EXCEPTION_ATTRIBUTE = "org.springframework.web.servlet.DispatcherServlet.EXCEPTION"
      PAGE_NOT_FOUND_LOG_CATEGORY = "org.springframework.web.servlet.PageNotFound"
      DEFAULT_STRATEGIES_PATH = "DispatcherServlet.properties"
      pageNotFoundLogger = class org.apache.commons.logging.impl.Jdk14Logger@6a61b947
      defaultStrategies = class java.util.Properties@5a89f5c7
      detectAllHandlerMappings = true
      detectAllHandlerAdapters = true
      detectAllHandlerExceptionResolvers = true
      detectAllViewResolvers = true
      throwExceptionIfNoHandlerFound = false
      cleanupAfterInclude = true
      multipartResolver = null
      localeResolver = null
      themeResolver = null
      handlerMappings = null
      handlerAdapters = null
      handlerExceptionResolvers = null
      viewNameTranslator = null
      flashMapManager = null
      viewResolvers = null
      DEFAULT_NAMESPACE_SUFFIX = "-servlet"
      DEFAULT_CONTEXT_CLASS = class java.lang.Class@729754b
      SERVLET_CONTEXT_PREFIX = "org.springframework.web.servlet.FrameworkServlet.CONTEXT."
      INIT_PARAM_DELIMITERS = ",; 	
"
      responseGetStatusAvailable = true
      contextAttribute = null
      contextClass = class java.lang.Class@729754b
      contextId = null
      namespace = null
      contextConfigLocation = null
      contextInitializers = class java.util.ArrayList@26d3e6b1
      contextInitializerClasses = null
      publishContext = true
      publishEvents = true
      threadContextInheritable = false
      dispatchOptionsRequest = false
      dispatchTraceRequest = false
      webApplicationContext = null
      webApplicationContextInjected = false
      refreshEventReceived = false
      logger = class org.apache.commons.logging.impl.Jdk14Logger@419fc8ad
      requiredProperties = class java.util.HashSet@542d3a94
      environment = class org.springframework.web.context.support.StandardServletEnvironment@18629e77
      METHOD_DELETE = "DELETE"
      METHOD_HEAD = "HEAD"
      METHOD_GET = "GET"
      METHOD_OPTIONS = "OPTIONS"
      METHOD_POST = "POST"
      METHOD_PUT = "PUT"
      METHOD_TRACE = "TRACE"
      HEADER_IFMODSINCE = "If-Modified-Since"
      HEADER_LASTMOD = "Last-Modified"
      LSTRING_FILE = "javax.servlet.http.LocalStrings"
      lStrings = class java.util.PropertyResourceBundle@213d05a4
      config = class com.ibm.ws.webcontainer.servlet.ServletConfig@63ce615e
    cacheWrappers = null
    targetLoader = class com.ibm.ws.classloading.internal.ThreadContextClassLoader@70e23cda
    evtSource = class com.ibm.ws.webcontainer.webapp.WebAppEventSource@3e567b74
    event = class com.ibm.websphere.servlet.event.ServletEvent@afddae6
      serialVersionUID = 3906650803920713522
      _servletName = "erp-light"
      _servletClassName = "org.springframework.web.servlet.DispatcherServlet"
      $$$tc$$$ = class com.ibm.websphere.ras.TraceComponent@3802aa0
      serialVersionUID = 3546927969739289392
      _context = class com.ibm.wsspi.webcontainer.facade.ServletContextFacade@7f17caaa
      _servletNames = class com.ibm.ws.webcontainer.util.EmptyEnumeration@44324623
      $$$tc$$$ = class com.ibm.websphere.ras.TraceComponent@10aeebc8
      serialVersionUID = 5516075349620653480
      source = class com.ibm.ws.webcontainer.osgi.servlet.ServletWrapper@6ae5d3fd
    unavailableMessage = null
    unavailableUntil = -1
    isSTM = false
    internalServlet = false
    webAppInvocationCollaborators = null
    platformHelper = class com.ibm.ws.webcontainer.PlatformHelper@d65d479
    webAppNameSpaceCollab = class com.ibm.ws.webcontainer.osgi.collaborator.WebAppNameSpaceCollaboratorImpl@1d31901a
    txCollab = class com.ibm.ws.webcontainer.collaborator.WebAppTransactionCollaborator@10b1c513
    connCollab = class com.ibm.ws.webcontainer.collaborator.ConnectionCollaborator@74ff0709
    suppressServletExceptionLogging = false
    throwExceptionEnum = class java.util.RegularEnumSet@579ad3f3
      serialVersionUID = 3411599620347842686
      elements = 256
      elementType = class java.lang.Class@50727088
      universe = class com.ibm.wsspi.webcontainer.collaborator.CollaboratorInvocationEnum[9]
      ZERO_LENGTH_ENUM_ARRAY = class java.lang.Enum[0]
      MAX_ARRAY_SIZE = 2147483639
    discernUnavailableServlet = false
    reInitServletonInitUnavailableException = true
    destroyServletonServiceUnavailableException = false
    servlet23 = true
    PARAMS_HEAD_TRACE = class java.lang.Class[2]
      PARAMS_HEAD_TRACE[0] = class java.lang.Class@7db6ffdc
      PARAMS_HEAD_TRACE[1] = class java.lang.Class@63d70ca1
    defaultHeadMethodInUse = false
    defaultTraceMethodInUse = false
    checkedForDefaultMethods = null
    defaultTraceRequestBehavior = false
    defaultHeadRequestBehavior = false
    useOriginalRequestState = false
    warningStatusSet = false
    config = null
  _filtersDefined = false
  logger = class com.ibm.ws.logging.internal.WsLogger@686ecec3
    tc = class com.ibm.websphere.ras.TraceComponent@5291646c
      strings[0] = "TraceComponent[com.ibm.ws.logging.internal.WsLogger,class com.ibm.ws.logging.internal.WsLogger,[logging],com.ibm.ws.logging.internal.resources.LoggingMessages,null]"
    ivCachedResourceBundleName = null
    ivCachedResourceBundle = null
    ivComponent = null
    ivOrganization = null
    ivProduct = null
    ivMinimumLocalizationLevelIntValue = 625
    ivGroupName = null
    ivTC = class com.ibm.websphere.ras.TraceComponent@12329a06
      strings[0] = "TraceComponent[com.ibm.ws.webcontainer.filter,class com.ibm.wsspi.webcontainer.logging.LoggerFactory$1,[com.ibm.ws.webcontainer.filter],null,null]"
    loggerRegistrationComponent = class java.lang.ThreadLocal@5fca1572
      threadLocalHashCode = -1957966946
      nextHashCode = class java.util.concurrent.atomic.AtomicInteger@6d6aa1b8
      HASH_INCREMENT = 1640531527
    emptyHandlers = class java.util.logging.Handler[0]
    offValue = 2147483647
    SYSTEM_LOGGER_RB_NAME = "sun.util.logging.resources.logging"
    SYSTEM_BUNDLE = class java.util.logging.Logger$LoggerBundle@10578ddd
      resourceBundleName = "sun.util.logging.resources.logging"
      userBundle = null
    NO_RESOURCE_BUNDLE = class java.util.logging.Logger$LoggerBundle@43b85909
      resourceBundleName = null
      userBundle = null
    manager = class com.ibm.ws.kernel.boot.logging.WsLogManager@4c56b589
      CLASS_NAME = "com.ibm.ws.kernel.boot.logging.WsLogManager"
      CONFIGURE_BY_SERVER_PROPERTY_NAME = "java.util.logging.configureByServer"
      CONFIGURE_BY_LOGGING_PROPERTIES_FILE = "java.util.logging.configureByLoggingPropertiesFile"
      configureByServer = true
      configureByLoggingProperties = false
      wsLogger = class java.lang.reflect.Constructor@4cb66b6a
      resetEnabled = true
      manager = class com.ibm.ws.kernel.boot.logging.WsLogManager@4c56b589
      props = class java.util.Properties@52e9dc9b
      defaultLevel = class java.util.logging.Level@116a8e36
      listenerMap = class java.util.HashMap@4930b27
      systemContext = class java.util.logging.LogManager$SystemLoggerContext@7b01dde4
      userContext = class java.util.logging.LogManager$LoggerContext@7642c5c3
      rootLogger = class java.util.logging.LogManager$RootLogger@18977353
      readPrimordialConfiguration = true
      initializedGlobalHandlers = true
      deathImminent = false
      initializedCalled = true
      initializationDone = true
      contextsMap = null
      loggerRefQueue = class java.lang.ref.ReferenceQueue@6a53d294
      MAX_ITERATIONS = 400
      controlPermission = class java.util.logging.LoggingPermission@760536ca
      loggingMXBean = null
      LOGGING_MXBEAN_NAME = "java.util.logging:type=Logging"
      $assertionsDisabled = true
    name = "com.ibm.ws.webcontainer.filter"
    handlers = class java.util.concurrent.CopyOnWriteArrayList@7adac8b5
      serialVersionUID = 8673264195747942595
      lock = class java.util.concurrent.locks.ReentrantLock@411e1b11
      array = class java.lang.Object[0]
      UNSAFE = class sun.misc.Unsafe@2d665e45
      lockOffset = 12
    loggerBundle = class java.util.logging.Logger$LoggerBundle@64dc19fb
      resourceBundleName = "com.ibm.ws.webcontainer.resources.Messages"
      userBundle = null
    useParentHandlers = true
    filter = null
    anonymous = false
    catalog = class com.ibm.ws.webcontainer.resources.Messages_de@6b2bcf91
      resources = class [Ljava.lang.Object;[330]
      lookup = class java.util.HashMap@48803783
      INITIAL_CACHE_SIZE = 32
      NONEXISTENT_BUNDLE = class java.util.ResourceBundle$1@346063dc
      cacheList = class java.util.concurrent.ConcurrentHashMap@4540f3b6
      referenceQueue = class java.lang.ref.ReferenceQueue@47c185c5
      parent = class com.ibm.ws.webcontainer.resources.Messages@4def5083
      locale = class java.util.Locale@37701944
      name = "com.ibm.ws.webcontainer.resources.Messages"
      expired = false
      cacheKey = class java.util.ResourceBundle$CacheKey@8eeda57
      keySet = null
      providers = null
      $assertionsDisabled = true
    catalogName = "com.ibm.ws.webcontainer.resources.Messages"
    catalogLocale = class java.util.Locale@5e9ed80f
      LOCALECACHE = class java.util.Locale$Cache@5fe7800d
      ENGLISH = class java.util.Locale@39557153
      FRENCH = class java.util.Locale@4579d211
      GERMAN = class java.util.Locale@37701944
      ITALIAN = class java.util.Locale@4ec0eb4d
      JAPANESE = class java.util.Locale@2dc4fd70
      KOREAN = class java.util.Locale@3f89ce72
      CHINESE = class java.util.Locale@346b6ac8
      SIMPLIFIED_CHINESE = class java.util.Locale@7d38658b
      TRADITIONAL_CHINESE = class java.util.Locale@771d3821
      FRANCE = class java.util.Locale@61692ee
      GERMANY = class java.util.Locale@5e9ed80f
      ITALY = class java.util.Locale@69c495ce
      JAPAN = class java.util.Locale@576eb140
      KOREA = class java.util.Locale@492c47bc
      CHINA = class java.util.Locale@7d38658b
      PRC = class java.util.Locale@7d38658b
      TAIWAN = class java.util.Locale@771d3821
      UK = class java.util.Locale@7b9f2d95
      US = class java.util.Locale@36b8adcd
      CANADA = class java.util.Locale@14fefeeb
      CANADA_FRENCH = class java.util.Locale@3fc45a6f
      ROOT = class java.util.Locale@3db53b87
      PRIVATE_USE_EXTENSION = x
      UNICODE_LOCALE_EXTENSION = u
      serialVersionUID = 9149081749638150636
      DISPLAY_LANGUAGE = 0
      DISPLAY_COUNTRY = 1
      DISPLAY_VARIANT = 2
      DISPLAY_SCRIPT = 3
      baseLocale = class sun.util.locale.BaseLocale@4e902f39
      localeExtensions = null
      hashCodeValue = 95428478
      defaultLocale = class java.util.Locale@5e9ed80f
      defaultDisplayLocale = null
      defaultFormatLocale = class java.util.Locale@5e9ed80f
      languageTag = "de-DE"
      serialPersistentFields = class java.io.ObjectStreamField[6]
      isoLanguages = null
      isoCountries = null
      $assertionsDisabled = true
    treeLock = class java.lang.Object@1bbf14c5
    parent = class com.ibm.ws.logging.internal.WsLogger@5862dfa9
      tc = class com.ibm.websphere.ras.TraceComponent@5291646c
      ivCachedResourceBundleName = "com.ibm.ws.webcontainer.resources.Messages"
      ivCachedResourceBundle = class com.ibm.ws.webcontainer.resources.Messages_de@271dcb98
      ivComponent = null
      ivOrganization = null
      ivProduct = null
      ivMinimumLocalizationLevelIntValue = 625
      ivGroupName = null
      ivTC = class com.ibm.websphere.ras.TraceComponent@5f3cc89d
      loggerRegistrationComponent = class java.lang.ThreadLocal@5fca1572
      emptyHandlers = class java.util.logging.Handler[0]
      offValue = 2147483647
      SYSTEM_LOGGER_RB_NAME = "sun.util.logging.resources.logging"
      SYSTEM_BUNDLE = class java.util.logging.Logger$LoggerBundle@10578ddd
      NO_RESOURCE_BUNDLE = class java.util.logging.Logger$LoggerBundle@43b85909
      manager = class com.ibm.ws.kernel.boot.logging.WsLogManager@4c56b589
      name = "com.ibm.ws.webcontainer"
      handlers = class java.util.concurrent.CopyOnWriteArrayList@345ab19e
      loggerBundle = class java.util.logging.Logger$LoggerBundle@7dac7f99
      useParentHandlers = true
      filter = null
      anonymous = false
      catalog = class com.ibm.ws.webcontainer.resources.Messages_de@271dcb98
      catalogName = "com.ibm.ws.webcontainer.resources.Messages"
      catalogLocale = class java.util.Locale@5e9ed80f
      treeLock = class java.lang.Object@1bbf14c5
      parent = class java.util.logging.Logger@12654cfb
      kids = class java.util.ArrayList@28c3f232
      levelObject = class java.util.logging.Level@116a8e36
      levelValue = 800
      callersClassLoaderRef = class java.lang.ref.WeakReference@59a7ab9a
      isSystemLogger = false
      GLOBAL_LOGGER_NAME = "global"
      global = class java.util.logging.Logger@5a66506e
      $assertionsDisabled = true
    kids = null
    levelObject = class java.util.logging.Level@116a8e36
      defaultBundle = "sun.util.logging.resources.logging"
      name = "INFO"
      value = 800
      resourceBundleName = "sun.util.logging.resources.logging"
      localizedLevelName = "INFORMATION"
      cachedLocale = class java.util.Locale@5e9ed80f
      OFF = class java.util.logging.Level@668a048a
      SEVERE = class java.util.logging.Level@5d4a182e
      WARNING = class java.util.logging.Level@1ed3d837
      INFO = class java.util.logging.Level@116a8e36
      CONFIG = class java.util.logging.Level@5cff3a45
      FINE = class java.util.logging.Level@9abf9be
      FINER = class java.util.logging.Level@6ae7cb04
      FINEST = class java.util.logging.Level@6761351e
      ALL = class java.util.logging.Level@67f35ba5
      serialVersionUID = -8176160795706313070
    levelValue = 800
    callersClassLoaderRef = class java.lang.ref.WeakReference@2dc3e68d
      referent = class org.eclipse.osgi.internal.loader.EquinoxClassLoader@7c4760cb
      queue = class java.lang.ref.ReferenceQueue$Null@1ce6f581
      next = null
      discovered = null
      lock = class java.lang.ref.Reference$Lock@7291f72a
      pending = null
    isSystemLogger = false
    GLOBAL_LOGGER_NAME = "global"
    global = class java.util.logging.Logger@5a66506e
      emptyHandlers = class java.util.logging.Handler[0]
      offValue = 2147483647
      SYSTEM_LOGGER_RB_NAME = "sun.util.logging.resources.logging"
      SYSTEM_BUNDLE = class java.util.logging.Logger$LoggerBundle@10578ddd
      NO_RESOURCE_BUNDLE = class java.util.logging.Logger$LoggerBundle@43b85909
      manager = class com.ibm.ws.kernel.boot.logging.WsLogManager@4c56b589
      name = "global"
      handlers = class java.util.concurrent.CopyOnWriteArrayList@57457c1a
      loggerBundle = class java.util.logging.Logger$LoggerBundle@43b85909
      useParentHandlers = true
      filter = null
      anonymous = false
      catalog = null
      catalogName = null
      catalogLocale = null
      treeLock = class java.lang.Object@1bbf14c5
      parent = class java.util.logging.LogManager$RootLogger@18977353
      kids = null
      levelObject = null
      levelValue = 800
      callersClassLoaderRef = null
      isSystemLogger = true
      GLOBAL_LOGGER_NAME = "global"
      global = class java.util.logging.Logger@5a66506e
      $assertionsDisabled = true
    $assertionsDisabled = true
  CLASS_NAME = "com.ibm.ws.webcontainer.filter.WebAppFilterChain"
  webapp = class com.ibm.ws.webcontainer.osgi.webapp.WebApp@687452b6
    tc = class com.ibm.websphere.ras.TraceComponent@4b8c267b
      strings[0] = "TraceComponent[com.ibm.ws.webcontainer.osgi.webapp.WebApp,class com.ibm.ws.webcontainer.osgi.webapp.WebApp,[webcontainer],com.ibm.ws.webcontainer.resources.LShimMessages,null]"
    CLASS_NAME = "com.ibm.ws.webcontainer.osgi.webapp.WebApp"
    metaDataService = class com.ibm.ws.container.service.metadata.internal.MetaDataServiceImpl@54f66792
      applicationMetaDataManager = class com.ibm.ws.container.service.metadata.internal.ApplicationMetaDataManager@41281aaa
      moduleMetaDataManager = class com.ibm.ws.container.service.metadata.internal.ModuleMetaDataManager@71d991a
      componentMetaDataManager = class com.ibm.ws.container.service.metadata.internal.ComponentMetaDataManager@709ff43e
      methodMetaDataManager = class com.ibm.ws.container.service.metadata.internal.MethodMetaDataManager@5416ba1f
      appModuleNameToModuleContainer = class java.util.concurrent.ConcurrentHashMap@55ea077d
      jeeNameToComponentMetaData = class java.util.concurrent.ConcurrentHashMap@3ed49193
      deferredMetaDataFactories = class com.ibm.wsspi.kernel.service.utils.ConcurrentServiceReferenceSet@31e5bc73
      deferredMetaDataInitializers = class com.ibm.wsspi.kernel.service.utils.ConcurrentServiceReferenceMap@50c22e12
      serialVersionUID = 5173348198233259673
      $$$tc$$$ = class com.ibm.websphere.ras.TraceComponent@57cffac7
    namespacePopulated = false
    referenceContext = class com.ibm.ws.injectionengine.osgi.internal.OSGiReferenceContextImpl@30cf5ab1
      scopeData = class com.ibm.ws.injectionengine.osgi.internal.OSGiInjectionScopeData@2d0a03dc
      serialVersionUID = -5862502968678606919
      $$$tc$$$ = class com.ibm.websphere.ras.TraceComponent@70852fea
      CLASS_NAME = "com.ibm.ws.injectionengine.ReferenceContextImpl"
      tc = class com.ibm.ejs.ras.TraceComponent@6c09f700
      ivInjectionEngine = class com.ibm.ws.injectionengine.osgi.internal.OSGiInjectionEngineImpl@158947eb
      ivProviders = class java.util.ArrayList@74694ebf
      ivComponentJavaContext = null
      ivComponentNameSpace = null
      ivJavaColonCompEnvMap = class java.util.LinkedHashMap@47b1c8e3
      ivEjbContext10 = class java.util.Properties@1d33c336
      ivResourceRefConfigList = null
      isAlreadyProcessed = true
      ivProcessFailure = null
      ivInjectionTargetMap = class java.util.HashMap@425a6964
      ivDeclaredInjectionTargets = class java.util.HashMap@7c78db26
      ivProcessedInjectionClasses = class java.util.HashSet@3547e29a
      ivProcessedInjectionBindings = class java.util.ArrayList@36eebd77
      ivAnyProcessDynamic = false
      ivCheckAppConfig = false
    j2eeNameFactory = class com.ibm.ws.container.service.metadata.internal.J2EENameFactoryImpl@55f223b4
      serialVersionUID = 3486344295038028821
      $$$tc$$$ = class com.ibm.websphere.ras.TraceComponent@1864c262
    moduleLoader = class com.ibm.ws.classloading.internal.AppClassLoader@36cbd245
      tc = class com.ibm.websphere.ras.TraceComponent@226e4222
      PARENT_FIRST_SEARCH_ORDER = class java.util.Collections$UnmodifiableRandomAccessList@2fbbed89
      CLASS_LOADING_TRACE_PREFIX = "com.ibm.ws.class.load."
      DEFAULT_PACKAGE = "default.package"
      perPackageClassLoadingTraceComponents = class java.util.concurrent.ConcurrentHashMap@3403443a
      config = class com.ibm.ws.classloading.internal.ClassLoaderConfigurationImpl@7407e4dd
      privateLibraries = null
      delegateLoaders = class com.ibm.ws.classloading.internal.util.CompositeIterable@59a5237a
      nativeLibraryFiles = class java.util.ArrayList@29025a62
      transformers = class java.util.ArrayList@70ee9ec
      apiAccess = class com.ibm.ws.classloading.internal.GatewayClassLoader@67c54cb6
      PROTECTION_DOMAIN = class java.security.ProtectionDomain@745ef727
      serialVersionUID = -8503176786514635265
      tc = class com.ibm.websphere.ras.TraceComponent@26c520ad
      EMPTY_URL_ARRAY = class java.net.URL[0]
      smartClassPath = class com.ibm.ws.classloading.internal.ContainerClassLoader$SmartClassPathImpl@3caa80d9
      nativeLibraryContainers = class java.util.ArrayList@7401c64
      redefiner = class com.ibm.ws.classloading.internal.util.ClassRedefiner@7771d4e9
      mapCreationQueue = class java.util.concurrent.Executors$FinalizableDelegatedExecutorService@1d59bcff
      serialVersionUID = 7561562533729935637
      serialVersionUID = -7411549862368381758
      $$$tc$$$ = class com.ibm.websphere.ras.TraceComponent@323047d5
      serialVersionUID = 161679851398543548
      $$$tc$$$ = class com.ibm.websphere.ras.TraceComponent@6a99de9a
      serialVersionUID = 2596921220292114344
      $$$tc$$$ = class com.ibm.websphere.ras.TraceComponent@27f4962e
      initialized = true
      pdcache = class java.util.HashMap@7239ca2e
      debug = null
      parent = class com.ibm.ws.classloading.internal.GatewayClassLoader@67c54cb6
      parallelLockMap = null
      package2certs = class java.util.Hashtable@b168e1c
      nocerts = class java.security.cert.Certificate[0]
      classes = class java.util.Vector@5b7865c5
      defaultDomain = class java.security.ProtectionDomain@44a45e1c
      packages = class java.util.HashMap@7870941c
      scl = class sun.misc.Launcher$AppClassLoader@18b4aac2
      sclSet = true
      loadedLibraryNames = class java.util.Vector@453f3dc3
      systemNativeLibraries = class java.util.Vector@d99852c
      nativeLibraries = class java.util.Vector@47299360
      nativeLibraryContext = class java.util.Stack@36375c78
      usr_paths = class java.lang.String[35]
      sys_paths = class java.lang.String[1]
      assertionLock = class com.ibm.ws.classloading.internal.AppClassLoader@36cbd245
      defaultAssertionStatus = false
      packageAssertionStatus = null
      classAssertionStatus = null
    webAppConfig = class com.ibm.ws.webcontainer.osgi.webapp.WebAppConfiguration@421db9b8
      webModuleMetaData = class com.ibm.ws.webcontainer.osgi.metadata.WebModuleMetaDataImpl@e9df441
      webComponentMetaData = class com.ibm.ws.webcontainer.osgi.metadata.WebComponentMetaDataImpl@688cf144
      dVirtualHost = class com.ibm.ws.webcontainer.osgi.DynamicVirtualHost@448f824e
      orderedLibPaths = class java.util.Collections$UnmodifiableRandomAccessList@19f74eed
      bundleHeaders = null
      cdiEnabled = false
      CLASS_NAME = "com.ibm.ws.webcontainer.webapp.WebAppConfiguration"
      logger = class com.ibm.ws.logging.internal.WsLogger@25c367c6
      tc = class com.ibm.websphere.ras.TraceComponent@5c7b49d4
      nls = class com.ibm.ejs.ras.TraceNLS@2db03ff1
      version = 25
      contextRoot = "/ERP-light"
      sessionTimeout = 0
      moduleSessionTimeoutSet = false
      moduleSessionTrackingModeSet = false
      sessionCookieConfig = class com.ibm.ws.session.SessionCookieConfigImpl@4c6ee9fa
      hasProgrammaticCookieConfig = false
      sessionDefaultTrackingModeSet = class java.util.RegularEnumSet@43e737e2
      sessionManagerConfig = class com.ibm.ws.session.SessionManagerConfig@78de7fbb
      displayName = "ERP-light VIEW"
      description = null
      reloadInterval = 0
      distributable = false
      denyUncoveredHttpMethods = false
      reloadingEnabled = false
      serveServletsByClassnameEnabled = null
      defaultErrorPage = null
      additionalClassPath = null
      fileServingEnabled = null
      directoryBrowsingEnabled = false
      autoRequestEncoding = false
      autoResponseEncoding = false
      autoLoadFilters = false
      requestListeners = null
      requestAttributeListeners = null
      sessionListeners = null
      localeMap = null
      moduleName = "ERP-light-0.0.1-SNAPSHOT"
      j2eeModuleName = "ERP-light-0.0.1-SNAPSHOT.war"
      moduleId = null
      isSyncToThreadEnabled = false
      isSystemApp = false
      ardEnabled = false
      ardDispatchType = null
      listeners = class java.util.ArrayList@25f95b26
      welcomeFileList = class java.util.ArrayList@99ab7df
      servletMappings = class java.util.HashMap@3280be2f
      lastIndexBeforeDeclaredFilters = 0
      filterMappings = class java.util.ArrayList@4822d7ba
      servletInfo = class java.util.HashMap@276d95f3
      filterInfo = class java.util.HashMap@7b15fa8e
      mimeMappings = class java.util.HashMap@4cd34205
      mimeFilters = null
      isMimeFilteringEnabled = false
      theWebGroup = null
      jspAttributes = class java.util.HashMap@1212c322
      fileServingAttributes = class java.util.HashMap@599b1e9e
      invokerAttributes = class java.util.HashMap@d8e4ea9
      contextParams = class java.util.HashMap@5b1be677
      virtualHost = "default_host"
      exceptionErrorPages = class java.util.HashMap@5f1435e5
      codeErrorPages = class java.util.HashMap@5e7abf77
      tagLibList = null
      precompileJsps = false
      webApp = class com.ibm.ws.webcontainer.osgi.webapp.WebApp@687452b6
      virtualHostList = class java.util.Collections$EmptyList@21fe4917
      appStartupWeight = 0
      moduleStartupWeight = 0
      metaDataComplete = false
      classesToScan = class java.util.ArrayList@25523b01
      uriFilterMappingInfos = class java.util.ArrayList@25adafc5
      servletFilterMappingInfos = null
      dynamicServletRegistrationMap = null
      applicationName = "ERP-light"
      libBinPathList = null
      webXmlDefinedListeners = class java.util.HashSet@5b178953
      serviceRefs = class java.util.ArrayList@501d0441
      resourceRefs = class java.util.ArrayList@37859a4
      resourceRefBindings = class java.util.HashMap@37c6e0f9
      resourceRefConfigList = null
      resourceEnvRefs = class java.util.ArrayList@507caa43
      resourceEnvRefBindings = class java.util.HashMap@687b8301
      messageDestRefs = class java.util.ArrayList@290f52d3
      messageDestRefBindings = class java.util.HashMap@29cebe23
      envEntries = class java.util.ArrayList@1cd527eb
      envEntryValues = class java.util.HashMap@2882ccfb
      envEntryBindings = class java.util.HashMap@7b489af2
      dataSources = class java.util.ArrayList@272b0c1e
      dataSourceBindings = class java.util.HashMap@12749d6f
      persistenceUnitRefs = class java.util.ArrayList@2caf7ece
      persistenceContextRefs = class java.util.ArrayList@130ffea3
      ejbRefs = class java.util.ArrayList@6c3b5b20
      ejbLocalRefs = class java.util.ArrayList@5a923c2d
      ejbRefBindings = class java.util.HashMap@d1c70bf
      disallowAllFileServingProp = "false"
      disallowServeServletsByClassnameProp = "false"
      disableStaticMappingCache = false
      _id = "WebAppGeneratedId1"
      _attributes = null
      serialVersionUID = 7511545662945734886
      $$$tc$$$ = class com.ibm.websphere.ras.TraceComponent@4bd6fef9
    extensionProcessingDisabled = false
    loginProcessor = null
    logoutProcessor = null
    collabHelper = class com.ibm.ws.webcontainer.osgi.collaborator.CollaboratorHelperImpl@27e5f7ca
      webAppInvCollabs = class java.util.Collections$UnmodifiableSet@92ba2a1
      securityDomainForApp = null
      logger = class com.ibm.ws.logging.internal.WsLogger@15b53871
      staticDefaultSecurityCollaborator = class com.ibm.ws.webcontainer.collaborator.WebAppSecurityCollaborator@514b7a05
      logger = class com.ibm.ws.logging.internal.WsLogger@723904ad
      CLASS_NAME = "com.ibm.wsspi.webcontainer.collaborator.CollaboratorHelper"
      webApp = class com.ibm.ws.webcontainer.osgi.webapp.WebApp@687452b6
      securityCollaborator = class com.ibm.ws.webcontainer.collaborator.WebAppSecurityCollaborator@514b7a05
      nameSpaceCollaborator = class com.ibm.ws.webcontainer.osgi.collaborator.WebAppNameSpaceCollaboratorImpl@1d31901a
      transactionCollaborator = class com.ibm.ws.webcontainer.collaborator.WebAppTransactionCollaborator@10b1c513
      connectionCollaborator = class com.ibm.ws.webcontainer.collaborator.ConnectionCollaborator@74ff0709
      allCollabEnum = class java.util.RegularEnumSet@26538ee1
      servlet_23_or_greater = true
    envObject = class com.ibm.ws.util.WSThreadLocal@7775af63
      tc = class com.ibm.ejs.ras.TraceComponent@167ab730
      count = 5
      index = 1
      SUSPECTED_MISUSAGE_THRESHOLD = 200
      threadLocalHashCode = 1123761604
      nextHashCode = class java.util.concurrent.atomic.AtomicInteger@6d6aa1b8
      HASH_INCREMENT = 1640531527
    orderedLibPaths = class java.util.Collections$UnmodifiableRandomAccessList@19f74eed
      serialVersionUID = -2542308836966382001
      serialVersionUID = -283967356065247728
      list = class java.util.ArrayList@63c4a5b
      serialVersionUID = 1820017752578914078
      c = class java.util.ArrayList@63c4a5b
    perm = class com.ibm.websphere.security.WebSphereRuntimePermission@25c04e3f
      serialVersionUID = -3306242789188168337
      $$$tc$$$ = class com.ibm.websphere.ras.TraceComponent@71641226
      serialVersionUID = 6279438298436773498
      wildcard = false
      path = "accessServletContext"
      exitVM = false
      serialVersionUID = -5636570222231596674
      name = "accessServletContext"
    WELCOME_FILE_LIST = "com.ibm.ws.webcontainer.config.WelcomeFileList"
    DIR_BROWSING_MAPPING = "__dirBrowsing__1702849094523"
    FILTER_PROXY_MAPPING = "/__filterProxy__1702849094523"
    logger = class com.ibm.ws.logging.internal.WsLogger@25c367c6
      tc = class com.ibm.websphere.ras.TraceComponent@5291646c
      ivCachedResourceBundleName = "com.ibm.ws.webcontainer.resources.Messages"
      ivCachedResourceBundle = class com.ibm.ws.webcontainer.resources.Messages_de@271dcb98
      ivComponent = null
      ivOrganization = null
      ivProduct = null
      ivMinimumLocalizationLevelIntValue = 625
      ivGroupName = null
      ivTC = class com.ibm.websphere.ras.TraceComponent@1c860630
      loggerRegistrationComponent = class java.lang.ThreadLocal@5fca1572
      emptyHandlers = class java.util.logging.Handler[0]
      offValue = 2147483647
      SYSTEM_LOGGER_RB_NAME = "sun.util.logging.resources.logging"
      SYSTEM_BUNDLE = class java.util.logging.Logger$LoggerBundle@10578ddd
      NO_RESOURCE_BUNDLE = class java.util.logging.Logger$LoggerBundle@43b85909
      manager = class com.ibm.ws.kernel.boot.logging.WsLogManager@4c56b589
      name = "com.ibm.ws.webcontainer.webapp"
      handlers = class java.util.concurrent.CopyOnWriteArrayList@1ed87b8e
      loggerBundle = class java.util.logging.Logger$LoggerBundle@231c1b5b
      useParentHandlers = true
      filter = null
      anonymous = false
      catalog = class com.ibm.ws.webcontainer.resources.Messages_de@271dcb98
      catalogName = "com.ibm.ws.webcontainer.resources.Messages"
      catalogLocale = class java.util.Locale@5e9ed80f
      treeLock = class java.lang.Object@1bbf14c5
      parent = class com.ibm.ws.logging.internal.WsLogger@5862dfa9
      kids = null
      levelObject = class java.util.logging.Level@116a8e36
      levelValue = 800
      callersClassLoaderRef = class java.lang.ref.WeakReference@2f01a869
      isSystemLogger = false
      GLOBAL_LOGGER_NAME = "global"
      global = class java.util.logging.Logger@5a66506e
      $assertionsDisabled = true
    CLASS_NAME = "com.ibm.ws.webcontainer.webapp.WebApp"
    loader = class com.ibm.ws.classloading.internal.ThreadContextClassLoader@70e23cda
      tc = class com.ibm.websphere.ras.TraceComponent@123e6188
      bundle = class java.util.concurrent.atomic.AtomicReference@16578f10
      key = "WebModule:ERP-light#ERP-light-0.0.1-SNAPSHOT.war"
      refCount = class java.util.concurrent.atomic.AtomicInteger@684578a2
      serialVersionUID = 2718662781678069765
      followOnClassLoaders = class java.util.ArrayList@5fed7501
      serialVersionUID = 5933218255537285806
      $$$tc$$$ = class com.ibm.websphere.ras.TraceComponent@589f1d40
      serialVersionUID = 161679851398543548
      $$$tc$$$ = class com.ibm.websphere.ras.TraceComponent@6a99de9a
      serialVersionUID = 2596921220292114344
      $$$tc$$$ = class com.ibm.websphere.ras.TraceComponent@27f4962e
      initialized = true
      pdcache = class java.util.HashMap@4f2e0432
      debug = null
      parent = class com.ibm.ws.classloading.internal.GatewayClassLoader@3f97c92d
      parallelLockMap = null
      package2certs = class java.util.Hashtable@7b5f25ab
      nocerts = class java.security.cert.Certificate[0]
      classes = class java.util.Vector@1b1a6e96
      defaultDomain = class java.security.ProtectionDomain@78ffbe45
      packages = class java.util.HashMap@474f3afc
      scl = class sun.misc.Launcher$AppClassLoader@18b4aac2
      sclSet = true
      loadedLibraryNames = class java.util.Vector@453f3dc3
      systemNativeLibraries = class java.util.Vector@d99852c
      nativeLibraries = class java.util.Vector@8910f4c
      nativeLibraryContext = class java.util.Stack@36375c78
      usr_paths = class java.lang.String[35]
      sys_paths = class java.lang.String[1]
      assertionLock = class com.ibm.ws.classloading.internal.ThreadContextClassLoader@70e23cda
      defaultAssertionStatus = false
      packageAssertionStatus = null
      classAssertionStatus = null
    facade = class com.ibm.wsspi.webcontainer.facade.ServletContextFacade@7f17caaa
      context = class com.ibm.ws.webcontainer.osgi.webapp.WebApp@687452b6
    features = class java.util.ArrayList@5c346383
      serialVersionUID = 8683452581122892189
      DEFAULT_CAPACITY = 10
      EMPTY_ELEMENTDATA = class java.lang.Object[0]
      DEFAULTCAPACITY_EMPTY_ELEMENTDATA = class java.lang.Object[0]
      elementData = class java.lang.Object[0]
      size = 0
      MAX_ARRAY_SIZE = 2147483639
      modCount = 0
      MAX_ARRAY_SIZE = 2147483639
    applicationName = "ERP-light"
    config = class com.ibm.ws.webcontainer.osgi.webapp.WebAppConfiguration@421db9b8
    securityEnabledForApp = false
    webExtensionProcessor = class com.ibm.ws.webcontainer.osgi.extension.WebExtensionProcessor@7b227f8c
      webApp = class com.ibm.ws.webcontainer.osgi.webapp.WebApp@687452b6
      extensionContext = class com.ibm.ws.webcontainer.osgi.webapp.WebApp@687452b6
    production = true
    isServlet23 = true
    contextPath = "/ERP-light"
    internalServletList = class [Ljava.lang.String;[2]
      internalServletList[0] = class java.lang.String[2]
      internalServletList[1] = class java.lang.String[2]
    BY_NAME_ONLY = "/_1702849094523_/"
    filterManager = class com.ibm.ws.webcontainer.osgi.filter.WebAppFilterManagerImpl@e78f5d8
      _filterWrappers = class java.util.Hashtable@41373586
      chainCache = class java.util.Collections$SynchronizedMap@73f244a3
      forwardChainCache = class java.util.Collections$SynchronizedMap@27fd3c7
      includeChainCache = class java.util.Collections$SynchronizedMap@4065b4bf
      errorChainCache = class java.util.Collections$SynchronizedMap@38063230
      _filtersDefined = true
      FMI_MAPPING_SINGLE_SLASH = 0
      FMI_MAPPING_PATH_MATCH = 1
      FMI_MAPPING_EXTENSION_MATCH = 2
      FMI_MAPPING_EXACT_MATCH = 3
      logger = class com.ibm.ws.logging.internal.WsLogger@686ecec3
      CLASS_NAME = "com.ibm.ws.webcontainer.filter.WebAppFilterManager"
      nls = class com.ibm.ejs.ras.TraceNLS@5930becf
      webAppConfig = class com.ibm.ws.webcontainer.osgi.webapp.WebAppConfiguration@421db9b8
      webApp = class com.ibm.ws.webcontainer.osgi.webapp.WebApp@687452b6
      collabHelper = class com.ibm.ws.webcontainer.osgi.collaborator.CollaboratorHelperImpl@27e5f7ca
      webAppNameSpaceCollab = class com.ibm.ws.webcontainer.osgi.collaborator.WebAppNameSpaceCollaboratorImpl@1d31901a
      secCollab = class com.ibm.ws.webcontainer.collaborator.WebAppSecurityCollaborator@514b7a05
      sessionSecurityIntegrationEnabled = true
      assumeFilterSuccessOnSecurityError = false
      useOriginalRequestState = false
      _evtSource = class com.ibm.ws.webcontainer.webapp.WebAppEventSource@3e567b74
      defaultComponentMetaData = class com.ibm.ws.webcontainer.osgi.metadata.WebComponentMetaDataImpl@688cf144
    documentRoot = null
    SERVLET_API_VERSION = "Servlet 2.5"
    disableServletAuditLogging = 0
    serverInfo = "SMF WebContainer"
    sessionCtx = class com.ibm.ws.webcontainer.session.impl.HttpSessionContextImpl@4e21ae5
      methodClassName = "HttpSessionContextImpl"
      _smc = class com.ibm.ws.session.SessionManagerConfig@78de7fbb
      sessionStoreService = null
      _sap = class com.ibm.ws.session.SessionApplicationParameters@4f3210cd
      _coreHttpSessionManager = class com.ibm.ws.session.SessionManager@13a7296c
      _coreHttpAppSessionManager = null
      _sam = class com.ibm.ws.webcontainer.session.impl.SessionAffinityManagerImpl@68197233
      isSIPApplication = false
      sessionAttributeListener = false
      sessionListener = true
      mHttpSessionAttributeListeners = class java.util.ArrayList@63b1fb2c
      mHttpSessionListeners = class java.util.ArrayList@3c5a2bef
      mHttpSessionIdListeners = class java.util.ArrayList@161c9941
      mHttpSessionAttributeListenersJ2eeNames = class java.util.ArrayList@3537f95b
      mHttpSessionListenersJ2eeNames = class java.util.ArrayList@59331c4a
      mHttpSessionIdListenersJ2eeNames = class java.util.ArrayList@345b51d0
      mLocalHost = null
      _refCount = 1
      currentThreadSacHashtable = null
      methodClassName = "SessionContext"
      ANONYMOUS_USER = "anonymous"
      wasHttpSessionObserver = class com.ibm.ws.session.WasHttpSessionObserver@467f008b
      wasHttpSessionAttributeObserver = null
      _invalidator = class com.ibm.ws.session.SessionInvalidator@4c88d43e
      _storer = class com.ibm.ws.session.EOSSessionStorer@d1840a9
      wasHttpAppSessionObserver = null
      mHttpAppSessionListeners = null
      cmvcInfo = "CMVC Version 1.9 6/24/07 11:12:24"
      _loggedVersion = true
      CREATE_CORE_SESSION_MANAGER = 0
      GET_REQUESTED_SESSION_ID = 1
      GET_IHTTP_SESSION = 2
      SESSION_PRE_INVOKE = 3
      SESSION_POST_INVOKE = 4
      STOP = 5
      STOP_LISTENERS = 6
      IS_VALID = 7
      ENCODE_URL = 8
      SHOULD_ENCODE_URL = 9
      IS_PROTOCOL_SWITCH = 10
      GET_LOCAL_HOST = 11
      ADD_HTTP_SESSION_ATTRIBUTE_LISTENER = 12
      ADD_HTTP_SESSION_LISTENER = 13
      GET_SESSION_AFFINITY_CONTEXT = 14
      CHECK_SECURITY = 15
      INVALIDATE = 16
      CHECK_SESSSIONID_IS_RIGHT_LENGTH = 17
      LOCK_SESSION = 18
      UNLOCK_SESSION = 19
      ADD_HTTP_SESSION_ID_LISTENER = 20
      methodNames = class java.lang.String[21]
    eventSource = class com.ibm.ws.webcontainer.webapp.WebAppEventSource@3e567b74
      _invocationListeners = class com.ibm.ws.webcontainer.util.EventListeners@ee2e73c
      _servletListeners = class com.ibm.ws.webcontainer.util.EventListeners@66beb8b3
      _errorListeners = class com.ibm.ws.webcontainer.util.EventListeners@3476c9be
      _applicationListeners = class com.ibm.ws.webcontainer.util.EventListeners@12988857
      _filterInvocationListeners = class com.ibm.ws.webcontainer.util.EventListeners@bda563f
      _filterListeners = class com.ibm.ws.webcontainer.util.EventListeners@18b21cd7
      _filterErrorListeners = class com.ibm.ws.webcontainer.util.EventListeners@1a8b0d46
    nls = class com.ibm.ejs.ras.TraceNLS@7bb54981
      resolver = class com.ibm.ws.logging.internal.TraceNLSResolver@4e5de0c7
      finder = null
      ivBundleName = "com.ibm.ws.webcontainer.resources.Messages"
      caller = class java.lang.Class@630c67f
    liberty_nls = class com.ibm.ejs.ras.TraceNLS@13038764
      resolver = class com.ibm.ws.logging.internal.TraceNLSResolver@4e5de0c7
      finder = null
      ivBundleName = "com.ibm.ws.webcontainer.resources.LShimMessages"
      caller = class java.lang.Class@630c67f
    error_nls = class com.ibm.ejs.ras.TraceNLS@587a256f
      resolver = class com.ibm.ws.logging.internal.TraceNLSResolver@4e5de0c7
      finder = null
      ivBundleName = "com.ibm.ws.webcontainer.resources.ErrorPage"
      caller = class java.lang.Class@630c67f
    sessionListeners = class java.util.ArrayList@4c5b39b7
      serialVersionUID = 8683452581122892189
      DEFAULT_CAPACITY = 10
      EMPTY_ELEMENTDATA = class java.lang.Object[0]
      DEFAULTCAPACITY_EMPTY_ELEMENTDATA = class java.lang.Object[0]
      elementData = class java.lang.Object[10]
      size = 1
      MAX_ARRAY_SIZE = 2147483639
      modCount = 2
      MAX_ARRAY_SIZE = 2147483639
    sessionIdListeners = class java.util.ArrayList@1d7398fc
      serialVersionUID = 8683452581122892189
      DEFAULT_CAPACITY = 10
      EMPTY_ELEMENTDATA = class java.lang.Object[0]
      DEFAULTCAPACITY_EMPTY_ELEMENTDATA = class java.lang.Object[0]
      elementData = class java.lang.Object[0]
      size = 0
      MAX_ARRAY_SIZE = 2147483639
      modCount = 0
      MAX_ARRAY_SIZE = 2147483639
    sessionAttrListeners = class java.util.ArrayList@12440491
      serialVersionUID = 8683452581122892189
      DEFAULT_CAPACITY = 10
      EMPTY_ELEMENTDATA = class java.lang.Object[0]
      DEFAULTCAPACITY_EMPTY_ELEMENTDATA = class java.lang.Object[0]
      elementData = class java.lang.Object[0]
      size = 0
      MAX_ARRAY_SIZE = 2147483639
      modCount = 1
      MAX_ARRAY_SIZE = 2147483639
    addedSessionListeners = class java.util.ArrayList@1b1c0aeb
      serialVersionUID = 8683452581122892189
      DEFAULT_CAPACITY = 10
      EMPTY_ELEMENTDATA = class java.lang.Object[0]
      DEFAULTCAPACITY_EMPTY_ELEMENTDATA = class java.lang.Object[0]
      elementData = class java.lang.Object[0]
      size = 0
      MAX_ARRAY_SIZE = 2147483639
      modCount = 0
      MAX_ARRAY_SIZE = 2147483639
    addedSessionAttrListeners = class java.util.ArrayList@e9f1ebe
      serialVersionUID = 8683452581122892189
      DEFAULT_CAPACITY = 10
      EMPTY_ELEMENTDATA = class java.lang.Object[0]
      DEFAULTCAPACITY_EMPTY_ELEMENTDATA = class java.lang.Object[0]
      elementData = class java.lang.Object[0]
      size = 0
      MAX_ARRAY_SIZE = 2147483639
      modCount = 0
      MAX_ARRAY_SIZE = 2147483639
    servletContextListeners = class java.util.ArrayList@faad3e9
      serialVersionUID = 8683452581122892189
      DEFAULT_CAPACITY = 10
      EMPTY_ELEMENTDATA = class java.lang.Object[0]
      DEFAULTCAPACITY_EMPTY_ELEMENTDATA = class java.lang.Object[0]
      elementData = class java.lang.Object[10]
      size = 1
      MAX_ARRAY_SIZE = 2147483639
      modCount = 2
      MAX_ARRAY_SIZE = 2147483639
    servletContextLAttrListeners = class java.util.ArrayList@3df82e01
      serialVersionUID = 8683452581122892189
      DEFAULT_CAPACITY = 10
      EMPTY_ELEMENTDATA = class java.lang.Object[0]
      DEFAULTCAPACITY_EMPTY_ELEMENTDATA = class java.lang.Object[0]
      elementData = class java.lang.Object[0]
      size = 0
      MAX_ARRAY_SIZE = 2147483639
      modCount = 1
      MAX_ARRAY_SIZE = 2147483639
    servletRequestListeners = class java.util.ArrayList@46482007
      serialVersionUID = 8683452581122892189
      DEFAULT_CAPACITY = 10
      EMPTY_ELEMENTDATA = class java.lang.Object[0]
      DEFAULTCAPACITY_EMPTY_ELEMENTDATA = class java.lang.Object[0]
      elementData = class java.lang.Object[0]
      size = 0
      MAX_ARRAY_SIZE = 2147483639
      modCount = 1
      MAX_ARRAY_SIZE = 2147483639
    servletRequestLAttrListeners = class java.util.ArrayList@30d4ac9e
      serialVersionUID = 8683452581122892189
      DEFAULT_CAPACITY = 10
      EMPTY_ELEMENTDATA = class java.lang.Object[0]
      DEFAULTCAPACITY_EMPTY_ELEMENTDATA = class java.lang.Object[0]
      elementData = class java.lang.Object[0]
      size = 0
      MAX_ARRAY_SIZE = 2147483639
      modCount = 1
      MAX_ARRAY_SIZE = 2147483639
    prependSlashToResource = false
    destroyed = false
    webAppNameSpaceCollab = class com.ibm.ws.webcontainer.osgi.collaborator.WebAppNameSpaceCollaboratorImpl@1d31901a
      cmdai = class com.ibm.ws.threadContext.ComponentMetaDataAccessorImpl@4d36e129
    txCollab = class com.ibm.ws.webcontainer.collaborator.WebAppTransactionCollaborator@10b1c513
      logger = class com.ibm.ws.logging.internal.WsLogger@15b53871
      CLASS_NAME = "com.ibm.ws.webcontainer.collaborator.WebAppTransactionCollaborator"
    sessionActivationListeners = class java.util.ArrayList@693814f6
      serialVersionUID = 8683452581122892189
      DEFAULT_CAPACITY = 10
      EMPTY_ELEMENTDATA = class java.lang.Object[0]
      DEFAULTCAPACITY_EMPTY_ELEMENTDATA = class java.lang.Object[0]
      elementData = class java.lang.Object[0]
      size = 0
      MAX_ARRAY_SIZE = 2147483639
      modCount = 1
      MAX_ARRAY_SIZE = 2147483639
    sessionBindingListeners = class java.util.ArrayList@15ccb7f6
      serialVersionUID = 8683452581122892189
      DEFAULT_CAPACITY = 10
      EMPTY_ELEMENTDATA = class java.lang.Object[0]
      DEFAULTCAPACITY_EMPTY_ELEMENTDATA = class java.lang.Object[0]
      elementData = class java.lang.Object[0]
      size = 0
      MAX_ARRAY_SIZE = 2147483639
      modCount = 1
      MAX_ARRAY_SIZE = 2147483639
    scratchdir = null
    jspClassLoaderLimit = 0
    jspClassLoaderExclusionList = null
    jspClassLoadersMap = null
    jspClassLoaderLimitTrackIF = false
    defaultExtProc = null
    directoryBrowsingServlet = null
    cdiContexts = class java.util.concurrent.ConcurrentHashMap@1283e550
      serialVersionUID = 7249069246763182397
      MAXIMUM_CAPACITY = 1073741824
      DEFAULT_CAPACITY = 16
      MAX_ARRAY_SIZE = 2147483639
      DEFAULT_CONCURRENCY_LEVEL = 16
      LOAD_FACTOR = 0.75
      TREEIFY_THRESHOLD = 8
      UNTREEIFY_THRESHOLD = 6
      MIN_TREEIFY_CAPACITY = 64
      MIN_TRANSFER_STRIDE = 16
      RESIZE_STAMP_BITS = 16
      MAX_RESIZERS = 65535
      RESIZE_STAMP_SHIFT = 16
      MOVED = -1
      TREEBIN = -2
      RESERVED = -3
      HASH_BITS = 2147483647
      NCPU = 12
      serialPersistentFields = class java.io.ObjectStreamField[3]
      table = class java.util.concurrent.ConcurrentHashMap$Node[16]
      nextTable = null
      baseCount = 1
      sizeCtl = 12
      transferIndex = 0
      cellsBusy = 0
      counterCells = null
      keySet = null
      values = null
      entrySet = null
      U = class sun.misc.Unsafe@2d665e45
      SIZECTL = 20
      TRANSFERINDEX = 32
      BASECOUNT = 24
      CELLSBUSY = 36
      CELLVALUE = 144
      ABASE = 16
      ASHIFT = 2
      keySet = null
      values = null
    moduleConfig = class com.ibm.ws.webcontainer.osgi.container.DeployedModule@7260bc2
      tc = class com.ibm.websphere.ras.TraceComponent@5ae2db1a
      loader = class com.ibm.ws.classloading.internal.ThreadContextClassLoader@70e23cda
      webApp = class com.ibm.ws.webcontainer.osgi.webapp.WebApp@687452b6
      webAppConfig = class com.ibm.ws.webcontainer.osgi.webapp.WebAppConfiguration@421db9b8
      contextRootAdded = null
      properContextRoot = "/ERP-light"
      mappingContextRoot = "/ERP-light/*"
      serialVersionUID = -2104814060051592457
      $$$tc$$$ = class com.ibm.websphere.ras.TraceComponent@7ab7ac11
    extensionFactories = class java.util.ArrayList@2e103074
      serialVersionUID = 8683452581122892189
      DEFAULT_CAPACITY = 10
      EMPTY_ELEMENTDATA = class java.lang.Object[0]
      DEFAULTCAPACITY_EMPTY_ELEMENTDATA = class java.lang.Object[0]
      elementData = class java.lang.Object[10]
      size = 1
      MAX_ARRAY_SIZE = 2147483639
      modCount = 1
      MAX_ARRAY_SIZE = 2147483639
    initialized = true
    lock = class com.ibm.ws.webcontainer.webapp.WebApp$1@5e135147
      this$0 = class com.ibm.ws.webcontainer.osgi.webapp.WebApp@687452b6
    afterServletContextCreated = false
    redirectContextRoot = false
    errorExceptionTypeFirst = false
    initFilterBeforeServletInit = false
    sortedServletConfigs = class java.util.ArrayList@53b786b0
      serialVersionUID = 8683452581122892189
      DEFAULT_CAPACITY = 10
      EMPTY_ELEMENTDATA = class java.lang.Object[0]
      DEFAULTCAPACITY_EMPTY_ELEMENTDATA = class java.lang.Object[0]
      elementData = class java.lang.Object[10]
      size = 1
      MAX_ARRAY_SIZE = 2147483639
      modCount = 1
      MAX_ARRAY_SIZE = 2147483639
    effectiveMajorVersion = 2
    effectiveMinorVersion = 5
    canAddServletContextListener = true
    withinContextInitOfProgAddListener = false
    webInfLibClassloader = null
    metaInfCache = class com.ibm.ws.webcontainer.webapp.WebApp$2@64f8ff1f
      this$0 = class com.ibm.ws.webcontainer.osgi.webapp.WebApp@687452b6
      serialVersionUID = 3801124242820219131
      head = null
      tail = null
      accessOrder = true
      serialVersionUID = 362498820763181265
      DEFAULT_INITIAL_CAPACITY = 16
      MAXIMUM_CAPACITY = 1073741824
      DEFAULT_LOAD_FACTOR = 0.75
      TREEIFY_THRESHOLD = 8
      UNTREEIFY_THRESHOLD = 6
      MIN_TREEIFY_CAPACITY = 64
      table = null
      entrySet = null
      size = 0
      modCount = 0
      threshold = 32
      loadFactor = 1.0
      keySet = null
      values = null
    useMetaInfCache = true
    SUN_CONFIGURE_LISTENER_CLASSNAME = "com.sun.faces.config.ConfigureListener"
    MYFACES_LIFECYCLE_LISTENER_CLASSNAME = "org.apache.myfaces.webapp.StartupServletContextListener"
    JSF_IMPL_ENABLED_PARAM = "com.ibm.ws.jsf.JSF_IMPL_ENABLED"
    JSF_IMPL_ENABLED_CUSTOM = "Custom"
    JSF_IMPL_ENABLED_NONE = "None"
    staticDocRoot = class com.ibm.ws.webcontainer.util.DocumentRootUtils@4b44e064
      logger = class com.ibm.ws.logging.internal.WsLogger@fb8d3dd
      CLASS_NAME = "com.ibm.ws.webcontainer.util.DocumentRootUtils"
      useContentLength = false
      matchedFile = null
      matchedZipFile = null
      matchedEntry = null
      matchedURL = null
      edrRoot = null
      pfedrRoot = null
      ctxt = class com.ibm.ws.webcontainer.osgi.webapp.WebApp@687452b6
      baseDir = null
      edr = null
      pfedr = null
      metaInfRes = null
      searchpfEDR = true
      searchEDR = true
      searchMetaInfRes = true
      matchFromEDR = false
      matchFromMetaInfRes = false
      matchIsADirectory = false
      appConfig = class com.ibm.ws.webcontainer.osgi.webapp.WebAppConfiguration@421db9b8
      attributeType = "staticFile"
      STATIC_FILE = "staticFile"
      JSP = "jsp"
      PFEDR = "preFragmentExtendedDocumentRoot"
      EDR = "extendedDocumentRoot"
    jspDocRoot = class com.ibm.ws.webcontainer.util.DocumentRootUtils@f990922
      logger = class com.ibm.ws.logging.internal.WsLogger@fb8d3dd
      CLASS_NAME = "com.ibm.ws.webcontainer.util.DocumentRootUtils"
      useContentLength = false
      matchedFile = null
      matchedZipFile = null
      matchedEntry = null
      matchedURL = null
      edrRoot = null
      pfedrRoot = null
      ctxt = class com.ibm.ws.webcontainer.osgi.webapp.WebApp@687452b6
      baseDir = null
      edr = null
      pfedr = null
      metaInfRes = null
      searchpfEDR = true
      searchEDR = true
      searchMetaInfRes = true
      matchFromEDR = false
      matchFromMetaInfRes = false
      matchIsADirectory = false
      appConfig = class com.ibm.ws.webcontainer.osgi.webapp.WebAppConfiguration@421db9b8
      attributeType = "jsp"
      STATIC_FILE = "staticFile"
      JSP = "jsp"
      PFEDR = "preFragmentExtendedDocumentRoot"
      EDR = "extendedDocumentRoot"
    container = class com.ibm.ws.adaptable.module.internal.AdaptableContainerImpl@1b3979de
      root = class com.ibm.ws.adaptable.module.internal.AdaptableContainerImpl@1b3979de
      rootOverlay = class com.ibm.ws.artifact.overlay.internal.DirectoryBasedOverlayContainerImpl@3a79980b
      factoryHolder = class com.ibm.ws.adaptable.module.internal.AdaptableModuleFactoryImpl@4dcf3450
      delegate = class com.ibm.ws.artifact.overlay.internal.DirectoryBasedOverlayContainerImpl@3a79980b
      notifier = class com.ibm.ws.adaptable.module.internal.NotifierImpl@536fe0f0
      serialVersionUID = -5621513278641113667
      $$$tc$$$ = class com.ibm.websphere.ras.TraceComponent@33403e35
    metaInfResourceFinder = class com.ibm.ws.webcontainer.util.MetaInfResourceFinder@60749c67
      jarResourceContainers = class java.util.ArrayList@57393e74
      container = class com.ibm.ws.adaptable.module.internal.AdaptableContainerImpl@1b3979de
    postConstructMethods = class com.ibm.ws.webcontainer.webapp.WebApp$AnnotatedMethods@43578771
      annotationClass = class java.lang.Class@2d98e0ad
      noOpClassNames = class java.util.HashSet@431e9ef7
      annotatedMethodNames = class java.util.HashMap@337840d1
      EMPTY_METHODS = class java.lang.reflect.Method[0]
    preDestroyMethods = class com.ibm.ws.webcontainer.webapp.WebApp$AnnotatedMethods@2ffc18bf
      annotationClass = class java.lang.Class@438474ba
      noOpClassNames = class java.util.HashSet@2eec7692
      annotatedMethodNames = class java.util.HashMap@a4b3ff5
      EMPTY_METHODS = class java.lang.reflect.Method[0]
    OBJ_EMPTY = class java.lang.Object[0]
    CLASS_EMPTY = class java.lang.Class[0]
    DEFAULT_JSP_EXTENSIONS = class java.util.ArrayList@686bd47b
      serialVersionUID = 8683452581122892189
      DEFAULT_CAPACITY = 10
      EMPTY_ELEMENTDATA = class java.lang.Object[0]
      DEFAULTCAPACITY_EMPTY_ELEMENTDATA = class java.lang.Object[0]
      elementData = class java.lang.Object[10]
      size = 4
      MAX_ARRAY_SIZE = 2147483639
      modCount = 4
      MAX_ARRAY_SIZE = 2147483639
    DO_ACCEPT_PARTIAL = true
    DO_NOT_ACCEPT_PARTIAL = false
    DO_ACCEPT_EXCLUDED = true
    DO_NOT_ACCEPT_EXCLUDED = false
    commands = class java.util.ArrayList@53ab8c5c
      serialVersionUID = 8683452581122892189
      DEFAULT_CAPACITY = 10
      EMPTY_ELEMENTDATA = class java.lang.Object[0]
      DEFAULTCAPACITY_EMPTY_ELEMENTDATA = class java.lang.Object[0]
      elementData = class java.lang.Object[3]
      size = 0
      MAX_ARRAY_SIZE = 2147483639
      modCount = 0
      MAX_ARRAY_SIZE = 2147483639
    requestMapper = class com.ibm.wsspi.webcontainer.util.URIMapper@1c5d5f76
      matcher = class com.ibm.wsspi.webcontainer.util.URIMatcher@433ce7f5
    parent = class com.ibm.ws.webcontainer.osgi.webapp.WebGroup@2aa3888a
      tc = class com.ibm.websphere.ras.TraceComponent@6d9a5277
      logger = class com.ibm.ws.logging.internal.WsLogger@25c367c6
      CLASS_NAME = "com.ibm.ws.webcontainer.webapp.WebGroup"
      sessUrlRewritePrefix = ";jsessionid="
      qMark = "?"
      config = class com.ibm.ws.webcontainer.osgi.webapp.WebGroupConfiguration@5fb72b2
      webApp = class com.ibm.ws.webcontainer.osgi.webapp.WebApp@687452b6
      commands = class java.util.ArrayList@43653a52
      requestMapper = null
      parent = class com.ibm.ws.webcontainer.osgi.DynamicVirtualHost@448f824e
      name = "/ERP-light/*"
      isAlive = true
      subElements = class java.util.HashMap@4ff41d54
      attributes = null
      config = null
      serialVersionUID = -8271459000149267764
      $$$tc$$$ = class com.ibm.websphere.ras.TraceComponent@54c48fd8
    name = "ERP-light-0.0.1-SNAPSHOT"
    isAlive = true
    subElements = null
    attributes = class java.util.Collections$SynchronizedMap@4e639f2d
      serialVersionUID = 1978198479659022715
      m = class java.util.HashMap@4c239453
      mutex = class java.util.Collections$SynchronizedMap@4e639f2d
      keySet = null
      entrySet = class java.util.Collections$SynchronizedSet@d0bf615
      values = null
    config = null
    serialVersionUID = -8271459000149267764
    $$$tc$$$ = class com.ibm.websphere.ras.TraceComponent@54c48fd8
      strings[0] = "TraceComponent[com.ibm.ws.container.AbstractContainer,class com.ibm.ws.container.AbstractContainer,[],null,null]"

