------Start of DE processing------ = [11.10.21 13:08:35:073 MESZ]
Exception = org.springframework.web.util.NestedServletException
Source = com.ibm.ws.webcontainer.filter.WebAppFilterChain.doFilter
probeid = 82
Stack Dump = org.springframework.web.util.NestedServletException: Handler processing failed; nested exception is java.lang.NoSuchMethodError: org.hibernate.Session.createQuery(Ljava/lang/String;)Lorg/hibernate/query/Query;
	at org.springframework.web.servlet.DispatcherServlet.triggerAfterCompletionWithError(DispatcherServlet.java:1287)
	at org.springframework.web.servlet.DispatcherServlet.doDispatch(DispatcherServlet.java:961)
	at org.springframework.web.servlet.DispatcherServlet.doService(DispatcherServlet.java:877)
	at org.springframework.web.servlet.FrameworkServlet.processRequest(FrameworkServlet.java:966)
	at org.springframework.web.servlet.FrameworkServlet.doPost(FrameworkServlet.java:868)
	at javax.servlet.http.HttpServlet.service(HttpServlet.java:595)
	at org.springframework.web.servlet.FrameworkServlet.service(FrameworkServlet.java:842)
	at javax.servlet.http.HttpServlet.service(HttpServlet.java:668)
	at com.ibm.ws.webcontainer.servlet.ServletWrapper.service(ServletWrapper.java:1275)
	at com.ibm.ws.webcontainer.servlet.ServletWrapper.handleRequest(ServletWrapper.java:766)
	at com.ibm.ws.webcontainer.servlet.ServletWrapper.handleRequest(ServletWrapper.java:472)
	at com.ibm.ws.webcontainer.filter.WebAppFilterChain.invokeTarget(WebAppFilterChain.java:135)
	at com.ibm.ws.webcontainer.filter.WebAppFilterChain.doFilter(WebAppFilterChain.java:74)
	at com.ibm.ws.webcontainer.filter.WebAppFilterManager.doFilter(WebAppFilterManager.java:975)
	at com.ibm.ws.webcontainer.filter.WebAppFilterManager.invokeFilters(WebAppFilterManager.java:1097)
	at com.ibm.ws.webcontainer.webapp.WebApp.handleRequest(WebApp.java:4797)
	at com.ibm.ws.webcontainer.osgi.DynamicVirtualHost$2.handleRequest(DynamicVirtualHost.java:297)
	at com.ibm.ws.webcontainer.WebContainer.handleRequest(WebContainer.java:981)
	at com.ibm.ws.webcontainer.osgi.DynamicVirtualHost$2.run(DynamicVirtualHost.java:262)
	at com.ibm.ws.http.dispatcher.internal.channel.HttpDispatcherLink$TaskWrapper.run(HttpDispatcherLink.java:938)
	at java.util.concurrent.ThreadPoolExecutor.runWorker(ThreadPoolExecutor.java:1149)
	at java.util.concurrent.ThreadPoolExecutor$Worker.run(ThreadPoolExecutor.java:624)
	at java.lang.Thread.run(Thread.java:748)
Caused by: java.lang.NoSuchMethodError: org.hibernate.Session.createQuery(Ljava/lang/String;)Lorg/hibernate/query/Query;
	at at.erp.light.view.services.DataBaseService.getPlatformuserbyLoginEmail(DataBaseService.java:387)
	at sun.reflect.NativeMethodAccessorImpl.invoke0(Native Method)
	at sun.reflect.NativeMethodAccessorImpl.invoke(NativeMethodAccessorImpl.java:62)
	at sun.reflect.DelegatingMethodAccessorImpl.invoke(DelegatingMethodAccessorImpl.java:43)
	at java.lang.reflect.Method.invoke(Method.java:498)
	at org.springframework.aop.support.AopUtils.invokeJoinpointUsingReflection(AopUtils.java:317)
	at org.springframework.aop.framework.ReflectiveMethodInvocation.invokeJoinpoint(ReflectiveMethodInvocation.java:190)
	at org.springframework.aop.framework.ReflectiveMethodInvocation.proceed(ReflectiveMethodInvocation.java:157)
	at org.springframework.transaction.interceptor.TransactionInterceptor$1.proceedWithInvocation(TransactionInterceptor.java:98)
	at org.springframework.transaction.interceptor.TransactionAspectSupport.invokeWithinTransaction(TransactionAspectSupport.java:266)
	at org.springframework.transaction.interceptor.TransactionInterceptor.invoke(TransactionInterceptor.java:95)
	at org.springframework.aop.framework.ReflectiveMethodInvocation.proceed(ReflectiveMethodInvocation.java:179)
	at org.springframework.aop.framework.JdkDynamicAopProxy.invoke(JdkDynamicAopProxy.java:207)
	at com.sun.proxy.$Proxy42.getPlatformuserbyLoginEmail(Unknown Source)
	at at.erp.light.view.controller.authenticate.LoginController.loginUser(LoginController.java:49)
	at sun.reflect.NativeMethodAccessorImpl.invoke0(Native Method)
	at sun.reflect.NativeMethodAccessorImpl.invoke(NativeMethodAccessorImpl.java:62)
	at sun.reflect.DelegatingMethodAccessorImpl.invoke(DelegatingMethodAccessorImpl.java:43)
	at java.lang.reflect.Method.invoke(Method.java:498)
	at org.springframework.web.method.support.InvocableHandlerMethod.invoke(InvocableHandlerMethod.java:215)
	at org.springframework.web.method.support.InvocableHandlerMethod.invokeForRequest(InvocableHandlerMethod.java:132)
	at org.springframework.web.servlet.mvc.method.annotation.ServletInvocableHandlerMethod.invokeAndHandle(ServletInvocableHandlerMethod.java:104)
	at org.springframework.web.servlet.mvc.method.annotation.RequestMappingHandlerAdapter.invokeHandleMethod(RequestMappingHandlerAdapter.java:781)
	at org.springframework.web.servlet.mvc.method.annotation.RequestMappingHandlerAdapter.handleInternal(RequestMappingHandlerAdapter.java:721)
	at org.springframework.web.servlet.mvc.method.AbstractHandlerMethodAdapter.handle(AbstractHandlerMethodAdapter.java:83)
	at org.springframework.web.servlet.DispatcherServlet.doDispatch(DispatcherServlet.java:943)
	... 21 more

Dump of callerThis
Object type = com.ibm.ws.webcontainer.filter.WebAppFilterChain
  _filters = class java.util.ArrayList@319c9c8b
    serialVersionUID = 8683452581122892189
    DEFAULT_CAPACITY = 10
    EMPTY_ELEMENTDATA = class java.lang.Object[0]
    DEFAULTCAPACITY_EMPTY_ELEMENTDATA = class java.lang.Object[0]
    elementData = class java.lang.Object[5]
      elementData[0] = null
      elementData[1] = null
      elementData[2] = null
      elementData[3] = null
      elementData[4] = null
    size = 0
    MAX_ARRAY_SIZE = 2147483639
    modCount = 0
    MAX_ARRAY_SIZE = 2147483639
  _currentFilterIndex = -1
  _numberOfFilters = 0
  requestProcessor = class com.ibm.ws.webcontainer.osgi.servlet.ServletWrapper@130914f4
    serialVersionUID = 1
    _mo = class com.ibm.ws.managedobject.internal.ManagedObjectImpl@176714a7
      serialVersionUID = 2312695316196219051
      object = "<sensitive org.springframework.web.servlet.DispatcherServlet@79b092ce>"
      $$$tc$$$ = class com.ibm.websphere.ras.TraceComponent@4ab4f223
    serialVersionUID = -4479626085298397598
    notifyInvocationListeners = false
    UNINITIALIZED_STATE = -1
    AVAILABLE_STATE = 0
    UNAVAILABLE_STATE = 1
    UNAVAILABLE_PERMANENTLY_STATE = 2
    collabHelper = class com.ibm.ws.webcontainer.osgi.collaborator.CollaboratorHelperImpl@46bcf80e
    nServicing = class java.util.concurrent.atomic.AtomicInteger@606901bc
      serialVersionUID = 6214790243416807050
      unsafe = class sun.misc.Unsafe@16bfb5d2
      valueOffset = 12
      value = 0
      serialVersionUID = -8742448824652078965
    lastAccessTime = 1633950490172
    state = 0
    logger = class com.ibm.ws.logging.internal.WsLogger@3cce635
      tc = class com.ibm.websphere.ras.TraceComponent@30c5f6e3
      ivCachedResourceBundleName = "com.ibm.ws.webcontainer.resources.Messages"
      ivCachedResourceBundle = class com.ibm.ws.webcontainer.resources.Messages_de@4ba12d36
      ivComponent = null
      ivOrganization = null
      ivProduct = null
      ivMinimumLocalizationLevelIntValue = 625
      ivGroupName = null
      ivTC = class com.ibm.websphere.ras.TraceComponent@4afa51e3
      loggerRegistrationComponent = class java.lang.ThreadLocal@579c1291
      emptyHandlers = class java.util.logging.Handler[0]
      offValue = 2147483647
      SYSTEM_LOGGER_RB_NAME = "sun.util.logging.resources.logging"
      SYSTEM_BUNDLE = class java.util.logging.Logger$LoggerBundle@126f86a3
      NO_RESOURCE_BUNDLE = class java.util.logging.Logger$LoggerBundle@1d253f98
      manager = class com.ibm.ws.kernel.boot.logging.WsLogManager@2a1aae37
      name = "com.ibm.ws.webcontainer.servlet"
      handlers = class java.util.concurrent.CopyOnWriteArrayList@4b90b0a3
      loggerBundle = class java.util.logging.Logger$LoggerBundle@74fb7802
      useParentHandlers = true
      filter = null
      anonymous = false
      catalog = class com.ibm.ws.webcontainer.resources.Messages_de@4ba12d36
      catalogName = "com.ibm.ws.webcontainer.resources.Messages"
      catalogLocale = class java.util.Locale@4b6bd576
      treeLock = class java.lang.Object@171b81be
      parent = class com.ibm.ws.logging.internal.WsLogger@3582410
      kids = null
      levelObject = class java.util.logging.Level@4a18c34d
      levelValue = 800
      callersClassLoaderRef = class java.lang.ref.WeakReference@440db375
      isSystemLogger = false
      GLOBAL_LOGGER_NAME = "global"
      global = class java.util.logging.Logger@1490032b
      $assertionsDisabled = true
    CLASS_NAME = "com.ibm.ws.webcontainer.servlet.ServletWrapper"
    nls = class com.ibm.ejs.ras.TraceNLS@5efaa1f6
      resolver = class com.ibm.ws.logging.internal.TraceNLSResolver@208cfed8
      finder = null
      ivBundleName = "com.ibm.ws.webcontainer.resources.Messages"
      caller = class java.lang.Class@4f84e6c7
    servletConfig = class com.ibm.ws.webcontainer.servlet.ServletConfig@3620c630
      logger = class com.ibm.ws.logging.internal.WsLogger@3cce635
      CLASS_NAME = "com.ibm.ws.webcontainer.servlet.ServletConfig"
      nls = class com.ibm.ejs.ras.TraceNLS@73862f1
      liberty_nls = class com.ibm.ejs.ras.TraceNLS@3e90387c
      enabled = true
      servletName = "erp-light"
      className = "org.springframework.web.servlet.DispatcherServlet"
      mappings = class java.util.ArrayList@61e5fee3
      startUpWeight = 1
      DEFAULT_STARTUP = -1
      isCachingEnabled = true
      isStatisticsEnabled = true
      isInternal = false
      metaData = class com.ibm.ws.webcontainer.osgi.metadata.WebComponentMetaDataImpl@70256df2
      singleThreadModelServlet = false
      isJsp = false
      webAppConfig = class com.ibm.ws.webcontainer.osgi.webapp.WebAppConfiguration@7afa70ab
      servletWrapper = class com.ibm.ws.webcontainer.osgi.servlet.ServletWrapper@130914f4
      servletClass = null
      servlet = null
      addedToLoadOnStartup = true
      previousWeight = null
      multipartConfig = null
      multipartConfigBaseLocation = null
      runAsRole = null
      servletSecurityElement = null
      declareRolesAnnotation = null
      logger = class com.ibm.ws.logging.internal.WsLogger@3cce635
      CLASS_NAME = "com.ibm.ws.webcontainer.servlet.TargetConfig"
      initParams = null
      fileName = null
      displayName = null
      name = "erp-light"
      description = null
      smallIcon = null
      largeIcon = null
      context = class com.ibm.wsspi.webcontainer.facade.ServletContextFacade@1ad08b7
      className = null
      asyncSupported = false
      _id = "ServletGeneratedId1"
      _attributes = null
      serialVersionUID = 7511545662945734886
      $$$tc$$$ = class com.ibm.websphere.ras.TraceComponent@7a42f732
    context = class com.ibm.ws.webcontainer.osgi.webapp.WebApp@3550cd8c
    target = class org.springframework.web.servlet.DispatcherServlet@79b092ce
      MULTIPART_RESOLVER_BEAN_NAME = "multipartResolver"
      LOCALE_RESOLVER_BEAN_NAME = "localeResolver"
      THEME_RESOLVER_BEAN_NAME = "themeResolver"
      HANDLER_MAPPING_BEAN_NAME = "handlerMapping"
      HANDLER_ADAPTER_BEAN_NAME = "handlerAdapter"
      HANDLER_EXCEPTION_RESOLVER_BEAN_NAME = "handlerExceptionResolver"
      REQUEST_TO_VIEW_NAME_TRANSLATOR_BEAN_NAME = "viewNameTranslator"
      VIEW_RESOLVER_BEAN_NAME = "viewResolver"
      FLASH_MAP_MANAGER_BEAN_NAME = "flashMapManager"
      WEB_APPLICATION_CONTEXT_ATTRIBUTE = "org.springframework.web.servlet.DispatcherServlet.CONTEXT"
      LOCALE_RESOLVER_ATTRIBUTE = "org.springframework.web.servlet.DispatcherServlet.LOCALE_RESOLVER"
      THEME_RESOLVER_ATTRIBUTE = "org.springframework.web.servlet.DispatcherServlet.THEME_RESOLVER"
      THEME_SOURCE_ATTRIBUTE = "org.springframework.web.servlet.DispatcherServlet.THEME_SOURCE"
      INPUT_FLASH_MAP_ATTRIBUTE = "org.springframework.web.servlet.DispatcherServlet.INPUT_FLASH_MAP"
      OUTPUT_FLASH_MAP_ATTRIBUTE = "org.springframework.web.servlet.DispatcherServlet.OUTPUT_FLASH_MAP"
      FLASH_MAP_MANAGER_ATTRIBUTE = "org.springframework.web.servlet.DispatcherServlet.FLASH_MAP_MANAGER"
      EXCEPTION_ATTRIBUTE = "org.springframework.web.servlet.DispatcherServlet.EXCEPTION"
      PAGE_NOT_FOUND_LOG_CATEGORY = "org.springframework.web.servlet.PageNotFound"
      DEFAULT_STRATEGIES_PATH = "DispatcherServlet.properties"
      pageNotFoundLogger = class org.apache.commons.logging.impl.Jdk14Logger@437a3bb2
      defaultStrategies = class java.util.Properties@30ea150f
      detectAllHandlerMappings = true
      detectAllHandlerAdapters = true
      detectAllHandlerExceptionResolvers = true
      detectAllViewResolvers = true
      throwExceptionIfNoHandlerFound = false
      cleanupAfterInclude = true
      multipartResolver = null
      localeResolver = class org.springframework.web.servlet.i18n.AcceptHeaderLocaleResolver@7d6d9cab
      themeResolver = class org.springframework.web.servlet.theme.FixedThemeResolver@23b9c8b9
      handlerMappings = class java.util.ArrayList@318cd0d7
      handlerAdapters = class java.util.ArrayList@512ef984
      handlerExceptionResolvers = class java.util.ArrayList@4037afce
      viewNameTranslator = class org.springframework.web.servlet.view.DefaultRequestToViewNameTranslator@2da65b71
      flashMapManager = class org.springframework.web.servlet.support.SessionFlashMapManager@7afb3c7a
      viewResolvers = class java.util.ArrayList@5cbf0878
      DEFAULT_NAMESPACE_SUFFIX = "-servlet"
      DEFAULT_CONTEXT_CLASS = class java.lang.Class@2d510b4
      SERVLET_CONTEXT_PREFIX = "org.springframework.web.servlet.FrameworkServlet.CONTEXT."
      INIT_PARAM_DELIMITERS = ",; 	
"
      responseGetStatusAvailable = true
      contextAttribute = null
      contextClass = class java.lang.Class@2d510b4
      contextId = null
      namespace = null
      contextConfigLocation = null
      contextInitializers = class java.util.ArrayList@210b85fe
      contextInitializerClasses = null
      publishContext = true
      publishEvents = true
      threadContextInheritable = false
      dispatchOptionsRequest = false
      dispatchTraceRequest = false
      webApplicationContext = class org.springframework.web.context.support.XmlWebApplicationContext@43c3ab1b
      webApplicationContextInjected = false
      refreshEventReceived = true
      logger = class org.apache.commons.logging.impl.Jdk14Logger@3e692f7d
      requiredProperties = class java.util.HashSet@1dd2dc26
      environment = class org.springframework.web.context.support.StandardServletEnvironment@390afb2c
      METHOD_DELETE = "DELETE"
      METHOD_HEAD = "HEAD"
      METHOD_GET = "GET"
      METHOD_OPTIONS = "OPTIONS"
      METHOD_POST = "POST"
      METHOD_PUT = "PUT"
      METHOD_TRACE = "TRACE"
      HEADER_IFMODSINCE = "If-Modified-Since"
      HEADER_LASTMOD = "Last-Modified"
      LSTRING_FILE = "javax.servlet.http.LocalStrings"
      lStrings = class java.util.PropertyResourceBundle@4453bd86
      config = class com.ibm.ws.webcontainer.servlet.ServletConfig@3620c630
    cacheWrappers = null
    targetLoader = class com.ibm.ws.classloading.internal.ThreadContextClassLoader@4552562f
    evtSource = class com.ibm.ws.webcontainer.webapp.WebAppEventSource@6dfe7eb2
    event = class com.ibm.websphere.servlet.event.ServletEvent@1e6c45a9
      serialVersionUID = 3906650803920713522
      _servletName = "erp-light"
      _servletClassName = "org.springframework.web.servlet.DispatcherServlet"
      $$$tc$$$ = class com.ibm.websphere.ras.TraceComponent@44757e58
      serialVersionUID = 3546927969739289392
      _context = class com.ibm.wsspi.webcontainer.facade.ServletContextFacade@1ad08b7
      _servletNames = class com.ibm.ws.webcontainer.util.EmptyEnumeration@15bbe67b
      $$$tc$$$ = class com.ibm.websphere.ras.TraceComponent@157158f2
      serialVersionUID = 5516075349620653480
      source = class com.ibm.ws.webcontainer.osgi.servlet.ServletWrapper@130914f4
    unavailableMessage = null
    unavailableUntil = -1
    isSTM = false
    internalServlet = false
    webAppInvocationCollaborators = null
    platformHelper = class com.ibm.ws.webcontainer.PlatformHelper@7af5f51f
    webAppNameSpaceCollab = class com.ibm.ws.webcontainer.osgi.collaborator.WebAppNameSpaceCollaboratorImpl@37a20966
    txCollab = class com.ibm.ws.webcontainer.collaborator.WebAppTransactionCollaborator@6e76c67b
    connCollab = class com.ibm.ws.webcontainer.collaborator.ConnectionCollaborator@718b1ea6
    suppressServletExceptionLogging = false
    throwExceptionEnum = class java.util.RegularEnumSet@41aa57e1
      serialVersionUID = 3411599620347842686
      elements = 256
      elementType = class java.lang.Class@9e992e5
      universe = class com.ibm.wsspi.webcontainer.collaborator.CollaboratorInvocationEnum[9]
      ZERO_LENGTH_ENUM_ARRAY = class java.lang.Enum[0]
      MAX_ARRAY_SIZE = 2147483639
    discernUnavailableServlet = false
    reInitServletonInitUnavailableException = true
    destroyServletonServiceUnavailableException = false
    servlet23 = true
    PARAMS_HEAD_TRACE = class java.lang.Class[2]
      PARAMS_HEAD_TRACE[0] = class java.lang.Class@21a56207
      PARAMS_HEAD_TRACE[1] = class java.lang.Class@46a4c420
    defaultHeadMethodInUse = false
    defaultTraceMethodInUse = false
    checkedForDefaultMethods = null
    defaultTraceRequestBehavior = false
    defaultHeadRequestBehavior = false
    useOriginalRequestState = false
    warningStatusSet = false
    config = null
  _filtersDefined = false
  logger = class com.ibm.ws.logging.internal.WsLogger@1a309511
    tc = class com.ibm.websphere.ras.TraceComponent@30c5f6e3
      strings[0] = "TraceComponent[com.ibm.ws.logging.internal.WsLogger,class com.ibm.ws.logging.internal.WsLogger,[logging],com.ibm.ws.logging.internal.resources.LoggingMessages,null]"
    ivCachedResourceBundleName = null
    ivCachedResourceBundle = null
    ivComponent = null
    ivOrganization = null
    ivProduct = null
    ivMinimumLocalizationLevelIntValue = 625
    ivGroupName = null
    ivTC = class com.ibm.websphere.ras.TraceComponent@51f82e08
      strings[0] = "TraceComponent[com.ibm.ws.webcontainer.filter,class com.ibm.wsspi.webcontainer.logging.LoggerFactory$1,[com.ibm.ws.webcontainer.filter],null,null]"
    loggerRegistrationComponent = class java.lang.ThreadLocal@579c1291
      threadLocalHashCode = 696468823
      nextHashCode = class java.util.concurrent.atomic.AtomicInteger@4ca3f28d
      HASH_INCREMENT = 1640531527
    emptyHandlers = class java.util.logging.Handler[0]
    offValue = 2147483647
    SYSTEM_LOGGER_RB_NAME = "sun.util.logging.resources.logging"
    SYSTEM_BUNDLE = class java.util.logging.Logger$LoggerBundle@126f86a3
      resourceBundleName = "sun.util.logging.resources.logging"
      userBundle = null
    NO_RESOURCE_BUNDLE = class java.util.logging.Logger$LoggerBundle@1d253f98
      resourceBundleName = null
      userBundle = null
    manager = class com.ibm.ws.kernel.boot.logging.WsLogManager@2a1aae37
      CLASS_NAME = "com.ibm.ws.kernel.boot.logging.WsLogManager"
      CONFIGURE_BY_SERVER_PROPERTY_NAME = "java.util.logging.configureByServer"
      CONFIGURE_BY_LOGGING_PROPERTIES_FILE = "java.util.logging.configureByLoggingPropertiesFile"
      configureByServer = true
      configureByLoggingProperties = false
      wsLogger = class java.lang.reflect.Constructor@377c054
      resetEnabled = true
      manager = class com.ibm.ws.kernel.boot.logging.WsLogManager@2a1aae37
      props = class java.util.Properties@71f742fe
      defaultLevel = class java.util.logging.Level@4a18c34d
      listenerMap = class java.util.HashMap@4b8990be
      systemContext = class java.util.logging.LogManager$SystemLoggerContext@76c19cfb
      userContext = class java.util.logging.LogManager$LoggerContext@52f96032
      rootLogger = class java.util.logging.LogManager$RootLogger@19522821
      readPrimordialConfiguration = true
      initializedGlobalHandlers = true
      deathImminent = false
      initializedCalled = true
      initializationDone = true
      contextsMap = null
      loggerRefQueue = class java.lang.ref.ReferenceQueue@1ed957d5
      MAX_ITERATIONS = 400
      controlPermission = class java.util.logging.LoggingPermission@640536b1
      loggingMXBean = null
      LOGGING_MXBEAN_NAME = "java.util.logging:type=Logging"
      $assertionsDisabled = true
    name = "com.ibm.ws.webcontainer.filter"
    handlers = class java.util.concurrent.CopyOnWriteArrayList@6e265154
      serialVersionUID = 8673264195747942595
      lock = class java.util.concurrent.locks.ReentrantLock@6efa25c6
      array = class java.lang.Object[0]
      UNSAFE = class sun.misc.Unsafe@16bfb5d2
      lockOffset = 12
    loggerBundle = class java.util.logging.Logger$LoggerBundle@1288ad
      resourceBundleName = "com.ibm.ws.webcontainer.resources.Messages"
      userBundle = null
    useParentHandlers = true
    filter = null
    anonymous = false
    catalog = class com.ibm.ws.webcontainer.resources.Messages_de@34ffbec8
      resources = class [Ljava.lang.Object;[330]
      lookup = null
      INITIAL_CACHE_SIZE = 32
      NONEXISTENT_BUNDLE = class java.util.ResourceBundle$1@7ce3edd
      cacheList = class java.util.concurrent.ConcurrentHashMap@27a52309
      referenceQueue = class java.lang.ref.ReferenceQueue@6fb2214d
      parent = class com.ibm.ws.webcontainer.resources.Messages@7134b4a6
      locale = class java.util.Locale@72128bb5
      name = "com.ibm.ws.webcontainer.resources.Messages"
      expired = false
      cacheKey = class java.util.ResourceBundle$CacheKey@77a548b
      keySet = null
      providers = null
      $assertionsDisabled = true
    catalogName = "com.ibm.ws.webcontainer.resources.Messages"
    catalogLocale = class java.util.Locale@4b6bd576
      LOCALECACHE = class java.util.Locale$Cache@453189ee
      ENGLISH = class java.util.Locale@7609dc3f
      FRENCH = class java.util.Locale@130bcc96
      GERMAN = class java.util.Locale@72128bb5
      ITALIAN = class java.util.Locale@3ba502e0
      JAPANESE = class java.util.Locale@3f5d98f
      KOREAN = class java.util.Locale@4e57ca1b
      CHINESE = class java.util.Locale@28febf47
      SIMPLIFIED_CHINESE = class java.util.Locale@3bdf0aba
      TRADITIONAL_CHINESE = class java.util.Locale@164b85ef
      FRANCE = class java.util.Locale@663c922f
      GERMANY = class java.util.Locale@3be51d28
      ITALY = class java.util.Locale@782c5a34
      JAPAN = class java.util.Locale@3202dc23
      KOREA = class java.util.Locale@302d8da6
      CHINA = class java.util.Locale@3bdf0aba
      PRC = class java.util.Locale@3bdf0aba
      TAIWAN = class java.util.Locale@164b85ef
      UK = class java.util.Locale@23b2dad6
      US = class java.util.Locale@39d5c96e
      CANADA = class java.util.Locale@1d92e9b3
      CANADA_FRENCH = class java.util.Locale@418e071a
      ROOT = class java.util.Locale@74df1197
      PRIVATE_USE_EXTENSION = x
      UNICODE_LOCALE_EXTENSION = u
      serialVersionUID = 9149081749638150636
      DISPLAY_LANGUAGE = 0
      DISPLAY_COUNTRY = 1
      DISPLAY_VARIANT = 2
      DISPLAY_SCRIPT = 3
      baseLocale = class sun.util.locale.BaseLocale@63d628db
      localeExtensions = null
      hashCodeValue = 95426060
      defaultLocale = class java.util.Locale@4b6bd576
      defaultDisplayLocale = null
      defaultFormatLocale = class java.util.Locale@4b6bd576
      languageTag = "de-AT"
      serialPersistentFields = class java.io.ObjectStreamField[6]
      isoLanguages = null
      isoCountries = null
      $assertionsDisabled = true
    treeLock = class java.lang.Object@171b81be
    parent = class com.ibm.ws.logging.internal.WsLogger@3582410
      tc = class com.ibm.websphere.ras.TraceComponent@30c5f6e3
      ivCachedResourceBundleName = "com.ibm.ws.webcontainer.resources.Messages"
      ivCachedResourceBundle = class com.ibm.ws.webcontainer.resources.Messages_de@4ba12d36
      ivComponent = null
      ivOrganization = null
      ivProduct = null
      ivMinimumLocalizationLevelIntValue = 625
      ivGroupName = null
      ivTC = class com.ibm.websphere.ras.TraceComponent@25f1664e
      loggerRegistrationComponent = class java.lang.ThreadLocal@579c1291
      emptyHandlers = class java.util.logging.Handler[0]
      offValue = 2147483647
      SYSTEM_LOGGER_RB_NAME = "sun.util.logging.resources.logging"
      SYSTEM_BUNDLE = class java.util.logging.Logger$LoggerBundle@126f86a3
      NO_RESOURCE_BUNDLE = class java.util.logging.Logger$LoggerBundle@1d253f98
      manager = class com.ibm.ws.kernel.boot.logging.WsLogManager@2a1aae37
      name = "com.ibm.ws.webcontainer"
      handlers = class java.util.concurrent.CopyOnWriteArrayList@3f09d25c
      loggerBundle = class java.util.logging.Logger$LoggerBundle@23fe6f2b
      useParentHandlers = true
      filter = null
      anonymous = false
      catalog = class com.ibm.ws.webcontainer.resources.Messages_de@4ba12d36
      catalogName = "com.ibm.ws.webcontainer.resources.Messages"
      catalogLocale = class java.util.Locale@4b6bd576
      treeLock = class java.lang.Object@171b81be
      parent = class java.util.logging.Logger@fe90728
      kids = class java.util.ArrayList@4de3437e
      levelObject = class java.util.logging.Level@4a18c34d
      levelValue = 800
      callersClassLoaderRef = class java.lang.ref.WeakReference@3c09e3ac
      isSystemLogger = false
      GLOBAL_LOGGER_NAME = "global"
      global = class java.util.logging.Logger@1490032b
      $assertionsDisabled = true
    kids = null
    levelObject = class java.util.logging.Level@4a18c34d
      defaultBundle = "sun.util.logging.resources.logging"
      name = "INFO"
      value = 800
      resourceBundleName = "sun.util.logging.resources.logging"
      localizedLevelName = "INFORMATION"
      cachedLocale = class java.util.Locale@4b6bd576
      OFF = class java.util.logging.Level@555487e6
      SEVERE = class java.util.logging.Level@847c950
      WARNING = class java.util.logging.Level@77b96a6c
      INFO = class java.util.logging.Level@4a18c34d
      CONFIG = class java.util.logging.Level@6401f6b5
      FINE = class java.util.logging.Level@151b3664
      FINER = class java.util.logging.Level@23a060de
      FINEST = class java.util.logging.Level@1f7684cc
      ALL = class java.util.logging.Level@74296dc9
      serialVersionUID = -8176160795706313070
    levelValue = 800
    callersClassLoaderRef = class java.lang.ref.WeakReference@5fcd7f1d
      referent = class org.eclipse.osgi.internal.loader.EquinoxClassLoader@807a941
      queue = class java.lang.ref.ReferenceQueue$Null@3e3a59d4
      next = null
      discovered = null
      lock = class java.lang.ref.Reference$Lock@42ec9eeb
      pending = null
    isSystemLogger = false
    GLOBAL_LOGGER_NAME = "global"
    global = class java.util.logging.Logger@1490032b
      emptyHandlers = class java.util.logging.Handler[0]
      offValue = 2147483647
      SYSTEM_LOGGER_RB_NAME = "sun.util.logging.resources.logging"
      SYSTEM_BUNDLE = class java.util.logging.Logger$LoggerBundle@126f86a3
      NO_RESOURCE_BUNDLE = class java.util.logging.Logger$LoggerBundle@1d253f98
      manager = class com.ibm.ws.kernel.boot.logging.WsLogManager@2a1aae37
      name = "global"
      handlers = class java.util.concurrent.CopyOnWriteArrayList@9498206
      loggerBundle = class java.util.logging.Logger$LoggerBundle@1d253f98
      useParentHandlers = true
      filter = null
      anonymous = false
      catalog = null
      catalogName = null
      catalogLocale = null
      treeLock = class java.lang.Object@171b81be
      parent = class java.util.logging.LogManager$RootLogger@19522821
      kids = null
      levelObject = null
      levelValue = 800
      callersClassLoaderRef = null
      isSystemLogger = true
      GLOBAL_LOGGER_NAME = "global"
      global = class java.util.logging.Logger@1490032b
      $assertionsDisabled = true
    $assertionsDisabled = true
  CLASS_NAME = "com.ibm.ws.webcontainer.filter.WebAppFilterChain"
  webapp = class com.ibm.ws.webcontainer.osgi.webapp.WebApp@3550cd8c
    tc = class com.ibm.websphere.ras.TraceComponent@4f1ccf8a
      strings[0] = "TraceComponent[com.ibm.ws.webcontainer.osgi.webapp.WebApp,class com.ibm.ws.webcontainer.osgi.webapp.WebApp,[webcontainer],com.ibm.ws.webcontainer.resources.LShimMessages,null]"
    CLASS_NAME = "com.ibm.ws.webcontainer.osgi.webapp.WebApp"
    metaDataService = class com.ibm.ws.container.service.metadata.internal.MetaDataServiceImpl@6e25c7e0
      applicationMetaDataManager = class com.ibm.ws.container.service.metadata.internal.ApplicationMetaDataManager@5aea340e
      moduleMetaDataManager = class com.ibm.ws.container.service.metadata.internal.ModuleMetaDataManager@507752c6
      componentMetaDataManager = class com.ibm.ws.container.service.metadata.internal.ComponentMetaDataManager@67f686fd
      methodMetaDataManager = class com.ibm.ws.container.service.metadata.internal.MethodMetaDataManager@621ac2ea
      appModuleNameToModuleContainer = class java.util.concurrent.ConcurrentHashMap@69dbc0e3
      jeeNameToComponentMetaData = class java.util.concurrent.ConcurrentHashMap@3d05e7c
      deferredMetaDataFactories = class com.ibm.wsspi.kernel.service.utils.ConcurrentServiceReferenceSet@50c2f195
      deferredMetaDataInitializers = class com.ibm.wsspi.kernel.service.utils.ConcurrentServiceReferenceMap@647b74f5
      serialVersionUID = 5173348198233259673
      $$$tc$$$ = class com.ibm.websphere.ras.TraceComponent@468a0b73
    namespacePopulated = false
    referenceContext = class com.ibm.ws.injectionengine.osgi.internal.OSGiReferenceContextImpl@6e96df97
      scopeData = class com.ibm.ws.injectionengine.osgi.internal.OSGiInjectionScopeData@358a11bf
      serialVersionUID = -5862502968678606919
      $$$tc$$$ = class com.ibm.websphere.ras.TraceComponent@58efdbaf
      CLASS_NAME = "com.ibm.ws.injectionengine.ReferenceContextImpl"
      tc = class com.ibm.ejs.ras.TraceComponent@31aa27f9
      ivInjectionEngine = class com.ibm.ws.injectionengine.osgi.internal.OSGiInjectionEngineImpl@524e4bdc
      ivProviders = class java.util.ArrayList@57c74e66
      ivComponentJavaContext = null
      ivComponentNameSpace = null
      ivJavaColonCompEnvMap = class java.util.LinkedHashMap@456cb98a
      ivEjbContext10 = class java.util.Properties@44ef62bd
      ivResourceRefConfigList = null
      isAlreadyProcessed = true
      ivProcessFailure = null
      ivInjectionTargetMap = class java.util.HashMap@64dfd157
      ivDeclaredInjectionTargets = class java.util.HashMap@90617d4
      ivProcessedInjectionClasses = class java.util.HashSet@29065f97
      ivProcessedInjectionBindings = class java.util.ArrayList@16c33a80
      ivAnyProcessDynamic = false
      ivCheckAppConfig = false
    j2eeNameFactory = class com.ibm.ws.container.service.metadata.internal.J2EENameFactoryImpl@7ab81854
      serialVersionUID = 3486344295038028821
      $$$tc$$$ = class com.ibm.websphere.ras.TraceComponent@517180fc
    moduleLoader = class com.ibm.ws.classloading.internal.AppClassLoader@18233f1c
      tc = class com.ibm.websphere.ras.TraceComponent@6745f9d6
      PARENT_FIRST_SEARCH_ORDER = class java.util.Collections$UnmodifiableRandomAccessList@234a79e8
      CLASS_LOADING_TRACE_PREFIX = "com.ibm.ws.class.load."
      DEFAULT_PACKAGE = "default.package"
      perPackageClassLoadingTraceComponents = class java.util.concurrent.ConcurrentHashMap@7641bf06
      config = class com.ibm.ws.classloading.internal.ClassLoaderConfigurationImpl@33dd5a7a
      privateLibraries = null
      delegateLoaders = class com.ibm.ws.classloading.internal.util.CompositeIterable@3fcf6810
      nativeLibraryFiles = class java.util.ArrayList@4fbac338
      transformers = class java.util.ArrayList@3478fc46
      apiAccess = class com.ibm.ws.classloading.internal.GatewayClassLoader@bf366bf
      PROTECTION_DOMAIN = class java.security.ProtectionDomain@6cfc6430
      serialVersionUID = -8503176786514635265
      tc = class com.ibm.websphere.ras.TraceComponent@552c866c
      EMPTY_URL_ARRAY = class java.net.URL[0]
      smartClassPath = class com.ibm.ws.classloading.internal.ContainerClassLoader$SmartClassPathImpl@29641464
      nativeLibraryContainers = class java.util.ArrayList@305ea173
      redefiner = class com.ibm.ws.classloading.internal.util.ClassRedefiner@4337f1f2
      mapCreationQueue = class java.util.concurrent.Executors$FinalizableDelegatedExecutorService@55ff811b
      serialVersionUID = 7561562533729935637
      serialVersionUID = -7411549862368381758
      $$$tc$$$ = class com.ibm.websphere.ras.TraceComponent@7d5b384a
      serialVersionUID = 161679851398543548
      $$$tc$$$ = class com.ibm.websphere.ras.TraceComponent@5bb0d1c4
      serialVersionUID = 2596921220292114344
      $$$tc$$$ = class com.ibm.websphere.ras.TraceComponent@4be69099
      initialized = true
      pdcache = class java.util.HashMap@4c3b7761
      debug = null
      parent = class com.ibm.ws.classloading.internal.GatewayClassLoader@bf366bf
      parallelLockMap = null
      package2certs = class java.util.Hashtable@1b1a50da
      nocerts = class java.security.cert.Certificate[0]
      classes = class java.util.Vector@ad344de
      defaultDomain = class java.security.ProtectionDomain@41d1a126
      packages = class java.util.HashMap@56465602
      scl = class sun.misc.Launcher$AppClassLoader@18b4aac2
      sclSet = true
      loadedLibraryNames = class java.util.Vector@1f134090
      systemNativeLibraries = class java.util.Vector@ff61218
      nativeLibraries = class java.util.Vector@43e24a51
      nativeLibraryContext = class java.util.Stack@2770f269
      usr_paths = class java.lang.String[40]
      sys_paths = class java.lang.String[1]
      assertionLock = class com.ibm.ws.classloading.internal.AppClassLoader@18233f1c
      defaultAssertionStatus = false
      packageAssertionStatus = null
      classAssertionStatus = null
    webAppConfig = class com.ibm.ws.webcontainer.osgi.webapp.WebAppConfiguration@7afa70ab
      webModuleMetaData = class com.ibm.ws.webcontainer.osgi.metadata.WebModuleMetaDataImpl@95c687a
      webComponentMetaData = class com.ibm.ws.webcontainer.osgi.metadata.WebComponentMetaDataImpl@625d0b00
      dVirtualHost = class com.ibm.ws.webcontainer.osgi.DynamicVirtualHost@49713705
      orderedLibPaths = class java.util.Collections$UnmodifiableRandomAccessList@5d3460a5
      bundleHeaders = null
      cdiEnabled = false
      CLASS_NAME = "com.ibm.ws.webcontainer.webapp.WebAppConfiguration"
      logger = class com.ibm.ws.logging.internal.WsLogger@5e1caef9
      tc = class com.ibm.websphere.ras.TraceComponent@5a6329da
      nls = class com.ibm.ejs.ras.TraceNLS@43f9a5f9
      version = 25
      contextRoot = "/ERP-light"
      sessionTimeout = 0
      moduleSessionTimeoutSet = false
      moduleSessionTrackingModeSet = false
      sessionCookieConfig = class com.ibm.ws.session.SessionCookieConfigImpl@6133220
      hasProgrammaticCookieConfig = false
      sessionDefaultTrackingModeSet = class java.util.RegularEnumSet@6c668520
      sessionManagerConfig = class com.ibm.ws.session.SessionManagerConfig@61a335fe
      displayName = "ERP-light VIEW"
      description = null
      reloadInterval = 0
      distributable = false
      denyUncoveredHttpMethods = false
      reloadingEnabled = false
      serveServletsByClassnameEnabled = null
      defaultErrorPage = null
      additionalClassPath = null
      fileServingEnabled = null
      directoryBrowsingEnabled = false
      autoRequestEncoding = false
      autoResponseEncoding = false
      autoLoadFilters = false
      requestListeners = null
      requestAttributeListeners = null
      sessionListeners = null
      localeMap = null
      moduleName = "ERP-light-0.0.1-SNAPSHOT"
      j2eeModuleName = "ERP-light-0.0.1-SNAPSHOT.war"
      moduleId = null
      isSyncToThreadEnabled = false
      isSystemApp = false
      ardEnabled = false
      ardDispatchType = null
      listeners = class java.util.ArrayList@2ac7eb44
      welcomeFileList = class java.util.ArrayList@241f4588
      servletMappings = class java.util.HashMap@3b82e119
      lastIndexBeforeDeclaredFilters = 0
      filterMappings = class java.util.ArrayList@63153ccc
      servletInfo = class java.util.HashMap@761d6621
      filterInfo = class java.util.HashMap@28704e6f
      mimeMappings = class java.util.HashMap@456f851
      mimeFilters = null
      isMimeFilteringEnabled = false
      theWebGroup = null
      jspAttributes = class java.util.HashMap@4e6f574b
      fileServingAttributes = class java.util.HashMap@535e0cc9
      invokerAttributes = class java.util.HashMap@797723fb
      contextParams = class java.util.HashMap@4a50d8f4
      virtualHost = "default_host"
      exceptionErrorPages = class java.util.HashMap@7e310bfa
      codeErrorPages = class java.util.HashMap@5d2a68b1
      tagLibList = null
      precompileJsps = false
      webApp = class com.ibm.ws.webcontainer.osgi.webapp.WebApp@3550cd8c
      virtualHostList = class java.util.Collections$EmptyList@1d02e014
      appStartupWeight = 0
      moduleStartupWeight = 0
      metaDataComplete = false
      classesToScan = class java.util.ArrayList@51591c38
      uriFilterMappingInfos = class java.util.ArrayList@2741a332
      servletFilterMappingInfos = null
      dynamicServletRegistrationMap = null
      applicationName = "ERP-light"
      libBinPathList = null
      webXmlDefinedListeners = class java.util.HashSet@29a0288b
      serviceRefs = class java.util.ArrayList@23287feb
      resourceRefs = class java.util.ArrayList@3a091f6a
      resourceRefBindings = class java.util.HashMap@107b632a
      resourceRefConfigList = null
      resourceEnvRefs = class java.util.ArrayList@3837e5de
      resourceEnvRefBindings = class java.util.HashMap@58801214
      messageDestRefs = class java.util.ArrayList@2a80a421
      messageDestRefBindings = class java.util.HashMap@61a9e068
      envEntries = class java.util.ArrayList@6637f096
      envEntryValues = class java.util.HashMap@3e7f5ef6
      envEntryBindings = class java.util.HashMap@117154b4
      dataSources = class java.util.ArrayList@3f754c52
      dataSourceBindings = class java.util.HashMap@661fb86a
      persistenceUnitRefs = class java.util.ArrayList@2253c2b1
      persistenceContextRefs = class java.util.ArrayList@399ce6bb
      ejbRefs = class java.util.ArrayList@2c1e2a06
      ejbLocalRefs = class java.util.ArrayList@37d90b07
      ejbRefBindings = class java.util.HashMap@b231107
      disallowAllFileServingProp = "false"
      disallowServeServletsByClassnameProp = "false"
      disableStaticMappingCache = false
      _id = "WebAppGeneratedId1"
      _attributes = null
      serialVersionUID = 7511545662945734886
      $$$tc$$$ = class com.ibm.websphere.ras.TraceComponent@7a42f732
    extensionProcessingDisabled = false
    loginProcessor = null
    logoutProcessor = null
    collabHelper = class com.ibm.ws.webcontainer.osgi.collaborator.CollaboratorHelperImpl@46bcf80e
      webAppInvCollabs = class java.util.Collections$UnmodifiableSet@6c3182fd
      securityDomainForApp = null
      logger = class com.ibm.ws.logging.internal.WsLogger@3f4cc0df
      staticDefaultSecurityCollaborator = class com.ibm.ws.webcontainer.collaborator.WebAppSecurityCollaborator@42cda9
      logger = class com.ibm.ws.logging.internal.WsLogger@3d9e2301
      CLASS_NAME = "com.ibm.wsspi.webcontainer.collaborator.CollaboratorHelper"
      webApp = class com.ibm.ws.webcontainer.osgi.webapp.WebApp@3550cd8c
      securityCollaborator = class com.ibm.ws.webcontainer.collaborator.WebAppSecurityCollaborator@42cda9
      nameSpaceCollaborator = class com.ibm.ws.webcontainer.osgi.collaborator.WebAppNameSpaceCollaboratorImpl@37a20966
      transactionCollaborator = class com.ibm.ws.webcontainer.collaborator.WebAppTransactionCollaborator@6e76c67b
      connectionCollaborator = class com.ibm.ws.webcontainer.collaborator.ConnectionCollaborator@718b1ea6
      allCollabEnum = class java.util.RegularEnumSet@78d17e39
      servlet_23_or_greater = true
    envObject = class com.ibm.ws.util.WSThreadLocal@5af0a3de
      tc = class com.ibm.ejs.ras.TraceComponent@1fd7e3ad
      count = 5
      index = 1
      SUSPECTED_MISUSAGE_THRESHOLD = 200
      threadLocalHashCode = -516769923
      nextHashCode = class java.util.concurrent.atomic.AtomicInteger@4ca3f28d
      HASH_INCREMENT = 1640531527
    orderedLibPaths = class java.util.Collections$UnmodifiableRandomAccessList@5d3460a5
      serialVersionUID = -2542308836966382001
      serialVersionUID = -283967356065247728
      list = class java.util.ArrayList@457edea1
      serialVersionUID = 1820017752578914078
      c = class java.util.ArrayList@457edea1
    perm = class com.ibm.websphere.security.WebSphereRuntimePermission@7fc15587
      serialVersionUID = -3306242789188168337
      $$$tc$$$ = class com.ibm.websphere.ras.TraceComponent@49a5346
      serialVersionUID = 6279438298436773498
      wildcard = false
      path = "accessServletContext"
      exitVM = false
      serialVersionUID = -5636570222231596674
      name = "accessServletContext"
    WELCOME_FILE_LIST = "com.ibm.ws.webcontainer.config.WelcomeFileList"
    DIR_BROWSING_MAPPING = "__dirBrowsing__1633950489320"
    FILTER_PROXY_MAPPING = "/__filterProxy__1633950489320"
    logger = class com.ibm.ws.logging.internal.WsLogger@5e1caef9
      tc = class com.ibm.websphere.ras.TraceComponent@30c5f6e3
      ivCachedResourceBundleName = "com.ibm.ws.webcontainer.resources.Messages"
      ivCachedResourceBundle = class com.ibm.ws.webcontainer.resources.Messages_de@4ba12d36
      ivComponent = null
      ivOrganization = null
      ivProduct = null
      ivMinimumLocalizationLevelIntValue = 625
      ivGroupName = null
      ivTC = class com.ibm.websphere.ras.TraceComponent@621135d4
      loggerRegistrationComponent = class java.lang.ThreadLocal@579c1291
      emptyHandlers = class java.util.logging.Handler[0]
      offValue = 2147483647
      SYSTEM_LOGGER_RB_NAME = "sun.util.logging.resources.logging"
      SYSTEM_BUNDLE = class java.util.logging.Logger$LoggerBundle@126f86a3
      NO_RESOURCE_BUNDLE = class java.util.logging.Logger$LoggerBundle@1d253f98
      manager = class com.ibm.ws.kernel.boot.logging.WsLogManager@2a1aae37
      name = "com.ibm.ws.webcontainer.webapp"
      handlers = class java.util.concurrent.CopyOnWriteArrayList@5a3aa758
      loggerBundle = class java.util.logging.Logger$LoggerBundle@1dd520d2
      useParentHandlers = true
      filter = null
      anonymous = false
      catalog = class com.ibm.ws.webcontainer.resources.Messages_de@4ba12d36
      catalogName = "com.ibm.ws.webcontainer.resources.Messages"
      catalogLocale = class java.util.Locale@4b6bd576
      treeLock = class java.lang.Object@171b81be
      parent = class com.ibm.ws.logging.internal.WsLogger@3582410
      kids = null
      levelObject = class java.util.logging.Level@4a18c34d
      levelValue = 800
      callersClassLoaderRef = class java.lang.ref.WeakReference@2c8ed22b
      isSystemLogger = false
      GLOBAL_LOGGER_NAME = "global"
      global = class java.util.logging.Logger@1490032b
      $assertionsDisabled = true
    CLASS_NAME = "com.ibm.ws.webcontainer.webapp.WebApp"
    loader = class com.ibm.ws.classloading.internal.ThreadContextClassLoader@4552562f
      tc = class com.ibm.websphere.ras.TraceComponent@7a74b9eb
      bundle = class java.util.concurrent.atomic.AtomicReference@23f5270
      key = "WebModule:ERP-light#ERP-light-0.0.1-SNAPSHOT.war"
      refCount = class java.util.concurrent.atomic.AtomicInteger@4ce4ff3c
      serialVersionUID = 2718662781678069765
      followOnClassLoaders = class java.util.ArrayList@63f0a5ca
      serialVersionUID = 5933218255537285806
      $$$tc$$$ = class com.ibm.websphere.ras.TraceComponent@66e2e149
      serialVersionUID = 161679851398543548
      $$$tc$$$ = class com.ibm.websphere.ras.TraceComponent@5bb0d1c4
      serialVersionUID = 2596921220292114344
      $$$tc$$$ = class com.ibm.websphere.ras.TraceComponent@4be69099
      initialized = true
      pdcache = class java.util.HashMap@4a4f24da
      debug = null
      parent = class com.ibm.ws.classloading.internal.GatewayClassLoader@4c98d7e1
      parallelLockMap = null
      package2certs = class java.util.Hashtable@329b5331
      nocerts = class java.security.cert.Certificate[0]
      classes = class java.util.Vector@59ed5741
      defaultDomain = class java.security.ProtectionDomain@3fd57743
      packages = class java.util.HashMap@c8ffd97
      scl = class sun.misc.Launcher$AppClassLoader@18b4aac2
      sclSet = true
      loadedLibraryNames = class java.util.Vector@1f134090
      systemNativeLibraries = class java.util.Vector@ff61218
      nativeLibraries = class java.util.Vector@646535ec
      nativeLibraryContext = class java.util.Stack@2770f269
      usr_paths = class java.lang.String[40]
      sys_paths = class java.lang.String[1]
      assertionLock = class com.ibm.ws.classloading.internal.ThreadContextClassLoader@4552562f
      defaultAssertionStatus = false
      packageAssertionStatus = null
      classAssertionStatus = null
    facade = class com.ibm.wsspi.webcontainer.facade.ServletContextFacade@1ad08b7
      context = class com.ibm.ws.webcontainer.osgi.webapp.WebApp@3550cd8c
    features = class java.util.ArrayList@7fe2616f
      serialVersionUID = 8683452581122892189
      DEFAULT_CAPACITY = 10
      EMPTY_ELEMENTDATA = class java.lang.Object[0]
      DEFAULTCAPACITY_EMPTY_ELEMENTDATA = class java.lang.Object[0]
      elementData = class java.lang.Object[0]
      size = 0
      MAX_ARRAY_SIZE = 2147483639
      modCount = 0
      MAX_ARRAY_SIZE = 2147483639
    applicationName = "ERP-light"
    config = class com.ibm.ws.webcontainer.osgi.webapp.WebAppConfiguration@7afa70ab
    securityEnabledForApp = false
    webExtensionProcessor = class com.ibm.ws.webcontainer.osgi.extension.WebExtensionProcessor@afa7e79
      webApp = class com.ibm.ws.webcontainer.osgi.webapp.WebApp@3550cd8c
      extensionContext = class com.ibm.ws.webcontainer.osgi.webapp.WebApp@3550cd8c
    production = true
    isServlet23 = true
    contextPath = "/ERP-light"
    internalServletList = class [Ljava.lang.String;[2]
      internalServletList[0] = class java.lang.String[2]
      internalServletList[1] = class java.lang.String[2]
    BY_NAME_ONLY = "/_1633950489321_/"
    filterManager = class com.ibm.ws.webcontainer.osgi.filter.WebAppFilterManagerImpl@58ab2c8b
      _filterWrappers = class java.util.Hashtable@733cbf22
      chainCache = class java.util.Collections$SynchronizedMap@cf3175d
      forwardChainCache = class java.util.Collections$SynchronizedMap@99e7f4
      includeChainCache = class java.util.Collections$SynchronizedMap@4da5fb0a
      errorChainCache = class java.util.Collections$SynchronizedMap@5bf69833
      _filtersDefined = true
      FMI_MAPPING_SINGLE_SLASH = 0
      FMI_MAPPING_PATH_MATCH = 1
      FMI_MAPPING_EXTENSION_MATCH = 2
      FMI_MAPPING_EXACT_MATCH = 3
      logger = class com.ibm.ws.logging.internal.WsLogger@1a309511
      CLASS_NAME = "com.ibm.ws.webcontainer.filter.WebAppFilterManager"
      nls = class com.ibm.ejs.ras.TraceNLS@4fab35ef
      webAppConfig = class com.ibm.ws.webcontainer.osgi.webapp.WebAppConfiguration@7afa70ab
      webApp = class com.ibm.ws.webcontainer.osgi.webapp.WebApp@3550cd8c
      collabHelper = class com.ibm.ws.webcontainer.osgi.collaborator.CollaboratorHelperImpl@46bcf80e
      webAppNameSpaceCollab = class com.ibm.ws.webcontainer.osgi.collaborator.WebAppNameSpaceCollaboratorImpl@37a20966
      secCollab = class com.ibm.ws.webcontainer.collaborator.WebAppSecurityCollaborator@42cda9
      sessionSecurityIntegrationEnabled = true
      assumeFilterSuccessOnSecurityError = false
      useOriginalRequestState = false
      _evtSource = class com.ibm.ws.webcontainer.webapp.WebAppEventSource@6dfe7eb2
      defaultComponentMetaData = class com.ibm.ws.webcontainer.osgi.metadata.WebComponentMetaDataImpl@625d0b00
    documentRoot = null
    SERVLET_API_VERSION = "Servlet 2.5"
    disableServletAuditLogging = 0
    serverInfo = "SMF WebContainer"
    sessionCtx = class com.ibm.ws.webcontainer.session.impl.HttpSessionContextImpl@34aed7e8
      methodClassName = "HttpSessionContextImpl"
      _smc = class com.ibm.ws.session.SessionManagerConfig@61a335fe
      sessionStoreService = null
      _sap = class com.ibm.ws.session.SessionApplicationParameters@1cb572ac
      _coreHttpSessionManager = class com.ibm.ws.session.SessionManager@c03bf39
      _coreHttpAppSessionManager = null
      _sam = class com.ibm.ws.webcontainer.session.impl.SessionAffinityManagerImpl@2ec105db
      isSIPApplication = false
      sessionAttributeListener = false
      sessionListener = true
      mHttpSessionAttributeListeners = class java.util.ArrayList@56b5d938
      mHttpSessionListeners = class java.util.ArrayList@6122f150
      mHttpSessionIdListeners = class java.util.ArrayList@7049703a
      mHttpSessionAttributeListenersJ2eeNames = class java.util.ArrayList@56005c35
      mHttpSessionListenersJ2eeNames = class java.util.ArrayList@2e0433d4
      mHttpSessionIdListenersJ2eeNames = class java.util.ArrayList@58daef35
      mLocalHost = null
      _refCount = 1
      currentThreadSacHashtable = null
      methodClassName = "SessionContext"
      ANONYMOUS_USER = "anonymous"
      wasHttpSessionObserver = class com.ibm.ws.session.WasHttpSessionObserver@63a98cb4
      wasHttpSessionAttributeObserver = null
      _invalidator = class com.ibm.ws.session.SessionInvalidator@371c8500
      _storer = class com.ibm.ws.session.EOSSessionStorer@38899aa4
      wasHttpAppSessionObserver = null
      mHttpAppSessionListeners = null
      cmvcInfo = "CMVC Version 1.9 6/24/07 11:12:24"
      _loggedVersion = true
      CREATE_CORE_SESSION_MANAGER = 0
      GET_REQUESTED_SESSION_ID = 1
      GET_IHTTP_SESSION = 2
      SESSION_PRE_INVOKE = 3
      SESSION_POST_INVOKE = 4
      STOP = 5
      STOP_LISTENERS = 6
      IS_VALID = 7
      ENCODE_URL = 8
      SHOULD_ENCODE_URL = 9
      IS_PROTOCOL_SWITCH = 10
      GET_LOCAL_HOST = 11
      ADD_HTTP_SESSION_ATTRIBUTE_LISTENER = 12
      ADD_HTTP_SESSION_LISTENER = 13
      GET_SESSION_AFFINITY_CONTEXT = 14
      CHECK_SECURITY = 15
      INVALIDATE = 16
      CHECK_SESSSIONID_IS_RIGHT_LENGTH = 17
      LOCK_SESSION = 18
      UNLOCK_SESSION = 19
      ADD_HTTP_SESSION_ID_LISTENER = 20
      methodNames = class java.lang.String[21]
    eventSource = class com.ibm.ws.webcontainer.webapp.WebAppEventSource@6dfe7eb2
      _invocationListeners = class com.ibm.ws.webcontainer.util.EventListeners@3c9792ae
      _servletListeners = class com.ibm.ws.webcontainer.util.EventListeners@3b574ae6
      _errorListeners = class com.ibm.ws.webcontainer.util.EventListeners@2b71a981
      _applicationListeners = class com.ibm.ws.webcontainer.util.EventListeners@8627dde
      _filterInvocationListeners = class com.ibm.ws.webcontainer.util.EventListeners@8e08c9e
      _filterListeners = class com.ibm.ws.webcontainer.util.EventListeners@961f71e
      _filterErrorListeners = class com.ibm.ws.webcontainer.util.EventListeners@2ffa7a12
    nls = class com.ibm.ejs.ras.TraceNLS@fa3761e
      resolver = class com.ibm.ws.logging.internal.TraceNLSResolver@208cfed8
      finder = null
      ivBundleName = "com.ibm.ws.webcontainer.resources.Messages"
      caller = class java.lang.Class@66d891fd
    liberty_nls = class com.ibm.ejs.ras.TraceNLS@e6dcc15
      resolver = class com.ibm.ws.logging.internal.TraceNLSResolver@208cfed8
      finder = null
      ivBundleName = "com.ibm.ws.webcontainer.resources.LShimMessages"
      caller = class java.lang.Class@66d891fd
    error_nls = class com.ibm.ejs.ras.TraceNLS@4cbe4ba7
      resolver = class com.ibm.ws.logging.internal.TraceNLSResolver@208cfed8
      finder = null
      ivBundleName = "com.ibm.ws.webcontainer.resources.ErrorPage"
      caller = class java.lang.Class@66d891fd
    sessionListeners = class java.util.ArrayList@52abb76c
      serialVersionUID = 8683452581122892189
      DEFAULT_CAPACITY = 10
      EMPTY_ELEMENTDATA = class java.lang.Object[0]
      DEFAULTCAPACITY_EMPTY_ELEMENTDATA = class java.lang.Object[0]
      elementData = class java.lang.Object[10]
      size = 1
      MAX_ARRAY_SIZE = 2147483639
      modCount = 2
      MAX_ARRAY_SIZE = 2147483639
    sessionIdListeners = class java.util.ArrayList@46ac38a1
      serialVersionUID = 8683452581122892189
      DEFAULT_CAPACITY = 10
      EMPTY_ELEMENTDATA = class java.lang.Object[0]
      DEFAULTCAPACITY_EMPTY_ELEMENTDATA = class java.lang.Object[0]
      elementData = class java.lang.Object[0]
      size = 0
      MAX_ARRAY_SIZE = 2147483639
      modCount = 0
      MAX_ARRAY_SIZE = 2147483639
    sessionAttrListeners = class java.util.ArrayList@26c14905
      serialVersionUID = 8683452581122892189
      DEFAULT_CAPACITY = 10
      EMPTY_ELEMENTDATA = class java.lang.Object[0]
      DEFAULTCAPACITY_EMPTY_ELEMENTDATA = class java.lang.Object[0]
      elementData = class java.lang.Object[0]
      size = 0
      MAX_ARRAY_SIZE = 2147483639
      modCount = 1
      MAX_ARRAY_SIZE = 2147483639
    addedSessionListeners = class java.util.ArrayList@181ccd09
      serialVersionUID = 8683452581122892189
      DEFAULT_CAPACITY = 10
      EMPTY_ELEMENTDATA = class java.lang.Object[0]
      DEFAULTCAPACITY_EMPTY_ELEMENTDATA = class java.lang.Object[0]
      elementData = class java.lang.Object[0]
      size = 0
      MAX_ARRAY_SIZE = 2147483639
      modCount = 0
      MAX_ARRAY_SIZE = 2147483639
    addedSessionAttrListeners = class java.util.ArrayList@178319b1
      serialVersionUID = 8683452581122892189
      DEFAULT_CAPACITY = 10
      EMPTY_ELEMENTDATA = class java.lang.Object[0]
      DEFAULTCAPACITY_EMPTY_ELEMENTDATA = class java.lang.Object[0]
      elementData = class java.lang.Object[0]
      size = 0
      MAX_ARRAY_SIZE = 2147483639
      modCount = 0
      MAX_ARRAY_SIZE = 2147483639
    servletContextListeners = class java.util.ArrayList@304d42d0
      serialVersionUID = 8683452581122892189
      DEFAULT_CAPACITY = 10
      EMPTY_ELEMENTDATA = class java.lang.Object[0]
      DEFAULTCAPACITY_EMPTY_ELEMENTDATA = class java.lang.Object[0]
      elementData = class java.lang.Object[10]
      size = 1
      MAX_ARRAY_SIZE = 2147483639
      modCount = 2
      MAX_ARRAY_SIZE = 2147483639
    servletContextLAttrListeners = class java.util.ArrayList@1c68bcbd
      serialVersionUID = 8683452581122892189
      DEFAULT_CAPACITY = 10
      EMPTY_ELEMENTDATA = class java.lang.Object[0]
      DEFAULTCAPACITY_EMPTY_ELEMENTDATA = class java.lang.Object[0]
      elementData = class java.lang.Object[0]
      size = 0
      MAX_ARRAY_SIZE = 2147483639
      modCount = 1
      MAX_ARRAY_SIZE = 2147483639
    servletRequestListeners = class java.util.ArrayList@62624ebc
      serialVersionUID = 8683452581122892189
      DEFAULT_CAPACITY = 10
      EMPTY_ELEMENTDATA = class java.lang.Object[0]
      DEFAULTCAPACITY_EMPTY_ELEMENTDATA = class java.lang.Object[0]
      elementData = class java.lang.Object[0]
      size = 0
      MAX_ARRAY_SIZE = 2147483639
      modCount = 1
      MAX_ARRAY_SIZE = 2147483639
    servletRequestLAttrListeners = class java.util.ArrayList@6d239dd0
      serialVersionUID = 8683452581122892189
      DEFAULT_CAPACITY = 10
      EMPTY_ELEMENTDATA = class java.lang.Object[0]
      DEFAULTCAPACITY_EMPTY_ELEMENTDATA = class java.lang.Object[0]
      elementData = class java.lang.Object[0]
      size = 0
      MAX_ARRAY_SIZE = 2147483639
      modCount = 1
      MAX_ARRAY_SIZE = 2147483639
    prependSlashToResource = false
    destroyed = false
    webAppNameSpaceCollab = class com.ibm.ws.webcontainer.osgi.collaborator.WebAppNameSpaceCollaboratorImpl@37a20966
      cmdai = class com.ibm.ws.threadContext.ComponentMetaDataAccessorImpl@1ae3e148
    txCollab = class com.ibm.ws.webcontainer.collaborator.WebAppTransactionCollaborator@6e76c67b
      logger = class com.ibm.ws.logging.internal.WsLogger@3f4cc0df
      CLASS_NAME = "com.ibm.ws.webcontainer.collaborator.WebAppTransactionCollaborator"
    sessionActivationListeners = class java.util.ArrayList@1e1162a7
      serialVersionUID = 8683452581122892189
      DEFAULT_CAPACITY = 10
      EMPTY_ELEMENTDATA = class java.lang.Object[0]
      DEFAULTCAPACITY_EMPTY_ELEMENTDATA = class java.lang.Object[0]
      elementData = class java.lang.Object[0]
      size = 0
      MAX_ARRAY_SIZE = 2147483639
      modCount = 1
      MAX_ARRAY_SIZE = 2147483639
    sessionBindingListeners = class java.util.ArrayList@6fada1a8
      serialVersionUID = 8683452581122892189
      DEFAULT_CAPACITY = 10
      EMPTY_ELEMENTDATA = class java.lang.Object[0]
      DEFAULTCAPACITY_EMPTY_ELEMENTDATA = class java.lang.Object[0]
      elementData = class java.lang.Object[0]
      size = 0
      MAX_ARRAY_SIZE = 2147483639
      modCount = 1
      MAX_ARRAY_SIZE = 2147483639
    scratchdir = null
    jspClassLoaderLimit = 0
    jspClassLoaderExclusionList = null
    jspClassLoadersMap = null
    jspClassLoaderLimitTrackIF = false
    defaultExtProc = null
    directoryBrowsingServlet = null
    cdiContexts = class java.util.concurrent.ConcurrentHashMap@48e36c02
      serialVersionUID = 7249069246763182397
      MAXIMUM_CAPACITY = 1073741824
      DEFAULT_CAPACITY = 16
      MAX_ARRAY_SIZE = 2147483639
      DEFAULT_CONCURRENCY_LEVEL = 16
      LOAD_FACTOR = 0.75
      TREEIFY_THRESHOLD = 8
      UNTREEIFY_THRESHOLD = 6
      MIN_TREEIFY_CAPACITY = 64
      MIN_TRANSFER_STRIDE = 16
      RESIZE_STAMP_BITS = 16
      MAX_RESIZERS = 65535
      RESIZE_STAMP_SHIFT = 16
      MOVED = -1
      TREEBIN = -2
      RESERVED = -3
      HASH_BITS = 2147483647
      NCPU = 4
      serialPersistentFields = class java.io.ObjectStreamField[3]
      table = class java.util.concurrent.ConcurrentHashMap$Node[16]
      nextTable = null
      baseCount = 1
      sizeCtl = 12
      transferIndex = 0
      cellsBusy = 0
      counterCells = null
      keySet = null
      values = null
      entrySet = null
      U = class sun.misc.Unsafe@16bfb5d2
      SIZECTL = 20
      TRANSFERINDEX = 32
      BASECOUNT = 24
      CELLSBUSY = 36
      CELLVALUE = 144
      ABASE = 16
      ASHIFT = 2
      keySet = null
      values = null
    moduleConfig = class com.ibm.ws.webcontainer.osgi.container.DeployedModule@10fe3e7b
      tc = class com.ibm.websphere.ras.TraceComponent@64369181
      loader = class com.ibm.ws.classloading.internal.ThreadContextClassLoader@4552562f
      webApp = class com.ibm.ws.webcontainer.osgi.webapp.WebApp@3550cd8c
      webAppConfig = class com.ibm.ws.webcontainer.osgi.webapp.WebAppConfiguration@7afa70ab
      contextRootAdded = null
      properContextRoot = "/ERP-light"
      mappingContextRoot = "/ERP-light/*"
      serialVersionUID = -2104814060051592457
      $$$tc$$$ = class com.ibm.websphere.ras.TraceComponent@152fc2c4
    extensionFactories = class java.util.ArrayList@5ef6299
      serialVersionUID = 8683452581122892189
      DEFAULT_CAPACITY = 10
      EMPTY_ELEMENTDATA = class java.lang.Object[0]
      DEFAULTCAPACITY_EMPTY_ELEMENTDATA = class java.lang.Object[0]
      elementData = class java.lang.Object[10]
      size = 1
      MAX_ARRAY_SIZE = 2147483639
      modCount = 1
      MAX_ARRAY_SIZE = 2147483639
    initialized = true
    lock = class com.ibm.ws.webcontainer.webapp.WebApp$1@7cd236d
      this$0 = class com.ibm.ws.webcontainer.osgi.webapp.WebApp@3550cd8c
    afterServletContextCreated = false
    redirectContextRoot = false
    errorExceptionTypeFirst = false
    initFilterBeforeServletInit = false
    sortedServletConfigs = class java.util.ArrayList@541dccea
      serialVersionUID = 8683452581122892189
      DEFAULT_CAPACITY = 10
      EMPTY_ELEMENTDATA = class java.lang.Object[0]
      DEFAULTCAPACITY_EMPTY_ELEMENTDATA = class java.lang.Object[0]
      elementData = class java.lang.Object[10]
      size = 1
      MAX_ARRAY_SIZE = 2147483639
      modCount = 1
      MAX_ARRAY_SIZE = 2147483639
    effectiveMajorVersion = 2
    effectiveMinorVersion = 5
    canAddServletContextListener = true
    withinContextInitOfProgAddListener = false
    webInfLibClassloader = null
    metaInfCache = class com.ibm.ws.webcontainer.webapp.WebApp$2@35f13df4
      this$0 = class com.ibm.ws.webcontainer.osgi.webapp.WebApp@3550cd8c
      serialVersionUID = 3801124242820219131
      head = null
      tail = null
      accessOrder = true
      serialVersionUID = 362498820763181265
      DEFAULT_INITIAL_CAPACITY = 16
      MAXIMUM_CAPACITY = 1073741824
      DEFAULT_LOAD_FACTOR = 0.75
      TREEIFY_THRESHOLD = 8
      UNTREEIFY_THRESHOLD = 6
      MIN_TREEIFY_CAPACITY = 64
      table = null
      entrySet = null
      size = 0
      modCount = 0
      threshold = 32
      loadFactor = 1.0
      keySet = null
      values = null
    useMetaInfCache = true
    SUN_CONFIGURE_LISTENER_CLASSNAME = "com.sun.faces.config.ConfigureListener"
    MYFACES_LIFECYCLE_LISTENER_CLASSNAME = "org.apache.myfaces.webapp.StartupServletContextListener"
    JSF_IMPL_ENABLED_PARAM = "com.ibm.ws.jsf.JSF_IMPL_ENABLED"
    JSF_IMPL_ENABLED_CUSTOM = "Custom"
    JSF_IMPL_ENABLED_NONE = "None"
    staticDocRoot = class com.ibm.ws.webcontainer.util.DocumentRootUtils@4b746a79
      logger = class com.ibm.ws.logging.internal.WsLogger@53a22e2d
      CLASS_NAME = "com.ibm.ws.webcontainer.util.DocumentRootUtils"
      useContentLength = false
      matchedFile = null
      matchedZipFile = null
      matchedEntry = null
      matchedURL = null
      edrRoot = null
      pfedrRoot = null
      ctxt = class com.ibm.ws.webcontainer.osgi.webapp.WebApp@3550cd8c
      baseDir = null
      edr = null
      pfedr = null
      metaInfRes = null
      searchpfEDR = true
      searchEDR = true
      searchMetaInfRes = true
      matchFromEDR = false
      matchFromMetaInfRes = false
      matchIsADirectory = false
      appConfig = class com.ibm.ws.webcontainer.osgi.webapp.WebAppConfiguration@7afa70ab
      attributeType = "staticFile"
      STATIC_FILE = "staticFile"
      JSP = "jsp"
      PFEDR = "preFragmentExtendedDocumentRoot"
      EDR = "extendedDocumentRoot"
    jspDocRoot = class com.ibm.ws.webcontainer.util.DocumentRootUtils@254cfe31
      logger = class com.ibm.ws.logging.internal.WsLogger@53a22e2d
      CLASS_NAME = "com.ibm.ws.webcontainer.util.DocumentRootUtils"
      useContentLength = false
      matchedFile = null
      matchedZipFile = null
      matchedEntry = null
      matchedURL = null
      edrRoot = null
      pfedrRoot = null
      ctxt = class com.ibm.ws.webcontainer.osgi.webapp.WebApp@3550cd8c
      baseDir = null
      edr = null
      pfedr = null
      metaInfRes = null
      searchpfEDR = true
      searchEDR = true
      searchMetaInfRes = true
      matchFromEDR = false
      matchFromMetaInfRes = false
      matchIsADirectory = false
      appConfig = class com.ibm.ws.webcontainer.osgi.webapp.WebAppConfiguration@7afa70ab
      attributeType = "jsp"
      STATIC_FILE = "staticFile"
      JSP = "jsp"
      PFEDR = "preFragmentExtendedDocumentRoot"
      EDR = "extendedDocumentRoot"
    container = class com.ibm.ws.adaptable.module.internal.AdaptableContainerImpl@68cc5673
      root = class com.ibm.ws.adaptable.module.internal.AdaptableContainerImpl@68cc5673
      rootOverlay = class com.ibm.ws.artifact.overlay.internal.DirectoryBasedOverlayContainerImpl@6c99b02d
      factoryHolder = class com.ibm.ws.adaptable.module.internal.AdaptableModuleFactoryImpl@5fc658f0
      delegate = class com.ibm.ws.artifact.overlay.internal.DirectoryBasedOverlayContainerImpl@6c99b02d
      notifier = class com.ibm.ws.adaptable.module.internal.NotifierImpl@1eb6eb40
      serialVersionUID = -5621513278641113667
      $$$tc$$$ = class com.ibm.websphere.ras.TraceComponent@4f6f38c2
    metaInfResourceFinder = class com.ibm.ws.webcontainer.util.MetaInfResourceFinder@1f0c0cee
      jarResourceContainers = class java.util.ArrayList@c482fd2
      container = class com.ibm.ws.adaptable.module.internal.AdaptableContainerImpl@68cc5673
    postConstructMethods = class com.ibm.ws.webcontainer.webapp.WebApp$AnnotatedMethods@23ae9c66
      annotationClass = class java.lang.Class@1ff67082
      noOpClassNames = class java.util.HashSet@6c5e5431
      annotatedMethodNames = class java.util.HashMap@2b49ded5
      EMPTY_METHODS = class java.lang.reflect.Method[0]
    preDestroyMethods = class com.ibm.ws.webcontainer.webapp.WebApp$AnnotatedMethods@4b611dc8
      annotationClass = class java.lang.Class@e5a651b
      noOpClassNames = class java.util.HashSet@d2ed124
      annotatedMethodNames = class java.util.HashMap@721ce8a
      EMPTY_METHODS = class java.lang.reflect.Method[0]
    OBJ_EMPTY = class java.lang.Object[0]
    CLASS_EMPTY = class java.lang.Class[0]
    DEFAULT_JSP_EXTENSIONS = class java.util.ArrayList@91ecfe3
      serialVersionUID = 8683452581122892189
      DEFAULT_CAPACITY = 10
      EMPTY_ELEMENTDATA = class java.lang.Object[0]
      DEFAULTCAPACITY_EMPTY_ELEMENTDATA = class java.lang.Object[0]
      elementData = class java.lang.Object[10]
      size = 4
      MAX_ARRAY_SIZE = 2147483639
      modCount = 4
      MAX_ARRAY_SIZE = 2147483639
    DO_ACCEPT_PARTIAL = true
    DO_NOT_ACCEPT_PARTIAL = false
    DO_ACCEPT_EXCLUDED = true
    DO_NOT_ACCEPT_EXCLUDED = false
    commands = class java.util.ArrayList@21902649
      serialVersionUID = 8683452581122892189
      DEFAULT_CAPACITY = 10
      EMPTY_ELEMENTDATA = class java.lang.Object[0]
      DEFAULTCAPACITY_EMPTY_ELEMENTDATA = class java.lang.Object[0]
      elementData = class java.lang.Object[3]
      size = 0
      MAX_ARRAY_SIZE = 2147483639
      modCount = 0
      MAX_ARRAY_SIZE = 2147483639
    requestMapper = class com.ibm.wsspi.webcontainer.util.URIMapper@62dce0ee
      matcher = class com.ibm.wsspi.webcontainer.util.URIMatcher@12b46127
    parent = class com.ibm.ws.webcontainer.osgi.webapp.WebGroup@1d425a81
      tc = class com.ibm.websphere.ras.TraceComponent@204c7ab2
      logger = class com.ibm.ws.logging.internal.WsLogger@5e1caef9
      CLASS_NAME = "com.ibm.ws.webcontainer.webapp.WebGroup"
      sessUrlRewritePrefix = ";jsessionid="
      qMark = "?"
      config = class com.ibm.ws.webcontainer.osgi.webapp.WebGroupConfiguration@427bea58
      webApp = class com.ibm.ws.webcontainer.osgi.webapp.WebApp@3550cd8c
      commands = class java.util.ArrayList@f30ddce
      requestMapper = null
      parent = class com.ibm.ws.webcontainer.osgi.DynamicVirtualHost@49713705
      name = "/ERP-light/*"
      isAlive = true
      subElements = class java.util.HashMap@e8092ff
      attributes = null
      config = null
      serialVersionUID = -8271459000149267764
      $$$tc$$$ = class com.ibm.websphere.ras.TraceComponent@7b47cb1d
    name = "ERP-light-0.0.1-SNAPSHOT"
    isAlive = true
    subElements = null
    attributes = class java.util.Collections$SynchronizedMap@1d208ba1
      serialVersionUID = 1978198479659022715
      m = class java.util.HashMap@c0c1466
      mutex = class java.util.Collections$SynchronizedMap@1d208ba1
      keySet = null
      entrySet = class java.util.Collections$SynchronizedSet@358d1a84
      values = null
    config = null
    serialVersionUID = -8271459000149267764
    $$$tc$$$ = class com.ibm.websphere.ras.TraceComponent@7b47cb1d
      strings[0] = "TraceComponent[com.ibm.ws.container.AbstractContainer,class com.ibm.ws.container.AbstractContainer,[],null,null]"

