------Start of DE processing------ = [04.11.21 21:13:31:950 MEZ]
Exception = org.springframework.web.util.NestedServletException
Source = com.ibm.ws.webcontainer.filter.WebAppFilterChain.doFilter
probeid = 82
Stack Dump = org.springframework.web.util.NestedServletException: Request processing failed; nested exception is org.hibernate.hql.internal.ast.QuerySyntaxException: unexpected token: . near line 1, column 162 [FROM at.erp.light.view.model.Person p left join fetch p.lastEditor left join fetch p.address left join fetch city left join fetch country left join fetch WHERE p.active=1 ORDER BY p.lastName, p.firstName]
	at org.springframework.web.servlet.FrameworkServlet.processRequest(FrameworkServlet.java:978)
	at org.springframework.web.servlet.FrameworkServlet.doPost(FrameworkServlet.java:868)
	at javax.servlet.http.HttpServlet.service(HttpServlet.java:595)
	at org.springframework.web.servlet.FrameworkServlet.service(FrameworkServlet.java:842)
	at javax.servlet.http.HttpServlet.service(HttpServlet.java:668)
	at com.ibm.ws.webcontainer.servlet.ServletWrapper.service(ServletWrapper.java:1275)
	at com.ibm.ws.webcontainer.servlet.ServletWrapper.handleRequest(ServletWrapper.java:766)
	at com.ibm.ws.webcontainer.servlet.ServletWrapper.handleRequest(ServletWrapper.java:472)
	at com.ibm.ws.webcontainer.filter.WebAppFilterChain.invokeTarget(WebAppFilterChain.java:135)
	at com.ibm.ws.webcontainer.filter.WebAppFilterChain.doFilter(WebAppFilterChain.java:89)
	at at.erp.light.view.filter.SecurityFilter.doFilter(SecurityFilter.java:72)
	at com.ibm.ws.webcontainer.filter.FilterInstanceWrapper.doFilter(FilterInstanceWrapper.java:192)
	at com.ibm.ws.webcontainer.filter.WebAppFilterChain.doFilter(WebAppFilterChain.java:86)
	at com.ibm.ws.webcontainer.filter.WebAppFilterManager.doFilter(WebAppFilterManager.java:975)
	at com.ibm.ws.webcontainer.filter.WebAppFilterManager.invokeFilters(WebAppFilterManager.java:1097)
	at com.ibm.ws.webcontainer.webapp.WebApp.handleRequest(WebApp.java:4797)
	at com.ibm.ws.webcontainer.osgi.DynamicVirtualHost$2.handleRequest(DynamicVirtualHost.java:297)
	at com.ibm.ws.webcontainer.WebContainer.handleRequest(WebContainer.java:981)
	at com.ibm.ws.webcontainer.osgi.DynamicVirtualHost$2.run(DynamicVirtualHost.java:262)
	at com.ibm.ws.http.dispatcher.internal.channel.HttpDispatcherLink$TaskWrapper.run(HttpDispatcherLink.java:938)
	at java.util.concurrent.ThreadPoolExecutor.runWorker(ThreadPoolExecutor.java:1149)
	at java.util.concurrent.ThreadPoolExecutor$Worker.run(ThreadPoolExecutor.java:624)
	at java.lang.Thread.run(Thread.java:748)
Caused by: org.hibernate.hql.internal.ast.QuerySyntaxException: unexpected token: . near line 1, column 162 [FROM at.erp.light.view.model.Person p left join fetch p.lastEditor left join fetch p.address left join fetch city left join fetch country left join fetch WHERE p.active=1 ORDER BY p.lastName, p.firstName]
	at org.hibernate.hql.internal.ast.QuerySyntaxException.convert(QuerySyntaxException.java:54)
	at org.hibernate.hql.internal.ast.QuerySyntaxException.convert(QuerySyntaxException.java:47)
	at org.hibernate.hql.internal.ast.ErrorCounter.throwQueryException(ErrorCounter.java:79)
	at org.hibernate.hql.internal.ast.QueryTranslatorImpl.parse(QueryTranslatorImpl.java:278)
	at org.hibernate.hql.internal.ast.QueryTranslatorImpl.doCompile(QueryTranslatorImpl.java:182)
	at org.hibernate.hql.internal.ast.QueryTranslatorImpl.compile(QueryTranslatorImpl.java:138)
	at org.hibernate.engine.query.spi.HQLQueryPlan.<init>(HQLQueryPlan.java:104)
	at org.hibernate.engine.query.spi.HQLQueryPlan.<init>(HQLQueryPlan.java:79)
	at org.hibernate.engine.query.spi.QueryPlanCache.getHQLQueryPlan(QueryPlanCache.java:168)
	at org.hibernate.internal.AbstractSessionImpl.getHQLQueryPlan(AbstractSessionImpl.java:222)
	at org.hibernate.internal.AbstractSessionImpl.createQuery(AbstractSessionImpl.java:200)
	at org.hibernate.internal.SessionImpl.createQuery(SessionImpl.java:1703)
	at at.erp.light.view.services.DataBaseService.getAllActivePersons(DataBaseService.java:102)
	at sun.reflect.NativeMethodAccessorImpl.invoke0(Native Method)
	at sun.reflect.NativeMethodAccessorImpl.invoke(NativeMethodAccessorImpl.java:62)
	at sun.reflect.DelegatingMethodAccessorImpl.invoke(DelegatingMethodAccessorImpl.java:43)
	at java.lang.reflect.Method.invoke(Method.java:498)
	at org.springframework.aop.support.AopUtils.invokeJoinpointUsingReflection(AopUtils.java:317)
	at org.springframework.aop.framework.ReflectiveMethodInvocation.invokeJoinpoint(ReflectiveMethodInvocation.java:190)
	at org.springframework.aop.framework.ReflectiveMethodInvocation.proceed(ReflectiveMethodInvocation.java:157)
	at org.springframework.transaction.interceptor.TransactionInterceptor$1.proceedWithInvocation(TransactionInterceptor.java:98)
	at org.springframework.transaction.interceptor.TransactionAspectSupport.invokeWithinTransaction(TransactionAspectSupport.java:266)
	at org.springframework.transaction.interceptor.TransactionInterceptor.invoke(TransactionInterceptor.java:95)
	at org.springframework.aop.framework.ReflectiveMethodInvocation.proceed(ReflectiveMethodInvocation.java:179)
	at org.springframework.aop.framework.JdkDynamicAopProxy.invoke(JdkDynamicAopProxy.java:207)
	at com.sun.proxy.$Proxy40.getAllActivePersons(Unknown Source)
	at at.erp.light.view.controller.adressmanagement.PersonController.getAllActivePersons(PersonController.java:99)
	at sun.reflect.NativeMethodAccessorImpl.invoke0(Native Method)
	at sun.reflect.NativeMethodAccessorImpl.invoke(NativeMethodAccessorImpl.java:62)
	at sun.reflect.DelegatingMethodAccessorImpl.invoke(DelegatingMethodAccessorImpl.java:43)
	at java.lang.reflect.Method.invoke(Method.java:498)
	at org.springframework.web.method.support.InvocableHandlerMethod.invoke(InvocableHandlerMethod.java:215)
	at org.springframework.web.method.support.InvocableHandlerMethod.invokeForRequest(InvocableHandlerMethod.java:132)
	at org.springframework.web.servlet.mvc.method.annotation.ServletInvocableHandlerMethod.invokeAndHandle(ServletInvocableHandlerMethod.java:104)
	at org.springframework.web.servlet.mvc.method.annotation.RequestMappingHandlerAdapter.invokeHandleMethod(RequestMappingHandlerAdapter.java:781)
	at org.springframework.web.servlet.mvc.method.annotation.RequestMappingHandlerAdapter.handleInternal(RequestMappingHandlerAdapter.java:721)
	at org.springframework.web.servlet.mvc.method.AbstractHandlerMethodAdapter.handle(AbstractHandlerMethodAdapter.java:83)
	at org.springframework.web.servlet.DispatcherServlet.doDispatch(DispatcherServlet.java:943)
	at org.springframework.web.servlet.DispatcherServlet.doService(DispatcherServlet.java:877)
	at org.springframework.web.servlet.FrameworkServlet.processRequest(FrameworkServlet.java:966)
	... 22 more

Dump of callerThis
Object type = com.ibm.ws.webcontainer.filter.WebAppFilterChain
  _filters = class java.util.ArrayList@21fc615
    serialVersionUID = 8683452581122892189
    DEFAULT_CAPACITY = 10
    EMPTY_ELEMENTDATA = class java.lang.Object[0]
    DEFAULTCAPACITY_EMPTY_ELEMENTDATA = class java.lang.Object[0]
    elementData = class java.lang.Object[5]
      elementData[0] = class com.ibm.ws.webcontainer.filter.FilterInstanceWrapper@40397018
      elementData[1] = null
      elementData[2] = null
      elementData[3] = null
      elementData[4] = null
    size = 1
    MAX_ARRAY_SIZE = 2147483639
    modCount = 1
    MAX_ARRAY_SIZE = 2147483639
  _currentFilterIndex = 1
  _numberOfFilters = 1
  requestProcessor = class com.ibm.ws.webcontainer.osgi.servlet.ServletWrapper@756b741d
    serialVersionUID = 1
    _mo = class com.ibm.ws.managedobject.internal.ManagedObjectImpl@226ae101
      serialVersionUID = 2312695316196219051
      object = "<sensitive org.springframework.web.servlet.DispatcherServlet@6a251501>"
      $$$tc$$$ = class com.ibm.websphere.ras.TraceComponent@4a50c711
    serialVersionUID = -4479626085298397598
    notifyInvocationListeners = false
    UNINITIALIZED_STATE = -1
    AVAILABLE_STATE = 0
    UNAVAILABLE_STATE = 1
    UNAVAILABLE_PERMANENTLY_STATE = 2
    collabHelper = class com.ibm.ws.webcontainer.osgi.collaborator.CollaboratorHelperImpl@5491632f
      webAppInvCollabs = class java.util.Collections$UnmodifiableSet@ad686bb
      securityDomainForApp = null
      logger = class com.ibm.ws.logging.internal.WsLogger@5522c248
      staticDefaultSecurityCollaborator = class com.ibm.ws.webcontainer.collaborator.WebAppSecurityCollaborator@38262e16
      logger = class com.ibm.ws.logging.internal.WsLogger@3abc4a4b
      CLASS_NAME = "com.ibm.wsspi.webcontainer.collaborator.CollaboratorHelper"
      webApp = class com.ibm.ws.webcontainer.osgi.webapp.WebApp@7c822ea5
      securityCollaborator = class com.ibm.ws.webcontainer.collaborator.WebAppSecurityCollaborator@38262e16
      nameSpaceCollaborator = class com.ibm.ws.webcontainer.osgi.collaborator.WebAppNameSpaceCollaboratorImpl@5d8fd351
      transactionCollaborator = class com.ibm.ws.webcontainer.collaborator.WebAppTransactionCollaborator@46b24cc7
      connectionCollaborator = class com.ibm.ws.webcontainer.collaborator.ConnectionCollaborator@1087178b
      allCollabEnum = class java.util.RegularEnumSet@461e0f9
      servlet_23_or_greater = true
    nServicing = class java.util.concurrent.atomic.AtomicInteger@54256254
      serialVersionUID = 6214790243416807050
      unsafe = class sun.misc.Unsafe@67898aa1
      valueOffset = 12
      value = 0
      serialVersionUID = -8742448824652078965
    lastAccessTime = 1636056787242
    state = 0
    logger = class com.ibm.ws.logging.internal.WsLogger@7c07ab63
      tc = class com.ibm.websphere.ras.TraceComponent@a91f790
      ivCachedResourceBundleName = "com.ibm.ws.webcontainer.resources.Messages"
      ivCachedResourceBundle = class com.ibm.ws.webcontainer.resources.Messages_de@4f8809bc
      ivComponent = null
      ivOrganization = null
      ivProduct = null
      ivMinimumLocalizationLevelIntValue = 625
      ivGroupName = null
      ivTC = class com.ibm.websphere.ras.TraceComponent@33eb21a3
      loggerRegistrationComponent = class java.lang.ThreadLocal@18ef3898
      emptyHandlers = class java.util.logging.Handler[0]
      offValue = 2147483647
      SYSTEM_LOGGER_RB_NAME = "sun.util.logging.resources.logging"
      SYSTEM_BUNDLE = class java.util.logging.Logger$LoggerBundle@5418edaf
      NO_RESOURCE_BUNDLE = class java.util.logging.Logger$LoggerBundle@5308a50d
      manager = class com.ibm.ws.kernel.boot.logging.WsLogManager@32426c0c
      name = "com.ibm.ws.webcontainer.servlet"
      handlers = class java.util.concurrent.CopyOnWriteArrayList@5787b8d3
      loggerBundle = class java.util.logging.Logger$LoggerBundle@17cdba5a
      useParentHandlers = true
      filter = null
      anonymous = false
      catalog = class com.ibm.ws.webcontainer.resources.Messages_de@4f8809bc
      catalogName = "com.ibm.ws.webcontainer.resources.Messages"
      catalogLocale = class java.util.Locale@731e77c9
      treeLock = class java.lang.Object@4e0ef89a
      parent = class com.ibm.ws.logging.internal.WsLogger@578ab2da
      kids = null
      levelObject = class java.util.logging.Level@6f332a32
      levelValue = 800
      callersClassLoaderRef = class java.lang.ref.WeakReference@6de3181e
      isSystemLogger = false
      GLOBAL_LOGGER_NAME = "global"
      global = class java.util.logging.Logger@56605762
      $assertionsDisabled = true
    CLASS_NAME = "com.ibm.ws.webcontainer.servlet.ServletWrapper"
    nls = class com.ibm.ejs.ras.TraceNLS@6af09150
      resolver = class com.ibm.ws.logging.internal.TraceNLSResolver@2a2f04ac
      finder = null
      ivBundleName = "com.ibm.ws.webcontainer.resources.Messages"
      caller = class java.lang.Class@2186fcf7
    servletConfig = class com.ibm.ws.webcontainer.servlet.ServletConfig@35270f3a
      logger = class com.ibm.ws.logging.internal.WsLogger@7c07ab63
      CLASS_NAME = "com.ibm.ws.webcontainer.servlet.ServletConfig"
      nls = class com.ibm.ejs.ras.TraceNLS@343735aa
      liberty_nls = class com.ibm.ejs.ras.TraceNLS@21deb653
      enabled = true
      servletName = "erp-light"
      className = "org.springframework.web.servlet.DispatcherServlet"
      mappings = class java.util.ArrayList@496b5bcc
      startUpWeight = 1
      DEFAULT_STARTUP = -1
      isCachingEnabled = true
      isStatisticsEnabled = true
      isInternal = false
      metaData = class com.ibm.ws.webcontainer.osgi.metadata.WebComponentMetaDataImpl@6e33b99a
      singleThreadModelServlet = false
      isJsp = false
      webAppConfig = class com.ibm.ws.webcontainer.osgi.webapp.WebAppConfiguration@193fad3f
      servletWrapper = class com.ibm.ws.webcontainer.osgi.servlet.ServletWrapper@756b741d
      servletClass = null
      servlet = null
      addedToLoadOnStartup = true
      previousWeight = null
      multipartConfig = null
      multipartConfigBaseLocation = null
      runAsRole = null
      servletSecurityElement = null
      declareRolesAnnotation = null
      logger = class com.ibm.ws.logging.internal.WsLogger@7c07ab63
      CLASS_NAME = "com.ibm.ws.webcontainer.servlet.TargetConfig"
      initParams = null
      fileName = null
      displayName = null
      name = "erp-light"
      description = null
      smallIcon = null
      largeIcon = null
      context = class com.ibm.wsspi.webcontainer.facade.ServletContextFacade@122f1890
      className = null
      asyncSupported = false
      _id = "ServletGeneratedId1"
      _attributes = null
      serialVersionUID = 7511545662945734886
      $$$tc$$$ = class com.ibm.websphere.ras.TraceComponent@2d09e9ab
    context = class com.ibm.ws.webcontainer.osgi.webapp.WebApp@7c822ea5
    target = class org.springframework.web.servlet.DispatcherServlet@6a251501
      MULTIPART_RESOLVER_BEAN_NAME = "multipartResolver"
      LOCALE_RESOLVER_BEAN_NAME = "localeResolver"
      THEME_RESOLVER_BEAN_NAME = "themeResolver"
      HANDLER_MAPPING_BEAN_NAME = "handlerMapping"
      HANDLER_ADAPTER_BEAN_NAME = "handlerAdapter"
      HANDLER_EXCEPTION_RESOLVER_BEAN_NAME = "handlerExceptionResolver"
      REQUEST_TO_VIEW_NAME_TRANSLATOR_BEAN_NAME = "viewNameTranslator"
      VIEW_RESOLVER_BEAN_NAME = "viewResolver"
      FLASH_MAP_MANAGER_BEAN_NAME = "flashMapManager"
      WEB_APPLICATION_CONTEXT_ATTRIBUTE = "org.springframework.web.servlet.DispatcherServlet.CONTEXT"
      LOCALE_RESOLVER_ATTRIBUTE = "org.springframework.web.servlet.DispatcherServlet.LOCALE_RESOLVER"
      THEME_RESOLVER_ATTRIBUTE = "org.springframework.web.servlet.DispatcherServlet.THEME_RESOLVER"
      THEME_SOURCE_ATTRIBUTE = "org.springframework.web.servlet.DispatcherServlet.THEME_SOURCE"
      INPUT_FLASH_MAP_ATTRIBUTE = "org.springframework.web.servlet.DispatcherServlet.INPUT_FLASH_MAP"
      OUTPUT_FLASH_MAP_ATTRIBUTE = "org.springframework.web.servlet.DispatcherServlet.OUTPUT_FLASH_MAP"
      FLASH_MAP_MANAGER_ATTRIBUTE = "org.springframework.web.servlet.DispatcherServlet.FLASH_MAP_MANAGER"
      EXCEPTION_ATTRIBUTE = "org.springframework.web.servlet.DispatcherServlet.EXCEPTION"
      PAGE_NOT_FOUND_LOG_CATEGORY = "org.springframework.web.servlet.PageNotFound"
      DEFAULT_STRATEGIES_PATH = "DispatcherServlet.properties"
      pageNotFoundLogger = class org.apache.commons.logging.impl.Jdk14Logger@57360ffa
      defaultStrategies = class java.util.Properties@168fbe5c
      detectAllHandlerMappings = true
      detectAllHandlerAdapters = true
      detectAllHandlerExceptionResolvers = true
      detectAllViewResolvers = true
      throwExceptionIfNoHandlerFound = false
      cleanupAfterInclude = true
      multipartResolver = null
      localeResolver = class org.springframework.web.servlet.i18n.AcceptHeaderLocaleResolver@4168c942
      themeResolver = class org.springframework.web.servlet.theme.FixedThemeResolver@314eea0c
      handlerMappings = class java.util.ArrayList@56607a00
      handlerAdapters = class java.util.ArrayList@3d7653ce
      handlerExceptionResolvers = class java.util.ArrayList@3ad3affb
      viewNameTranslator = class org.springframework.web.servlet.view.DefaultRequestToViewNameTranslator@7c8b2c27
      flashMapManager = class org.springframework.web.servlet.support.SessionFlashMapManager@296ef9cc
      viewResolvers = class java.util.ArrayList@2609270c
      DEFAULT_NAMESPACE_SUFFIX = "-servlet"
      DEFAULT_CONTEXT_CLASS = class java.lang.Class@54a02bb5
      SERVLET_CONTEXT_PREFIX = "org.springframework.web.servlet.FrameworkServlet.CONTEXT."
      INIT_PARAM_DELIMITERS = ",; 	
"
      responseGetStatusAvailable = true
      contextAttribute = null
      contextClass = class java.lang.Class@54a02bb5
      contextId = null
      namespace = null
      contextConfigLocation = null
      contextInitializers = class java.util.ArrayList@182f841
      contextInitializerClasses = null
      publishContext = true
      publishEvents = true
      threadContextInheritable = false
      dispatchOptionsRequest = false
      dispatchTraceRequest = false
      webApplicationContext = class org.springframework.web.context.support.XmlWebApplicationContext@2e8d2a38
      webApplicationContextInjected = false
      refreshEventReceived = true
      logger = class org.apache.commons.logging.impl.Jdk14Logger@24cd0642
      requiredProperties = class java.util.HashSet@7ab32b8e
      environment = class org.springframework.web.context.support.StandardServletEnvironment@15ed5293
      METHOD_DELETE = "DELETE"
      METHOD_HEAD = "HEAD"
      METHOD_GET = "GET"
      METHOD_OPTIONS = "OPTIONS"
      METHOD_POST = "POST"
      METHOD_PUT = "PUT"
      METHOD_TRACE = "TRACE"
      HEADER_IFMODSINCE = "If-Modified-Since"
      HEADER_LASTMOD = "Last-Modified"
      LSTRING_FILE = "javax.servlet.http.LocalStrings"
      lStrings = class java.util.PropertyResourceBundle@3bbe09f
      config = class com.ibm.ws.webcontainer.servlet.ServletConfig@35270f3a
    cacheWrappers = class java.util.ArrayList@4a6ffc08
      serialVersionUID = 8683452581122892189
      DEFAULT_CAPACITY = 10
      EMPTY_ELEMENTDATA = class java.lang.Object[0]
      DEFAULTCAPACITY_EMPTY_ELEMENTDATA = class java.lang.Object[0]
      elementData = class java.lang.Object[10]
      size = 5
      MAX_ARRAY_SIZE = 2147483639
      modCount = 5
      MAX_ARRAY_SIZE = 2147483639
    targetLoader = class com.ibm.ws.classloading.internal.ThreadContextClassLoader@e3b82bb
      tc = class com.ibm.websphere.ras.TraceComponent@20959ca8
      bundle = class java.util.concurrent.atomic.AtomicReference@724fe8e5
      key = "WebModule:ERP-light#ERP-light-0.0.1-SNAPSHOT.war"
      refCount = class java.util.concurrent.atomic.AtomicInteger@18ec2413
      serialVersionUID = 2718662781678069765
      followOnClassLoaders = class java.util.ArrayList@4e8d9afd
      serialVersionUID = 5933218255537285806
      $$$tc$$$ = class com.ibm.websphere.ras.TraceComponent@663bfb67
      serialVersionUID = 161679851398543548
      $$$tc$$$ = class com.ibm.websphere.ras.TraceComponent@29ac58cb
      serialVersionUID = 2596921220292114344
      $$$tc$$$ = class com.ibm.websphere.ras.TraceComponent@65f3ef10
      initialized = true
      pdcache = class java.util.HashMap@2eea02f2
      debug = null
      parent = class com.ibm.ws.classloading.internal.GatewayClassLoader@52c4ade3
      parallelLockMap = null
      package2certs = class java.util.Hashtable@c123fa0
      nocerts = class java.security.cert.Certificate[0]
      classes = class java.util.Vector@3195101
      defaultDomain = class java.security.ProtectionDomain@2f2f830c
      packages = class java.util.HashMap@512cf989
      scl = class sun.misc.Launcher$AppClassLoader@18b4aac2
      sclSet = true
      loadedLibraryNames = class java.util.Vector@4c5e2333
      systemNativeLibraries = class java.util.Vector@586f2e0
      nativeLibraries = class java.util.Vector@566236bf
      nativeLibraryContext = class java.util.Stack@60b46d4b
      usr_paths = class java.lang.String[40]
      sys_paths = class java.lang.String[1]
      assertionLock = class com.ibm.ws.classloading.internal.ThreadContextClassLoader@e3b82bb
      defaultAssertionStatus = false
      packageAssertionStatus = null
      classAssertionStatus = null
    evtSource = class com.ibm.ws.webcontainer.webapp.WebAppEventSource@bf21a95
      _invocationListeners = class com.ibm.ws.webcontainer.util.EventListeners@7dfe6f5b
      _servletListeners = class com.ibm.ws.webcontainer.util.EventListeners@828bb12
      _errorListeners = class com.ibm.ws.webcontainer.util.EventListeners@66c0b2d4
      _applicationListeners = class com.ibm.ws.webcontainer.util.EventListeners@3950ab5e
      _filterInvocationListeners = class com.ibm.ws.webcontainer.util.EventListeners@37da8f98
      _filterListeners = class com.ibm.ws.webcontainer.util.EventListeners@7a67425a
      _filterErrorListeners = class com.ibm.ws.webcontainer.util.EventListeners@19d219d0
    event = class com.ibm.websphere.servlet.event.ServletEvent@656660aa
      serialVersionUID = 3906650803920713522
      _servletName = "erp-light"
      _servletClassName = "org.springframework.web.servlet.DispatcherServlet"
      $$$tc$$$ = class com.ibm.websphere.ras.TraceComponent@480ad040
      serialVersionUID = 3546927969739289392
      _context = class com.ibm.wsspi.webcontainer.facade.ServletContextFacade@122f1890
      _servletNames = class com.ibm.ws.webcontainer.util.EmptyEnumeration@760a0de5
      $$$tc$$$ = class com.ibm.websphere.ras.TraceComponent@7c5f4387
      serialVersionUID = 5516075349620653480
      source = class com.ibm.ws.webcontainer.osgi.servlet.ServletWrapper@756b741d
    unavailableMessage = null
    unavailableUntil = -1
    isSTM = false
    internalServlet = false
    webAppInvocationCollaborators = null
    platformHelper = class com.ibm.ws.webcontainer.PlatformHelper@6835ede3
    webAppNameSpaceCollab = class com.ibm.ws.webcontainer.osgi.collaborator.WebAppNameSpaceCollaboratorImpl@5d8fd351
      cmdai = class com.ibm.ws.threadContext.ComponentMetaDataAccessorImpl@e11c85f
    txCollab = class com.ibm.ws.webcontainer.collaborator.WebAppTransactionCollaborator@46b24cc7
      logger = class com.ibm.ws.logging.internal.WsLogger@5522c248
      CLASS_NAME = "com.ibm.ws.webcontainer.collaborator.WebAppTransactionCollaborator"
    connCollab = class com.ibm.ws.webcontainer.collaborator.ConnectionCollaborator@1087178b
    suppressServletExceptionLogging = false
    throwExceptionEnum = class java.util.RegularEnumSet@571aba8d
      serialVersionUID = 3411599620347842686
      elements = 256
      elementType = class java.lang.Class@47b5a81b
      universe = class com.ibm.wsspi.webcontainer.collaborator.CollaboratorInvocationEnum[9]
      ZERO_LENGTH_ENUM_ARRAY = class java.lang.Enum[0]
      MAX_ARRAY_SIZE = 2147483639
    discernUnavailableServlet = false
    reInitServletonInitUnavailableException = true
    destroyServletonServiceUnavailableException = false
    servlet23 = true
    PARAMS_HEAD_TRACE = class java.lang.Class[2]
      PARAMS_HEAD_TRACE[0] = class java.lang.Class@5284c6f5
      PARAMS_HEAD_TRACE[1] = class java.lang.Class@4c355134
    defaultHeadMethodInUse = false
    defaultTraceMethodInUse = false
    checkedForDefaultMethods = null
    defaultTraceRequestBehavior = false
    defaultHeadRequestBehavior = false
    useOriginalRequestState = false
    warningStatusSet = false
    config = null
  _filtersDefined = true
  logger = class com.ibm.ws.logging.internal.WsLogger@26089f1d
    tc = class com.ibm.websphere.ras.TraceComponent@a91f790
      strings[0] = "TraceComponent[com.ibm.ws.logging.internal.WsLogger,class com.ibm.ws.logging.internal.WsLogger,[logging],com.ibm.ws.logging.internal.resources.LoggingMessages,null]"
    ivCachedResourceBundleName = null
    ivCachedResourceBundle = null
    ivComponent = null
    ivOrganization = null
    ivProduct = null
    ivMinimumLocalizationLevelIntValue = 625
    ivGroupName = null
    ivTC = class com.ibm.websphere.ras.TraceComponent@a84e0f6
      strings[0] = "TraceComponent[com.ibm.ws.webcontainer.filter,class com.ibm.wsspi.webcontainer.logging.LoggerFactory$1,[com.ibm.ws.webcontainer.filter],null,null]"
    loggerRegistrationComponent = class java.lang.ThreadLocal@18ef3898
      threadLocalHashCode = 696468823
      nextHashCode = class java.util.concurrent.atomic.AtomicInteger@1c715952
      HASH_INCREMENT = 1640531527
    emptyHandlers = class java.util.logging.Handler[0]
    offValue = 2147483647
    SYSTEM_LOGGER_RB_NAME = "sun.util.logging.resources.logging"
    SYSTEM_BUNDLE = class java.util.logging.Logger$LoggerBundle@5418edaf
      resourceBundleName = "sun.util.logging.resources.logging"
      userBundle = null
    NO_RESOURCE_BUNDLE = class java.util.logging.Logger$LoggerBundle@5308a50d
      resourceBundleName = null
      userBundle = null
    manager = class com.ibm.ws.kernel.boot.logging.WsLogManager@32426c0c
      CLASS_NAME = "com.ibm.ws.kernel.boot.logging.WsLogManager"
      CONFIGURE_BY_SERVER_PROPERTY_NAME = "java.util.logging.configureByServer"
      CONFIGURE_BY_LOGGING_PROPERTIES_FILE = "java.util.logging.configureByLoggingPropertiesFile"
      configureByServer = true
      configureByLoggingProperties = false
      wsLogger = class java.lang.reflect.Constructor@4bedda4e
      resetEnabled = true
      manager = class com.ibm.ws.kernel.boot.logging.WsLogManager@32426c0c
      props = class java.util.Properties@996fe0e
      defaultLevel = class java.util.logging.Level@6f332a32
      listenerMap = class java.util.HashMap@124df127
      systemContext = class java.util.logging.LogManager$SystemLoggerContext@37d7768a
      userContext = class java.util.logging.LogManager$LoggerContext@2effda98
      rootLogger = class java.util.logging.LogManager$RootLogger@34c3d8fc
      readPrimordialConfiguration = true
      initializedGlobalHandlers = true
      deathImminent = false
      initializedCalled = true
      initializationDone = true
      contextsMap = null
      loggerRefQueue = class java.lang.ref.ReferenceQueue@10a727c7
      MAX_ITERATIONS = 400
      controlPermission = class java.util.logging.LoggingPermission@6d9e383d
      loggingMXBean = null
      LOGGING_MXBEAN_NAME = "java.util.logging:type=Logging"
      $assertionsDisabled = true
    name = "com.ibm.ws.webcontainer.filter"
    handlers = class java.util.concurrent.CopyOnWriteArrayList@574d5c0c
      serialVersionUID = 8673264195747942595
      lock = class java.util.concurrent.locks.ReentrantLock@471242bf
      array = class java.lang.Object[0]
      UNSAFE = class sun.misc.Unsafe@67898aa1
      lockOffset = 12
    loggerBundle = class java.util.logging.Logger$LoggerBundle@442ba6df
      resourceBundleName = "com.ibm.ws.webcontainer.resources.Messages"
      userBundle = null
    useParentHandlers = true
    filter = null
    anonymous = false
    catalog = class com.ibm.ws.webcontainer.resources.Messages_de@529d539a
      resources = class [Ljava.lang.Object;[330]
      lookup = null
      INITIAL_CACHE_SIZE = 32
      NONEXISTENT_BUNDLE = class java.util.ResourceBundle$1@31c28de4
      cacheList = class java.util.concurrent.ConcurrentHashMap@9163788
      referenceQueue = class java.lang.ref.ReferenceQueue@4cd9a5d1
      parent = class com.ibm.ws.webcontainer.resources.Messages@ef9d1e
      locale = class java.util.Locale@25e79d4a
      name = "com.ibm.ws.webcontainer.resources.Messages"
      expired = false
      cacheKey = class java.util.ResourceBundle$CacheKey@1d755409
      keySet = null
      providers = null
      $assertionsDisabled = true
    catalogName = "com.ibm.ws.webcontainer.resources.Messages"
    catalogLocale = class java.util.Locale@731e77c9
      LOCALECACHE = class java.util.Locale$Cache@5434f403
      ENGLISH = class java.util.Locale@77339db1
      FRENCH = class java.util.Locale@7c019aff
      GERMAN = class java.util.Locale@25e79d4a
      ITALIAN = class java.util.Locale@4799a9d4
      JAPANESE = class java.util.Locale@347ed9c8
      KOREAN = class java.util.Locale@5f4b14e3
      CHINESE = class java.util.Locale@2f6dbb97
      SIMPLIFIED_CHINESE = class java.util.Locale@253060a7
      TRADITIONAL_CHINESE = class java.util.Locale@67425d50
      FRANCE = class java.util.Locale@6029b157
      GERMANY = class java.util.Locale@22da1fc6
      ITALY = class java.util.Locale@4c96662
      JAPAN = class java.util.Locale@71140376
      KOREA = class java.util.Locale@5c1ab70a
      CHINA = class java.util.Locale@253060a7
      PRC = class java.util.Locale@253060a7
      TAIWAN = class java.util.Locale@67425d50
      UK = class java.util.Locale@2e4cb760
      US = class java.util.Locale@61793ebd
      CANADA = class java.util.Locale@30279e57
      CANADA_FRENCH = class java.util.Locale@390ccdbe
      ROOT = class java.util.Locale@72b08a48
      PRIVATE_USE_EXTENSION = x
      UNICODE_LOCALE_EXTENSION = u
      serialVersionUID = 9149081749638150636
      DISPLAY_LANGUAGE = 0
      DISPLAY_COUNTRY = 1
      DISPLAY_VARIANT = 2
      DISPLAY_SCRIPT = 3
      baseLocale = class sun.util.locale.BaseLocale@5a14de75
      localeExtensions = null
      hashCodeValue = 95426060
      defaultLocale = class java.util.Locale@731e77c9
      defaultDisplayLocale = null
      defaultFormatLocale = class java.util.Locale@731e77c9
      languageTag = "de-AT"
      serialPersistentFields = class java.io.ObjectStreamField[6]
      isoLanguages = null
      isoCountries = null
      $assertionsDisabled = true
    treeLock = class java.lang.Object@4e0ef89a
    parent = class com.ibm.ws.logging.internal.WsLogger@578ab2da
      tc = class com.ibm.websphere.ras.TraceComponent@a91f790
      ivCachedResourceBundleName = "com.ibm.ws.webcontainer.resources.Messages"
      ivCachedResourceBundle = class com.ibm.ws.webcontainer.resources.Messages_de@4f8809bc
      ivComponent = null
      ivOrganization = null
      ivProduct = null
      ivMinimumLocalizationLevelIntValue = 625
      ivGroupName = null
      ivTC = class com.ibm.websphere.ras.TraceComponent@48b770ec
      loggerRegistrationComponent = class java.lang.ThreadLocal@18ef3898
      emptyHandlers = class java.util.logging.Handler[0]
      offValue = 2147483647
      SYSTEM_LOGGER_RB_NAME = "sun.util.logging.resources.logging"
      SYSTEM_BUNDLE = class java.util.logging.Logger$LoggerBundle@5418edaf
      NO_RESOURCE_BUNDLE = class java.util.logging.Logger$LoggerBundle@5308a50d
      manager = class com.ibm.ws.kernel.boot.logging.WsLogManager@32426c0c
      name = "com.ibm.ws.webcontainer"
      handlers = class java.util.concurrent.CopyOnWriteArrayList@61717022
      loggerBundle = class java.util.logging.Logger$LoggerBundle@310a5d8e
      useParentHandlers = true
      filter = null
      anonymous = false
      catalog = class com.ibm.ws.webcontainer.resources.Messages_de@4f8809bc
      catalogName = "com.ibm.ws.webcontainer.resources.Messages"
      catalogLocale = class java.util.Locale@731e77c9
      treeLock = class java.lang.Object@4e0ef89a
      parent = class java.util.logging.Logger@183acd77
      kids = class java.util.ArrayList@4f9419d
      levelObject = class java.util.logging.Level@6f332a32
      levelValue = 800
      callersClassLoaderRef = class java.lang.ref.WeakReference@6e63c140
      isSystemLogger = false
      GLOBAL_LOGGER_NAME = "global"
      global = class java.util.logging.Logger@56605762
      $assertionsDisabled = true
    kids = null
    levelObject = class java.util.logging.Level@6f332a32
      defaultBundle = "sun.util.logging.resources.logging"
      name = "INFO"
      value = 800
      resourceBundleName = "sun.util.logging.resources.logging"
      localizedLevelName = "INFORMATION"
      cachedLocale = class java.util.Locale@731e77c9
      OFF = class java.util.logging.Level@18bc6184
      SEVERE = class java.util.logging.Level@63e8e200
      WARNING = class java.util.logging.Level@f1a4e10
      INFO = class java.util.logging.Level@6f332a32
      CONFIG = class java.util.logging.Level@37be54a4
      FINE = class java.util.logging.Level@4cf5a396
      FINER = class java.util.logging.Level@68a9a0ea
      FINEST = class java.util.logging.Level@351e0921
      ALL = class java.util.logging.Level@70c07052
      serialVersionUID = -8176160795706313070
    levelValue = 800
    callersClassLoaderRef = class java.lang.ref.WeakReference@6f93b822
      referent = class org.eclipse.osgi.internal.loader.EquinoxClassLoader@22cbc58b
      queue = class java.lang.ref.ReferenceQueue$Null@106523f7
      next = null
      discovered = null
      lock = class java.lang.ref.Reference$Lock@53f133ed
      pending = null
    isSystemLogger = false
    GLOBAL_LOGGER_NAME = "global"
    global = class java.util.logging.Logger@56605762
      emptyHandlers = class java.util.logging.Handler[0]
      offValue = 2147483647
      SYSTEM_LOGGER_RB_NAME = "sun.util.logging.resources.logging"
      SYSTEM_BUNDLE = class java.util.logging.Logger$LoggerBundle@5418edaf
      NO_RESOURCE_BUNDLE = class java.util.logging.Logger$LoggerBundle@5308a50d
      manager = class com.ibm.ws.kernel.boot.logging.WsLogManager@32426c0c
      name = "global"
      handlers = class java.util.concurrent.CopyOnWriteArrayList@114884cf
      loggerBundle = class java.util.logging.Logger$LoggerBundle@5308a50d
      useParentHandlers = true
      filter = null
      anonymous = false
      catalog = null
      catalogName = null
      catalogLocale = null
      treeLock = class java.lang.Object@4e0ef89a
      parent = class java.util.logging.LogManager$RootLogger@34c3d8fc
      kids = null
      levelObject = null
      levelValue = 800
      callersClassLoaderRef = null
      isSystemLogger = true
      GLOBAL_LOGGER_NAME = "global"
      global = class java.util.logging.Logger@56605762
      $assertionsDisabled = true
    $assertionsDisabled = true
  CLASS_NAME = "com.ibm.ws.webcontainer.filter.WebAppFilterChain"
  webapp = class com.ibm.ws.webcontainer.osgi.webapp.WebApp@7c822ea5
    tc = class com.ibm.websphere.ras.TraceComponent@3fff6c5f
      strings[0] = "TraceComponent[com.ibm.ws.webcontainer.osgi.webapp.WebApp,class com.ibm.ws.webcontainer.osgi.webapp.WebApp,[webcontainer],com.ibm.ws.webcontainer.resources.LShimMessages,null]"
    CLASS_NAME = "com.ibm.ws.webcontainer.osgi.webapp.WebApp"
    metaDataService = class com.ibm.ws.container.service.metadata.internal.MetaDataServiceImpl@83f2093
      applicationMetaDataManager = class com.ibm.ws.container.service.metadata.internal.ApplicationMetaDataManager@90246e6
      moduleMetaDataManager = class com.ibm.ws.container.service.metadata.internal.ModuleMetaDataManager@4a51cd0d
      componentMetaDataManager = class com.ibm.ws.container.service.metadata.internal.ComponentMetaDataManager@48cf576e
      methodMetaDataManager = class com.ibm.ws.container.service.metadata.internal.MethodMetaDataManager@14280f82
      appModuleNameToModuleContainer = class java.util.concurrent.ConcurrentHashMap@f065e97
      jeeNameToComponentMetaData = class java.util.concurrent.ConcurrentHashMap@4bfbd3df
      deferredMetaDataFactories = class com.ibm.wsspi.kernel.service.utils.ConcurrentServiceReferenceSet@793d89e9
      deferredMetaDataInitializers = class com.ibm.wsspi.kernel.service.utils.ConcurrentServiceReferenceMap@2dbddd53
      serialVersionUID = 5173348198233259673
      $$$tc$$$ = class com.ibm.websphere.ras.TraceComponent@7a60aa11
    namespacePopulated = false
    referenceContext = class com.ibm.ws.injectionengine.osgi.internal.OSGiReferenceContextImpl@2f69f520
      scopeData = class com.ibm.ws.injectionengine.osgi.internal.OSGiInjectionScopeData@1c928330
      serialVersionUID = -5862502968678606919
      $$$tc$$$ = class com.ibm.websphere.ras.TraceComponent@f374f52
      CLASS_NAME = "com.ibm.ws.injectionengine.ReferenceContextImpl"
      tc = class com.ibm.ejs.ras.TraceComponent@714b9967
      ivInjectionEngine = class com.ibm.ws.injectionengine.osgi.internal.OSGiInjectionEngineImpl@437e2e6e
      ivProviders = class java.util.ArrayList@3f34b899
      ivComponentJavaContext = null
      ivComponentNameSpace = null
      ivJavaColonCompEnvMap = class java.util.LinkedHashMap@2c00ec4c
      ivEjbContext10 = class java.util.Properties@5ed3b983
      ivResourceRefConfigList = null
      isAlreadyProcessed = true
      ivProcessFailure = null
      ivInjectionTargetMap = class java.util.HashMap@6c6cf169
      ivDeclaredInjectionTargets = class java.util.HashMap@76067c0d
      ivProcessedInjectionClasses = class java.util.HashSet@5dcf8c0d
      ivProcessedInjectionBindings = class java.util.ArrayList@1e933996
      ivAnyProcessDynamic = false
      ivCheckAppConfig = false
    j2eeNameFactory = class com.ibm.ws.container.service.metadata.internal.J2EENameFactoryImpl@af33dcb
      serialVersionUID = 3486344295038028821
      $$$tc$$$ = class com.ibm.websphere.ras.TraceComponent@1dcbe6f5
    moduleLoader = class com.ibm.ws.classloading.internal.AppClassLoader@cdab930
      tc = class com.ibm.websphere.ras.TraceComponent@11c27ee3
      PARENT_FIRST_SEARCH_ORDER = class java.util.Collections$UnmodifiableRandomAccessList@25e44bef
      CLASS_LOADING_TRACE_PREFIX = "com.ibm.ws.class.load."
      DEFAULT_PACKAGE = "default.package"
      perPackageClassLoadingTraceComponents = class java.util.concurrent.ConcurrentHashMap@4621a684
      config = class com.ibm.ws.classloading.internal.ClassLoaderConfigurationImpl@6944988
      privateLibraries = null
      delegateLoaders = class com.ibm.ws.classloading.internal.util.CompositeIterable@f01dc13
      nativeLibraryFiles = class java.util.ArrayList@8bd552f
      transformers = class java.util.ArrayList@43e3c73a
      apiAccess = class com.ibm.ws.classloading.internal.GatewayClassLoader@6215c0cd
      PROTECTION_DOMAIN = class java.security.ProtectionDomain@29b4396
      serialVersionUID = -8503176786514635265
      tc = class com.ibm.websphere.ras.TraceComponent@42513f6c
      EMPTY_URL_ARRAY = class java.net.URL[0]
      smartClassPath = class com.ibm.ws.classloading.internal.ContainerClassLoader$SmartClassPathImpl@66ffb773
      nativeLibraryContainers = class java.util.ArrayList@40982ae
      redefiner = class com.ibm.ws.classloading.internal.util.ClassRedefiner@598e5f02
      mapCreationQueue = class java.util.concurrent.Executors$FinalizableDelegatedExecutorService@46f88bd2
      serialVersionUID = 7561562533729935637
      serialVersionUID = -7411549862368381758
      $$$tc$$$ = class com.ibm.websphere.ras.TraceComponent@16876ab9
      serialVersionUID = 161679851398543548
      $$$tc$$$ = class com.ibm.websphere.ras.TraceComponent@29ac58cb
      serialVersionUID = 2596921220292114344
      $$$tc$$$ = class com.ibm.websphere.ras.TraceComponent@65f3ef10
      initialized = true
      pdcache = class java.util.HashMap@15f31da9
      debug = null
      parent = class com.ibm.ws.classloading.internal.GatewayClassLoader@6215c0cd
      parallelLockMap = null
      package2certs = class java.util.Hashtable@3e2e265a
      nocerts = class java.security.cert.Certificate[0]
      classes = class java.util.Vector@3c0a8c56
      defaultDomain = class java.security.ProtectionDomain@5e8d8ee6
      packages = class java.util.HashMap@531edecb
      scl = class sun.misc.Launcher$AppClassLoader@18b4aac2
      sclSet = true
      loadedLibraryNames = class java.util.Vector@4c5e2333
      systemNativeLibraries = class java.util.Vector@586f2e0
      nativeLibraries = class java.util.Vector@1ccd3e04
      nativeLibraryContext = class java.util.Stack@60b46d4b
      usr_paths = class java.lang.String[40]
      sys_paths = class java.lang.String[1]
      assertionLock = class com.ibm.ws.classloading.internal.AppClassLoader@cdab930
      defaultAssertionStatus = false
      packageAssertionStatus = null
      classAssertionStatus = null
    webAppConfig = class com.ibm.ws.webcontainer.osgi.webapp.WebAppConfiguration@193fad3f
      webModuleMetaData = class com.ibm.ws.webcontainer.osgi.metadata.WebModuleMetaDataImpl@6be08f83
      webComponentMetaData = class com.ibm.ws.webcontainer.osgi.metadata.WebComponentMetaDataImpl@42e9971f
      dVirtualHost = class com.ibm.ws.webcontainer.osgi.DynamicVirtualHost@46abdcb9
      orderedLibPaths = class java.util.Collections$UnmodifiableRandomAccessList@7836853f
      bundleHeaders = null
      cdiEnabled = false
      CLASS_NAME = "com.ibm.ws.webcontainer.webapp.WebAppConfiguration"
      logger = class com.ibm.ws.logging.internal.WsLogger@2b92d036
      tc = class com.ibm.websphere.ras.TraceComponent@13e3ae1e
      nls = class com.ibm.ejs.ras.TraceNLS@6a69cc48
      version = 25
      contextRoot = "/ERP-light"
      sessionTimeout = 0
      moduleSessionTimeoutSet = false
      moduleSessionTrackingModeSet = false
      sessionCookieConfig = class com.ibm.ws.session.SessionCookieConfigImpl@6436ef75
      hasProgrammaticCookieConfig = false
      sessionDefaultTrackingModeSet = class java.util.RegularEnumSet@7ce0a95e
      sessionManagerConfig = class com.ibm.ws.session.SessionManagerConfig@2f962c82
      displayName = "ERP-light VIEW"
      description = null
      reloadInterval = 0
      distributable = false
      denyUncoveredHttpMethods = false
      reloadingEnabled = false
      serveServletsByClassnameEnabled = null
      defaultErrorPage = null
      additionalClassPath = null
      fileServingEnabled = null
      directoryBrowsingEnabled = false
      autoRequestEncoding = false
      autoResponseEncoding = false
      autoLoadFilters = false
      requestListeners = null
      requestAttributeListeners = null
      sessionListeners = null
      localeMap = null
      moduleName = "ERP-light-0.0.1-SNAPSHOT"
      j2eeModuleName = "ERP-light-0.0.1-SNAPSHOT.war"
      moduleId = null
      isSyncToThreadEnabled = false
      isSystemApp = false
      ardEnabled = false
      ardDispatchType = null
      listeners = class java.util.ArrayList@b39aeb4
      welcomeFileList = class java.util.ArrayList@5827b5e1
      servletMappings = class java.util.HashMap@21f45de2
      lastIndexBeforeDeclaredFilters = 0
      filterMappings = class java.util.ArrayList@3f988762
      servletInfo = class java.util.HashMap@7992c22b
      filterInfo = class java.util.HashMap@1cfff845
      mimeMappings = class java.util.HashMap@1fe7bd75
      mimeFilters = null
      isMimeFilteringEnabled = false
      theWebGroup = null
      jspAttributes = class java.util.HashMap@64bf9a7c
      fileServingAttributes = class java.util.HashMap@bd38f5a
      invokerAttributes = class java.util.HashMap@688d73b5
      contextParams = class java.util.HashMap@4a2377c4
      virtualHost = "default_host"
      exceptionErrorPages = class java.util.HashMap@52d76886
      codeErrorPages = class java.util.HashMap@456984d9
      tagLibList = null
      precompileJsps = false
      webApp = class com.ibm.ws.webcontainer.osgi.webapp.WebApp@7c822ea5
      virtualHostList = class java.util.Collections$EmptyList@46fa571a
      appStartupWeight = 0
      moduleStartupWeight = 0
      metaDataComplete = false
      classesToScan = class java.util.ArrayList@17369556
      uriFilterMappingInfos = class java.util.ArrayList@7ecc5c6e
      servletFilterMappingInfos = null
      dynamicServletRegistrationMap = null
      applicationName = "ERP-light"
      libBinPathList = null
      webXmlDefinedListeners = class java.util.HashSet@770a5022
      serviceRefs = class java.util.ArrayList@63dc8b5e
      resourceRefs = class java.util.ArrayList@40e33e56
      resourceRefBindings = class java.util.HashMap@5cd02508
      resourceRefConfigList = null
      resourceEnvRefs = class java.util.ArrayList@79fef5f0
      resourceEnvRefBindings = class java.util.HashMap@7eff07ea
      messageDestRefs = class java.util.ArrayList@273787ed
      messageDestRefBindings = class java.util.HashMap@7a921e66
      envEntries = class java.util.ArrayList@744d35b1
      envEntryValues = class java.util.HashMap@728bbc85
      envEntryBindings = class java.util.HashMap@691845d6
      dataSources = class java.util.ArrayList@39307bd
      dataSourceBindings = class java.util.HashMap@1eee4ac3
      persistenceUnitRefs = class java.util.ArrayList@312eb20f
      persistenceContextRefs = class java.util.ArrayList@1ab36709
      ejbRefs = class java.util.ArrayList@106250d
      ejbLocalRefs = class java.util.ArrayList@6dd2cfbc
      ejbRefBindings = class java.util.HashMap@29a8b6c3
      disallowAllFileServingProp = "false"
      disallowServeServletsByClassnameProp = "false"
      disableStaticMappingCache = false
      _id = "WebAppGeneratedId1"
      _attributes = null
      serialVersionUID = 7511545662945734886
      $$$tc$$$ = class com.ibm.websphere.ras.TraceComponent@2d09e9ab
    extensionProcessingDisabled = false
    loginProcessor = null
    logoutProcessor = null
    collabHelper = class com.ibm.ws.webcontainer.osgi.collaborator.CollaboratorHelperImpl@5491632f
    envObject = class com.ibm.ws.util.WSThreadLocal@7808318d
      tc = class com.ibm.ejs.ras.TraceComponent@5ec8f890
      count = 5
      index = 1
      SUSPECTED_MISUSAGE_THRESHOLD = 200
      threadLocalHashCode = -516769923
      nextHashCode = class java.util.concurrent.atomic.AtomicInteger@1c715952
      HASH_INCREMENT = 1640531527
    orderedLibPaths = class java.util.Collections$UnmodifiableRandomAccessList@7836853f
      serialVersionUID = -2542308836966382001
      serialVersionUID = -283967356065247728
      list = class java.util.ArrayList@38676b96
      serialVersionUID = 1820017752578914078
      c = class java.util.ArrayList@38676b96
    perm = class com.ibm.websphere.security.WebSphereRuntimePermission@c6c7506
      serialVersionUID = -3306242789188168337
      $$$tc$$$ = class com.ibm.websphere.ras.TraceComponent@585c5b82
      serialVersionUID = 6279438298436773498
      wildcard = false
      path = "accessServletContext"
      exitVM = false
      serialVersionUID = -5636570222231596674
      name = "accessServletContext"
    WELCOME_FILE_LIST = "com.ibm.ws.webcontainer.config.WelcomeFileList"
    DIR_BROWSING_MAPPING = "__dirBrowsing__1636056786468"
    FILTER_PROXY_MAPPING = "/__filterProxy__1636056786468"
    logger = class com.ibm.ws.logging.internal.WsLogger@2b92d036
      tc = class com.ibm.websphere.ras.TraceComponent@a91f790
      ivCachedResourceBundleName = "com.ibm.ws.webcontainer.resources.Messages"
      ivCachedResourceBundle = class com.ibm.ws.webcontainer.resources.Messages_de@4f8809bc
      ivComponent = null
      ivOrganization = null
      ivProduct = null
      ivMinimumLocalizationLevelIntValue = 625
      ivGroupName = null
      ivTC = class com.ibm.websphere.ras.TraceComponent@7e6341c1
      loggerRegistrationComponent = class java.lang.ThreadLocal@18ef3898
      emptyHandlers = class java.util.logging.Handler[0]
      offValue = 2147483647
      SYSTEM_LOGGER_RB_NAME = "sun.util.logging.resources.logging"
      SYSTEM_BUNDLE = class java.util.logging.Logger$LoggerBundle@5418edaf
      NO_RESOURCE_BUNDLE = class java.util.logging.Logger$LoggerBundle@5308a50d
      manager = class com.ibm.ws.kernel.boot.logging.WsLogManager@32426c0c
      name = "com.ibm.ws.webcontainer.webapp"
      handlers = class java.util.concurrent.CopyOnWriteArrayList@2c84a498
      loggerBundle = class java.util.logging.Logger$LoggerBundle@53821251
      useParentHandlers = true
      filter = null
      anonymous = false
      catalog = class com.ibm.ws.webcontainer.resources.Messages_de@4f8809bc
      catalogName = "com.ibm.ws.webcontainer.resources.Messages"
      catalogLocale = class java.util.Locale@731e77c9
      treeLock = class java.lang.Object@4e0ef89a
      parent = class com.ibm.ws.logging.internal.WsLogger@578ab2da
      kids = null
      levelObject = class java.util.logging.Level@6f332a32
      levelValue = 800
      callersClassLoaderRef = class java.lang.ref.WeakReference@fe1bfa6
      isSystemLogger = false
      GLOBAL_LOGGER_NAME = "global"
      global = class java.util.logging.Logger@56605762
      $assertionsDisabled = true
    CLASS_NAME = "com.ibm.ws.webcontainer.webapp.WebApp"
    loader = class com.ibm.ws.classloading.internal.ThreadContextClassLoader@e3b82bb
    facade = class com.ibm.wsspi.webcontainer.facade.ServletContextFacade@122f1890
      context = class com.ibm.ws.webcontainer.osgi.webapp.WebApp@7c822ea5
    features = class java.util.ArrayList@5efc6897
      serialVersionUID = 8683452581122892189
      DEFAULT_CAPACITY = 10
      EMPTY_ELEMENTDATA = class java.lang.Object[0]
      DEFAULTCAPACITY_EMPTY_ELEMENTDATA = class java.lang.Object[0]
      elementData = class java.lang.Object[0]
      size = 0
      MAX_ARRAY_SIZE = 2147483639
      modCount = 0
      MAX_ARRAY_SIZE = 2147483639
    applicationName = "ERP-light"
    config = class com.ibm.ws.webcontainer.osgi.webapp.WebAppConfiguration@193fad3f
    securityEnabledForApp = false
    webExtensionProcessor = class com.ibm.ws.webcontainer.osgi.extension.WebExtensionProcessor@31d7e20b
      webApp = class com.ibm.ws.webcontainer.osgi.webapp.WebApp@7c822ea5
      extensionContext = class com.ibm.ws.webcontainer.osgi.webapp.WebApp@7c822ea5
    production = true
    isServlet23 = true
    contextPath = "/ERP-light"
    internalServletList = class [Ljava.lang.String;[2]
      internalServletList[0] = class java.lang.String[2]
      internalServletList[1] = class java.lang.String[2]
    BY_NAME_ONLY = "/_1636056786468_/"
    filterManager = class com.ibm.ws.webcontainer.osgi.filter.WebAppFilterManagerImpl@66f8e5f0
      _filterWrappers = class java.util.Hashtable@796c3820
      chainCache = class java.util.Collections$SynchronizedMap@4e8efe18
      forwardChainCache = class java.util.Collections$SynchronizedMap@4e67dbd7
      includeChainCache = class java.util.Collections$SynchronizedMap@699d3b87
      errorChainCache = class java.util.Collections$SynchronizedMap@7128b3ac
      _filtersDefined = true
      FMI_MAPPING_SINGLE_SLASH = 0
      FMI_MAPPING_PATH_MATCH = 1
      FMI_MAPPING_EXTENSION_MATCH = 2
      FMI_MAPPING_EXACT_MATCH = 3
      logger = class com.ibm.ws.logging.internal.WsLogger@26089f1d
      CLASS_NAME = "com.ibm.ws.webcontainer.filter.WebAppFilterManager"
      nls = class com.ibm.ejs.ras.TraceNLS@486fedaf
      webAppConfig = class com.ibm.ws.webcontainer.osgi.webapp.WebAppConfiguration@193fad3f
      webApp = class com.ibm.ws.webcontainer.osgi.webapp.WebApp@7c822ea5
      collabHelper = class com.ibm.ws.webcontainer.osgi.collaborator.CollaboratorHelperImpl@5491632f
      webAppNameSpaceCollab = class com.ibm.ws.webcontainer.osgi.collaborator.WebAppNameSpaceCollaboratorImpl@5d8fd351
      secCollab = class com.ibm.ws.webcontainer.collaborator.WebAppSecurityCollaborator@38262e16
      sessionSecurityIntegrationEnabled = true
      assumeFilterSuccessOnSecurityError = false
      useOriginalRequestState = false
      _evtSource = class com.ibm.ws.webcontainer.webapp.WebAppEventSource@bf21a95
      defaultComponentMetaData = class com.ibm.ws.webcontainer.osgi.metadata.WebComponentMetaDataImpl@42e9971f
    documentRoot = null
    SERVLET_API_VERSION = "Servlet 2.5"
    disableServletAuditLogging = 0
    serverInfo = "SMF WebContainer"
    sessionCtx = class com.ibm.ws.webcontainer.session.impl.HttpSessionContextImpl@5bfd8168
      methodClassName = "HttpSessionContextImpl"
      _smc = class com.ibm.ws.session.SessionManagerConfig@2f962c82
      sessionStoreService = null
      _sap = class com.ibm.ws.session.SessionApplicationParameters@707ae7ad
      _coreHttpSessionManager = class com.ibm.ws.session.SessionManager@66a6f7c
      _coreHttpAppSessionManager = null
      _sam = class com.ibm.ws.webcontainer.session.impl.SessionAffinityManagerImpl@6ba8c659
      isSIPApplication = false
      sessionAttributeListener = false
      sessionListener = true
      mHttpSessionAttributeListeners = class java.util.ArrayList@177bc1ec
      mHttpSessionListeners = class java.util.ArrayList@301b1b21
      mHttpSessionIdListeners = class java.util.ArrayList@655f93d1
      mHttpSessionAttributeListenersJ2eeNames = class java.util.ArrayList@48e81b2d
      mHttpSessionListenersJ2eeNames = class java.util.ArrayList@1d5d77d
      mHttpSessionIdListenersJ2eeNames = class java.util.ArrayList@697f1675
      mLocalHost = null
      _refCount = 1
      currentThreadSacHashtable = null
      methodClassName = "SessionContext"
      ANONYMOUS_USER = "anonymous"
      wasHttpSessionObserver = class com.ibm.ws.session.WasHttpSessionObserver@70a7d190
      wasHttpSessionAttributeObserver = null
      _invalidator = class com.ibm.ws.session.SessionInvalidator@781e8dda
      _storer = class com.ibm.ws.session.EOSSessionStorer@575fd39b
      wasHttpAppSessionObserver = null
      mHttpAppSessionListeners = null
      cmvcInfo = "CMVC Version 1.9 6/24/07 11:12:24"
      _loggedVersion = true
      CREATE_CORE_SESSION_MANAGER = 0
      GET_REQUESTED_SESSION_ID = 1
      GET_IHTTP_SESSION = 2
      SESSION_PRE_INVOKE = 3
      SESSION_POST_INVOKE = 4
      STOP = 5
      STOP_LISTENERS = 6
      IS_VALID = 7
      ENCODE_URL = 8
      SHOULD_ENCODE_URL = 9
      IS_PROTOCOL_SWITCH = 10
      GET_LOCAL_HOST = 11
      ADD_HTTP_SESSION_ATTRIBUTE_LISTENER = 12
      ADD_HTTP_SESSION_LISTENER = 13
      GET_SESSION_AFFINITY_CONTEXT = 14
      CHECK_SECURITY = 15
      INVALIDATE = 16
      CHECK_SESSSIONID_IS_RIGHT_LENGTH = 17
      LOCK_SESSION = 18
      UNLOCK_SESSION = 19
      ADD_HTTP_SESSION_ID_LISTENER = 20
      methodNames = class java.lang.String[21]
    eventSource = class com.ibm.ws.webcontainer.webapp.WebAppEventSource@bf21a95
    nls = class com.ibm.ejs.ras.TraceNLS@5534e7a6
      resolver = class com.ibm.ws.logging.internal.TraceNLSResolver@2a2f04ac
      finder = null
      ivBundleName = "com.ibm.ws.webcontainer.resources.Messages"
      caller = class java.lang.Class@18b7edd0
    liberty_nls = class com.ibm.ejs.ras.TraceNLS@15b680d8
      resolver = class com.ibm.ws.logging.internal.TraceNLSResolver@2a2f04ac
      finder = null
      ivBundleName = "com.ibm.ws.webcontainer.resources.LShimMessages"
      caller = class java.lang.Class@18b7edd0
    error_nls = class com.ibm.ejs.ras.TraceNLS@34c020fb
      resolver = class com.ibm.ws.logging.internal.TraceNLSResolver@2a2f04ac
      finder = null
      ivBundleName = "com.ibm.ws.webcontainer.resources.ErrorPage"
      caller = class java.lang.Class@18b7edd0
    sessionListeners = class java.util.ArrayList@30111ca
      serialVersionUID = 8683452581122892189
      DEFAULT_CAPACITY = 10
      EMPTY_ELEMENTDATA = class java.lang.Object[0]
      DEFAULTCAPACITY_EMPTY_ELEMENTDATA = class java.lang.Object[0]
      elementData = class java.lang.Object[10]
      size = 1
      MAX_ARRAY_SIZE = 2147483639
      modCount = 2
      MAX_ARRAY_SIZE = 2147483639
    sessionIdListeners = class java.util.ArrayList@717acfdb
      serialVersionUID = 8683452581122892189
      DEFAULT_CAPACITY = 10
      EMPTY_ELEMENTDATA = class java.lang.Object[0]
      DEFAULTCAPACITY_EMPTY_ELEMENTDATA = class java.lang.Object[0]
      elementData = class java.lang.Object[0]
      size = 0
      MAX_ARRAY_SIZE = 2147483639
      modCount = 0
      MAX_ARRAY_SIZE = 2147483639
    sessionAttrListeners = class java.util.ArrayList@50eb316c
      serialVersionUID = 8683452581122892189
      DEFAULT_CAPACITY = 10
      EMPTY_ELEMENTDATA = class java.lang.Object[0]
      DEFAULTCAPACITY_EMPTY_ELEMENTDATA = class java.lang.Object[0]
      elementData = class java.lang.Object[0]
      size = 0
      MAX_ARRAY_SIZE = 2147483639
      modCount = 1
      MAX_ARRAY_SIZE = 2147483639
    addedSessionListeners = class java.util.ArrayList@65190472
      serialVersionUID = 8683452581122892189
      DEFAULT_CAPACITY = 10
      EMPTY_ELEMENTDATA = class java.lang.Object[0]
      DEFAULTCAPACITY_EMPTY_ELEMENTDATA = class java.lang.Object[0]
      elementData = class java.lang.Object[0]
      size = 0
      MAX_ARRAY_SIZE = 2147483639
      modCount = 0
      MAX_ARRAY_SIZE = 2147483639
    addedSessionAttrListeners = class java.util.ArrayList@6e9dc65a
      serialVersionUID = 8683452581122892189
      DEFAULT_CAPACITY = 10
      EMPTY_ELEMENTDATA = class java.lang.Object[0]
      DEFAULTCAPACITY_EMPTY_ELEMENTDATA = class java.lang.Object[0]
      elementData = class java.lang.Object[0]
      size = 0
      MAX_ARRAY_SIZE = 2147483639
      modCount = 0
      MAX_ARRAY_SIZE = 2147483639
    servletContextListeners = class java.util.ArrayList@493ed845
      serialVersionUID = 8683452581122892189
      DEFAULT_CAPACITY = 10
      EMPTY_ELEMENTDATA = class java.lang.Object[0]
      DEFAULTCAPACITY_EMPTY_ELEMENTDATA = class java.lang.Object[0]
      elementData = class java.lang.Object[10]
      size = 1
      MAX_ARRAY_SIZE = 2147483639
      modCount = 2
      MAX_ARRAY_SIZE = 2147483639
    servletContextLAttrListeners = class java.util.ArrayList@4057f05f
      serialVersionUID = 8683452581122892189
      DEFAULT_CAPACITY = 10
      EMPTY_ELEMENTDATA = class java.lang.Object[0]
      DEFAULTCAPACITY_EMPTY_ELEMENTDATA = class java.lang.Object[0]
      elementData = class java.lang.Object[0]
      size = 0
      MAX_ARRAY_SIZE = 2147483639
      modCount = 1
      MAX_ARRAY_SIZE = 2147483639
    servletRequestListeners = class java.util.ArrayList@6dc046b3
      serialVersionUID = 8683452581122892189
      DEFAULT_CAPACITY = 10
      EMPTY_ELEMENTDATA = class java.lang.Object[0]
      DEFAULTCAPACITY_EMPTY_ELEMENTDATA = class java.lang.Object[0]
      elementData = class java.lang.Object[0]
      size = 0
      MAX_ARRAY_SIZE = 2147483639
      modCount = 1
      MAX_ARRAY_SIZE = 2147483639
    servletRequestLAttrListeners = class java.util.ArrayList@6deff247
      serialVersionUID = 8683452581122892189
      DEFAULT_CAPACITY = 10
      EMPTY_ELEMENTDATA = class java.lang.Object[0]
      DEFAULTCAPACITY_EMPTY_ELEMENTDATA = class java.lang.Object[0]
      elementData = class java.lang.Object[0]
      size = 0
      MAX_ARRAY_SIZE = 2147483639
      modCount = 1
      MAX_ARRAY_SIZE = 2147483639
    prependSlashToResource = false
    destroyed = false
    webAppNameSpaceCollab = class com.ibm.ws.webcontainer.osgi.collaborator.WebAppNameSpaceCollaboratorImpl@5d8fd351
    txCollab = class com.ibm.ws.webcontainer.collaborator.WebAppTransactionCollaborator@46b24cc7
    sessionActivationListeners = class java.util.ArrayList@522ce34f
      serialVersionUID = 8683452581122892189
      DEFAULT_CAPACITY = 10
      EMPTY_ELEMENTDATA = class java.lang.Object[0]
      DEFAULTCAPACITY_EMPTY_ELEMENTDATA = class java.lang.Object[0]
      elementData = class java.lang.Object[0]
      size = 0
      MAX_ARRAY_SIZE = 2147483639
      modCount = 1
      MAX_ARRAY_SIZE = 2147483639
    sessionBindingListeners = class java.util.ArrayList@2d86245d
      serialVersionUID = 8683452581122892189
      DEFAULT_CAPACITY = 10
      EMPTY_ELEMENTDATA = class java.lang.Object[0]
      DEFAULTCAPACITY_EMPTY_ELEMENTDATA = class java.lang.Object[0]
      elementData = class java.lang.Object[0]
      size = 0
      MAX_ARRAY_SIZE = 2147483639
      modCount = 1
      MAX_ARRAY_SIZE = 2147483639
    scratchdir = null
    jspClassLoaderLimit = 0
    jspClassLoaderExclusionList = null
    jspClassLoadersMap = null
    jspClassLoaderLimitTrackIF = false
    defaultExtProc = null
    directoryBrowsingServlet = null
    cdiContexts = class java.util.concurrent.ConcurrentHashMap@421c1a80
      serialVersionUID = 7249069246763182397
      MAXIMUM_CAPACITY = 1073741824
      DEFAULT_CAPACITY = 16
      MAX_ARRAY_SIZE = 2147483639
      DEFAULT_CONCURRENCY_LEVEL = 16
      LOAD_FACTOR = 0.75
      TREEIFY_THRESHOLD = 8
      UNTREEIFY_THRESHOLD = 6
      MIN_TREEIFY_CAPACITY = 64
      MIN_TRANSFER_STRIDE = 16
      RESIZE_STAMP_BITS = 16
      MAX_RESIZERS = 65535
      RESIZE_STAMP_SHIFT = 16
      MOVED = -1
      TREEBIN = -2
      RESERVED = -3
      HASH_BITS = 2147483647
      NCPU = 4
      serialPersistentFields = class java.io.ObjectStreamField[3]
      table = class java.util.concurrent.ConcurrentHashMap$Node[16]
      nextTable = null
      baseCount = 1
      sizeCtl = 12
      transferIndex = 0
      cellsBusy = 0
      counterCells = null
      keySet = null
      values = null
      entrySet = null
      U = class sun.misc.Unsafe@67898aa1
      SIZECTL = 20
      TRANSFERINDEX = 32
      BASECOUNT = 24
      CELLSBUSY = 36
      CELLVALUE = 144
      ABASE = 16
      ASHIFT = 2
      keySet = null
      values = null
    moduleConfig = class com.ibm.ws.webcontainer.osgi.container.DeployedModule@50f3b54e
      tc = class com.ibm.websphere.ras.TraceComponent@6910b97f
      loader = class com.ibm.ws.classloading.internal.ThreadContextClassLoader@e3b82bb
      webApp = class com.ibm.ws.webcontainer.osgi.webapp.WebApp@7c822ea5
      webAppConfig = class com.ibm.ws.webcontainer.osgi.webapp.WebAppConfiguration@193fad3f
      contextRootAdded = null
      properContextRoot = "/ERP-light"
      mappingContextRoot = "/ERP-light/*"
      serialVersionUID = -2104814060051592457
      $$$tc$$$ = class com.ibm.websphere.ras.TraceComponent@504980d2
    extensionFactories = class java.util.ArrayList@65701284
      serialVersionUID = 8683452581122892189
      DEFAULT_CAPACITY = 10
      EMPTY_ELEMENTDATA = class java.lang.Object[0]
      DEFAULTCAPACITY_EMPTY_ELEMENTDATA = class java.lang.Object[0]
      elementData = class java.lang.Object[10]
      size = 1
      MAX_ARRAY_SIZE = 2147483639
      modCount = 1
      MAX_ARRAY_SIZE = 2147483639
    initialized = true
    lock = class com.ibm.ws.webcontainer.webapp.WebApp$1@794866bb
      this$0 = class com.ibm.ws.webcontainer.osgi.webapp.WebApp@7c822ea5
    afterServletContextCreated = false
    redirectContextRoot = false
    errorExceptionTypeFirst = false
    initFilterBeforeServletInit = false
    sortedServletConfigs = class java.util.ArrayList@5ba2bb08
      serialVersionUID = 8683452581122892189
      DEFAULT_CAPACITY = 10
      EMPTY_ELEMENTDATA = class java.lang.Object[0]
      DEFAULTCAPACITY_EMPTY_ELEMENTDATA = class java.lang.Object[0]
      elementData = class java.lang.Object[10]
      size = 1
      MAX_ARRAY_SIZE = 2147483639
      modCount = 1
      MAX_ARRAY_SIZE = 2147483639
    effectiveMajorVersion = 2
    effectiveMinorVersion = 5
    canAddServletContextListener = true
    withinContextInitOfProgAddListener = false
    webInfLibClassloader = null
    metaInfCache = class com.ibm.ws.webcontainer.webapp.WebApp$2@16362cf7
      this$0 = class com.ibm.ws.webcontainer.osgi.webapp.WebApp@7c822ea5
      serialVersionUID = 3801124242820219131
      head = null
      tail = null
      accessOrder = true
      serialVersionUID = 362498820763181265
      DEFAULT_INITIAL_CAPACITY = 16
      MAXIMUM_CAPACITY = 1073741824
      DEFAULT_LOAD_FACTOR = 0.75
      TREEIFY_THRESHOLD = 8
      UNTREEIFY_THRESHOLD = 6
      MIN_TREEIFY_CAPACITY = 64
      table = null
      entrySet = null
      size = 0
      modCount = 0
      threshold = 32
      loadFactor = 1.0
      keySet = null
      values = null
    useMetaInfCache = true
    SUN_CONFIGURE_LISTENER_CLASSNAME = "com.sun.faces.config.ConfigureListener"
    MYFACES_LIFECYCLE_LISTENER_CLASSNAME = "org.apache.myfaces.webapp.StartupServletContextListener"
    JSF_IMPL_ENABLED_PARAM = "com.ibm.ws.jsf.JSF_IMPL_ENABLED"
    JSF_IMPL_ENABLED_CUSTOM = "Custom"
    JSF_IMPL_ENABLED_NONE = "None"
    staticDocRoot = class com.ibm.ws.webcontainer.util.DocumentRootUtils@73b7e887
      logger = class com.ibm.ws.logging.internal.WsLogger@2297035c
      CLASS_NAME = "com.ibm.ws.webcontainer.util.DocumentRootUtils"
      useContentLength = false
      matchedFile = null
      matchedZipFile = null
      matchedEntry = null
      matchedURL = null
      edrRoot = null
      pfedrRoot = null
      ctxt = class com.ibm.ws.webcontainer.osgi.webapp.WebApp@7c822ea5
      baseDir = null
      edr = null
      pfedr = null
      metaInfRes = null
      searchpfEDR = true
      searchEDR = true
      searchMetaInfRes = true
      matchFromEDR = false
      matchFromMetaInfRes = false
      matchIsADirectory = false
      appConfig = class com.ibm.ws.webcontainer.osgi.webapp.WebAppConfiguration@193fad3f
      attributeType = "staticFile"
      STATIC_FILE = "staticFile"
      JSP = "jsp"
      PFEDR = "preFragmentExtendedDocumentRoot"
      EDR = "extendedDocumentRoot"
    jspDocRoot = class com.ibm.ws.webcontainer.util.DocumentRootUtils@49f035f4
      logger = class com.ibm.ws.logging.internal.WsLogger@2297035c
      CLASS_NAME = "com.ibm.ws.webcontainer.util.DocumentRootUtils"
      useContentLength = false
      matchedFile = null
      matchedZipFile = null
      matchedEntry = null
      matchedURL = null
      edrRoot = null
      pfedrRoot = null
      ctxt = class com.ibm.ws.webcontainer.osgi.webapp.WebApp@7c822ea5
      baseDir = null
      edr = null
      pfedr = null
      metaInfRes = null
      searchpfEDR = true
      searchEDR = true
      searchMetaInfRes = true
      matchFromEDR = false
      matchFromMetaInfRes = false
      matchIsADirectory = false
      appConfig = class com.ibm.ws.webcontainer.osgi.webapp.WebAppConfiguration@193fad3f
      attributeType = "jsp"
      STATIC_FILE = "staticFile"
      JSP = "jsp"
      PFEDR = "preFragmentExtendedDocumentRoot"
      EDR = "extendedDocumentRoot"
    container = class com.ibm.ws.adaptable.module.internal.AdaptableContainerImpl@77e4f2b7
      root = class com.ibm.ws.adaptable.module.internal.AdaptableContainerImpl@77e4f2b7
      rootOverlay = class com.ibm.ws.artifact.overlay.internal.DirectoryBasedOverlayContainerImpl@43f93281
      factoryHolder = class com.ibm.ws.adaptable.module.internal.AdaptableModuleFactoryImpl@d4276ca
      delegate = class com.ibm.ws.artifact.overlay.internal.DirectoryBasedOverlayContainerImpl@43f93281
      notifier = class com.ibm.ws.adaptable.module.internal.NotifierImpl@7ddbcfe3
      serialVersionUID = -5621513278641113667
      $$$tc$$$ = class com.ibm.websphere.ras.TraceComponent@79701df0
    metaInfResourceFinder = class com.ibm.ws.webcontainer.util.MetaInfResourceFinder@7c4ad39
      jarResourceContainers = class java.util.ArrayList@649576b5
      container = class com.ibm.ws.adaptable.module.internal.AdaptableContainerImpl@77e4f2b7
    postConstructMethods = class com.ibm.ws.webcontainer.webapp.WebApp$AnnotatedMethods@20b278a2
      annotationClass = class java.lang.Class@1eed630e
      noOpClassNames = class java.util.HashSet@328c43a1
      annotatedMethodNames = class java.util.HashMap@31b4a5bd
      EMPTY_METHODS = class java.lang.reflect.Method[0]
    preDestroyMethods = class com.ibm.ws.webcontainer.webapp.WebApp$AnnotatedMethods@6c0d4fe3
      annotationClass = class java.lang.Class@5005af70
      noOpClassNames = class java.util.HashSet@666ea5a8
      annotatedMethodNames = class java.util.HashMap@472a41d3
      EMPTY_METHODS = class java.lang.reflect.Method[0]
    OBJ_EMPTY = class java.lang.Object[0]
    CLASS_EMPTY = class java.lang.Class[0]
    DEFAULT_JSP_EXTENSIONS = class java.util.ArrayList@241a9803
      serialVersionUID = 8683452581122892189
      DEFAULT_CAPACITY = 10
      EMPTY_ELEMENTDATA = class java.lang.Object[0]
      DEFAULTCAPACITY_EMPTY_ELEMENTDATA = class java.lang.Object[0]
      elementData = class java.lang.Object[10]
      size = 4
      MAX_ARRAY_SIZE = 2147483639
      modCount = 4
      MAX_ARRAY_SIZE = 2147483639
    DO_ACCEPT_PARTIAL = true
    DO_NOT_ACCEPT_PARTIAL = false
    DO_ACCEPT_EXCLUDED = true
    DO_NOT_ACCEPT_EXCLUDED = false
    commands = class java.util.ArrayList@35515bd4
      serialVersionUID = 8683452581122892189
      DEFAULT_CAPACITY = 10
      EMPTY_ELEMENTDATA = class java.lang.Object[0]
      DEFAULTCAPACITY_EMPTY_ELEMENTDATA = class java.lang.Object[0]
      elementData = class java.lang.Object[3]
      size = 0
      MAX_ARRAY_SIZE = 2147483639
      modCount = 0
      MAX_ARRAY_SIZE = 2147483639
    requestMapper = class com.ibm.wsspi.webcontainer.util.URIMapper@33a578ca
      matcher = class com.ibm.wsspi.webcontainer.util.URIMatcher@25190078
    parent = class com.ibm.ws.webcontainer.osgi.webapp.WebGroup@430f343d
      tc = class com.ibm.websphere.ras.TraceComponent@2342c93a
      logger = class com.ibm.ws.logging.internal.WsLogger@2b92d036
      CLASS_NAME = "com.ibm.ws.webcontainer.webapp.WebGroup"
      sessUrlRewritePrefix = ";jsessionid="
      qMark = "?"
      config = class com.ibm.ws.webcontainer.osgi.webapp.WebGroupConfiguration@7db2d12b
      webApp = class com.ibm.ws.webcontainer.osgi.webapp.WebApp@7c822ea5
      commands = class java.util.ArrayList@2786fb2b
      requestMapper = null
      parent = class com.ibm.ws.webcontainer.osgi.DynamicVirtualHost@46abdcb9
      name = "/ERP-light/*"
      isAlive = true
      subElements = class java.util.HashMap@7ce79e72
      attributes = null
      config = null
      serialVersionUID = -8271459000149267764
      $$$tc$$$ = class com.ibm.websphere.ras.TraceComponent@732442d8
    name = "ERP-light-0.0.1-SNAPSHOT"
    isAlive = true
    subElements = null
    attributes = class java.util.Collections$SynchronizedMap@50a0c2f9
      serialVersionUID = 1978198479659022715
      m = class java.util.HashMap@973600c
      mutex = class java.util.Collections$SynchronizedMap@50a0c2f9
      keySet = null
      entrySet = class java.util.Collections$SynchronizedSet@7f6759a0
      values = null
    config = null
    serialVersionUID = -8271459000149267764
    $$$tc$$$ = class com.ibm.websphere.ras.TraceComponent@732442d8
      strings[0] = "TraceComponent[com.ibm.ws.container.AbstractContainer,class com.ibm.ws.container.AbstractContainer,[],null,null]"

