------Start of DE processing------ = [11.10.21 13:47:05:758 MESZ]
Exception = com.ibm.wsspi.adaptable.module.UnableToAdaptException
Source = com.ibm.ws.webcontainer.osgi.WebContainer
probeid = createModuleMetaData
Stack Dump = com.ibm.wsspi.adaptable.module.UnableToAdaptException: SRVE9964E: Es werden doppelte Namen (spring_web) in den Dateien web-fragment.xml von WEB-INF/lib/spring-web-4.1.1.RELEASE.jar und WEB-INF/lib/spring-web-4.3.30.RELEASE.jar verwenden, obwohl eine relative Sortierung verwendet wird.
	at com.ibm.ws.container.service.config.internal.WebFragmentsInfoImpl.sortWebFragments(WebFragmentsInfoImpl.java:173)
	at com.ibm.ws.container.service.config.internal.WebFragmentsInfoImpl.<init>(WebFragmentsInfoImpl.java:84)
	at com.ibm.ws.container.service.config.internal.WebFragmentsInfoAdapter.adapt(WebFragmentsInfoAdapter.java:54)
	at com.ibm.ws.container.service.config.internal.WebFragmentsInfoAdapter.adapt(WebFragmentsInfoAdapter.java:28)
	at com.ibm.ws.adaptable.module.internal.AdapterFactoryServiceImpl.adapt(AdapterFactoryServiceImpl.java:189)
	at com.ibm.ws.adaptable.module.internal.AdaptableContainerImpl.adapt(AdaptableContainerImpl.java:171)
	at com.ibm.ws.container.service.annotations.internal.WebAnnotationsImpl.getWebFragmentsInfo(WebAnnotationsImpl.java:239)
	at com.ibm.ws.container.service.annotations.internal.WebAnnotationsImpl.getClassSource(WebAnnotationsImpl.java:272)
	at com.ibm.ws.container.service.annotations.internal.WebAnnotationsImpl.getInfoStore(WebAnnotationsImpl.java:393)
	at com.ibm.ws.container.service.annotations.internal.WebAnnotationsImpl.openInfoStore(WebAnnotationsImpl.java:629)
	at com.ibm.ws.webcontainer.osgi.container.config.WebAppConfigurator.configure(WebAppConfigurator.java:377)
	at com.ibm.ws.webcontainer.osgi.container.config.WebAppConfigurationAdapter.adapt(WebAppConfigurationAdapter.java:110)
	at com.ibm.ws.webcontainer.osgi.container.config.WebAppConfigurationAdapter.adapt(WebAppConfigurationAdapter.java:43)
	at com.ibm.ws.adaptable.module.internal.AdapterFactoryServiceImpl.adapt(AdapterFactoryServiceImpl.java:189)
	at com.ibm.ws.adaptable.module.internal.AdaptableContainerImpl.adapt(AdaptableContainerImpl.java:171)
	at com.ibm.ws.webcontainer.osgi.WebContainer.createModuleMetaData(WebContainer.java:659)
	at com.ibm.ws.app.manager.web.internal.WebModuleHandlerImpl.deployModule(WebModuleHandlerImpl.java:77)
	at com.ibm.ws.app.manager.module.internal.DeployedAppInfoBase.deployModule(DeployedAppInfoBase.java:538)
	at com.ibm.ws.app.manager.module.internal.DeployedAppInfoBase.deployModules(DeployedAppInfoBase.java:457)
	at com.ibm.ws.app.manager.module.internal.DeployedAppInfoBase.deployApp(DeployedAppInfoBase.java:411)
	at com.ibm.ws.app.manager.war.internal.WARApplicationHandlerImpl.install(WARApplicationHandlerImpl.java:73)
	at com.ibm.ws.app.manager.internal.statemachine.StartAction.execute(StartAction.java:139)
	at com.ibm.ws.app.manager.internal.statemachine.ApplicationStateMachineImpl.enterState(ApplicationStateMachineImpl.java:1166)
	at com.ibm.ws.app.manager.internal.statemachine.ApplicationStateMachineImpl.run(ApplicationStateMachineImpl.java:779)
	at java.util.concurrent.ThreadPoolExecutor.runWorker(ThreadPoolExecutor.java:1149)
	at java.util.concurrent.ThreadPoolExecutor$Worker.run(ThreadPoolExecutor.java:624)
	at java.lang.Thread.run(Thread.java:748)

Dump of callerThis
Object type = [Ljava.lang.Object;
  Object type[0] = class com.ibm.ws.app.manager.module.internal.WebModuleInfoImpl@44f95299
    nls = class com.ibm.ejs.ras.TraceNLS@64a3abfc
      resolver = class com.ibm.ws.logging.internal.TraceNLSResolver@50bce6f7
      finder = null
      ivBundleName = "com.ibm.ws.app.manager.module.internal.resources.Messages"
      caller = class java.lang.Class@456b34ca
    appInfo = class com.ibm.ws.container.service.app.deploy.internal.ApplicationInfoImpl@529173c0
      appName = "ERP-light-0.0.1-SNAPSHOT"
      appMetaData = class com.ibm.ws.container.service.app.deploy.internal.ApplicationMetaDataImpl@6ee535b1
      appContainer = class com.ibm.ws.adaptable.module.internal.AdaptableContainerImpl@6cd07104
      configHelper = class com.ibm.ws.app.manager.module.internal.DeployedAppInfoBase$1@4f6e62d3
      serialVersionUID = 3606492897175139866
      $$$tc$$$ = class com.ibm.websphere.ras.TraceComponent@66460b70
    moduleName = "ERP-light-0.0.1-SNAPSHOT"
    path = "ERP-light-0.0.1-SNAPSHOT.war"
    contextRoot = "/ERP-light"
    moduleContainer = class com.ibm.ws.adaptable.module.internal.AdaptableContainerImpl@6cd07104
      root = class com.ibm.ws.adaptable.module.internal.AdaptableContainerImpl@6cd07104
      rootOverlay = class com.ibm.ws.artifact.overlay.internal.DirectoryBasedOverlayContainerImpl@49bfdc6d
      factoryHolder = class com.ibm.ws.adaptable.module.internal.AdaptableModuleFactoryImpl@eb03056
      delegate = class com.ibm.ws.artifact.overlay.internal.DirectoryBasedOverlayContainerImpl@49bfdc6d
      notifier = class com.ibm.ws.adaptable.module.internal.NotifierImpl@3274a3a9
      serialVersionUID = -5621513278641113667
      $$$tc$$$ = class com.ibm.websphere.ras.TraceComponent@585b3d34
    moduleClassesContainers = class java.util.ArrayList@75a0e71c
      serialVersionUID = 8683452581122892189
      DEFAULT_CAPACITY = 10
      EMPTY_ELEMENTDATA = class java.lang.Object[0]
      DEFAULTCAPACITY_EMPTY_ELEMENTDATA = class java.lang.Object[0]
      elementData = class java.lang.Object[73]
      size = 68
      MAX_ARRAY_SIZE = 2147483639
      modCount = 69
      MAX_ARRAY_SIZE = 2147483639
    classLoaderFactory = class com.ibm.ws.app.manager.war.internal.WARDeployedAppInfo@c6071ac
      CONTEXT_ROOT = "context-root"
      webModuleHandler = class com.ibm.ws.app.manager.web.internal.WebModuleHandlerImpl@7fbaf34
      webContainerModuleInfo = class com.ibm.ws.app.manager.module.internal.DeployedAppInfoBase$WebModuleContainerInfo@613e089e
      DYNAMIC_IMPORT_PACKAGE_LIST = class java.util.Collections$UnmodifiableRandomAccessList@4f25f88d
      serialVersionUID = -4849229296989076524
      $$$tc$$$ = class com.ibm.websphere.ras.TraceComponent@567dfd9
      _tc = class com.ibm.websphere.ras.TraceComponent@1a5b1e3c
      applicationInformation = class com.ibm.ws.app.manager.internal.ApplicationInstallInfo@1d9a46e0
      location = "D:\ERP-VIEW\ERP-light\target\ERP-light-0.0.1-SNAPSHOT.war"
      appInfo = class com.ibm.ws.container.service.app.deploy.internal.ApplicationInfoImpl@529173c0
      modulesDeployed = class java.util.ArrayList@c71d735
      starting = true
      started = false
      appInfoFactory = class com.ibm.ws.container.service.app.deploy.internal.ApplicationInfoFactoryImpl@6cf0a7a6
      classLoadingService = class com.ibm.ws.classloading.internal.ClassLoadingServiceImpl@3dfa3a40
      globalSharedLibrary = class com.ibm.ws.library.internal.SharedLibraryImpl@7218c659
      futureMonitor = class com.ibm.ws.threading.internal.FutureMonitorImpl@2c33b598
      metaDataService = class com.ibm.ws.container.service.metadata.internal.MetaDataServiceImpl@32a158ce
      stateChangeService = class com.ibm.ws.container.service.state.internal.StateChangeServiceImpl@70526f50
      configAdmin = class com.ibm.ws.config.admin.internal.ConfigurationAdminImpl@19763b6b
      libraryConfigHelper = class com.ibm.ws.classloading.ClassLoaderConfigHelper@75323a3f
      isDelegateLast = false
      moduleClassesInfo = class com.ibm.ws.app.manager.module.internal.DeployedAppInfoBase$ModuleClassesInfoProvider@412c00ce
      moduleContainerInfos = class java.util.ArrayList@22e7df54
      initializeInOrder = true
      serialVersionUID = 5020132738048411123
    classLoader = class com.ibm.ws.classloading.internal.AppClassLoader@3d100ec4
      tc = class com.ibm.websphere.ras.TraceComponent@47bcda2c
      PARENT_FIRST_SEARCH_ORDER = class java.util.Collections$UnmodifiableRandomAccessList@1978b343
      CLASS_LOADING_TRACE_PREFIX = "com.ibm.ws.class.load."
      DEFAULT_PACKAGE = "default.package"
      perPackageClassLoadingTraceComponents = class java.util.concurrent.ConcurrentHashMap@2e1348b5
      config = class com.ibm.ws.classloading.internal.ClassLoaderConfigurationImpl@212eefa1
      privateLibraries = class java.util.Collections$EmptyList@36d079c6
      delegateLoaders = class com.ibm.ws.classloading.internal.util.CompositeIterable@6a6e36f4
      nativeLibraryFiles = class java.util.ArrayList@5e0c8dec
      transformers = class java.util.ArrayList@889326b
      apiAccess = class com.ibm.ws.classloading.internal.GatewayClassLoader@6117b620
      PROTECTION_DOMAIN = class java.security.ProtectionDomain@3d2274f5
      serialVersionUID = -8503176786514635265
      tc = class com.ibm.websphere.ras.TraceComponent@40e3d6a6
      EMPTY_URL_ARRAY = class java.net.URL[0]
      smartClassPath = class com.ibm.ws.classloading.internal.ContainerClassLoader$UnreadSmartClassPath@1cb9b6ee
      nativeLibraryContainers = class java.util.ArrayList@5d62c578
      redefiner = class com.ibm.ws.classloading.internal.util.ClassRedefiner@73c987fd
      mapCreationQueue = class java.util.concurrent.Executors$FinalizableDelegatedExecutorService@54ef3c13
      serialVersionUID = 7561562533729935637
      serialVersionUID = -7411549862368381758
      $$$tc$$$ = class com.ibm.websphere.ras.TraceComponent@1a520841
      serialVersionUID = 161679851398543548
      $$$tc$$$ = class com.ibm.websphere.ras.TraceComponent@60b6f277
      serialVersionUID = 2596921220292114344
      $$$tc$$$ = class com.ibm.websphere.ras.TraceComponent@3cccf578
      initialized = true
      pdcache = class java.util.HashMap@5c5987b1
      debug = null
      parent = class com.ibm.ws.classloading.internal.GatewayClassLoader@6117b620
      parallelLockMap = null
      package2certs = class java.util.Hashtable@5e9e0742
      nocerts = class java.security.cert.Certificate[0]
      classes = class java.util.Vector@564e7a6
      defaultDomain = class java.security.ProtectionDomain@2d26e7d9
      packages = class java.util.HashMap@3d5299c3
      scl = class sun.misc.Launcher$AppClassLoader@18b4aac2
      sclSet = true
      loadedLibraryNames = class java.util.Vector@13583d3c
      systemNativeLibraries = class java.util.Vector@3123b126
      nativeLibraries = class java.util.Vector@2ba180f4
      nativeLibraryContext = class java.util.Stack@21488c2
      usr_paths = class java.lang.String[40]
      sys_paths = class java.lang.String[1]
      assertionLock = class com.ibm.ws.classloading.internal.AppClassLoader@3d100ec4
      defaultAssertionStatus = false
      packageAssertionStatus = null
      classAssertionStatus = null
    moduleMetaData = null
    serialVersionUID = 5291578855004601038
    $$$tc$$$ = class com.ibm.websphere.ras.TraceComponent@58e91326
      strings[0] = "TraceComponent[com.ibm.ws.app.manager.module.internal.WebModuleInfoImpl,class com.ibm.ws.app.manager.module.internal.WebModuleInfoImpl,[webcontainer, applications],,null]"
  Object type[1] = class com.ibm.ws.webcontainer.osgi.WebContainer@255d0474
    tc = class com.ibm.websphere.ras.TraceComponent@6c586891
      strings[0] = "TraceComponent[com.ibm.ws.webcontainer.osgi.WebContainer,class com.ibm.ws.webcontainer.osgi.WebContainer,[webcontainer],com.ibm.ws.webcontainer.resources.LShimMessages,null]"
    CLASS_NAME = "com.ibm.ws.webcontainer.osgi.WebContainer"
    initialized = true
    eventService = class com.ibm.ws.event.internal.EventEngineImpl@75e5d797
      tc = class com.ibm.websphere.ras.TraceComponent@5608cd3b
      OSGI_EVENT_HANDLER_REFERENCE_NAME = "osgiEventHandler"
      WS_EVENT_HANDLER_REFERENCE_NAME = "wsEventHandler"
      CFG_KEY_REENTRANT_HANDLER_DEFAULT = "reentrant.handler.default"
      CFG_KEY_STAGE_PREFIX = "stage.topics."
      topicCache = class com.ibm.ws.event.internal.TopicBasedCache@65a5020c
      componentContext = class org.apache.felix.scr.impl.manager.ComponentContextImpl@12303b75
      bundleContext = class org.eclipse.osgi.internal.framework.BundleContextImpl@109ee768
      logService = class com.ibm.ws.logging.internal.osgi.TrLogServiceImpl@5904acb7
      frameworkEventAdapter = class com.ibm.ws.event.internal.adapter.FrameworkEventAdapter@16458268
      bundleEventAdapter = class com.ibm.ws.event.internal.adapter.BundleEventAdapter@5bbd47ce
      serviceEventAdapter = class com.ibm.ws.event.internal.adapter.ServiceEventAdapter@4845245f
      executorServiceFactory = class com.ibm.ws.event.internal.WorkStageExecutorServiceFactory@34d848f4
      defaultReentrancy = true
      skipSchedule = false
      serialVersionUID = 5726352079311142609
    futureMonitor = class com.ibm.ws.threading.internal.FutureMonitorImpl@2c33b598
      _monitor = class java.util.concurrent.ConcurrentLinkedQueue@78543159
      _executor = class com.ibm.ws.threading.internal.ScheduledExecutorImpl@44e127ea
      _threadRunning = class java.util.concurrent.atomic.AtomicBoolean@83d8b88
      _thread = class com.ibm.ws.threading.internal.FutureMonitorImpl$1@79001a23
      serialVersionUID = 2765238413969174390
      $$$tc$$$ = class com.ibm.websphere.ras.TraceComponent@7cd515db
    classLoadingSRRef = class com.ibm.wsspi.kernel.service.utils.AtomicServiceReference@5ed92f05
      referenceName = "classLoadingService"
      tuple = class java.util.concurrent.atomic.AtomicReference@276cfff9
      serialVersionUID = -5840472578638799324
      $$$tc$$$ = class com.ibm.websphere.ras.TraceComponent@486cf6df
    sessionHelperSRRef = class com.ibm.wsspi.kernel.service.utils.AtomicServiceReference@51bbd863
      referenceName = "sessionHelper"
      tuple = class java.util.concurrent.atomic.AtomicReference@3cb3b18f
      serialVersionUID = -5840472578638799324
      $$$tc$$$ = class com.ibm.websphere.ras.TraceComponent@486cf6df
    cacheManagerSRRef = class com.ibm.wsspi.kernel.service.utils.AtomicServiceReference@a39f4ac
      referenceName = "cacheManager"
      tuple = class java.util.concurrent.atomic.AtomicReference@61e6827d
      serialVersionUID = -5840472578638799324
      $$$tc$$$ = class com.ibm.websphere.ras.TraceComponent@486cf6df
    injectionEngineSRRef = class com.ibm.wsspi.kernel.service.utils.AtomicServiceReference@3b171f06
      referenceName = "injectionEngine"
      tuple = class java.util.concurrent.atomic.AtomicReference@70d8e707
      serialVersionUID = -5840472578638799324
      $$$tc$$$ = class com.ibm.websphere.ras.TraceComponent@486cf6df
    servletContainerInitializers = class com.ibm.wsspi.kernel.service.utils.ConcurrentServiceReferenceSet@2c21ae66
      referenceName = "servletContainerInitializers"
      contextRef = class java.util.concurrent.atomic.AtomicReference@5c491caf
      elementMap = class java.util.LinkedHashMap@4ac59cc1
      elementSet = class java.util.concurrent.ConcurrentSkipListSet@7f3a21fd
      elementSetUnsorted = false
      serialVersionUID = 756240983881166148
      $$$tc$$$ = class com.ibm.websphere.ras.TraceComponent@37a20aa4
    es = class com.ibm.ws.threading.internal.ExecutorServiceImpl@23561341
      JAVA_6 = false
      threadPool = class java.util.concurrent.ThreadPoolExecutor@4b545fa7
      threadPoolController = class com.ibm.ws.threading.internal.ThreadPoolController@6a997842
      controllerPaused = false
      maxThreads = 2147483647
      poolName = "Default Executor"
      serialVersionUID = -6354334274956515940
      $$$tc$$$ = class com.ibm.websphere.ras.TraceComponent@66da0454
    locationServiceRef = class java.util.concurrent.atomic.AtomicReference@660f1f13
      serialVersionUID = -1848883965231344442
      unsafe = class sun.misc.Unsafe@7aec6716
      valueOffset = 12
      value = class com.ibm.ws.kernel.service.location.internal.WsLocationAdminImpl@2bab4ce0
    transferContextServiceRef = class com.ibm.wsspi.kernel.service.utils.ConcurrentServiceReferenceSet@65e3c3fb
      referenceName = "transferService"
      contextRef = class java.util.concurrent.atomic.AtomicReference@13080488
      elementMap = class java.util.LinkedHashMap@7a48d829
      elementSet = class java.util.concurrent.ConcurrentSkipListSet@5b32e44a
      elementSetUnsorted = false
      serialVersionUID = 756240983881166148
      $$$tc$$$ = class com.ibm.websphere.ras.TraceComponent@37a20aa4
    encodingServiceRef = class java.util.concurrent.atomic.AtomicReference@449013bf
      serialVersionUID = -1848883965231344442
      unsafe = class sun.misc.Unsafe@7aec6716
      valueOffset = 12
      value = class com.ibm.ws.http.internal.EncodingUtilsImpl@200732a3
    instance = class java.util.concurrent.atomic.AtomicReference@57cfdc77
      serialVersionUID = -1848883965231344442
      unsafe = class sun.misc.Unsafe@7aec6716
      valueOffset = 12
      value = class com.ibm.ws.webcontainer.osgi.WebContainer@255d0474
    vhostManager = class com.ibm.ws.webcontainer.osgi.DynamicVirtualHostManager@49a6a61a
      tc = class com.ibm.websphere.ras.TraceComponent@5a1487d1
      hostMap = class java.util.concurrent.ConcurrentHashMap@20c1d0a8
      transportMap = class java.util.concurrent.ConcurrentHashMap@1f112176
      locationService = class com.ibm.ws.kernel.service.location.internal.WsLocationAdminImpl@2bab4ce0
      schedExecutor = class com.ibm.ws.threading.internal.ScheduledExecutorImpl@44e127ea
      pluginCfgVhostUris = class java.util.HashMap@643a3e0a
      PLUGIN_CFG = "plugin-cfg.xml"
    metaDataService = class com.ibm.ws.container.service.metadata.internal.MetaDataServiceImpl@32a158ce
      applicationMetaDataManager = class com.ibm.ws.container.service.metadata.internal.ApplicationMetaDataManager@12a55877
      moduleMetaDataManager = class com.ibm.ws.container.service.metadata.internal.ModuleMetaDataManager@2f220869
      componentMetaDataManager = class com.ibm.ws.container.service.metadata.internal.ComponentMetaDataManager@722bd72c
      methodMetaDataManager = class com.ibm.ws.container.service.metadata.internal.MethodMetaDataManager@28e01758
      appModuleNameToModuleContainer = class java.util.concurrent.ConcurrentHashMap@10be94d3
      jeeNameToComponentMetaData = class java.util.concurrent.ConcurrentHashMap@2f60b7ed
      deferredMetaDataFactories = class com.ibm.wsspi.kernel.service.utils.ConcurrentServiceReferenceSet@35e879a
      deferredMetaDataInitializers = class com.ibm.wsspi.kernel.service.utils.ConcurrentServiceReferenceMap@2b2c0a7e
      serialVersionUID = 5173348198233259673
      $$$tc$$$ = class com.ibm.websphere.ras.TraceComponent@5bcae98a
    j2eeNameFactory = class com.ibm.ws.container.service.metadata.internal.J2EENameFactoryImpl@76e8b8ce
      serialVersionUID = 3486344295038028821
      $$$tc$$$ = class com.ibm.websphere.ras.TraceComponent@5c70ff48
    context = class org.apache.felix.scr.impl.manager.ComponentContextImpl@5fedfe00
      m_componentManager = class org.apache.felix.scr.impl.manager.SingleComponentManager@409bc546
      edgeInfos = class org.apache.felix.scr.impl.manager.EdgeInfo[23]
      m_componentInstance = class org.apache.felix.scr.impl.manager.ComponentContextImpl$ComponentInstanceImpl@73ec6c5e
      m_usingBundle = null
      m_implementationObject = class com.ibm.ws.webcontainer.osgi.WebContainer@255d0474
      m_implementationAccessible = true
      accessibleLatch = class java.util.concurrent.CountDownLatch@2e5e610c
    contextRoots = class java.util.Collections$SynchronizedSet@23871591
      serialVersionUID = 487447009682186044
      serialVersionUID = 3053995032091335093
      c = class java.util.HashSet@64790c9d
      mutex = class java.util.Collections$SynchronizedSet@23871591
    pendingContextRoots = class java.util.HashMap@1bd84e07
      serialVersionUID = 362498820763181265
      DEFAULT_INITIAL_CAPACITY = 16
      MAXIMUM_CAPACITY = 1073741824
      DEFAULT_LOAD_FACTOR = 0.75
      TREEIFY_THRESHOLD = 8
      UNTREEIFY_THRESHOLD = 6
      MIN_TREEIFY_CAPACITY = 64
      table = null
      entrySet = null
      size = 0
      modCount = 0
      threshold = 0
      loadFactor = 0.75
      keySet = null
      values = null
    deployedModuleMap = class java.util.concurrent.ConcurrentHashMap@28c5bb7a
      serialVersionUID = 7249069246763182397
      MAXIMUM_CAPACITY = 1073741824
      DEFAULT_CAPACITY = 16
      MAX_ARRAY_SIZE = 2147483639
      DEFAULT_CONCURRENCY_LEVEL = 16
      LOAD_FACTOR = 0.75
      TREEIFY_THRESHOLD = 8
      UNTREEIFY_THRESHOLD = 6
      MIN_TREEIFY_CAPACITY = 64
      MIN_TRANSFER_STRIDE = 16
      RESIZE_STAMP_BITS = 16
      MAX_RESIZERS = 65535
      RESIZE_STAMP_SHIFT = 16
      MOVED = -1
      TREEBIN = -2
      RESERVED = -3
      HASH_BITS = 2147483647
      NCPU = 4
      serialPersistentFields = class java.io.ObjectStreamField[3]
      table = null
      nextTable = null
      baseCount = 0
      sizeCtl = 0
      transferIndex = 0
      cellsBusy = 0
      counterCells = null
      keySet = null
      values = null
      entrySet = null
      U = class sun.misc.Unsafe@7aec6716
      SIZECTL = 20
      TRANSFERINDEX = 32
      BASECOUNT = 24
      CELLSBUSY = 36
      CELLVALUE = 144
      ABASE = 16
      ASHIFT = 2
      keySet = null
      values = null
    connContextPool = class com.ibm.ws.webcontainer.osgi.srt.internal.SRTConnectionContextPoolImpl@18e84d9c
      head = class java.lang.ThreadLocal@e34dac5
      serialVersionUID = 200477468174368905
      $$$tc$$$ = class com.ibm.websphere.ras.TraceComponent@5c4d5e76
    DEFAULT_PORT = "*"
    DEFAULT_VHOST_NAME = "default_host"
    cachedServerInfo = null
    lock = class com.ibm.ws.webcontainer.osgi.WebContainer$1@358e88d
      this$0 = class com.ibm.ws.webcontainer.osgi.WebContainer@255d0474
    webAppFactory = class com.ibm.ws.webcontainer.osgi.webapp.internal.WebAppFactoryImpl@5aa93697
      serialVersionUID = -3716872759960139968
      $$$tc$$$ = class com.ibm.websphere.ras.TraceComponent@5901fdc7
    requestFactory = class com.ibm.ws.webcontainer.osgi.internal.IRequestResponseFactory@5f3248d3
      serialVersionUID = 3920846530314753026
      $$$tc$$$ = class com.ibm.websphere.ras.TraceComponent@2d18cae6
    responseFactory = class com.ibm.ws.webcontainer.osgi.internal.IRequestResponseFactory@5f3248d3
    asyncContextFactory = class com.ibm.ws.webcontainer.async.internal.AsyncContextFactoryImpl@56c7a04
      serialVersionUID = 5498724061772383535
      $$$tc$$$ = class com.ibm.websphere.ras.TraceComponent@7131fe7c
    DEFAULT_MAX_VERSION = 30
    versionRef = class org.eclipse.osgi.internal.serviceregistry.ServiceReferenceImpl@41b4e6a4
      registration = class org.eclipse.osgi.internal.serviceregistry.ServiceRegistrationImpl@2bd73882
    SPEC_LEVEL_UNLOADED = -1
    SPEC_LEVEL_30 = 30
    SPEC_LEVEL_31 = 31
    DEFAULT_SPEC_LEVEL = 30
    loadedContainerSpecLevel = 30
    ISO = "ISO-8859-1"
    encoding = "UTF-8"
    decode = true
    wcconfig = class com.ibm.ws.webcontainer.osgi.WebContainerConfiguration@1f83d3df
      properties = class org.apache.felix.scr.impl.helper.ReadOnlyDictionary@7b2da535
      CFG_KEY_ENFORCE_SEC = "enforce.security"
      logger = class com.ibm.ws.logging.internal.WsLogger@49ecae0e
      CLASS_NAME = "com.ibm.ws.webcontainer.WebContainerConfiguration"
      _localeProps = null
      _jvmProps = null
      enableServletCaching = false
      defaultVirtualHostName = "default_host"
      ardEnabled = false
      ardIncludeTimeout = 0
      poolingDisabled = false
      maximumExpiredEntries = 0
      maximumResponseStoreSize = 0
      useAsyncRunnableWorkManager = false
      asyncRunnableWorkManagerName = null
      numAsyncTimerThreads = 2
      defaultAsyncServletTimeout = 30000
    applicationListeners = class java.util.ArrayList@79592671
      serialVersionUID = 8683452581122892189
      DEFAULT_CAPACITY = 10
      EMPTY_ELEMENTDATA = class java.lang.Object[0]
      DEFAULTCAPACITY_EMPTY_ELEMENTDATA = class java.lang.Object[0]
      elementData = class java.lang.Object[0]
      size = 0
      MAX_ARRAY_SIZE = 2147483639
      modCount = 0
      MAX_ARRAY_SIZE = 2147483639
    servletListeners = class java.util.ArrayList@1fbe7e38
      serialVersionUID = 8683452581122892189
      DEFAULT_CAPACITY = 10
      EMPTY_ELEMENTDATA = class java.lang.Object[0]
      DEFAULTCAPACITY_EMPTY_ELEMENTDATA = class java.lang.Object[0]
      elementData = class java.lang.Object[0]
      size = 0
      MAX_ARRAY_SIZE = 2147483639
      modCount = 0
      MAX_ARRAY_SIZE = 2147483639
    servletErrorListeners = class java.util.ArrayList@1e698e71
      serialVersionUID = 8683452581122892189
      DEFAULT_CAPACITY = 10
      EMPTY_ELEMENTDATA = class java.lang.Object[0]
      DEFAULTCAPACITY_EMPTY_ELEMENTDATA = class java.lang.Object[0]
      elementData = class java.lang.Object[0]
      size = 0
      MAX_ARRAY_SIZE = 2147483639
      modCount = 0
      MAX_ARRAY_SIZE = 2147483639
    servletInvocationListeners = class java.util.ArrayList@1ff5ab48
      serialVersionUID = 8683452581122892189
      DEFAULT_CAPACITY = 10
      EMPTY_ELEMENTDATA = class java.lang.Object[0]
      DEFAULTCAPACITY_EMPTY_ELEMENTDATA = class java.lang.Object[0]
      elementData = class java.lang.Object[0]
      size = 0
      MAX_ARRAY_SIZE = 2147483639
      modCount = 0
      MAX_ARRAY_SIZE = 2147483639
    filterInvocationListeners = class java.util.ArrayList@2faf6c69
      serialVersionUID = 8683452581122892189
      DEFAULT_CAPACITY = 10
      EMPTY_ELEMENTDATA = class java.lang.Object[0]
      DEFAULTCAPACITY_EMPTY_ELEMENTDATA = class java.lang.Object[0]
      elementData = class java.lang.Object[0]
      size = 0
      MAX_ARRAY_SIZE = 2147483639
      modCount = 0
      MAX_ARRAY_SIZE = 2147483639
    filterErrorListeners = class java.util.ArrayList@438c981a
      serialVersionUID = 8683452581122892189
      DEFAULT_CAPACITY = 10
      EMPTY_ELEMENTDATA = class java.lang.Object[0]
      DEFAULTCAPACITY_EMPTY_ELEMENTDATA = class java.lang.Object[0]
      elementData = class java.lang.Object[0]
      size = 0
      MAX_ARRAY_SIZE = 2147483639
      modCount = 0
      MAX_ARRAY_SIZE = 2147483639
    filterListeners = class java.util.ArrayList@11448c1c
      serialVersionUID = 8683452581122892189
      DEFAULT_CAPACITY = 10
      EMPTY_ELEMENTDATA = class java.lang.Object[0]
      DEFAULTCAPACITY_EMPTY_ELEMENTDATA = class java.lang.Object[0]
      elementData = class java.lang.Object[0]
      size = 0
      MAX_ARRAY_SIZE = 2147483639
      modCount = 0
      MAX_ARRAY_SIZE = 2147483639
    servletRequestListeners = class java.util.ArrayList@2359da97
      serialVersionUID = 8683452581122892189
      DEFAULT_CAPACITY = 10
      EMPTY_ELEMENTDATA = class java.lang.Object[0]
      DEFAULTCAPACITY_EMPTY_ELEMENTDATA = class java.lang.Object[0]
      elementData = class java.lang.Object[0]
      size = 0
      MAX_ARRAY_SIZE = 2147483639
      modCount = 0
      MAX_ARRAY_SIZE = 2147483639
    servletRequestAttributeListeners = class java.util.ArrayList@77c136b1
      serialVersionUID = 8683452581122892189
      DEFAULT_CAPACITY = 10
      EMPTY_ELEMENTDATA = class java.lang.Object[0]
      DEFAULTCAPACITY_EMPTY_ELEMENTDATA = class java.lang.Object[0]
      elementData = class java.lang.Object[0]
      size = 0
      MAX_ARRAY_SIZE = 2147483639
      modCount = 0
      MAX_ARRAY_SIZE = 2147483639
    servletContextListeners = class java.util.ArrayList@50aa3c1b
      serialVersionUID = 8683452581122892189
      DEFAULT_CAPACITY = 10
      EMPTY_ELEMENTDATA = class java.lang.Object[0]
      DEFAULTCAPACITY_EMPTY_ELEMENTDATA = class java.lang.Object[0]
      elementData = class java.lang.Object[0]
      size = 0
      MAX_ARRAY_SIZE = 2147483639
      modCount = 0
      MAX_ARRAY_SIZE = 2147483639
    servletContextAttributeListeners = class java.util.ArrayList@653b7e7e
      serialVersionUID = 8683452581122892189
      DEFAULT_CAPACITY = 10
      EMPTY_ELEMENTDATA = class java.lang.Object[0]
      DEFAULTCAPACITY_EMPTY_ELEMENTDATA = class java.lang.Object[0]
      elementData = class java.lang.Object[0]
      size = 0
      MAX_ARRAY_SIZE = 2147483639
      modCount = 0
      MAX_ARRAY_SIZE = 2147483639
    sessionListeners = class java.util.ArrayList@85b8d2c
      serialVersionUID = 8683452581122892189
      DEFAULT_CAPACITY = 10
      EMPTY_ELEMENTDATA = class java.lang.Object[0]
      DEFAULTCAPACITY_EMPTY_ELEMENTDATA = class java.lang.Object[0]
      elementData = class java.lang.Object[0]
      size = 0
      MAX_ARRAY_SIZE = 2147483639
      modCount = 0
      MAX_ARRAY_SIZE = 2147483639
    sessionIdListeners = class java.util.ArrayList@76514628
      serialVersionUID = 8683452581122892189
      DEFAULT_CAPACITY = 10
      EMPTY_ELEMENTDATA = class java.lang.Object[0]
      DEFAULTCAPACITY_EMPTY_ELEMENTDATA = class java.lang.Object[0]
      elementData = class java.lang.Object[0]
      size = 0
      MAX_ARRAY_SIZE = 2147483639
      modCount = 0
      MAX_ARRAY_SIZE = 2147483639
    sessionAttributeListeners = class java.util.ArrayList@771ae61d
      serialVersionUID = 8683452581122892189
      DEFAULT_CAPACITY = 10
      EMPTY_ELEMENTDATA = class java.lang.Object[0]
      DEFAULTCAPACITY_EMPTY_ELEMENTDATA = class java.lang.Object[0]
      elementData = class java.lang.Object[0]
      size = 0
      MAX_ARRAY_SIZE = 2147483639
      modCount = 0
      MAX_ARRAY_SIZE = 2147483639
    DEFAULT_HOST = "default_host"
    _initialized = true
    logger = class com.ibm.ws.logging.internal.WsLogger@49ecae0e
      tc = class com.ibm.websphere.ras.TraceComponent@13c576c7
      ivCachedResourceBundleName = null
      ivCachedResourceBundle = null
      ivComponent = null
      ivOrganization = null
      ivProduct = null
      ivMinimumLocalizationLevelIntValue = 625
      ivGroupName = null
      ivTC = class com.ibm.websphere.ras.TraceComponent@2cf66c74
      loggerRegistrationComponent = class java.lang.ThreadLocal@6bdd2f7
      emptyHandlers = class java.util.logging.Handler[0]
      offValue = 2147483647
      SYSTEM_LOGGER_RB_NAME = "sun.util.logging.resources.logging"
      SYSTEM_BUNDLE = class java.util.logging.Logger$LoggerBundle@2ce0eb6f
      NO_RESOURCE_BUNDLE = class java.util.logging.Logger$LoggerBundle@1d515b0e
      manager = class com.ibm.ws.kernel.boot.logging.WsLogManager@75130839
      name = "com.ibm.ws.webcontainer"
      handlers = class java.util.concurrent.CopyOnWriteArrayList@fd8f2f3
      loggerBundle = class java.util.logging.Logger$LoggerBundle@24c8dbf4
      useParentHandlers = true
      filter = null
      anonymous = false
      catalog = class com.ibm.ws.webcontainer.resources.Messages_de@33566d48
      catalogName = "com.ibm.ws.webcontainer.resources.Messages"
      catalogLocale = class java.util.Locale@5e69e9db
      treeLock = class java.lang.Object@16eed78f
      parent = class java.util.logging.Logger@741bb9dd
      kids = class java.util.ArrayList@7427b63b
      levelObject = class java.util.logging.Level@6591be55
      levelValue = 800
      callersClassLoaderRef = class java.lang.ref.WeakReference@5a34fc7
      isSystemLogger = false
      GLOBAL_LOGGER_NAME = "global"
      global = class java.util.logging.Logger@d8b5fc2
      $assertionsDisabled = true
    CLASS_NAME = "com.ibm.ws.webcontainer.internal.WebContainer"
    nls = class com.ibm.ejs.ras.TraceNLS@1d0a78f2
      resolver = class com.ibm.ws.logging.internal.TraceNLSResolver@50bce6f7
      finder = null
      ivBundleName = "com.ibm.ws.webcontainer.resources.Messages"
      caller = class java.lang.Class@52ba6d8b
    self = class java.util.concurrent.atomic.AtomicReference@61960d7d
      serialVersionUID = -1848883965231344442
      unsafe = class sun.misc.Unsafe@7aec6716
      valueOffset = 12
      value = class com.ibm.ws.webcontainer.osgi.WebContainer@255d0474
    _cipherToBit = class java.util.HashMap@411c255c
      serialVersionUID = 362498820763181265
      DEFAULT_INITIAL_CAPACITY = 16
      MAXIMUM_CAPACITY = 1073741824
      DEFAULT_LOAD_FACTOR = 0.75
      TREEIFY_THRESHOLD = 8
      UNTREEIFY_THRESHOLD = 6
      MIN_TREEIFY_CAPACITY = 64
      table = null
      entrySet = null
      size = 0
      modCount = 0
      threshold = 0
      loadFactor = 0.75
      keySet = null
      values = null
    cacheKeyStringBuilder = class com.ibm.ws.util.WSThreadLocal@6dac7faf
      tc = class com.ibm.ejs.ras.TraceComponent@9605303
      count = 1
      index = 0
      SUSPECTED_MISUSAGE_THRESHOLD = 200
      threadLocalHashCode = 1567541491
      nextHashCode = class java.util.concurrent.atomic.AtomicInteger@5efeccba
      HASH_INCREMENT = 1640531527
    listenersInitialized = false
    webConProperties = class java.util.Properties@23af4700
      serialVersionUID = 4112578634029874840
      defaults = null
      hexDigit = {0123456789ABCDEF} /* array length = 16*/
      table = class java.util.Hashtable$Entry[95]
      count = 49
      threshold = 71
      loadFactor = 0.75
      modCount = 52
      serialVersionUID = 1421746759512286392
      MAX_ARRAY_SIZE = 2147483639
      keySet = null
      entrySet = null
      values = null
      KEYS = 0
      VALUES = 1
      ENTRIES = 2
    sessionRegistry = null
    isStopped = false
    readWriteLockForStopping = class java.util.concurrent.locks.ReentrantReadWriteLock@72835bed
      serialVersionUID = -6992448646407690164
      readerLock = class java.util.concurrent.locks.ReentrantReadWriteLock$ReadLock@66fb7822
      writerLock = class java.util.concurrent.locks.ReentrantReadWriteLock$WriteLock@7665663f
      sync = class java.util.concurrent.locks.ReentrantReadWriteLock$NonfairSync@2bee3ffe
      UNSAFE = class sun.misc.Unsafe@7aec6716
      TID_OFFSET = 40
    urlPrefix = ";jsessionid="
    extensionFactories = class java.util.ArrayList@5295b624
      serialVersionUID = 8683452581122892189
      DEFAULT_CAPACITY = 10
      EMPTY_ELEMENTDATA = class java.lang.Object[0]
      DEFAULTCAPACITY_EMPTY_ELEMENTDATA = class java.lang.Object[0]
      elementData = class java.lang.Object[10]
      size = 1
      MAX_ARRAY_SIZE = 2147483639
      modCount = 1
      MAX_ARRAY_SIZE = 2147483639
    postInitExtensionFactories = null
    httpResponseListeners = class java.util.ArrayList@5c4afade
      serialVersionUID = 8683452581122892189
      DEFAULT_CAPACITY = 10
      EMPTY_ELEMENTDATA = class java.lang.Object[0]
      DEFAULTCAPACITY_EMPTY_ELEMENTDATA = class java.lang.Object[0]
      elementData = class java.lang.Object[0]
      size = 0
      MAX_ARRAY_SIZE = 2147483639
      modCount = 0
      MAX_ARRAY_SIZE = 2147483639
    servletContainerInitializers = class java.util.ServiceLoader@5842110
      PREFIX = "META-INF/services/"
      service = class java.lang.Class@44582854
      loader = class org.eclipse.osgi.internal.loader.EquinoxClassLoader@6ad80198
      acc = null
      providers = class java.util.LinkedHashMap@47ed1de8
      lookupIterator = class java.util.ServiceLoader$LazyIterator@703a2acd
    invocationCacheSize = 500
    decodePlusSign = true
    _cacheMap = class java.util.concurrent.ConcurrentHashMap@6d304e7e
      serialVersionUID = 7249069246763182397
      MAXIMUM_CAPACITY = 1073741824
      DEFAULT_CAPACITY = 16
      MAX_ARRAY_SIZE = 2147483639
      DEFAULT_CONCURRENCY_LEVEL = 16
      LOAD_FACTOR = 0.75
      TREEIFY_THRESHOLD = 8
      UNTREEIFY_THRESHOLD = 6
      MIN_TREEIFY_CAPACITY = 64
      MIN_TRANSFER_STRIDE = 16
      RESIZE_STAMP_BITS = 16
      MAX_RESIZERS = 65535
      RESIZE_STAMP_SHIFT = 16
      MOVED = -1
      TREEBIN = -2
      RESERVED = -3
      HASH_BITS = 2147483647
      NCPU = 4
      serialPersistentFields = class java.io.ObjectStreamField[3]
      table = null
      nextTable = null
      baseCount = 0
      sizeCtl = 1024
      transferIndex = 0
      cellsBusy = 0
      counterCells = null
      keySet = null
      values = null
      entrySet = null
      U = class sun.misc.Unsafe@7aec6716
      SIZECTL = 20
      TRANSFERINDEX = 32
      BASECOUNT = 24
      CELLSBUSY = 36
      CELLVALUE = 144
      ABASE = 16
      ASHIFT = 2
      keySet = null
      values = null
    _cacheSize = class java.util.concurrent.atomic.AtomicInteger@126be16a
      serialVersionUID = 6214790243416807050
      unsafe = class sun.misc.Unsafe@7aec6716
      valueOffset = 12
      value = 0
      serialVersionUID = -8742448824652078965
    vHostCompatFlag = false
    platformHelper = class com.ibm.ws.webcontainer.PlatformHelper@19fc65f3
    isDefaultTempDir = true
    tempDir = null
    servletCachingInitNeeded = true
    appInstallBegun = false
    commands = class java.util.ArrayList@5278b117
      serialVersionUID = 8683452581122892189
      DEFAULT_CAPACITY = 10
      EMPTY_ELEMENTDATA = class java.lang.Object[0]
      DEFAULTCAPACITY_EMPTY_ELEMENTDATA = class java.lang.Object[0]
      elementData = class java.lang.Object[3]
      size = 0
      MAX_ARRAY_SIZE = 2147483639
      modCount = 0
      MAX_ARRAY_SIZE = 2147483639
    requestMapper = class com.ibm.ws.webcontainer.util.VirtualHostContextRootMapper@1fd57a83
      cachedMappers = class java.util.Collections$SynchronizedMap@12bfba8b
      nls = class com.ibm.ejs.ras.TraceNLS@60127281
      logger = class com.ibm.ws.logging.internal.WsLogger@395f364d
      CLASS_NAME = "com.ibm.ws.webcontainer.util.VirtualHostContextRootMapper"
      CLASSNAME = "com.ibm.ws.util.VirtualHostMapper"
      tc = class com.ibm.ejs.ras.TraceComponent@51dd36cf
      vHostTable = class java.util.concurrent.ConcurrentHashMap@7c1e1d1f
    parent = null
    name = "Was.webcontainer"
    isAlive = true
    subElements = null
    attributes = null
    config = null
    serialVersionUID = -8271459000149267764
    $$$tc$$$ = class com.ibm.websphere.ras.TraceComponent@6590089e
      strings[0] = "TraceComponent[com.ibm.ws.container.AbstractContainer,class com.ibm.ws.container.AbstractContainer,[],null,null]"

